<?xml version="1.0" encoding="UTF-8"?>
<!-- Generated by org.testng.reporters.JUnitXMLReporter -->
<testsuite hostname="PHX-ISHARAF" ignored="25" name="Free CRM App Test Cases" tests="8" failures="0" timestamp="06 Apr 2020 17:33:19 GMT" time="877.284" errors="0">
  <testcase name="reached_Schedule_ToDo" time="84.834" classname="com.crm.qa.testcases.LogActivityTest"/>
  <testcase name="reached_Schedule_ToDo" time="90.93" classname="com.crm.qa.testcases.LogActivityTest"/>
  <testcase name="reached_Schedule_Phonecall" time="98.432" classname="com.crm.qa.testcases.LogActivityTest"/>
  <testcase name="reached_Schedule_Phonecall" time="93.373" classname="com.crm.qa.testcases.LogActivityTest"/>
  <testcase name="reached_Schedule_Appointment" time="93.728" classname="com.crm.qa.testcases.LogActivityTest"/>
  <testcase name="reached_Schedule_Appointment" time="95.16" classname="com.crm.qa.testcases.LogActivityTest"/>
  <testcase name="notReachedwithBusinessLead" time="93.101" classname="com.crm.qa.testcases.LogActivityTest"/>
  <testcase name="notReachedwithBusinessLead" time="103.182" classname="com.crm.qa.testcases.LogActivityTest"/>
  <testcase name="reachedwithBusinessLead" time="0.0" classname="com.crm.qa.testcases.LogActivityTest">
    <ignored/>
  </testcase> <!-- reachedwithBusinessLead -->
  <testcase name="UnplannedMeeting_withMeeting_VirtualMeeting_multipleUsers" time="0.0" classname="com.crm.qa.testcases.LogActivityTest">
    <ignored/>
  </testcase> <!-- UnplannedMeeting_withMeeting_VirtualMeeting_multipleUsers -->
  <testcase name="validateFinancialDataForSponsoredClient" time="0.0" classname="com.crm.qa.testcases.LogActivityTest">
    <ignored/>
  </testcase> <!-- validateFinancialDataForSponsoredClient -->
  <testcase name="nolead_Reached_createWorkplaceOpportunity" time="0.0" classname="com.crm.qa.testcases.LogActivityTest">
    <ignored/>
  </testcase> <!-- nolead_Reached_createWorkplaceOpportunity -->
  <testcase name="reached_multipleUsers" time="0.0" classname="com.crm.qa.testcases.LogActivityTest">
    <ignored/>
  </testcase> <!-- reached_multipleUsers -->
  <testcase name="LogaCallwithSpouse_ValidateAtPrimary" time="0.0" classname="com.crm.qa.testcases.LogActivityTest">
    <ignored/>
  </testcase> <!-- LogaCallwithSpouse_ValidateAtPrimary -->
  <testcase name="meeting_CompleteFlow" time="0.0" classname="com.crm.qa.testcases.LogActivityTest">
    <ignored/>
  </testcase> <!-- meeting_CompleteFlow -->
  <testcase name="CreateAccount_Spouse" time="0.0" classname="com.crm.qa.testcases.LogActivityTest">
    <ignored/>
  </testcase> <!-- CreateAccount_Spouse -->
  <testcase name="reachedwithBusinessLead_ScheduleTodo" time="0.0" classname="com.crm.qa.testcases.LogActivityTest">
    <ignored/>
  </testcase> <!-- reachedwithBusinessLead_ScheduleTodo -->
  <testcase name="UnplannedMeeting_withOutcome_NoShow_multipleUsers" time="0.0" classname="com.crm.qa.testcases.LogActivityTest">
    <ignored/>
  </testcase> <!-- UnplannedMeeting_withOutcome_NoShow_multipleUsers -->
  <testcase name="reachedwithBusinessLead_ScheduleMeeting" time="0.0" classname="com.crm.qa.testcases.LogActivityTest">
    <ignored/>
  </testcase> <!-- reachedwithBusinessLead_ScheduleMeeting -->
  <testcase name="navigateToRetailUser" time="0.0" classname="com.crm.qa.testcases.LogActivityTest">
    <ignored/>
  </testcase> <!-- navigateToRetailUser -->
  <testcase name="UnplannedMeeting_withOutcome_Cancelled_multipleUsers" time="0.0" classname="com.crm.qa.testcases.LogActivityTest">
    <ignored/>
  </testcase> <!-- UnplannedMeeting_withOutcome_Cancelled_multipleUsers -->
  <testcase name="UnplannedMeeting_withOutcome_Completed_multipleUsers" time="0.0" classname="com.crm.qa.testcases.LogActivityTest">
    <ignored/>
  </testcase> <!-- UnplannedMeeting_withOutcome_Completed_multipleUsers -->
  <testcase name="UpdatePrimaryAccountdetails" time="0.0" classname="com.crm.qa.testcases.LogActivityTest">
    <ignored/>
  </testcase> <!-- UpdatePrimaryAccountdetails -->
  <testcase name="validateEmail" time="0.0" classname="com.crm.qa.testcases.LogActivityTest">
    <ignored/>
  </testcase> <!-- validateEmail -->
  <testcase name="nolead_Reached_createBranchOpportunity" time="0.0" classname="com.crm.qa.testcases.LogActivityTest">
    <ignored/>
  </testcase> <!-- nolead_Reached_createBranchOpportunity -->
  <testcase name="UpdateSpouseAccountdetails" time="0.0" classname="com.crm.qa.testcases.LogActivityTest">
    <ignored/>
  </testcase> <!-- UpdateSpouseAccountdetails -->
  <testcase name="UnplannedMeeting_withMeeting_OnSiteEvent_multipleUsers" time="0.0" classname="com.crm.qa.testcases.LogActivityTest">
    <ignored/>
  </testcase> <!-- UnplannedMeeting_withMeeting_OnSiteEvent_multipleUsers -->
  <testcase name="UnplannedMeetingWithExistingMeeting" time="0.0" classname="com.crm.qa.testcases.LogActivityTest">
    <ignored/>
  </testcase> <!-- UnplannedMeetingWithExistingMeeting -->
  <testcase name="notReached_multipleUsers" time="0.0" classname="com.crm.qa.testcases.LogActivityTest">
    <ignored/>
  </testcase> <!-- notReached_multipleUsers -->
  <testcase name="nolead_Reached_MultipleOpportunity" time="0.0" classname="com.crm.qa.testcases.LogActivityTest">
    <ignored/>
  </testcase> <!-- nolead_Reached_MultipleOpportunity -->
  <testcase name="reachedwithBusinessLead_SchedulePhoneCall" time="0.0" classname="com.crm.qa.testcases.LogActivityTest">
    <ignored/>
  </testcase> <!-- reachedwithBusinessLead_SchedulePhoneCall -->
  <testcase name="UnplannedMeeting_withMeeting_OnPhone_multipleUsers" time="0.0" classname="com.crm.qa.testcases.LogActivityTest">
    <ignored/>
  </testcase> <!-- UnplannedMeeting_withMeeting_OnPhone_multipleUsers -->
  <testcase name="AddSpouseandLogaCallPrimary" time="0.0" classname="com.crm.qa.testcases.LogActivityTest">
    <ignored/>
  </testcase> <!-- AddSpouseandLogaCallPrimary -->
</testsuite> <!-- Free CRM App Test Cases -->
