<?xml version="1.0" encoding="UTF-8"?>
<!-- Generated by org.testng.reporters.JUnitXMLReporter -->
<testsuite hostname="PHX-ISHARAF" ignored="0" name="Default test" tests="35" failures="0" timestamp="30 Oct 2019 03:07:14 GMT" time="25.184" errors="0">
  <testcase name="@BeforeMethod setUp" time="24.55" classname="com.crm.qa.testcases.LogActivityTest">
    <failure type="org.openqa.selenium.TimeoutException" message="timeout
  (Session info: chrome=77.0.3865.120)
Build info: version: &amp;apos;3.5.3&amp;apos;, revision: &amp;apos;a88d25fe6b&amp;apos;, time: &amp;apos;2017-08-29T12:42:44.417Z&amp;apos;
System info: host: &amp;apos;PHX-ISHARAF&amp;apos;, ip: &amp;apos;10.8.100.22&amp;apos;, os.name: &amp;apos;Windows 10&amp;apos;, os.arch: &amp;apos;amd64&amp;apos;, os.version: &amp;apos;10.0&amp;apos;, java.version: &amp;apos;1.8.0_221&amp;apos;
Driver info: org.openqa.selenium.chrome.ChromeDriver
Capabilities [{networkConnectionEnabled=false, chrome={chromedriverVersion=77.0.3865.40 (f484704e052e0b556f8030b65b953dce96503217-refs/branch-heads/3865@{#442}), userDataDir=C:\Users\ISharaf\AppData\Local\Temp\scoped_dir26988_645839929}, timeouts={implicit=0, pageLoad=300000, script=30000}, pageLoadStrategy=normal, unhandledPromptBehavior=dismiss and notify, strictFileInteractability=false, platform=XP, proxy=Proxy(), goog:chromeOptions={debuggerAddress=localhost:56297}, acceptInsecureCerts=false, browserVersion=77.0.3865.120, browserName=chrome, javascriptEnabled=true, platformName=XP, setWindowRect=true}]
Session ID: 3c2b290acf523381f015c8dc17fb5860">
      <![CDATA[org.openqa.selenium.TimeoutException: timeout
  (Session info: chrome=77.0.3865.120)
Build info: version: '3.5.3', revision: 'a88d25fe6b', time: '2017-08-29T12:42:44.417Z'
System info: host: 'PHX-ISHARAF', ip: '10.8.100.22', os.name: 'Windows 10', os.arch: 'amd64', os.version: '10.0', java.version: '1.8.0_221'
Driver info: org.openqa.selenium.chrome.ChromeDriver
Capabilities [{networkConnectionEnabled=false, chrome={chromedriverVersion=77.0.3865.40 (f484704e052e0b556f8030b65b953dce96503217-refs/branch-heads/3865@{#442}), userDataDir=C:\Users\ISharaf\AppData\Local\Temp\scoped_dir26988_645839929}, timeouts={implicit=0, pageLoad=300000, script=30000}, pageLoadStrategy=normal, unhandledPromptBehavior=dismiss and notify, strictFileInteractability=false, platform=XP, proxy=Proxy(), goog:chromeOptions={debuggerAddress=localhost:56297}, acceptInsecureCerts=false, browserVersion=77.0.3865.120, browserName=chrome, javascriptEnabled=true, platformName=XP, setWindowRect=true}]
Session ID: 3c2b290acf523381f015c8dc17fb5860
	at sun.reflect.NativeConstructorAccessorImpl.newInstance0(Native Method)
	at sun.reflect.NativeConstructorAccessorImpl.newInstance(Unknown Source)
	at sun.reflect.DelegatingConstructorAccessorImpl.newInstance(Unknown Source)
	at java.lang.reflect.Constructor.newInstance(Unknown Source)
	at org.openqa.selenium.remote.http.W3CHttpResponseCodec.createException(W3CHttpResponseCodec.java:185)
	at org.openqa.selenium.remote.http.W3CHttpResponseCodec.decode(W3CHttpResponseCodec.java:120)
	at org.openqa.selenium.remote.http.W3CHttpResponseCodec.decode(W3CHttpResponseCodec.java:49)
	at org.openqa.selenium.remote.HttpCommandExecutor.execute(HttpCommandExecutor.java:164)
	at org.openqa.selenium.remote.service.DriverCommandExecutor.execute(DriverCommandExecutor.java:82)
	at org.openqa.selenium.remote.RemoteWebDriver.execute(RemoteWebDriver.java:646)
	at org.openqa.selenium.remote.RemoteWebDriver.get(RemoteWebDriver.java:370)
	at sun.reflect.NativeMethodAccessorImpl.invoke0(Native Method)
	at sun.reflect.NativeMethodAccessorImpl.invoke(Unknown Source)
	at sun.reflect.DelegatingMethodAccessorImpl.invoke(Unknown Source)
	at java.lang.reflect.Method.invoke(Unknown Source)
	at org.openqa.selenium.support.events.EventFiringWebDriver$2.invoke(EventFiringWebDriver.java:105)
	at com.sun.proxy.$Proxy12.get(Unknown Source)
	at org.openqa.selenium.support.events.EventFiringWebDriver.get(EventFiringWebDriver.java:164)
	at com.crm.qa.base.TestBase.initialization(TestBase.java:155)
	at com.crm.qa.testcases.LogActivityTest.setUp(LogActivityTest.java:65)
	at sun.reflect.NativeMethodAccessorImpl.invoke0(Native Method)
	at sun.reflect.NativeMethodAccessorImpl.invoke(Unknown Source)
	at sun.reflect.DelegatingMethodAccessorImpl.invoke(Unknown Source)
	at java.lang.reflect.Method.invoke(Unknown Source)
	at org.testng.internal.MethodInvocationHelper.invokeMethod(MethodInvocationHelper.java:108)
	at org.testng.internal.Invoker.invokeConfigurationMethod(Invoker.java:523)
	at org.testng.internal.Invoker.invokeConfigurations(Invoker.java:224)
	at org.testng.internal.Invoker.invokeMethod(Invoker.java:599)
	at org.testng.internal.Invoker.invokeTestMethod(Invoker.java:869)
	at org.testng.internal.Invoker.invokeTestMethods(Invoker.java:1193)
	at org.testng.internal.TestMethodWorker.invokeTestMethods(TestMethodWorker.java:126)
	at org.testng.internal.TestMethodWorker.run(TestMethodWorker.java:109)
	at org.testng.TestRunner.privateRun(TestRunner.java:744)
	at org.testng.TestRunner.run(TestRunner.java:602)
	at org.testng.SuiteRunner.runTest(SuiteRunner.java:380)
	at org.testng.SuiteRunner.runSequentially(SuiteRunner.java:375)
	at org.testng.SuiteRunner.privateRun(SuiteRunner.java:340)
	at org.testng.SuiteRunner.run(SuiteRunner.java:289)
	at org.testng.SuiteRunnerWorker.runSuite(SuiteRunnerWorker.java:52)
	at org.testng.SuiteRunnerWorker.run(SuiteRunnerWorker.java:86)
	at org.testng.TestNG.runSuitesSequentially(TestNG.java:1301)
	at org.testng.TestNG.runSuitesLocally(TestNG.java:1226)
	at org.testng.TestNG.runSuites(TestNG.java:1144)
	at org.testng.TestNG.run(TestNG.java:1115)
	at org.testng.remote.AbstractRemoteTestNG.run(AbstractRemoteTestNG.java:132)
	at org.testng.remote.RemoteTestNG.initAndRun(RemoteTestNG.java:230)
	at org.testng.remote.RemoteTestNG.main(RemoteTestNG.java:76)
]]>
    </failure>
  </testcase> <!-- @BeforeMethod setUp -->
  <testcase name="@BeforeMethod setUp" time="0.0" classname="com.crm.qa.testcases.LogActivityTest">
    <skipped/>
  </testcase> <!-- @BeforeMethod setUp -->
  <testcase name="@BeforeMethod setUp" time="0.0" classname="com.crm.qa.testcases.LogActivityTest">
    <skipped/>
  </testcase> <!-- @BeforeMethod setUp -->
  <testcase name="@BeforeMethod setUp" time="0.0" classname="com.crm.qa.testcases.LogActivityTest">
    <skipped/>
  </testcase> <!-- @BeforeMethod setUp -->
  <testcase name="@BeforeMethod setUp" time="0.0" classname="com.crm.qa.testcases.LogActivityTest">
    <skipped/>
  </testcase> <!-- @BeforeMethod setUp -->
  <testcase name="@BeforeMethod setUp" time="0.0" classname="com.crm.qa.testcases.LogActivityTest">
    <skipped/>
  </testcase> <!-- @BeforeMethod setUp -->
  <testcase name="@BeforeMethod setUp" time="0.0" classname="com.crm.qa.testcases.LogActivityTest">
    <skipped/>
  </testcase> <!-- @BeforeMethod setUp -->
  <testcase name="@BeforeMethod setUp" time="0.0" classname="com.crm.qa.testcases.LogActivityTest">
    <skipped/>
  </testcase> <!-- @BeforeMethod setUp -->
  <testcase name="@BeforeMethod setUp" time="0.0" classname="com.crm.qa.testcases.LogActivityTest">
    <skipped/>
  </testcase> <!-- @BeforeMethod setUp -->
  <testcase name="@BeforeMethod setUp" time="0.0" classname="com.crm.qa.testcases.LogActivityTest">
    <skipped/>
  </testcase> <!-- @BeforeMethod setUp -->
  <testcase name="@BeforeMethod setUp" time="0.0" classname="com.crm.qa.testcases.LogActivityTest">
    <skipped/>
  </testcase> <!-- @BeforeMethod setUp -->
  <testcase name="@BeforeMethod setUp" time="0.0" classname="com.crm.qa.testcases.LogActivityTest">
    <skipped/>
  </testcase> <!-- @BeforeMethod setUp -->
  <testcase name="@BeforeMethod setUp" time="0.0" classname="com.crm.qa.testcases.LogActivityTest">
    <skipped/>
  </testcase> <!-- @BeforeMethod setUp -->
  <testcase name="@BeforeMethod setUp" time="0.0" classname="com.crm.qa.testcases.LogActivityTest">
    <skipped/>
  </testcase> <!-- @BeforeMethod setUp -->
  <testcase name="@BeforeMethod setUp" time="0.0" classname="com.crm.qa.testcases.LogActivityTest">
    <skipped/>
  </testcase> <!-- @BeforeMethod setUp -->
  <testcase name="@BeforeMethod setUp" time="0.0" classname="com.crm.qa.testcases.LogActivityTest">
    <skipped/>
  </testcase> <!-- @BeforeMethod setUp -->
  <testcase name="@BeforeMethod setUp" time="0.0" classname="com.crm.qa.testcases.LogActivityTest">
    <skipped/>
  </testcase> <!-- @BeforeMethod setUp -->
  <testcase name="@BeforeMethod setUp" time="0.0" classname="com.crm.qa.testcases.LogActivityTest">
    <skipped/>
  </testcase> <!-- @BeforeMethod setUp -->
  <testcase name="@BeforeMethod setUp" time="0.0" classname="com.crm.qa.testcases.LogActivityTest">
    <skipped/>
  </testcase> <!-- @BeforeMethod setUp -->
  <testcase name="@BeforeMethod setUp" time="0.0" classname="com.crm.qa.testcases.LogActivityTest">
    <skipped/>
  </testcase> <!-- @BeforeMethod setUp -->
  <testcase name="@BeforeMethod setUp" time="0.0" classname="com.crm.qa.testcases.LogActivityTest">
    <skipped/>
  </testcase> <!-- @BeforeMethod setUp -->
  <testcase name="@BeforeMethod setUp" time="0.0" classname="com.crm.qa.testcases.LogActivityTest">
    <skipped/>
  </testcase> <!-- @BeforeMethod setUp -->
  <testcase name="@BeforeMethod setUp" time="0.0" classname="com.crm.qa.testcases.LogActivityTest">
    <skipped/>
  </testcase> <!-- @BeforeMethod setUp -->
  <testcase name="@BeforeMethod setUp" time="0.0" classname="com.crm.qa.testcases.LogActivityTest">
    <skipped/>
  </testcase> <!-- @BeforeMethod setUp -->
  <testcase name="@BeforeMethod setUp" time="0.0" classname="com.crm.qa.testcases.LogActivityTest">
    <skipped/>
  </testcase> <!-- @BeforeMethod setUp -->
  <testcase name="@BeforeMethod setUp" time="0.0" classname="com.crm.qa.testcases.LogActivityTest">
    <skipped/>
  </testcase> <!-- @BeforeMethod setUp -->
  <testcase name="@BeforeMethod setUp" time="0.0" classname="com.crm.qa.testcases.LogActivityTest">
    <skipped/>
  </testcase> <!-- @BeforeMethod setUp -->
  <testcase name="@BeforeMethod setUp" time="0.0" classname="com.crm.qa.testcases.LogActivityTest">
    <skipped/>
  </testcase> <!-- @BeforeMethod setUp -->
  <testcase name="@BeforeMethod setUp" time="0.0" classname="com.crm.qa.testcases.LogActivityTest">
    <skipped/>
  </testcase> <!-- @BeforeMethod setUp -->
  <testcase name="@BeforeMethod setUp" time="0.0" classname="com.crm.qa.testcases.LogActivityTest">
    <skipped/>
  </testcase> <!-- @BeforeMethod setUp -->
  <testcase name="@BeforeMethod setUp" time="0.0" classname="com.crm.qa.testcases.LogActivityTest">
    <skipped/>
  </testcase> <!-- @BeforeMethod setUp -->
  <testcase name="@BeforeMethod setUp" time="0.0" classname="com.crm.qa.testcases.LogActivityTest">
    <skipped/>
  </testcase> <!-- @BeforeMethod setUp -->
  <testcase name="@BeforeMethod setUp" time="0.0" classname="com.crm.qa.testcases.LogActivityTest">
    <skipped/>
  </testcase> <!-- @BeforeMethod setUp -->
  <testcase name="@BeforeMethod setUp" time="0.0" classname="com.crm.qa.testcases.LogActivityTest">
    <skipped/>
  </testcase> <!-- @BeforeMethod setUp -->
  <testcase name="@BeforeMethod setUp" time="0.0" classname="com.crm.qa.testcases.LogActivityTest">
    <skipped/>
  </testcase> <!-- @BeforeMethod setUp -->
  <testcase name="CreateAccount_Spouse" time="0.0" classname="com.crm.qa.testcases.LogActivityTest">
    <skipped/>
  </testcase> <!-- CreateAccount_Spouse -->
  <testcase name="CreateRetail1Account" time="0.0" classname="com.crm.qa.testcases.LogActivityTest">
    <skipped/>
  </testcase> <!-- CreateRetail1Account -->
  <testcase name="CreateRetail2Account" time="0.0" classname="com.crm.qa.testcases.LogActivityTest">
    <skipped/>
  </testcase> <!-- CreateRetail2Account -->
  <testcase name="LogACallSpouse" time="0.0" classname="com.crm.qa.testcases.LogActivityTest">
    <skipped/>
  </testcase> <!-- LogACallSpouse -->
  <testcase name="Unenrollment_TerminateAll" time="0.0" classname="com.crm.qa.testcases.LogActivityTest">
    <skipped/>
  </testcase> <!-- Unenrollment_TerminateAll -->
  <testcase name="Unenrollment_delinkAccount" time="0.0" classname="com.crm.qa.testcases.LogActivityTest">
    <skipped/>
  </testcase> <!-- Unenrollment_delinkAccount -->
  <testcase name="createCTAccount" time="0.0" classname="com.crm.qa.testcases.LogActivityTest">
    <skipped/>
  </testcase> <!-- createCTAccount -->
  <testcase name="createCTAccount1" time="0.0" classname="com.crm.qa.testcases.LogActivityTest">
    <skipped/>
  </testcase> <!-- createCTAccount1 -->
  <testcase name="createDemoUsers" time="0.0" classname="com.crm.qa.testcases.LogActivityTest">
    <skipped/>
  </testcase> <!-- createDemoUsers -->
  <testcase name="createFalconAccount" time="0.0" classname="com.crm.qa.testcases.LogActivityTest">
    <skipped/>
  </testcase> <!-- createFalconAccount -->
  <testcase name="createRPAccount" time="0.0" classname="com.crm.qa.testcases.LogActivityTest">
    <skipped/>
  </testcase> <!-- createRPAccount -->
  <testcase name="createRegularAccount" time="0.0" classname="com.crm.qa.testcases.LogActivityTest">
    <skipped/>
  </testcase> <!-- createRegularAccount -->
  <testcase name="debug" time="0.0" classname="com.crm.qa.testcases.LogActivityTest">
    <skipped/>
  </testcase> <!-- debug -->
  <testcase name="demoTest" time="0.0" classname="com.crm.qa.testcases.LogActivityTest">
    <skipped/>
  </testcase> <!-- demoTest -->
  <testcase name="demoTest" time="0.0" classname="com.crm.qa.testcases.LogActivityTest">
    <skipped/>
  </testcase> <!-- demoTest -->
  <testcase name="demoTest" time="0.0" classname="com.crm.qa.testcases.LogActivityTest">
    <skipped/>
  </testcase> <!-- demoTest -->
  <testcase name="demoTest" time="0.0" classname="com.crm.qa.testcases.LogActivityTest">
    <skipped/>
  </testcase> <!-- demoTest -->
  <testcase name="demoTest" time="0.0" classname="com.crm.qa.testcases.LogActivityTest">
    <skipped/>
  </testcase> <!-- demoTest -->
  <testcase name="meeting_CompleteFlow" time="0.0" classname="com.crm.qa.testcases.LogActivityTest">
    <skipped/>
  </testcase> <!-- meeting_CompleteFlow -->
  <testcase name="meeting_CompleteFlowWithOptions" time="0.0" classname="com.crm.qa.testcases.LogActivityTest">
    <skipped/>
  </testcase> <!-- meeting_CompleteFlowWithOptions -->
  <testcase name="navigateToRetailUser" time="0.0" classname="com.crm.qa.testcases.LogActivityTest">
    <skipped/>
  </testcase> <!-- navigateToRetailUser -->
  <testcase name="nolead_Reached_MultipleOpportunity" time="0.0" classname="com.crm.qa.testcases.LogActivityTest">
    <skipped/>
  </testcase> <!-- nolead_Reached_MultipleOpportunity -->
  <testcase name="nolead_Reached_createBranchOpportunity" time="0.0" classname="com.crm.qa.testcases.LogActivityTest">
    <skipped/>
  </testcase> <!-- nolead_Reached_createBranchOpportunity -->
  <testcase name="nolead_Reached_createWorkplaceOpportunity" time="0.0" classname="com.crm.qa.testcases.LogActivityTest">
    <skipped/>
  </testcase> <!-- nolead_Reached_createWorkplaceOpportunity -->
  <testcase name="notReached" time="0.0" classname="com.crm.qa.testcases.LogActivityTest">
    <skipped/>
  </testcase> <!-- notReached -->
  <testcase name="notReachedwithBusinessLead" time="0.0" classname="com.crm.qa.testcases.LogActivityTest">
    <skipped/>
  </testcase> <!-- notReachedwithBusinessLead -->
  <testcase name="reached" time="0.0" classname="com.crm.qa.testcases.LogActivityTest">
    <skipped/>
  </testcase> <!-- reached -->
  <testcase name="reached_Schedule_Appointment" time="0.0" classname="com.crm.qa.testcases.LogActivityTest">
    <skipped/>
  </testcase> <!-- reached_Schedule_Appointment -->
  <testcase name="reached_Schedule_Phonecall" time="0.0" classname="com.crm.qa.testcases.LogActivityTest">
    <skipped/>
  </testcase> <!-- reached_Schedule_Phonecall -->
  <testcase name="reached_Schedule_ToDo" time="0.0" classname="com.crm.qa.testcases.LogActivityTest">
    <skipped/>
  </testcase> <!-- reached_Schedule_ToDo -->
  <testcase name="reachedwithBusinessLead" time="0.0" classname="com.crm.qa.testcases.LogActivityTest">
    <skipped/>
  </testcase> <!-- reachedwithBusinessLead -->
  <testcase name="reachedwithBusinessLead_ScheduleMeeting" time="0.0" classname="com.crm.qa.testcases.LogActivityTest">
    <skipped/>
  </testcase> <!-- reachedwithBusinessLead_ScheduleMeeting -->
  <testcase name="reachedwithBusinessLead_SchedulePhoneCall" time="0.0" classname="com.crm.qa.testcases.LogActivityTest">
    <skipped/>
  </testcase> <!-- reachedwithBusinessLead_SchedulePhoneCall -->
  <testcase name="reachedwithBusinessLead_ScheduleTodo" time="0.0" classname="com.crm.qa.testcases.LogActivityTest">
    <skipped/>
  </testcase> <!-- reachedwithBusinessLead_ScheduleTodo -->
  <testcase name="reachedwithBusinessLead_UnplannedMeeting" time="0.0" classname="com.crm.qa.testcases.LogActivityTest">
    <skipped/>
  </testcase> <!-- reachedwithBusinessLead_UnplannedMeeting -->
</testsuite> <!-- Default test -->
