<?xml version="1.0" encoding="UTF-8"?>
<!-- Generated by org.testng.reporters.JUnitXMLReporter -->
<testsuite hostname="PHX-ISHARAF" ignored="28" name="Default test" tests="2" failures="0" timestamp="05 Mar 2020 18:09:10 GMT" time="182.828" errors="0">
  <testcase name="notReached_multipleUsers" time="82.14" classname="com.crm.qa.testcases.LogActivityTest"/>
  <testcase name="notReached_multipleUsers" time="78.806" classname="com.crm.qa.testcases.LogActivityTest"/>
  <testcase name="reachedwithBusinessLead" time="0.0" classname="com.crm.qa.testcases.LogActivityTest">
    <ignored/>
  </testcase> <!-- reachedwithBusinessLead -->
  <testcase name="validateFinancialDataForSponsoredClient" time="0.0" classname="com.crm.qa.testcases.LogActivityTest">
    <ignored/>
  </testcase> <!-- validateFinancialDataForSponsoredClient -->
  <testcase name="nolead_Reached_createWorkplaceOpportunity" time="0.0" classname="com.crm.qa.testcases.LogActivityTest">
    <ignored/>
  </testcase> <!-- nolead_Reached_createWorkplaceOpportunity -->
  <testcase name="reached_multipleUsers" time="0.0" classname="com.crm.qa.testcases.LogActivityTest">
    <ignored/>
  </testcase> <!-- reached_multipleUsers -->
  <testcase name="UnplannedMeeting_multipleUsers" time="0.0" classname="com.crm.qa.testcases.LogActivityTest">
    <ignored/>
  </testcase> <!-- UnplannedMeeting_multipleUsers -->
  <testcase name="LogaCallwithSpouse_ValidateAtPrimary" time="0.0" classname="com.crm.qa.testcases.LogActivityTest">
    <ignored/>
  </testcase> <!-- LogaCallwithSpouse_ValidateAtPrimary -->
  <testcase name="meeting_CompleteFlow" time="0.0" classname="com.crm.qa.testcases.LogActivityTest">
    <ignored/>
  </testcase> <!-- meeting_CompleteFlow -->
  <testcase name="CreateAccount_Spouse" time="0.0" classname="com.crm.qa.testcases.LogActivityTest">
    <ignored/>
  </testcase> <!-- CreateAccount_Spouse -->
  <testcase name="reached_Schedule_Appointment" time="0.0" classname="com.crm.qa.testcases.LogActivityTest">
    <ignored/>
  </testcase> <!-- reached_Schedule_Appointment -->
  <testcase name="reachedwithBusinessLead_ScheduleTodo" time="0.0" classname="com.crm.qa.testcases.LogActivityTest">
    <ignored/>
  </testcase> <!-- reachedwithBusinessLead_ScheduleTodo -->
  <testcase name="reachedwithBusinessLead_ScheduleMeeting" time="0.0" classname="com.crm.qa.testcases.LogActivityTest">
    <ignored/>
  </testcase> <!-- reachedwithBusinessLead_ScheduleMeeting -->
  <testcase name="logaCall_Reached_Household_multipleUsers" time="0.0" classname="com.crm.qa.testcases.LogActivityTest">
    <ignored/>
  </testcase> <!-- logaCall_Reached_Household_multipleUsers -->
  <testcase name="navigateToRetailUser" time="0.0" classname="com.crm.qa.testcases.LogActivityTest">
    <ignored/>
  </testcase> <!-- navigateToRetailUser -->
  <testcase name="UpdatePrimaryAccountdetails" time="0.0" classname="com.crm.qa.testcases.LogActivityTest">
    <ignored/>
  </testcase> <!-- UpdatePrimaryAccountdetails -->
  <testcase name="validateEmail" time="0.0" classname="com.crm.qa.testcases.LogActivityTest">
    <ignored/>
  </testcase> <!-- validateEmail -->
  <testcase name="nolead_Reached_createBranchOpportunity" time="0.0" classname="com.crm.qa.testcases.LogActivityTest">
    <ignored/>
  </testcase> <!-- nolead_Reached_createBranchOpportunity -->
  <testcase name="notReachedwithBusinessLead" time="0.0" classname="com.crm.qa.testcases.LogActivityTest">
    <ignored/>
  </testcase> <!-- notReachedwithBusinessLead -->
  <testcase name="reached_Schedule_Phonecall" time="0.0" classname="com.crm.qa.testcases.LogActivityTest">
    <ignored/>
  </testcase> <!-- reached_Schedule_Phonecall -->
  <testcase name="UpdateSpouseAccountdetails" time="0.0" classname="com.crm.qa.testcases.LogActivityTest">
    <ignored/>
  </testcase> <!-- UpdateSpouseAccountdetails -->
  <testcase name="debug" time="0.0" classname="com.crm.qa.testcases.LogActivityTest">
    <ignored/>
  </testcase> <!-- debug -->
  <testcase name="logaCall_UnplannedMeeting_multipleUsers" time="0.0" classname="com.crm.qa.testcases.LogActivityTest">
    <ignored/>
  </testcase> <!-- logaCall_UnplannedMeeting_multipleUsers -->
  <testcase name="LogACallSpouse" time="0.0" classname="com.crm.qa.testcases.LogActivityTest">
    <ignored/>
  </testcase> <!-- LogACallSpouse -->
  <testcase name="logaCall_NotReached_Household_multipleUsers" time="0.0" classname="com.crm.qa.testcases.LogActivityTest">
    <ignored/>
  </testcase> <!-- logaCall_NotReached_Household_multipleUsers -->
  <testcase name="UnplannedMeetingWithExistingMeeting" time="0.0" classname="com.crm.qa.testcases.LogActivityTest">
    <ignored/>
  </testcase> <!-- UnplannedMeetingWithExistingMeeting -->
  <testcase name="meeting_CompleteFlowWithOptions" time="0.0" classname="com.crm.qa.testcases.LogActivityTest">
    <ignored/>
  </testcase> <!-- meeting_CompleteFlowWithOptions -->
  <testcase name="nolead_Reached_MultipleOpportunity" time="0.0" classname="com.crm.qa.testcases.LogActivityTest">
    <ignored/>
  </testcase> <!-- nolead_Reached_MultipleOpportunity -->
  <testcase name="reachedwithBusinessLead_SchedulePhoneCall" time="0.0" classname="com.crm.qa.testcases.LogActivityTest">
    <ignored/>
  </testcase> <!-- reachedwithBusinessLead_SchedulePhoneCall -->
  <testcase name="reached_Schedule_ToDo" time="0.0" classname="com.crm.qa.testcases.LogActivityTest">
    <ignored/>
  </testcase> <!-- reached_Schedule_ToDo -->
</testsuite> <!-- Default test -->
