<?xml version="1.0" encoding="UTF-8"?>
<testng-results skipped="14" failed="3" ignored="17" total="115" passed="81">
  <reporter-output>
  </reporter-output>
  <suite name="SFDC Test Automation Test Suite" duration-ms="9159678" started-at="2020-03-23T13:17:54Z" finished-at="2020-03-23T15:50:34Z">
    <groups>
    </groups>
    <test name="Log a Call Test Scenarios" duration-ms="4723841" started-at="2020-03-23T13:17:54Z" finished-at="2020-03-23T14:36:38Z">
      <class name="com.crm.qa.testcases.LogActivityTest">
        <test-method status="PASS" signature="setUp()[pri:0, instance:com.crm.qa.testcases.LogActivityTest@50de0926]" name="setUp" is-config="true" duration-ms="10074" started-at="2020-03-23T06:17:54Z" finished-at="2020-03-23T06:18:04Z">
          <reporter-output>
          </reporter-output>
        </test-method> <!-- setUp -->
        <test-method status="PASS" signature="reached_multipleUsers(java.lang.String)[pri:0, instance:com.crm.qa.testcases.LogActivityTest@50de0926]" name="reached_multipleUsers" duration-ms="69911" started-at="2020-03-23T06:18:04Z" data-provider="multipleUsers" finished-at="2020-03-23T06:19:14Z">
          <params>
            <param index="0">
              <value>
                <![CDATA[0050R000000XRFmQAO]]>
              </value>
            </param>
          </params>
          <reporter-output>
          </reporter-output>
        </test-method> <!-- reached_multipleUsers -->
        <test-method status="PASS" signature="tearDown()[pri:0, instance:com.crm.qa.testcases.LogActivityTest@50de0926]" name="tearDown" is-config="true" duration-ms="767" started-at="2020-03-23T06:19:14Z" finished-at="2020-03-23T06:19:15Z">
          <reporter-output>
          </reporter-output>
        </test-method> <!-- tearDown -->
        <test-method status="PASS" signature="setUp()[pri:0, instance:com.crm.qa.testcases.LogActivityTest@50de0926]" name="setUp" is-config="true" duration-ms="7964" started-at="2020-03-23T06:19:15Z" finished-at="2020-03-23T06:19:23Z">
          <reporter-output>
          </reporter-output>
        </test-method> <!-- setUp -->
        <test-method status="PASS" signature="reached_multipleUsers(java.lang.String)[pri:0, instance:com.crm.qa.testcases.LogActivityTest@50de0926]" name="reached_multipleUsers" duration-ms="82309" started-at="2020-03-23T06:19:23Z" data-provider="multipleUsers" finished-at="2020-03-23T06:20:45Z">
          <params>
            <param index="0">
              <value>
                <![CDATA[0050R000000XRHYQA4]]>
              </value>
            </param>
          </params>
          <reporter-output>
          </reporter-output>
        </test-method> <!-- reached_multipleUsers -->
        <test-method status="PASS" signature="tearDown()[pri:0, instance:com.crm.qa.testcases.LogActivityTest@50de0926]" name="tearDown" is-config="true" duration-ms="765" started-at="2020-03-23T06:20:45Z" finished-at="2020-03-23T06:20:46Z">
          <reporter-output>
          </reporter-output>
        </test-method> <!-- tearDown -->
        <test-method status="PASS" signature="setUp()[pri:0, instance:com.crm.qa.testcases.LogActivityTest@50de0926]" name="setUp" is-config="true" duration-ms="8351" started-at="2020-03-23T06:20:46Z" finished-at="2020-03-23T06:20:54Z">
          <reporter-output>
          </reporter-output>
        </test-method> <!-- setUp -->
        <test-method status="PASS" signature="notReached_multipleUsers(java.lang.String)[pri:0, instance:com.crm.qa.testcases.LogActivityTest@50de0926]" name="notReached_multipleUsers" duration-ms="67278" started-at="2020-03-23T06:20:54Z" data-provider="multipleUsers" finished-at="2020-03-23T06:22:01Z">
          <params>
            <param index="0">
              <value>
                <![CDATA[0050R000000XRFmQAO]]>
              </value>
            </param>
          </params>
          <reporter-output>
          </reporter-output>
        </test-method> <!-- notReached_multipleUsers -->
        <test-method status="PASS" signature="tearDown()[pri:0, instance:com.crm.qa.testcases.LogActivityTest@50de0926]" name="tearDown" is-config="true" duration-ms="741" started-at="2020-03-23T06:22:01Z" finished-at="2020-03-23T06:22:02Z">
          <reporter-output>
          </reporter-output>
        </test-method> <!-- tearDown -->
        <test-method status="PASS" signature="setUp()[pri:0, instance:com.crm.qa.testcases.LogActivityTest@50de0926]" name="setUp" is-config="true" duration-ms="8335" started-at="2020-03-23T06:22:02Z" finished-at="2020-03-23T06:22:10Z">
          <reporter-output>
          </reporter-output>
        </test-method> <!-- setUp -->
        <test-method status="PASS" signature="notReached_multipleUsers(java.lang.String)[pri:0, instance:com.crm.qa.testcases.LogActivityTest@50de0926]" name="notReached_multipleUsers" duration-ms="76249" started-at="2020-03-23T06:22:10Z" data-provider="multipleUsers" finished-at="2020-03-23T06:23:27Z">
          <params>
            <param index="0">
              <value>
                <![CDATA[0050R000000XRHYQA4]]>
              </value>
            </param>
          </params>
          <reporter-output>
          </reporter-output>
        </test-method> <!-- notReached_multipleUsers -->
        <test-method status="PASS" signature="tearDown()[pri:0, instance:com.crm.qa.testcases.LogActivityTest@50de0926]" name="tearDown" is-config="true" duration-ms="763" started-at="2020-03-23T06:23:27Z" finished-at="2020-03-23T06:23:27Z">
          <reporter-output>
          </reporter-output>
        </test-method> <!-- tearDown -->
        <test-method status="PASS" signature="setUp()[pri:0, instance:com.crm.qa.testcases.LogActivityTest@50de0926]" name="setUp" is-config="true" duration-ms="8338" started-at="2020-03-23T06:23:27Z" finished-at="2020-03-23T06:23:36Z">
          <reporter-output>
          </reporter-output>
        </test-method> <!-- setUp -->
        <test-method status="PASS" signature="UnplannedMeeting_withOutcome_NoShow_multipleUsers(java.lang.String)[pri:0, instance:com.crm.qa.testcases.LogActivityTest@50de0926]" name="UnplannedMeeting_withOutcome_NoShow_multipleUsers" duration-ms="73929" started-at="2020-03-23T06:23:36Z" data-provider="multipleUsers" finished-at="2020-03-23T06:24:50Z">
          <params>
            <param index="0">
              <value>
                <![CDATA[0050R000000XRFmQAO]]>
              </value>
            </param>
          </params>
          <reporter-output>
          </reporter-output>
        </test-method> <!-- UnplannedMeeting_withOutcome_NoShow_multipleUsers -->
        <test-method status="PASS" signature="tearDown()[pri:0, instance:com.crm.qa.testcases.LogActivityTest@50de0926]" name="tearDown" is-config="true" duration-ms="764" started-at="2020-03-23T06:24:50Z" finished-at="2020-03-23T06:24:50Z">
          <reporter-output>
          </reporter-output>
        </test-method> <!-- tearDown -->
        <test-method status="PASS" signature="setUp()[pri:0, instance:com.crm.qa.testcases.LogActivityTest@50de0926]" name="setUp" is-config="true" duration-ms="8388" started-at="2020-03-23T06:24:50Z" finished-at="2020-03-23T06:24:59Z">
          <reporter-output>
          </reporter-output>
        </test-method> <!-- setUp -->
        <test-method status="PASS" signature="UnplannedMeeting_withOutcome_NoShow_multipleUsers(java.lang.String)[pri:0, instance:com.crm.qa.testcases.LogActivityTest@50de0926]" name="UnplannedMeeting_withOutcome_NoShow_multipleUsers" duration-ms="85473" started-at="2020-03-23T06:24:59Z" data-provider="multipleUsers" finished-at="2020-03-23T06:26:24Z">
          <params>
            <param index="0">
              <value>
                <![CDATA[0050R000000XRHYQA4]]>
              </value>
            </param>
          </params>
          <reporter-output>
          </reporter-output>
        </test-method> <!-- UnplannedMeeting_withOutcome_NoShow_multipleUsers -->
        <test-method status="PASS" signature="tearDown()[pri:0, instance:com.crm.qa.testcases.LogActivityTest@50de0926]" name="tearDown" is-config="true" duration-ms="762" started-at="2020-03-23T06:26:24Z" finished-at="2020-03-23T06:26:25Z">
          <reporter-output>
          </reporter-output>
        </test-method> <!-- tearDown -->
        <test-method status="PASS" signature="setUp()[pri:0, instance:com.crm.qa.testcases.LogActivityTest@50de0926]" name="setUp" is-config="true" duration-ms="8063" started-at="2020-03-23T06:26:25Z" finished-at="2020-03-23T06:26:33Z">
          <reporter-output>
          </reporter-output>
        </test-method> <!-- setUp -->
        <test-method status="PASS" signature="UnplannedMeeting_withOutcome_Cancelled_multipleUsers(java.lang.String)[pri:0, instance:com.crm.qa.testcases.LogActivityTest@50de0926]" name="UnplannedMeeting_withOutcome_Cancelled_multipleUsers" duration-ms="70184" started-at="2020-03-23T06:26:33Z" data-provider="multipleUsers" finished-at="2020-03-23T06:27:43Z">
          <params>
            <param index="0">
              <value>
                <![CDATA[0050R000000XRFmQAO]]>
              </value>
            </param>
          </params>
          <reporter-output>
          </reporter-output>
        </test-method> <!-- UnplannedMeeting_withOutcome_Cancelled_multipleUsers -->
        <test-method status="PASS" signature="tearDown()[pri:0, instance:com.crm.qa.testcases.LogActivityTest@50de0926]" name="tearDown" is-config="true" duration-ms="715" started-at="2020-03-23T06:27:43Z" finished-at="2020-03-23T06:27:44Z">
          <reporter-output>
          </reporter-output>
        </test-method> <!-- tearDown -->
        <test-method status="PASS" signature="setUp()[pri:0, instance:com.crm.qa.testcases.LogActivityTest@50de0926]" name="setUp" is-config="true" duration-ms="8243" started-at="2020-03-23T06:27:44Z" finished-at="2020-03-23T06:27:52Z">
          <reporter-output>
          </reporter-output>
        </test-method> <!-- setUp -->
        <test-method status="PASS" signature="UnplannedMeeting_withOutcome_Cancelled_multipleUsers(java.lang.String)[pri:0, instance:com.crm.qa.testcases.LogActivityTest@50de0926]" name="UnplannedMeeting_withOutcome_Cancelled_multipleUsers" duration-ms="87766" started-at="2020-03-23T06:27:52Z" data-provider="multipleUsers" finished-at="2020-03-23T06:29:20Z">
          <params>
            <param index="0">
              <value>
                <![CDATA[0050R000000XRHYQA4]]>
              </value>
            </param>
          </params>
          <reporter-output>
          </reporter-output>
        </test-method> <!-- UnplannedMeeting_withOutcome_Cancelled_multipleUsers -->
        <test-method status="PASS" signature="tearDown()[pri:0, instance:com.crm.qa.testcases.LogActivityTest@50de0926]" name="tearDown" is-config="true" duration-ms="750" started-at="2020-03-23T06:29:20Z" finished-at="2020-03-23T06:29:21Z">
          <reporter-output>
          </reporter-output>
        </test-method> <!-- tearDown -->
        <test-method status="PASS" signature="setUp()[pri:0, instance:com.crm.qa.testcases.LogActivityTest@50de0926]" name="setUp" is-config="true" duration-ms="11182" started-at="2020-03-23T06:29:21Z" finished-at="2020-03-23T06:29:32Z">
          <reporter-output>
          </reporter-output>
        </test-method> <!-- setUp -->
        <test-method status="PASS" signature="UnplannedMeeting_withOutcome_Completed_multipleUsers(java.lang.String)[pri:0, instance:com.crm.qa.testcases.LogActivityTest@50de0926]" name="UnplannedMeeting_withOutcome_Completed_multipleUsers" duration-ms="82638" started-at="2020-03-23T06:29:32Z" data-provider="multipleUsers" finished-at="2020-03-23T06:30:55Z">
          <params>
            <param index="0">
              <value>
                <![CDATA[0050R000000XRFmQAO]]>
              </value>
            </param>
          </params>
          <reporter-output>
          </reporter-output>
        </test-method> <!-- UnplannedMeeting_withOutcome_Completed_multipleUsers -->
        <test-method status="PASS" signature="tearDown()[pri:0, instance:com.crm.qa.testcases.LogActivityTest@50de0926]" name="tearDown" is-config="true" duration-ms="732" started-at="2020-03-23T06:30:55Z" finished-at="2020-03-23T06:30:55Z">
          <reporter-output>
          </reporter-output>
        </test-method> <!-- tearDown -->
        <test-method status="PASS" signature="setUp()[pri:0, instance:com.crm.qa.testcases.LogActivityTest@50de0926]" name="setUp" is-config="true" duration-ms="8212" started-at="2020-03-23T06:30:55Z" finished-at="2020-03-23T06:31:04Z">
          <reporter-output>
          </reporter-output>
        </test-method> <!-- setUp -->
        <test-method status="PASS" signature="UnplannedMeeting_withOutcome_Completed_multipleUsers(java.lang.String)[pri:0, instance:com.crm.qa.testcases.LogActivityTest@50de0926]" name="UnplannedMeeting_withOutcome_Completed_multipleUsers" duration-ms="89421" started-at="2020-03-23T06:31:04Z" data-provider="multipleUsers" finished-at="2020-03-23T06:32:33Z">
          <params>
            <param index="0">
              <value>
                <![CDATA[0050R000000XRHYQA4]]>
              </value>
            </param>
          </params>
          <reporter-output>
          </reporter-output>
        </test-method> <!-- UnplannedMeeting_withOutcome_Completed_multipleUsers -->
        <test-method status="PASS" signature="tearDown()[pri:0, instance:com.crm.qa.testcases.LogActivityTest@50de0926]" name="tearDown" is-config="true" duration-ms="729" started-at="2020-03-23T06:32:33Z" finished-at="2020-03-23T06:32:34Z">
          <reporter-output>
          </reporter-output>
        </test-method> <!-- tearDown -->
        <test-method status="PASS" signature="setUp()[pri:0, instance:com.crm.qa.testcases.LogActivityTest@50de0926]" name="setUp" is-config="true" duration-ms="8413" started-at="2020-03-23T06:32:34Z" finished-at="2020-03-23T06:32:42Z">
          <reporter-output>
          </reporter-output>
        </test-method> <!-- setUp -->
        <test-method status="PASS" signature="UnplannedMeeting_withMeeting_OnPhone_multipleUsers(java.lang.String)[pri:0, instance:com.crm.qa.testcases.LogActivityTest@50de0926]" name="UnplannedMeeting_withMeeting_OnPhone_multipleUsers" duration-ms="78515" started-at="2020-03-23T06:32:42Z" data-provider="multipleUsers" finished-at="2020-03-23T06:34:01Z">
          <params>
            <param index="0">
              <value>
                <![CDATA[0050R000000XRFmQAO]]>
              </value>
            </param>
          </params>
          <reporter-output>
          </reporter-output>
        </test-method> <!-- UnplannedMeeting_withMeeting_OnPhone_multipleUsers -->
        <test-method status="PASS" signature="tearDown()[pri:0, instance:com.crm.qa.testcases.LogActivityTest@50de0926]" name="tearDown" is-config="true" duration-ms="758" started-at="2020-03-23T06:34:01Z" finished-at="2020-03-23T06:34:01Z">
          <reporter-output>
          </reporter-output>
        </test-method> <!-- tearDown -->
        <test-method status="PASS" signature="setUp()[pri:0, instance:com.crm.qa.testcases.LogActivityTest@50de0926]" name="setUp" is-config="true" duration-ms="8236" started-at="2020-03-23T06:34:01Z" finished-at="2020-03-23T06:34:10Z">
          <reporter-output>
          </reporter-output>
        </test-method> <!-- setUp -->
        <test-method status="PASS" signature="UnplannedMeeting_withMeeting_OnPhone_multipleUsers(java.lang.String)[pri:0, instance:com.crm.qa.testcases.LogActivityTest@50de0926]" name="UnplannedMeeting_withMeeting_OnPhone_multipleUsers" duration-ms="87261" started-at="2020-03-23T06:34:10Z" data-provider="multipleUsers" finished-at="2020-03-23T06:35:37Z">
          <params>
            <param index="0">
              <value>
                <![CDATA[0050R000000XRHYQA4]]>
              </value>
            </param>
          </params>
          <reporter-output>
          </reporter-output>
        </test-method> <!-- UnplannedMeeting_withMeeting_OnPhone_multipleUsers -->
        <test-method status="PASS" signature="tearDown()[pri:0, instance:com.crm.qa.testcases.LogActivityTest@50de0926]" name="tearDown" is-config="true" duration-ms="794" started-at="2020-03-23T06:35:37Z" finished-at="2020-03-23T06:35:38Z">
          <reporter-output>
          </reporter-output>
        </test-method> <!-- tearDown -->
        <test-method status="PASS" signature="setUp()[pri:0, instance:com.crm.qa.testcases.LogActivityTest@50de0926]" name="setUp" is-config="true" duration-ms="7809" started-at="2020-03-23T06:35:38Z" finished-at="2020-03-23T06:35:45Z">
          <reporter-output>
          </reporter-output>
        </test-method> <!-- setUp -->
        <test-method status="PASS" signature="UnplannedMeeting_withMeeting_OnSiteEvent_multipleUsers(java.lang.String)[pri:0, instance:com.crm.qa.testcases.LogActivityTest@50de0926]" name="UnplannedMeeting_withMeeting_OnSiteEvent_multipleUsers" duration-ms="79185" started-at="2020-03-23T06:35:45Z" data-provider="multipleUsers" finished-at="2020-03-23T06:37:05Z">
          <params>
            <param index="0">
              <value>
                <![CDATA[0050R000000XRFmQAO]]>
              </value>
            </param>
          </params>
          <reporter-output>
          </reporter-output>
        </test-method> <!-- UnplannedMeeting_withMeeting_OnSiteEvent_multipleUsers -->
        <test-method status="PASS" signature="tearDown()[pri:0, instance:com.crm.qa.testcases.LogActivityTest@50de0926]" name="tearDown" is-config="true" duration-ms="749" started-at="2020-03-23T06:37:05Z" finished-at="2020-03-23T06:37:05Z">
          <reporter-output>
          </reporter-output>
        </test-method> <!-- tearDown -->
        <test-method status="PASS" signature="setUp()[pri:0, instance:com.crm.qa.testcases.LogActivityTest@50de0926]" name="setUp" is-config="true" duration-ms="8372" started-at="2020-03-23T06:37:05Z" finished-at="2020-03-23T06:37:14Z">
          <reporter-output>
          </reporter-output>
        </test-method> <!-- setUp -->
        <test-method status="PASS" signature="UnplannedMeeting_withMeeting_OnSiteEvent_multipleUsers(java.lang.String)[pri:0, instance:com.crm.qa.testcases.LogActivityTest@50de0926]" name="UnplannedMeeting_withMeeting_OnSiteEvent_multipleUsers" duration-ms="88165" started-at="2020-03-23T06:37:14Z" data-provider="multipleUsers" finished-at="2020-03-23T06:38:42Z">
          <params>
            <param index="0">
              <value>
                <![CDATA[0050R000000XRHYQA4]]>
              </value>
            </param>
          </params>
          <reporter-output>
          </reporter-output>
        </test-method> <!-- UnplannedMeeting_withMeeting_OnSiteEvent_multipleUsers -->
        <test-method status="PASS" signature="tearDown()[pri:0, instance:com.crm.qa.testcases.LogActivityTest@50de0926]" name="tearDown" is-config="true" duration-ms="748" started-at="2020-03-23T06:38:42Z" finished-at="2020-03-23T06:38:43Z">
          <reporter-output>
          </reporter-output>
        </test-method> <!-- tearDown -->
        <test-method status="PASS" signature="setUp()[pri:0, instance:com.crm.qa.testcases.LogActivityTest@50de0926]" name="setUp" is-config="true" duration-ms="8319" started-at="2020-03-23T06:38:43Z" finished-at="2020-03-23T06:38:51Z">
          <reporter-output>
          </reporter-output>
        </test-method> <!-- setUp -->
        <test-method status="PASS" signature="UnplannedMeeting_withMeeting_VirtualMeeting_multipleUsers(java.lang.String)[pri:0, instance:com.crm.qa.testcases.LogActivityTest@50de0926]" name="UnplannedMeeting_withMeeting_VirtualMeeting_multipleUsers" duration-ms="74859" started-at="2020-03-23T06:38:51Z" data-provider="multipleUsers" finished-at="2020-03-23T06:40:06Z">
          <params>
            <param index="0">
              <value>
                <![CDATA[0050R000000XRFmQAO]]>
              </value>
            </param>
          </params>
          <reporter-output>
          </reporter-output>
        </test-method> <!-- UnplannedMeeting_withMeeting_VirtualMeeting_multipleUsers -->
        <test-method status="PASS" signature="tearDown()[pri:0, instance:com.crm.qa.testcases.LogActivityTest@50de0926]" name="tearDown" is-config="true" duration-ms="747" started-at="2020-03-23T06:40:06Z" finished-at="2020-03-23T06:40:07Z">
          <reporter-output>
          </reporter-output>
        </test-method> <!-- tearDown -->
        <test-method status="PASS" signature="setUp()[pri:0, instance:com.crm.qa.testcases.LogActivityTest@50de0926]" name="setUp" is-config="true" duration-ms="8641" started-at="2020-03-23T06:40:07Z" finished-at="2020-03-23T06:40:15Z">
          <reporter-output>
          </reporter-output>
        </test-method> <!-- setUp -->
        <test-method status="PASS" signature="UnplannedMeeting_withMeeting_VirtualMeeting_multipleUsers(java.lang.String)[pri:0, instance:com.crm.qa.testcases.LogActivityTest@50de0926]" name="UnplannedMeeting_withMeeting_VirtualMeeting_multipleUsers" duration-ms="88384" started-at="2020-03-23T06:40:15Z" data-provider="multipleUsers" finished-at="2020-03-23T06:41:44Z">
          <params>
            <param index="0">
              <value>
                <![CDATA[0050R000000XRHYQA4]]>
              </value>
            </param>
          </params>
          <reporter-output>
          </reporter-output>
        </test-method> <!-- UnplannedMeeting_withMeeting_VirtualMeeting_multipleUsers -->
        <test-method status="PASS" signature="tearDown()[pri:0, instance:com.crm.qa.testcases.LogActivityTest@50de0926]" name="tearDown" is-config="true" duration-ms="730" started-at="2020-03-23T06:41:44Z" finished-at="2020-03-23T06:41:44Z">
          <reporter-output>
          </reporter-output>
        </test-method> <!-- tearDown -->
        <test-method status="PASS" signature="setUp()[pri:0, instance:com.crm.qa.testcases.LogActivityTest@50de0926]" name="setUp" is-config="true" duration-ms="8645" started-at="2020-03-23T06:41:44Z" finished-at="2020-03-23T06:41:53Z">
          <reporter-output>
          </reporter-output>
        </test-method> <!-- setUp -->
        <test-method status="PASS" signature="reached_Schedule_ToDo(java.lang.String)[pri:0, instance:com.crm.qa.testcases.LogActivityTest@50de0926]" name="reached_Schedule_ToDo" duration-ms="84060" started-at="2020-03-23T06:41:53Z" data-provider="multipleUsers" finished-at="2020-03-23T06:43:17Z">
          <params>
            <param index="0">
              <value>
                <![CDATA[0050R000000XRFmQAO]]>
              </value>
            </param>
          </params>
          <reporter-output>
          </reporter-output>
        </test-method> <!-- reached_Schedule_ToDo -->
        <test-method status="PASS" signature="tearDown()[pri:0, instance:com.crm.qa.testcases.LogActivityTest@50de0926]" name="tearDown" is-config="true" duration-ms="731" started-at="2020-03-23T06:43:17Z" finished-at="2020-03-23T06:43:18Z">
          <reporter-output>
          </reporter-output>
        </test-method> <!-- tearDown -->
        <test-method status="PASS" signature="setUp()[pri:0, instance:com.crm.qa.testcases.LogActivityTest@50de0926]" name="setUp" is-config="true" duration-ms="8222" started-at="2020-03-23T06:43:18Z" finished-at="2020-03-23T06:43:26Z">
          <reporter-output>
          </reporter-output>
        </test-method> <!-- setUp -->
        <test-method status="PASS" signature="reached_Schedule_ToDo(java.lang.String)[pri:0, instance:com.crm.qa.testcases.LogActivityTest@50de0926]" name="reached_Schedule_ToDo" duration-ms="85052" started-at="2020-03-23T06:43:26Z" data-provider="multipleUsers" finished-at="2020-03-23T06:44:51Z">
          <params>
            <param index="0">
              <value>
                <![CDATA[0050R000000XRHYQA4]]>
              </value>
            </param>
          </params>
          <reporter-output>
          </reporter-output>
        </test-method> <!-- reached_Schedule_ToDo -->
        <test-method status="PASS" signature="tearDown()[pri:0, instance:com.crm.qa.testcases.LogActivityTest@50de0926]" name="tearDown" is-config="true" duration-ms="760" started-at="2020-03-23T06:44:51Z" finished-at="2020-03-23T06:44:52Z">
          <reporter-output>
          </reporter-output>
        </test-method> <!-- tearDown -->
        <test-method status="PASS" signature="setUp()[pri:0, instance:com.crm.qa.testcases.LogActivityTest@50de0926]" name="setUp" is-config="true" duration-ms="8305" started-at="2020-03-23T06:44:52Z" finished-at="2020-03-23T06:45:00Z">
          <reporter-output>
          </reporter-output>
        </test-method> <!-- setUp -->
        <test-method status="PASS" signature="reached_Schedule_Phonecall(java.lang.String)[pri:0, instance:com.crm.qa.testcases.LogActivityTest@50de0926]" name="reached_Schedule_Phonecall" duration-ms="87716" started-at="2020-03-23T06:45:00Z" data-provider="multipleUsers" finished-at="2020-03-23T06:46:28Z">
          <params>
            <param index="0">
              <value>
                <![CDATA[0050R000000XRFmQAO]]>
              </value>
            </param>
          </params>
          <reporter-output>
          </reporter-output>
        </test-method> <!-- reached_Schedule_Phonecall -->
        <test-method status="PASS" signature="tearDown()[pri:0, instance:com.crm.qa.testcases.LogActivityTest@50de0926]" name="tearDown" is-config="true" duration-ms="741" started-at="2020-03-23T06:46:28Z" finished-at="2020-03-23T06:46:29Z">
          <reporter-output>
          </reporter-output>
        </test-method> <!-- tearDown -->
        <test-method status="PASS" signature="setUp()[pri:0, instance:com.crm.qa.testcases.LogActivityTest@50de0926]" name="setUp" is-config="true" duration-ms="8350" started-at="2020-03-23T06:46:29Z" finished-at="2020-03-23T06:46:37Z">
          <reporter-output>
          </reporter-output>
        </test-method> <!-- setUp -->
        <test-method status="PASS" signature="reached_Schedule_Phonecall(java.lang.String)[pri:0, instance:com.crm.qa.testcases.LogActivityTest@50de0926]" name="reached_Schedule_Phonecall" duration-ms="84168" started-at="2020-03-23T06:46:37Z" data-provider="multipleUsers" finished-at="2020-03-23T06:48:01Z">
          <params>
            <param index="0">
              <value>
                <![CDATA[0050R000000XRHYQA4]]>
              </value>
            </param>
          </params>
          <reporter-output>
          </reporter-output>
        </test-method> <!-- reached_Schedule_Phonecall -->
        <test-method status="PASS" signature="tearDown()[pri:0, instance:com.crm.qa.testcases.LogActivityTest@50de0926]" name="tearDown" is-config="true" duration-ms="770" started-at="2020-03-23T06:48:01Z" finished-at="2020-03-23T06:48:02Z">
          <reporter-output>
          </reporter-output>
        </test-method> <!-- tearDown -->
        <test-method status="PASS" signature="setUp()[pri:0, instance:com.crm.qa.testcases.LogActivityTest@50de0926]" name="setUp" is-config="true" duration-ms="8339" started-at="2020-03-23T06:48:02Z" finished-at="2020-03-23T06:48:10Z">
          <reporter-output>
          </reporter-output>
        </test-method> <!-- setUp -->
        <test-method status="PASS" signature="reached_Schedule_Appointment(java.lang.String)[pri:0, instance:com.crm.qa.testcases.LogActivityTest@50de0926]" name="reached_Schedule_Appointment" duration-ms="80202" started-at="2020-03-23T06:48:10Z" data-provider="multipleUsers" finished-at="2020-03-23T06:49:30Z">
          <params>
            <param index="0">
              <value>
                <![CDATA[0050R000000XRFmQAO]]>
              </value>
            </param>
          </params>
          <reporter-output>
          </reporter-output>
        </test-method> <!-- reached_Schedule_Appointment -->
        <test-method status="PASS" signature="tearDown()[pri:0, instance:com.crm.qa.testcases.LogActivityTest@50de0926]" name="tearDown" is-config="true" duration-ms="733" started-at="2020-03-23T06:49:30Z" finished-at="2020-03-23T06:49:31Z">
          <reporter-output>
          </reporter-output>
        </test-method> <!-- tearDown -->
        <test-method status="PASS" signature="setUp()[pri:0, instance:com.crm.qa.testcases.LogActivityTest@50de0926]" name="setUp" is-config="true" duration-ms="9995" started-at="2020-03-23T06:49:31Z" finished-at="2020-03-23T06:49:41Z">
          <reporter-output>
          </reporter-output>
        </test-method> <!-- setUp -->
        <test-method status="PASS" signature="reached_Schedule_Appointment(java.lang.String)[pri:0, instance:com.crm.qa.testcases.LogActivityTest@50de0926]" name="reached_Schedule_Appointment" duration-ms="88301" started-at="2020-03-23T06:49:41Z" data-provider="multipleUsers" finished-at="2020-03-23T06:51:09Z">
          <params>
            <param index="0">
              <value>
                <![CDATA[0050R000000XRHYQA4]]>
              </value>
            </param>
          </params>
          <reporter-output>
          </reporter-output>
        </test-method> <!-- reached_Schedule_Appointment -->
        <test-method status="PASS" signature="tearDown()[pri:0, instance:com.crm.qa.testcases.LogActivityTest@50de0926]" name="tearDown" is-config="true" duration-ms="752" started-at="2020-03-23T06:51:09Z" finished-at="2020-03-23T06:51:10Z">
          <reporter-output>
          </reporter-output>
        </test-method> <!-- tearDown -->
        <test-method status="PASS" signature="setUp()[pri:0, instance:com.crm.qa.testcases.LogActivityTest@50de0926]" name="setUp" is-config="true" duration-ms="8146" started-at="2020-03-23T06:51:10Z" finished-at="2020-03-23T06:51:18Z">
          <reporter-output>
          </reporter-output>
        </test-method> <!-- setUp -->
        <test-method status="PASS" signature="notReachedwithBusinessLead(java.lang.String)[pri:0, instance:com.crm.qa.testcases.LogActivityTest@50de0926]" name="notReachedwithBusinessLead" duration-ms="66744" started-at="2020-03-23T06:51:18Z" data-provider="multipleUsers" finished-at="2020-03-23T06:52:25Z">
          <params>
            <param index="0">
              <value>
                <![CDATA[0050R000000XRFmQAO]]>
              </value>
            </param>
          </params>
          <reporter-output>
          </reporter-output>
        </test-method> <!-- notReachedwithBusinessLead -->
        <test-method status="PASS" signature="tearDown()[pri:0, instance:com.crm.qa.testcases.LogActivityTest@50de0926]" name="tearDown" is-config="true" duration-ms="751" started-at="2020-03-23T06:52:25Z" finished-at="2020-03-23T06:52:26Z">
          <reporter-output>
          </reporter-output>
        </test-method> <!-- tearDown -->
        <test-method status="PASS" signature="setUp()[pri:0, instance:com.crm.qa.testcases.LogActivityTest@50de0926]" name="setUp" is-config="true" duration-ms="8353" started-at="2020-03-23T06:52:26Z" finished-at="2020-03-23T06:52:34Z">
          <reporter-output>
          </reporter-output>
        </test-method> <!-- setUp -->
        <test-method status="PASS" signature="notReachedwithBusinessLead(java.lang.String)[pri:0, instance:com.crm.qa.testcases.LogActivityTest@50de0926]" name="notReachedwithBusinessLead" duration-ms="74704" started-at="2020-03-23T06:52:34Z" data-provider="multipleUsers" finished-at="2020-03-23T06:53:49Z">
          <params>
            <param index="0">
              <value>
                <![CDATA[0050R000000XRHYQA4]]>
              </value>
            </param>
          </params>
          <reporter-output>
          </reporter-output>
        </test-method> <!-- notReachedwithBusinessLead -->
        <test-method status="PASS" signature="tearDown()[pri:0, instance:com.crm.qa.testcases.LogActivityTest@50de0926]" name="tearDown" is-config="true" duration-ms="776" started-at="2020-03-23T06:53:49Z" finished-at="2020-03-23T06:53:50Z">
          <reporter-output>
          </reporter-output>
        </test-method> <!-- tearDown -->
        <test-method status="PASS" signature="setUp()[pri:0, instance:com.crm.qa.testcases.LogActivityTest@50de0926]" name="setUp" is-config="true" duration-ms="8433" started-at="2020-03-23T06:53:50Z" finished-at="2020-03-23T06:53:58Z">
          <reporter-output>
          </reporter-output>
        </test-method> <!-- setUp -->
        <test-method status="PASS" signature="reachedwithBusinessLead(java.lang.String)[pri:0, instance:com.crm.qa.testcases.LogActivityTest@50de0926]" name="reachedwithBusinessLead" duration-ms="70261" started-at="2020-03-23T06:53:58Z" data-provider="multipleUsers" finished-at="2020-03-23T06:55:08Z">
          <params>
            <param index="0">
              <value>
                <![CDATA[0050R000000XRFmQAO]]>
              </value>
            </param>
          </params>
          <reporter-output>
          </reporter-output>
        </test-method> <!-- reachedwithBusinessLead -->
        <test-method status="PASS" signature="tearDown()[pri:0, instance:com.crm.qa.testcases.LogActivityTest@50de0926]" name="tearDown" is-config="true" duration-ms="754" started-at="2020-03-23T06:55:08Z" finished-at="2020-03-23T06:55:09Z">
          <reporter-output>
          </reporter-output>
        </test-method> <!-- tearDown -->
        <test-method status="PASS" signature="setUp()[pri:0, instance:com.crm.qa.testcases.LogActivityTest@50de0926]" name="setUp" is-config="true" duration-ms="8295" started-at="2020-03-23T06:55:09Z" finished-at="2020-03-23T06:55:17Z">
          <reporter-output>
          </reporter-output>
        </test-method> <!-- setUp -->
        <test-method status="PASS" signature="reachedwithBusinessLead(java.lang.String)[pri:0, instance:com.crm.qa.testcases.LogActivityTest@50de0926]" name="reachedwithBusinessLead" duration-ms="89626" started-at="2020-03-23T06:55:17Z" data-provider="multipleUsers" finished-at="2020-03-23T06:56:47Z">
          <params>
            <param index="0">
              <value>
                <![CDATA[0050R000000XRHYQA4]]>
              </value>
            </param>
          </params>
          <reporter-output>
          </reporter-output>
        </test-method> <!-- reachedwithBusinessLead -->
        <test-method status="PASS" signature="tearDown()[pri:0, instance:com.crm.qa.testcases.LogActivityTest@50de0926]" name="tearDown" is-config="true" duration-ms="741" started-at="2020-03-23T06:56:47Z" finished-at="2020-03-23T06:56:48Z">
          <reporter-output>
          </reporter-output>
        </test-method> <!-- tearDown -->
        <test-method status="PASS" signature="setUp()[pri:0, instance:com.crm.qa.testcases.LogActivityTest@50de0926]" name="setUp" is-config="true" duration-ms="9434" started-at="2020-03-23T06:56:48Z" finished-at="2020-03-23T06:56:57Z">
          <reporter-output>
          </reporter-output>
        </test-method> <!-- setUp -->
        <test-method status="PASS" signature="reachedwithBusinessLead_SchedulePhoneCall(java.lang.String)[pri:0, instance:com.crm.qa.testcases.LogActivityTest@50de0926]" name="reachedwithBusinessLead_SchedulePhoneCall" duration-ms="95388" started-at="2020-03-23T06:56:57Z" data-provider="multipleUsers" finished-at="2020-03-23T06:58:33Z">
          <params>
            <param index="0">
              <value>
                <![CDATA[0050R000000XRFmQAO]]>
              </value>
            </param>
          </params>
          <reporter-output>
          </reporter-output>
        </test-method> <!-- reachedwithBusinessLead_SchedulePhoneCall -->
        <test-method status="PASS" signature="tearDown()[pri:0, instance:com.crm.qa.testcases.LogActivityTest@50de0926]" name="tearDown" is-config="true" duration-ms="764" started-at="2020-03-23T06:58:33Z" finished-at="2020-03-23T06:58:33Z">
          <reporter-output>
          </reporter-output>
        </test-method> <!-- tearDown -->
        <test-method status="PASS" signature="setUp()[pri:0, instance:com.crm.qa.testcases.LogActivityTest@50de0926]" name="setUp" is-config="true" duration-ms="7971" started-at="2020-03-23T06:58:33Z" finished-at="2020-03-23T06:58:41Z">
          <reporter-output>
          </reporter-output>
        </test-method> <!-- setUp -->
        <test-method status="PASS" signature="reachedwithBusinessLead_SchedulePhoneCall(java.lang.String)[pri:0, instance:com.crm.qa.testcases.LogActivityTest@50de0926]" name="reachedwithBusinessLead_SchedulePhoneCall" duration-ms="100832" started-at="2020-03-23T06:58:41Z" data-provider="multipleUsers" finished-at="2020-03-23T07:00:22Z">
          <params>
            <param index="0">
              <value>
                <![CDATA[0050R000000XRHYQA4]]>
              </value>
            </param>
          </params>
          <reporter-output>
          </reporter-output>
        </test-method> <!-- reachedwithBusinessLead_SchedulePhoneCall -->
        <test-method status="PASS" signature="tearDown()[pri:0, instance:com.crm.qa.testcases.LogActivityTest@50de0926]" name="tearDown" is-config="true" duration-ms="734" started-at="2020-03-23T07:00:22Z" finished-at="2020-03-23T07:00:23Z">
          <reporter-output>
          </reporter-output>
        </test-method> <!-- tearDown -->
        <test-method status="PASS" signature="setUp()[pri:0, instance:com.crm.qa.testcases.LogActivityTest@50de0926]" name="setUp" is-config="true" duration-ms="7845" started-at="2020-03-23T07:00:23Z" finished-at="2020-03-23T07:00:31Z">
          <reporter-output>
          </reporter-output>
        </test-method> <!-- setUp -->
        <test-method status="PASS" signature="reachedwithBusinessLead_ScheduleTodo(java.lang.String)[pri:0, instance:com.crm.qa.testcases.LogActivityTest@50de0926]" name="reachedwithBusinessLead_ScheduleTodo" duration-ms="96128" started-at="2020-03-23T07:00:31Z" data-provider="multipleUsers" finished-at="2020-03-23T07:02:07Z">
          <params>
            <param index="0">
              <value>
                <![CDATA[0050R000000XRFmQAO]]>
              </value>
            </param>
          </params>
          <reporter-output>
          </reporter-output>
        </test-method> <!-- reachedwithBusinessLead_ScheduleTodo -->
        <test-method status="PASS" signature="tearDown()[pri:0, instance:com.crm.qa.testcases.LogActivityTest@50de0926]" name="tearDown" is-config="true" duration-ms="763" started-at="2020-03-23T07:02:07Z" finished-at="2020-03-23T07:02:08Z">
          <reporter-output>
          </reporter-output>
        </test-method> <!-- tearDown -->
        <test-method status="PASS" signature="setUp()[pri:0, instance:com.crm.qa.testcases.LogActivityTest@50de0926]" name="setUp" is-config="true" duration-ms="7979" started-at="2020-03-23T07:02:08Z" finished-at="2020-03-23T07:02:16Z">
          <reporter-output>
          </reporter-output>
        </test-method> <!-- setUp -->
        <test-method status="PASS" signature="reachedwithBusinessLead_ScheduleTodo(java.lang.String)[pri:0, instance:com.crm.qa.testcases.LogActivityTest@50de0926]" name="reachedwithBusinessLead_ScheduleTodo" duration-ms="109849" started-at="2020-03-23T07:02:16Z" data-provider="multipleUsers" finished-at="2020-03-23T07:04:06Z">
          <params>
            <param index="0">
              <value>
                <![CDATA[0050R000000XRHYQA4]]>
              </value>
            </param>
          </params>
          <reporter-output>
          </reporter-output>
        </test-method> <!-- reachedwithBusinessLead_ScheduleTodo -->
        <test-method status="PASS" signature="tearDown()[pri:0, instance:com.crm.qa.testcases.LogActivityTest@50de0926]" name="tearDown" is-config="true" duration-ms="743" started-at="2020-03-23T07:04:06Z" finished-at="2020-03-23T07:04:06Z">
          <reporter-output>
          </reporter-output>
        </test-method> <!-- tearDown -->
        <test-method status="PASS" signature="setUp()[pri:0, instance:com.crm.qa.testcases.LogActivityTest@50de0926]" name="setUp" is-config="true" duration-ms="9089" started-at="2020-03-23T07:04:06Z" finished-at="2020-03-23T07:04:15Z">
          <reporter-output>
          </reporter-output>
        </test-method> <!-- setUp -->
        <test-method status="PASS" signature="reachedwithBusinessLead_ScheduleMeeting(java.lang.String)[pri:0, instance:com.crm.qa.testcases.LogActivityTest@50de0926]" name="reachedwithBusinessLead_ScheduleMeeting" duration-ms="94381" started-at="2020-03-23T07:04:15Z" data-provider="multipleUsers" finished-at="2020-03-23T07:05:50Z">
          <params>
            <param index="0">
              <value>
                <![CDATA[0050R000000XRFmQAO]]>
              </value>
            </param>
          </params>
          <reporter-output>
          </reporter-output>
        </test-method> <!-- reachedwithBusinessLead_ScheduleMeeting -->
        <test-method status="PASS" signature="tearDown()[pri:0, instance:com.crm.qa.testcases.LogActivityTest@50de0926]" name="tearDown" is-config="true" duration-ms="733" started-at="2020-03-23T07:05:50Z" finished-at="2020-03-23T07:05:50Z">
          <reporter-output>
          </reporter-output>
        </test-method> <!-- tearDown -->
        <test-method status="PASS" signature="setUp()[pri:0, instance:com.crm.qa.testcases.LogActivityTest@50de0926]" name="setUp" is-config="true" duration-ms="8324" started-at="2020-03-23T07:05:50Z" finished-at="2020-03-23T07:05:59Z">
          <reporter-output>
          </reporter-output>
        </test-method> <!-- setUp -->
        <test-method status="PASS" signature="reachedwithBusinessLead_ScheduleMeeting(java.lang.String)[pri:0, instance:com.crm.qa.testcases.LogActivityTest@50de0926]" name="reachedwithBusinessLead_ScheduleMeeting" duration-ms="104833" started-at="2020-03-23T07:05:59Z" data-provider="multipleUsers" finished-at="2020-03-23T07:07:44Z">
          <params>
            <param index="0">
              <value>
                <![CDATA[0050R000000XRHYQA4]]>
              </value>
            </param>
          </params>
          <reporter-output>
          </reporter-output>
        </test-method> <!-- reachedwithBusinessLead_ScheduleMeeting -->
        <test-method status="PASS" signature="tearDown()[pri:0, instance:com.crm.qa.testcases.LogActivityTest@50de0926]" name="tearDown" is-config="true" duration-ms="741" started-at="2020-03-23T07:07:44Z" finished-at="2020-03-23T07:07:44Z">
          <reporter-output>
          </reporter-output>
        </test-method> <!-- tearDown -->
        <test-method status="PASS" signature="setUp()[pri:0, instance:com.crm.qa.testcases.LogActivityTest@50de0926]" name="setUp" is-config="true" duration-ms="8380" started-at="2020-03-23T07:07:44Z" finished-at="2020-03-23T07:07:53Z">
          <reporter-output>
          </reporter-output>
        </test-method> <!-- setUp -->
        <test-method status="PASS" signature="UnplannedMeetingWithExistingMeeting(java.lang.String)[pri:0, instance:com.crm.qa.testcases.LogActivityTest@50de0926]" name="UnplannedMeetingWithExistingMeeting" duration-ms="95235" started-at="2020-03-23T07:07:53Z" data-provider="multipleUsers" finished-at="2020-03-23T07:09:28Z">
          <params>
            <param index="0">
              <value>
                <![CDATA[0050R000000XRFmQAO]]>
              </value>
            </param>
          </params>
          <reporter-output>
          </reporter-output>
        </test-method> <!-- UnplannedMeetingWithExistingMeeting -->
        <test-method status="PASS" signature="tearDown()[pri:0, instance:com.crm.qa.testcases.LogActivityTest@50de0926]" name="tearDown" is-config="true" duration-ms="745" started-at="2020-03-23T07:09:28Z" finished-at="2020-03-23T07:09:29Z">
          <reporter-output>
          </reporter-output>
        </test-method> <!-- tearDown -->
        <test-method status="PASS" signature="setUp()[pri:0, instance:com.crm.qa.testcases.LogActivityTest@50de0926]" name="setUp" is-config="true" duration-ms="8189" started-at="2020-03-23T07:09:29Z" finished-at="2020-03-23T07:09:37Z">
          <reporter-output>
          </reporter-output>
        </test-method> <!-- setUp -->
        <test-method status="PASS" signature="UnplannedMeetingWithExistingMeeting(java.lang.String)[pri:0, instance:com.crm.qa.testcases.LogActivityTest@50de0926]" name="UnplannedMeetingWithExistingMeeting" duration-ms="115123" started-at="2020-03-23T07:09:37Z" data-provider="multipleUsers" finished-at="2020-03-23T07:11:32Z">
          <params>
            <param index="0">
              <value>
                <![CDATA[0050R000000XRHYQA4]]>
              </value>
            </param>
          </params>
          <reporter-output>
          </reporter-output>
        </test-method> <!-- UnplannedMeetingWithExistingMeeting -->
        <test-method status="PASS" signature="tearDown()[pri:0, instance:com.crm.qa.testcases.LogActivityTest@50de0926]" name="tearDown" is-config="true" duration-ms="742" started-at="2020-03-23T07:11:32Z" finished-at="2020-03-23T07:11:33Z">
          <reporter-output>
          </reporter-output>
        </test-method> <!-- tearDown -->
        <test-method status="PASS" signature="setUp()[pri:0, instance:com.crm.qa.testcases.LogActivityTest@50de0926]" name="setUp" is-config="true" duration-ms="9080" started-at="2020-03-23T07:11:33Z" finished-at="2020-03-23T07:11:42Z">
          <reporter-output>
          </reporter-output>
        </test-method> <!-- setUp -->
        <test-method status="PASS" signature="meeting_CompleteFlow(java.lang.String)[pri:0, instance:com.crm.qa.testcases.LogActivityTest@50de0926]" name="meeting_CompleteFlow" duration-ms="72191" started-at="2020-03-23T07:11:42Z" data-provider="Imran" finished-at="2020-03-23T07:12:54Z">
          <params>
            <param index="0">
              <value>
                <![CDATA[0050R0000032jRGQAY]]>
              </value>
            </param>
          </params>
          <reporter-output>
          </reporter-output>
        </test-method> <!-- meeting_CompleteFlow -->
        <test-method status="PASS" signature="tearDown()[pri:0, instance:com.crm.qa.testcases.LogActivityTest@50de0926]" name="tearDown" is-config="true" duration-ms="724" started-at="2020-03-23T07:12:54Z" finished-at="2020-03-23T07:12:55Z">
          <reporter-output>
          </reporter-output>
        </test-method> <!-- tearDown -->
        <test-method status="PASS" signature="setUp()[pri:0, instance:com.crm.qa.testcases.LogActivityTest@50de0926]" name="setUp" is-config="true" duration-ms="8288" started-at="2020-03-23T07:12:55Z" finished-at="2020-03-23T07:13:03Z">
          <reporter-output>
          </reporter-output>
        </test-method> <!-- setUp -->
        <test-method status="PASS" signature="AddSpouseandLogaCallPrimary(java.lang.String)[pri:0, instance:com.crm.qa.testcases.LogActivityTest@50de0926]" name="AddSpouseandLogaCallPrimary" duration-ms="110750" started-at="2020-03-23T07:13:03Z" data-provider="multipleUsers" finished-at="2020-03-23T07:14:54Z">
          <params>
            <param index="0">
              <value>
                <![CDATA[0050R000000XRFmQAO]]>
              </value>
            </param>
          </params>
          <reporter-output>
          </reporter-output>
        </test-method> <!-- AddSpouseandLogaCallPrimary -->
        <test-method status="PASS" signature="tearDown()[pri:0, instance:com.crm.qa.testcases.LogActivityTest@50de0926]" name="tearDown" is-config="true" duration-ms="809" started-at="2020-03-23T07:14:54Z" finished-at="2020-03-23T07:14:55Z">
          <reporter-output>
          </reporter-output>
        </test-method> <!-- tearDown -->
        <test-method status="PASS" signature="setUp()[pri:0, instance:com.crm.qa.testcases.LogActivityTest@50de0926]" name="setUp" is-config="true" duration-ms="8126" started-at="2020-03-23T07:14:55Z" finished-at="2020-03-23T07:15:03Z">
          <reporter-output>
          </reporter-output>
        </test-method> <!-- setUp -->
        <test-method status="PASS" signature="AddSpouseandLogaCallPrimary(java.lang.String)[pri:0, instance:com.crm.qa.testcases.LogActivityTest@50de0926]" name="AddSpouseandLogaCallPrimary" duration-ms="114142" started-at="2020-03-23T07:15:03Z" data-provider="multipleUsers" finished-at="2020-03-23T07:16:57Z">
          <params>
            <param index="0">
              <value>
                <![CDATA[0050R000000XRHYQA4]]>
              </value>
            </param>
          </params>
          <reporter-output>
          </reporter-output>
        </test-method> <!-- AddSpouseandLogaCallPrimary -->
        <test-method status="PASS" signature="tearDown()[pri:0, instance:com.crm.qa.testcases.LogActivityTest@50de0926]" name="tearDown" is-config="true" duration-ms="809" started-at="2020-03-23T07:16:57Z" finished-at="2020-03-23T07:16:58Z">
          <reporter-output>
          </reporter-output>
        </test-method> <!-- tearDown -->
        <test-method status="PASS" signature="setUp()[pri:0, instance:com.crm.qa.testcases.LogActivityTest@50de0926]" name="setUp" is-config="true" duration-ms="10150" started-at="2020-03-23T07:16:58Z" finished-at="2020-03-23T07:17:08Z">
          <reporter-output>
          </reporter-output>
        </test-method> <!-- setUp -->
        <test-method status="PASS" signature="LogaCallwithSpouse_ValidateAtPrimary(java.lang.String)[pri:0, instance:com.crm.qa.testcases.LogActivityTest@50de0926]" name="LogaCallwithSpouse_ValidateAtPrimary" duration-ms="158616" started-at="2020-03-23T07:17:08Z" data-provider="multipleUsers" finished-at="2020-03-23T07:19:46Z">
          <params>
            <param index="0">
              <value>
                <![CDATA[0050R000000XRFmQAO]]>
              </value>
            </param>
          </params>
          <reporter-output>
          </reporter-output>
        </test-method> <!-- LogaCallwithSpouse_ValidateAtPrimary -->
        <test-method status="PASS" signature="tearDown()[pri:0, instance:com.crm.qa.testcases.LogActivityTest@50de0926]" name="tearDown" is-config="true" duration-ms="856" started-at="2020-03-23T07:19:46Z" finished-at="2020-03-23T07:19:47Z">
          <reporter-output>
          </reporter-output>
        </test-method> <!-- tearDown -->
        <test-method status="PASS" signature="setUp()[pri:0, instance:com.crm.qa.testcases.LogActivityTest@50de0926]" name="setUp" is-config="true" duration-ms="8347" started-at="2020-03-23T07:19:47Z" finished-at="2020-03-23T07:19:56Z">
          <reporter-output>
          </reporter-output>
        </test-method> <!-- setUp -->
        <test-method status="PASS" signature="LogaCallwithSpouse_ValidateAtPrimary(java.lang.String)[pri:0, instance:com.crm.qa.testcases.LogActivityTest@50de0926]" name="LogaCallwithSpouse_ValidateAtPrimary" duration-ms="170298" started-at="2020-03-23T07:19:56Z" data-provider="multipleUsers" finished-at="2020-03-23T07:22:46Z">
          <params>
            <param index="0">
              <value>
                <![CDATA[0050R000000XRHYQA4]]>
              </value>
            </param>
          </params>
          <reporter-output>
          </reporter-output>
        </test-method> <!-- LogaCallwithSpouse_ValidateAtPrimary -->
        <test-method status="PASS" signature="tearDown()[pri:0, instance:com.crm.qa.testcases.LogActivityTest@50de0926]" name="tearDown" is-config="true" duration-ms="741" started-at="2020-03-23T07:22:46Z" finished-at="2020-03-23T07:22:47Z">
          <reporter-output>
          </reporter-output>
        </test-method> <!-- tearDown -->
        <test-method status="PASS" signature="setUp()[pri:0, instance:com.crm.qa.testcases.LogActivityTest@50de0926]" name="setUp" is-config="true" duration-ms="8117" started-at="2020-03-23T07:22:47Z" finished-at="2020-03-23T07:22:55Z">
          <reporter-output>
          </reporter-output>
        </test-method> <!-- setUp -->
        <test-method status="PASS" signature="UpdatePrimaryAccountdetails(java.lang.String)[pri:0, instance:com.crm.qa.testcases.LogActivityTest@50de0926]" name="UpdatePrimaryAccountdetails" duration-ms="83468" started-at="2020-03-23T07:22:55Z" data-provider="multipleUsers" finished-at="2020-03-23T07:24:18Z">
          <params>
            <param index="0">
              <value>
                <![CDATA[0050R000000XRFmQAO]]>
              </value>
            </param>
          </params>
          <reporter-output>
          </reporter-output>
        </test-method> <!-- UpdatePrimaryAccountdetails -->
        <test-method status="PASS" signature="tearDown()[pri:0, instance:com.crm.qa.testcases.LogActivityTest@50de0926]" name="tearDown" is-config="true" duration-ms="736" started-at="2020-03-23T07:24:18Z" finished-at="2020-03-23T07:24:19Z">
          <reporter-output>
          </reporter-output>
        </test-method> <!-- tearDown -->
        <test-method status="PASS" signature="setUp()[pri:0, instance:com.crm.qa.testcases.LogActivityTest@50de0926]" name="setUp" is-config="true" duration-ms="8253" started-at="2020-03-23T07:24:19Z" finished-at="2020-03-23T07:24:27Z">
          <reporter-output>
          </reporter-output>
        </test-method> <!-- setUp -->
        <test-method status="PASS" signature="UpdatePrimaryAccountdetails(java.lang.String)[pri:0, instance:com.crm.qa.testcases.LogActivityTest@50de0926]" name="UpdatePrimaryAccountdetails" duration-ms="79158" started-at="2020-03-23T07:24:27Z" data-provider="multipleUsers" finished-at="2020-03-23T07:25:46Z">
          <params>
            <param index="0">
              <value>
                <![CDATA[0050R000000XRHYQA4]]>
              </value>
            </param>
          </params>
          <reporter-output>
          </reporter-output>
        </test-method> <!-- UpdatePrimaryAccountdetails -->
        <test-method status="PASS" signature="tearDown()[pri:0, instance:com.crm.qa.testcases.LogActivityTest@50de0926]" name="tearDown" is-config="true" duration-ms="755" started-at="2020-03-23T07:25:46Z" finished-at="2020-03-23T07:25:47Z">
          <reporter-output>
          </reporter-output>
        </test-method> <!-- tearDown -->
        <test-method status="PASS" signature="setUp()[pri:0, instance:com.crm.qa.testcases.LogActivityTest@50de0926]" name="setUp" is-config="true" duration-ms="14173" started-at="2020-03-23T07:25:47Z" finished-at="2020-03-23T07:26:01Z">
          <reporter-output>
          </reporter-output>
        </test-method> <!-- setUp -->
        <test-method status="PASS" signature="UpdateSpouseAccountdetails(java.lang.String)[pri:0, instance:com.crm.qa.testcases.LogActivityTest@50de0926]" name="UpdateSpouseAccountdetails" duration-ms="112891" started-at="2020-03-23T07:26:01Z" data-provider="multipleUsers" finished-at="2020-03-23T07:27:54Z">
          <params>
            <param index="0">
              <value>
                <![CDATA[0050R000000XRFmQAO]]>
              </value>
            </param>
          </params>
          <reporter-output>
          </reporter-output>
        </test-method> <!-- UpdateSpouseAccountdetails -->
        <test-method status="PASS" signature="tearDown()[pri:0, instance:com.crm.qa.testcases.LogActivityTest@50de0926]" name="tearDown" is-config="true" duration-ms="836" started-at="2020-03-23T07:27:54Z" finished-at="2020-03-23T07:27:55Z">
          <reporter-output>
          </reporter-output>
        </test-method> <!-- tearDown -->
        <test-method status="PASS" signature="setUp()[pri:0, instance:com.crm.qa.testcases.LogActivityTest@50de0926]" name="setUp" is-config="true" duration-ms="8491" started-at="2020-03-23T07:27:55Z" finished-at="2020-03-23T07:28:04Z">
          <reporter-output>
          </reporter-output>
        </test-method> <!-- setUp -->
        <test-method status="PASS" signature="UpdateSpouseAccountdetails(java.lang.String)[pri:0, instance:com.crm.qa.testcases.LogActivityTest@50de0926]" name="UpdateSpouseAccountdetails" duration-ms="119802" started-at="2020-03-23T07:28:04Z" data-provider="multipleUsers" finished-at="2020-03-23T07:30:03Z">
          <params>
            <param index="0">
              <value>
                <![CDATA[0050R000000XRHYQA4]]>
              </value>
            </param>
          </params>
          <reporter-output>
          </reporter-output>
        </test-method> <!-- UpdateSpouseAccountdetails -->
        <test-method status="PASS" signature="tearDown()[pri:0, instance:com.crm.qa.testcases.LogActivityTest@50de0926]" name="tearDown" is-config="true" duration-ms="783" started-at="2020-03-23T07:30:03Z" finished-at="2020-03-23T07:30:04Z">
          <reporter-output>
          </reporter-output>
        </test-method> <!-- tearDown -->
        <test-method status="PASS" signature="setUp()[pri:0, instance:com.crm.qa.testcases.LogActivityTest@50de0926]" name="setUp" is-config="true" duration-ms="9222" started-at="2020-03-23T07:30:04Z" finished-at="2020-03-23T07:30:13Z">
          <reporter-output>
          </reporter-output>
        </test-method> <!-- setUp -->
        <test-method status="PASS" signature="nolead_Reached_createBranchOpportunity(java.lang.String)[pri:0, instance:com.crm.qa.testcases.LogActivityTest@50de0926]" name="nolead_Reached_createBranchOpportunity" duration-ms="78683" started-at="2020-03-23T07:30:13Z" data-provider="multipleUsers" finished-at="2020-03-23T07:31:32Z">
          <params>
            <param index="0">
              <value>
                <![CDATA[0050R000000XRFmQAO]]>
              </value>
            </param>
          </params>
          <reporter-output>
          </reporter-output>
        </test-method> <!-- nolead_Reached_createBranchOpportunity -->
        <test-method status="PASS" signature="tearDown()[pri:0, instance:com.crm.qa.testcases.LogActivityTest@50de0926]" name="tearDown" is-config="true" duration-ms="737" started-at="2020-03-23T07:31:32Z" finished-at="2020-03-23T07:31:33Z">
          <reporter-output>
          </reporter-output>
        </test-method> <!-- tearDown -->
        <test-method status="PASS" signature="setUp()[pri:0, instance:com.crm.qa.testcases.LogActivityTest@50de0926]" name="setUp" is-config="true" duration-ms="8143" started-at="2020-03-23T07:31:33Z" finished-at="2020-03-23T07:31:41Z">
          <reporter-output>
          </reporter-output>
        </test-method> <!-- setUp -->
        <test-method status="PASS" signature="nolead_Reached_createBranchOpportunity(java.lang.String)[pri:0, instance:com.crm.qa.testcases.LogActivityTest@50de0926]" name="nolead_Reached_createBranchOpportunity" duration-ms="85288" started-at="2020-03-23T07:31:41Z" data-provider="multipleUsers" finished-at="2020-03-23T07:33:06Z">
          <params>
            <param index="0">
              <value>
                <![CDATA[0050R000000XRHYQA4]]>
              </value>
            </param>
          </params>
          <reporter-output>
          </reporter-output>
        </test-method> <!-- nolead_Reached_createBranchOpportunity -->
        <test-method status="PASS" signature="tearDown()[pri:0, instance:com.crm.qa.testcases.LogActivityTest@50de0926]" name="tearDown" is-config="true" duration-ms="751" started-at="2020-03-23T07:33:06Z" finished-at="2020-03-23T07:33:07Z">
          <reporter-output>
          </reporter-output>
        </test-method> <!-- tearDown -->
        <test-method status="PASS" signature="setUp()[pri:0, instance:com.crm.qa.testcases.LogActivityTest@50de0926]" name="setUp" is-config="true" duration-ms="7997" started-at="2020-03-23T07:33:07Z" finished-at="2020-03-23T07:33:15Z">
          <reporter-output>
          </reporter-output>
        </test-method> <!-- setUp -->
        <test-method status="PASS" signature="validateFinancialDataForSponsoredClient(java.lang.String)[pri:0, instance:com.crm.qa.testcases.LogActivityTest@50de0926]" name="validateFinancialDataForSponsoredClient" duration-ms="85435" started-at="2020-03-23T07:33:15Z" data-provider="Robert" finished-at="2020-03-23T07:34:40Z">
          <params>
            <param index="0">
              <value>
                <![CDATA[0050R000000XRHYQA4]]>
              </value>
            </param>
          </params>
          <reporter-output>
          </reporter-output>
        </test-method> <!-- validateFinancialDataForSponsoredClient -->
        <test-method status="PASS" signature="tearDown()[pri:0, instance:com.crm.qa.testcases.LogActivityTest@50de0926]" name="tearDown" is-config="true" duration-ms="753" started-at="2020-03-23T07:34:40Z" finished-at="2020-03-23T07:34:41Z">
          <reporter-output>
          </reporter-output>
        </test-method> <!-- tearDown -->
        <test-method status="PASS" signature="setUp()[pri:0, instance:com.crm.qa.testcases.LogActivityTest@50de0926]" name="setUp" is-config="true" duration-ms="8408" started-at="2020-03-23T07:34:41Z" finished-at="2020-03-23T07:34:50Z">
          <reporter-output>
          </reporter-output>
        </test-method> <!-- setUp -->
        <test-method status="PASS" signature="validateEmail(java.lang.String)[pri:0, instance:com.crm.qa.testcases.LogActivityTest@50de0926]" name="validateEmail" duration-ms="44615" started-at="2020-03-23T07:34:50Z" data-provider="multipleUsers" finished-at="2020-03-23T07:35:34Z">
          <params>
            <param index="0">
              <value>
                <![CDATA[0050R000000XRFmQAO]]>
              </value>
            </param>
          </params>
          <reporter-output>
          </reporter-output>
        </test-method> <!-- validateEmail -->
        <test-method status="PASS" signature="tearDown()[pri:0, instance:com.crm.qa.testcases.LogActivityTest@50de0926]" name="tearDown" is-config="true" duration-ms="736" started-at="2020-03-23T07:35:34Z" finished-at="2020-03-23T07:35:35Z">
          <reporter-output>
          </reporter-output>
        </test-method> <!-- tearDown -->
        <test-method status="PASS" signature="setUp()[pri:0, instance:com.crm.qa.testcases.LogActivityTest@50de0926]" name="setUp" is-config="true" duration-ms="8494" started-at="2020-03-23T07:35:35Z" finished-at="2020-03-23T07:35:43Z">
          <reporter-output>
          </reporter-output>
        </test-method> <!-- setUp -->
        <test-method status="PASS" signature="validateEmail(java.lang.String)[pri:0, instance:com.crm.qa.testcases.LogActivityTest@50de0926]" name="validateEmail" duration-ms="53449" started-at="2020-03-23T07:35:43Z" data-provider="multipleUsers" finished-at="2020-03-23T07:36:37Z">
          <params>
            <param index="0">
              <value>
                <![CDATA[0050R000000XRHYQA4]]>
              </value>
            </param>
          </params>
          <reporter-output>
          </reporter-output>
        </test-method> <!-- validateEmail -->
        <test-method status="PASS" signature="tearDown()[pri:0, instance:com.crm.qa.testcases.LogActivityTest@50de0926]" name="tearDown" is-config="true" duration-ms="768" started-at="2020-03-23T07:36:37Z" finished-at="2020-03-23T07:36:38Z">
          <reporter-output>
          </reporter-output>
        </test-method> <!-- tearDown -->
      </class> <!-- com.crm.qa.testcases.LogActivityTest -->
    </test> <!-- Log a Call Test Scenarios -->
    <test name="Branch Opportunity Test Scenarios" duration-ms="2442986" started-at="2020-03-23T14:36:38Z" finished-at="2020-03-23T15:17:21Z">
      <class name="com.crm.qa.testcases.BranchOpportunityTest">
        <test-method status="PASS" signature="setUp()[pri:0, instance:com.crm.qa.testcases.BranchOpportunityTest@4e4aea35]" name="setUp" is-config="true" duration-ms="7769" started-at="2020-03-23T07:36:38Z" finished-at="2020-03-23T07:36:46Z">
          <reporter-output>
          </reporter-output>
        </test-method> <!-- setUp -->
        <test-method status="PASS" signature="opttyClosedLost_viaAPI(java.lang.String)[pri:0, instance:com.crm.qa.testcases.BranchOpportunityTest@4e4aea35]" name="opttyClosedLost_viaAPI" duration-ms="103566" started-at="2020-03-23T07:36:46Z" data-provider="multipleUsers" finished-at="2020-03-23T07:38:29Z">
          <params>
            <param index="0">
              <value>
                <![CDATA[0050R000000XRFmQAO]]>
              </value>
            </param>
          </params>
          <reporter-output>
          </reporter-output>
        </test-method> <!-- opttyClosedLost_viaAPI -->
        <test-method status="PASS" signature="tearDown()[pri:0, instance:com.crm.qa.testcases.BranchOpportunityTest@4e4aea35]" name="tearDown" is-config="true" duration-ms="776" started-at="2020-03-23T07:38:29Z" finished-at="2020-03-23T07:38:30Z">
          <reporter-output>
          </reporter-output>
        </test-method> <!-- tearDown -->
        <test-method status="PASS" signature="setUp()[pri:0, instance:com.crm.qa.testcases.BranchOpportunityTest@4e4aea35]" name="setUp" is-config="true" duration-ms="6364" started-at="2020-03-23T07:38:30Z" finished-at="2020-03-23T07:38:37Z">
          <reporter-output>
          </reporter-output>
        </test-method> <!-- setUp -->
        <test-method status="PASS" signature="opttyClosedLost_viaAPI(java.lang.String)[pri:0, instance:com.crm.qa.testcases.BranchOpportunityTest@4e4aea35]" name="opttyClosedLost_viaAPI" duration-ms="97389" started-at="2020-03-23T07:38:37Z" data-provider="multipleUsers" finished-at="2020-03-23T07:40:14Z">
          <params>
            <param index="0">
              <value>
                <![CDATA[0050R000000XRHYQA4]]>
              </value>
            </param>
          </params>
          <reporter-output>
          </reporter-output>
        </test-method> <!-- opttyClosedLost_viaAPI -->
        <test-method status="PASS" signature="tearDown()[pri:0, instance:com.crm.qa.testcases.BranchOpportunityTest@4e4aea35]" name="tearDown" is-config="true" duration-ms="752" started-at="2020-03-23T07:40:14Z" finished-at="2020-03-23T07:40:15Z">
          <reporter-output>
          </reporter-output>
        </test-method> <!-- tearDown -->
        <test-method status="PASS" signature="setUp()[pri:0, instance:com.crm.qa.testcases.BranchOpportunityTest@4e4aea35]" name="setUp" is-config="true" duration-ms="6182" started-at="2020-03-23T07:40:15Z" finished-at="2020-03-23T07:40:21Z">
          <reporter-output>
          </reporter-output>
        </test-method> <!-- setUp -->
        <test-method status="PASS" signature="moveStageStatusManually(java.lang.String)[pri:0, instance:com.crm.qa.testcases.BranchOpportunityTest@4e4aea35]" name="moveStageStatusManually" duration-ms="81600" started-at="2020-03-23T07:40:21Z" data-provider="multipleUsers" finished-at="2020-03-23T07:41:42Z">
          <params>
            <param index="0">
              <value>
                <![CDATA[0050R000000XRFmQAO]]>
              </value>
            </param>
          </params>
          <reporter-output>
          </reporter-output>
        </test-method> <!-- moveStageStatusManually -->
        <test-method status="PASS" signature="tearDown()[pri:0, instance:com.crm.qa.testcases.BranchOpportunityTest@4e4aea35]" name="tearDown" is-config="true" duration-ms="801" started-at="2020-03-23T07:41:42Z" finished-at="2020-03-23T07:41:43Z">
          <reporter-output>
          </reporter-output>
        </test-method> <!-- tearDown -->
        <test-method status="PASS" signature="setUp()[pri:0, instance:com.crm.qa.testcases.BranchOpportunityTest@4e4aea35]" name="setUp" is-config="true" duration-ms="7034" started-at="2020-03-23T07:41:43Z" finished-at="2020-03-23T07:41:50Z">
          <reporter-output>
          </reporter-output>
        </test-method> <!-- setUp -->
        <test-method status="PASS" signature="moveStageStatusManually(java.lang.String)[pri:0, instance:com.crm.qa.testcases.BranchOpportunityTest@4e4aea35]" name="moveStageStatusManually" duration-ms="82656" started-at="2020-03-23T07:41:50Z" data-provider="multipleUsers" finished-at="2020-03-23T07:43:13Z">
          <params>
            <param index="0">
              <value>
                <![CDATA[0050R000000XRHYQA4]]>
              </value>
            </param>
          </params>
          <reporter-output>
          </reporter-output>
        </test-method> <!-- moveStageStatusManually -->
        <test-method status="PASS" signature="tearDown()[pri:0, instance:com.crm.qa.testcases.BranchOpportunityTest@4e4aea35]" name="tearDown" is-config="true" duration-ms="755" started-at="2020-03-23T07:43:13Z" finished-at="2020-03-23T07:43:14Z">
          <reporter-output>
          </reporter-output>
        </test-method> <!-- tearDown -->
        <test-method status="PASS" signature="setUp()[pri:0, instance:com.crm.qa.testcases.BranchOpportunityTest@4e4aea35]" name="setUp" is-config="true" duration-ms="5897" started-at="2020-03-23T07:43:14Z" finished-at="2020-03-23T07:43:20Z">
          <reporter-output>
          </reporter-output>
        </test-method> <!-- setUp -->
        <test-method status="PASS" signature="logacall_notReached_Optty(java.lang.String)[pri:0, instance:com.crm.qa.testcases.BranchOpportunityTest@4e4aea35]" name="logacall_notReached_Optty" duration-ms="87456" started-at="2020-03-23T07:43:20Z" data-provider="multipleUsers" finished-at="2020-03-23T07:44:47Z">
          <params>
            <param index="0">
              <value>
                <![CDATA[0050R000000XRFmQAO]]>
              </value>
            </param>
          </params>
          <reporter-output>
          </reporter-output>
        </test-method> <!-- logacall_notReached_Optty -->
        <test-method status="PASS" signature="tearDown()[pri:0, instance:com.crm.qa.testcases.BranchOpportunityTest@4e4aea35]" name="tearDown" is-config="true" duration-ms="734" started-at="2020-03-23T07:44:47Z" finished-at="2020-03-23T07:44:48Z">
          <reporter-output>
          </reporter-output>
        </test-method> <!-- tearDown -->
        <test-method status="PASS" signature="setUp()[pri:0, instance:com.crm.qa.testcases.BranchOpportunityTest@4e4aea35]" name="setUp" is-config="true" duration-ms="7119" started-at="2020-03-23T07:44:48Z" finished-at="2020-03-23T07:44:55Z">
          <reporter-output>
          </reporter-output>
        </test-method> <!-- setUp -->
        <test-method status="PASS" signature="logacall_notReached_Optty(java.lang.String)[pri:0, instance:com.crm.qa.testcases.BranchOpportunityTest@4e4aea35]" name="logacall_notReached_Optty" duration-ms="107297" started-at="2020-03-23T07:44:55Z" data-provider="multipleUsers" finished-at="2020-03-23T07:46:42Z">
          <params>
            <param index="0">
              <value>
                <![CDATA[0050R000000XRHYQA4]]>
              </value>
            </param>
          </params>
          <reporter-output>
          </reporter-output>
        </test-method> <!-- logacall_notReached_Optty -->
        <test-method status="PASS" signature="tearDown()[pri:0, instance:com.crm.qa.testcases.BranchOpportunityTest@4e4aea35]" name="tearDown" is-config="true" duration-ms="813" started-at="2020-03-23T07:46:42Z" finished-at="2020-03-23T07:46:43Z">
          <reporter-output>
          </reporter-output>
        </test-method> <!-- tearDown -->
        <test-method status="PASS" signature="setUp()[pri:0, instance:com.crm.qa.testcases.BranchOpportunityTest@4e4aea35]" name="setUp" is-config="true" duration-ms="5986" started-at="2020-03-23T07:46:43Z" finished-at="2020-03-23T07:46:49Z">
          <reporter-output>
          </reporter-output>
        </test-method> <!-- setUp -->
        <test-method status="PASS" signature="logacall_Reached_Optty(java.lang.String)[pri:0, instance:com.crm.qa.testcases.BranchOpportunityTest@4e4aea35]" name="logacall_Reached_Optty" duration-ms="87199" started-at="2020-03-23T07:46:49Z" data-provider="multipleUsers" finished-at="2020-03-23T07:48:16Z">
          <params>
            <param index="0">
              <value>
                <![CDATA[0050R000000XRFmQAO]]>
              </value>
            </param>
          </params>
          <reporter-output>
          </reporter-output>
        </test-method> <!-- logacall_Reached_Optty -->
        <test-method status="PASS" signature="tearDown()[pri:0, instance:com.crm.qa.testcases.BranchOpportunityTest@4e4aea35]" name="tearDown" is-config="true" duration-ms="775" started-at="2020-03-23T07:48:16Z" finished-at="2020-03-23T07:48:17Z">
          <reporter-output>
          </reporter-output>
        </test-method> <!-- tearDown -->
        <test-method status="PASS" signature="setUp()[pri:0, instance:com.crm.qa.testcases.BranchOpportunityTest@4e4aea35]" name="setUp" is-config="true" duration-ms="6007" started-at="2020-03-23T07:48:17Z" finished-at="2020-03-23T07:48:23Z">
          <reporter-output>
          </reporter-output>
        </test-method> <!-- setUp -->
        <test-method status="PASS" signature="logacall_Reached_Optty(java.lang.String)[pri:0, instance:com.crm.qa.testcases.BranchOpportunityTest@4e4aea35]" name="logacall_Reached_Optty" duration-ms="106215" started-at="2020-03-23T07:48:23Z" data-provider="multipleUsers" finished-at="2020-03-23T07:50:09Z">
          <params>
            <param index="0">
              <value>
                <![CDATA[0050R000000XRHYQA4]]>
              </value>
            </param>
          </params>
          <reporter-output>
          </reporter-output>
        </test-method> <!-- logacall_Reached_Optty -->
        <test-method status="PASS" signature="tearDown()[pri:0, instance:com.crm.qa.testcases.BranchOpportunityTest@4e4aea35]" name="tearDown" is-config="true" duration-ms="746" started-at="2020-03-23T07:50:09Z" finished-at="2020-03-23T07:50:10Z">
          <reporter-output>
          </reporter-output>
        </test-method> <!-- tearDown -->
        <test-method status="PASS" signature="setUp()[pri:0, instance:com.crm.qa.testcases.BranchOpportunityTest@4e4aea35]" name="setUp" is-config="true" duration-ms="7004" started-at="2020-03-23T07:50:10Z" finished-at="2020-03-23T07:50:17Z">
          <reporter-output>
          </reporter-output>
        </test-method> <!-- setUp -->
        <test-method status="PASS" signature="logacall_Reached_StageClosedLost(java.lang.String)[pri:0, instance:com.crm.qa.testcases.BranchOpportunityTest@4e4aea35]" name="logacall_Reached_StageClosedLost" duration-ms="100110" started-at="2020-03-23T07:50:17Z" data-provider="multipleUsers" finished-at="2020-03-23T07:51:57Z">
          <params>
            <param index="0">
              <value>
                <![CDATA[0050R000000XRFmQAO]]>
              </value>
            </param>
          </params>
          <reporter-output>
          </reporter-output>
        </test-method> <!-- logacall_Reached_StageClosedLost -->
        <test-method status="PASS" signature="tearDown()[pri:0, instance:com.crm.qa.testcases.BranchOpportunityTest@4e4aea35]" name="tearDown" is-config="true" duration-ms="732" started-at="2020-03-23T07:51:57Z" finished-at="2020-03-23T07:51:58Z">
          <reporter-output>
          </reporter-output>
        </test-method> <!-- tearDown -->
        <test-method status="PASS" signature="setUp()[pri:0, instance:com.crm.qa.testcases.BranchOpportunityTest@4e4aea35]" name="setUp" is-config="true" duration-ms="5954" started-at="2020-03-23T07:51:58Z" finished-at="2020-03-23T07:52:04Z">
          <reporter-output>
          </reporter-output>
        </test-method> <!-- setUp -->
        <test-method status="PASS" signature="logacall_Reached_StageClosedLost(java.lang.String)[pri:0, instance:com.crm.qa.testcases.BranchOpportunityTest@4e4aea35]" name="logacall_Reached_StageClosedLost" duration-ms="115728" started-at="2020-03-23T07:52:04Z" data-provider="multipleUsers" finished-at="2020-03-23T07:53:59Z">
          <params>
            <param index="0">
              <value>
                <![CDATA[0050R000000XRHYQA4]]>
              </value>
            </param>
          </params>
          <reporter-output>
          </reporter-output>
        </test-method> <!-- logacall_Reached_StageClosedLost -->
        <test-method status="PASS" signature="tearDown()[pri:0, instance:com.crm.qa.testcases.BranchOpportunityTest@4e4aea35]" name="tearDown" is-config="true" duration-ms="741" started-at="2020-03-23T07:53:59Z" finished-at="2020-03-23T07:54:00Z">
          <reporter-output>
          </reporter-output>
        </test-method> <!-- tearDown -->
        <test-method status="PASS" signature="setUp()[pri:0, instance:com.crm.qa.testcases.BranchOpportunityTest@4e4aea35]" name="setUp" is-config="true" duration-ms="5992" started-at="2020-03-23T07:54:00Z" finished-at="2020-03-23T07:54:06Z">
          <reporter-output>
          </reporter-output>
        </test-method> <!-- setUp -->
        <test-method status="PASS" signature="scheduleMeetingandthenCloseMeeting(java.lang.String)[pri:0, instance:com.crm.qa.testcases.BranchOpportunityTest@4e4aea35]" name="scheduleMeetingandthenCloseMeeting" duration-ms="97081" started-at="2020-03-23T07:54:06Z" data-provider="multipleUsers" finished-at="2020-03-23T07:55:43Z">
          <params>
            <param index="0">
              <value>
                <![CDATA[0050R000000XRFmQAO]]>
              </value>
            </param>
          </params>
          <reporter-output>
          </reporter-output>
        </test-method> <!-- scheduleMeetingandthenCloseMeeting -->
        <test-method status="PASS" signature="tearDown()[pri:0, instance:com.crm.qa.testcases.BranchOpportunityTest@4e4aea35]" name="tearDown" is-config="true" duration-ms="727" started-at="2020-03-23T07:55:43Z" finished-at="2020-03-23T07:55:44Z">
          <reporter-output>
          </reporter-output>
        </test-method> <!-- tearDown -->
        <test-method status="PASS" signature="setUp()[pri:0, instance:com.crm.qa.testcases.BranchOpportunityTest@4e4aea35]" name="setUp" is-config="true" duration-ms="6013" started-at="2020-03-23T07:55:44Z" finished-at="2020-03-23T07:55:50Z">
          <reporter-output>
          </reporter-output>
        </test-method> <!-- setUp -->
        <test-method status="PASS" signature="scheduleMeetingandthenCloseMeeting(java.lang.String)[pri:0, instance:com.crm.qa.testcases.BranchOpportunityTest@4e4aea35]" name="scheduleMeetingandthenCloseMeeting" duration-ms="116513" started-at="2020-03-23T07:55:50Z" data-provider="multipleUsers" finished-at="2020-03-23T07:57:47Z">
          <params>
            <param index="0">
              <value>
                <![CDATA[0050R000000XRHYQA4]]>
              </value>
            </param>
          </params>
          <reporter-output>
          </reporter-output>
        </test-method> <!-- scheduleMeetingandthenCloseMeeting -->
        <test-method status="PASS" signature="tearDown()[pri:0, instance:com.crm.qa.testcases.BranchOpportunityTest@4e4aea35]" name="tearDown" is-config="true" duration-ms="751" started-at="2020-03-23T07:57:47Z" finished-at="2020-03-23T07:57:47Z">
          <reporter-output>
          </reporter-output>
        </test-method> <!-- tearDown -->
        <test-method status="PASS" signature="setUp()[pri:0, instance:com.crm.qa.testcases.BranchOpportunityTest@4e4aea35]" name="setUp" is-config="true" duration-ms="6002" started-at="2020-03-23T07:57:47Z" finished-at="2020-03-23T07:57:53Z">
          <reporter-output>
          </reporter-output>
        </test-method> <!-- setUp -->
        <test-method status="SKIP" signature="scheduleMeetingviaNextAction(java.lang.String)[pri:0, instance:com.crm.qa.testcases.BranchOpportunityTest@4e4aea35]" name="scheduleMeetingviaNextAction" duration-ms="130985" started-at="2020-03-23T07:57:53Z" data-provider="Ian" finished-at="2020-03-23T08:00:04Z">
          <params>
            <param index="0">
              <value>
                <![CDATA[0050R000000XRFmQAO]]>
              </value>
            </param>
          </params>
          <exception class="java.lang.AssertionError">
            <message>
[...]
	at org.openqa.selenium.remote.http.W3CHttpResponseCodec.decode(W3CHttpResponseCodec.java:49)
	at org.openqa.selenium.remote.HttpCommandExecutor.execute(HttpCommandExecutor.java:164)
	at org.openqa.selenium.remote.service.DriverCommandExecutor.execute(DriverCommandExecutor.java:82)
	at org.openqa.selenium.remote.RemoteWebDriver.execute(RemoteWebDriver.java:646)
	at org.openqa.selenium.remote.RemoteWebDriver.executeScript(RemoteWebDriver.java:582)
	at sun.reflect.GeneratedMethodAccessor7.invoke(Unknown Source)
	at sun.reflect.DelegatingMethodAccessorImpl.invoke(DelegatingMethodAccessorImpl.java:43)
	at java.lang.reflect.Method.invoke(Method.java:498)
	at org.openqa.selenium.support.events.EventFiringWebDriver$2.invoke(EventFiringWebDriver.java:105)
	at com.sun.proxy.$Proxy8.executeScript(Unknown Source)
	at org.openqa.selenium.support.events.EventFiringWebDriver.executeScript(EventFiringWebDriver.java:218)
	at com.crm.qa.pages.LoginPage.login(LoginPage.java:50)
	at com.crm.qa.testcases.LogActivityTest_HouseHold.setUp(LogActivityTest_HouseHold.java:92)
	at sun.reflect.GeneratedMethodAccessor62.invoke(Unknown Source)
	at sun.reflect.DelegatingMethodAccessorImpl.invoke(DelegatingMethodAccessorImpl.java:43)
	at java.lang.reflect.Method.invoke(Method.java:498)
	at org.testng.internal.MethodInvocationHelper.invokeMethod(MethodInvocationHelper.java:108)
	at org.testng.internal.Invoker.invokeConfigurationMethod(Invoker.java:523)
	at org.testng.internal.Invoker.invokeConfigurations(Invoker.java:224)
	at org.testng.internal.Invoker.invokeMethod(Invoker.java:599)
	at org.testng.internal.Invoker.retryFailed(Invoker.java:1014)
	at org.testng.internal.Invoker.invokeTestMethods(Invoker.java:1215)
	at org.testng.internal.TestMethodWorker.invokeTestMethods(TestMethodWorker.java:126)
	at org.testng.internal.TestMethodWorker.run(TestMethodWorker.java:109)
	at java.util.concurrent.ThreadPoolExecutor.runWorker(ThreadPoolExecutor.java:1149)
	at java.util.concurrent.ThreadPoolExecutor$Worker.run(ThreadPoolExecutor.java:624)
	at java.lang.Thread.run(Thread.java:748)
]]>
            </full-stacktrace>
          </exception> <!-- org.openqa.selenium.TimeoutException -->
          <reporter-output>
          </reporter-output>
        </test-method> <!-- UpdateHouseholdAccountdetails -->
        <test-method status="SKIP" signature="setUp()[pri:0, instance:com.crm.qa.testcases.LogActivityTest_HouseHold@679b62af]" name="setUp" is-config="true" duration-ms="0" started-at="2020-03-23T08:50:34Z" finished-at="2020-03-23T08:50:34Z">
          <reporter-output>
          </reporter-output>
        </test-method> <!-- setUp -->
        <test-method status="SKIP" signature="setUp()[pri:0, instance:com.crm.qa.testcases.LogActivityTest_HouseHold@679b62af]" name="setUp" is-config="true" duration-ms="0" started-at="2020-03-23T08:50:34Z" finished-at="2020-03-23T08:50:34Z">
          <reporter-output>
          </reporter-output>
        </test-method> <!-- setUp -->
        <test-method status="SKIP" signature="setUp()[pri:0, instance:com.crm.qa.testcases.LogActivityTest_HouseHold@679b62af]" name="setUp" is-config="true" duration-ms="0" started-at="2020-03-23T08:50:34Z" finished-at="2020-03-23T08:50:34Z">
          <reporter-output>
          </reporter-output>
        </test-method> <!-- setUp -->
        <test-method status="SKIP" signature="UpdateHouseholdAccountdetails(java.lang.String)[pri:0, instance:com.crm.qa.testcases.LogActivityTest_HouseHold@679b62af]" name="UpdateHouseholdAccountdetails" duration-ms="0" started-at="2020-03-23T08:50:34Z" data-provider="multipleUsers" finished-at="2020-03-23T08:50:34Z">
          <exception class="org.openqa.selenium.TimeoutException">
            <message>
              <![CDATA[timeout
  (Session info: chrome=79.0.3945.130)
Build info: version: '3.5.3', revision: 'a88d25fe6b', time: '2017-08-29T12:42:44.417Z'
System info: host: 'PHX-ISHARAF', ip: '192.168.125.204', os.name: 'Windows 10', os.arch: 'amd64', os.version: '10.0', java.version: '1.8.0_221'
Driver info: org.openqa.selenium.chrome.ChromeDriver
Capabilities [{networkConnectionEnabled=false, chrome={chromedriverVersion=79.0.3945.16 (93fcc21110c10dbbd49bbff8f472335360e31d05-refs/branch-heads/3945@{#262}), userDataDir=C:\Users\ISharaf\AppData\Local\Temp\scoped_dir30884_121671626}, timeouts={implicit=0, pageLoad=300000, script=30000}, pageLoadStrategy=normal, unhandledPromptBehavior=accept, strictFileInteractability=false, platform=XP, proxy=Proxy(), goog:chromeOptions={debuggerAddress=localhost:61595}, acceptInsecureCerts=false, browserVersion=79.0.3945.130, browserName=chrome, javascriptEnabled=true, platformName=XP, setWindowRect=true}]
Session ID: 3a144e47412942bdd7ce56b665b707e1]]>
            </message>
            <full-stacktrace>
              <![CDATA[org.openqa.selenium.TimeoutException: timeout
  (Session info: chrome=79.0.3945.130)
Build info: version: '3.5.3', revision: 'a88d25fe6b', time: '2017-08-29T12:42:44.417Z'
System info: host: 'PHX-ISHARAF', ip: '192.168.125.204', os.name: 'Windows 10', os.arch: 'amd64', os.version: '10.0', java.version: '1.8.0_221'
Driver info: org.openqa.selenium.chrome.ChromeDriver
Capabilities [{networkConnectionEnabled=false, chrome={chromedriverVersion=79.0.3945.16 (93fcc21110c10dbbd49bbff8f472335360e31d05-refs/branch-heads/3945@{#262}), userDataDir=C:\Users\ISharaf\AppData\Local\Temp\scoped_dir30884_121671626}, timeouts={implicit=0, pageLoad=300000, script=30000}, pageLoadStrategy=normal, unhandledPromptBehavior=accept, strictFileInteractability=false, platform=XP, proxy=Proxy(), goog:chromeOptions={debuggerAddress=localhost:61595}, acceptInsecureCerts=false, browserVersion=79.0.3945.130, browserName=chrome, javascriptEnabled=true, platformName=XP, setWindowRect=true}]
Session ID: 3a144e47412942bdd7ce56b665b707e1
	at sun.reflect.NativeConstructorAccessorImpl.newInstance0(Native Method)
	at sun.reflect.NativeConstructorAccessorImpl.newInstance(NativeConstructorAccessorImpl.java:62)
	at sun.reflect.DelegatingConstructorAccessorImpl.newInstance(DelegatingConstructorAccessorImpl.java:45)
	at java.lang.reflect.Constructor.newInstance(Constructor.java:423)
	at org.openqa.selenium.remote.http.W3CHttpResponseCodec.createException(W3CHttpResponseCodec.java:185)
	at org.openqa.selenium.remote.http.W3CHttpResponseCodec.decode(W3CHttpResponseCodec.java:120)
	at org.openqa.selenium.remote.http.W3CHttpResponseCodec.decode(W3CHttpResponseCodec.java:49)
	at org.openqa.selenium.remote.HttpCommandExecutor.execute(HttpCommandExecutor.java:164)
	at org.openqa.selenium.remote.service.DriverCommandExecutor.execute(DriverCommandExecutor.java:82)
	at org.openqa.selenium.remote.RemoteWebDriver.execute(RemoteWebDriver.java:646)
	at org.openqa.selenium.remote.RemoteWebDriver.executeScript(RemoteWebDriver.java:582)
	at sun.reflect.GeneratedMethodAccessor7.invoke(Unknown Source)
	at sun.reflect.DelegatingMethodAccessorImpl.invoke(DelegatingMethodAccessorImpl.java:43)
	at java.lang.reflect.Method.invoke(Method.java:498)
	at org.openqa.selenium.support.events.EventFiringWebDriver$2.invoke(EventFiringWebDriver.java:105)
	at com.sun.proxy.$Proxy8.executeScript(Unknown Source)
	at org.openqa.selenium.support.events.EventFiringWebDriver.executeScript(EventFiringWebDriver.java:218)
	at com.crm.qa.pages.LoginPage.login(LoginPage.java:50)
	at com.crm.qa.testcases.LogActivityTest_HouseHold.setUp(LogActivityTest_HouseHold.java:92)
	at sun.reflect.GeneratedMethodAccessor62.invoke(Unknown Source)
	at sun.reflect.DelegatingMethodAccessorImpl.invoke(DelegatingMethodAccessorImpl.java:43)
	at java.lang.reflect.Method.invoke(Method.java:498)
	at org.testng.internal.MethodInvocationHelper.invokeMethod(MethodInvocationHelper.java:108)
	at org.testng.internal.Invoker.invokeConfigurationMethod(Invoker.java:523)
	at org.testng.internal.Invoker.invokeConfigurations(Invoker.java:224)
	at org.testng.internal.Invoker.invokeMethod(Invoker.java:599)
	at org.testng.internal.Invoker.retryFailed(Invoker.java:1014)
	at org.testng.internal.Invoker.invokeTestMethods(Invoker.java:1215)
	at org.testng.internal.TestMethodWorker.invokeTestMethods(TestMethodWorker.java:126)
	at org.testng.internal.TestMethodWorker.run(TestMethodWorker.java:109)
	at java.util.concurrent.ThreadPoolExecutor.runWorker(ThreadPoolExecutor.java:1149)
	at java.util.concurrent.ThreadPoolExecutor$Worker.run(ThreadPoolExecutor.java:624)
	at java.lang.Thread.run(Thread.java:748)
]]>
            </full-stacktrace>
          </exception> <!-- org.openqa.selenium.TimeoutException -->
          <reporter-output>
          </reporter-output>
        </test-method> <!-- UpdateHouseholdAccountdetails -->
        <test-method status="SKIP" signature="nolead_Reached_createBranchOpportunity(java.lang.String)[pri:0, instance:com.crm.qa.testcases.LogActivityTest_HouseHold@679b62af]" name="nolead_Reached_createBranchOpportunity" duration-ms="0" started-at="2020-03-23T08:50:34Z" data-provider="multipleUsers" finished-at="2020-03-23T08:50:34Z">
          <exception class="org.openqa.selenium.TimeoutException">
            <message>
              <![CDATA[timeout
  (Session info: chrome=79.0.3945.130)
Build info: version: '3.5.3', revision: 'a88d25fe6b', time: '2017-08-29T12:42:44.417Z'
System info: host: 'PHX-ISHARAF', ip: '192.168.125.204', os.name: 'Windows 10', os.arch: 'amd64', os.version: '10.0', java.version: '1.8.0_221'
Driver info: org.openqa.selenium.chrome.ChromeDriver
Capabilities [{networkConnectionEnabled=false, chrome={chromedriverVersion=79.0.3945.16 (93fcc21110c10dbbd49bbff8f472335360e31d05-refs/branch-heads/3945@{#262}), userDataDir=C:\Users\ISharaf\AppData\Local\Temp\scoped_dir30884_121671626}, timeouts={implicit=0, pageLoad=300000, script=30000}, pageLoadStrategy=normal, unhandledPromptBehavior=accept, strictFileInteractability=false, platform=XP, proxy=Proxy(), goog:chromeOptions={debuggerAddress=localhost:61595}, acceptInsecureCerts=false, browserVersion=79.0.3945.130, browserName=chrome, javascriptEnabled=true, platformName=XP, setWindowRect=true}]
Session ID: 3a144e47412942bdd7ce56b665b707e1]]>
            </message>
            <full-stacktrace>
              <![CDATA[org.openqa.selenium.TimeoutException: timeout
  (Session info: chrome=79.0.3945.130)
Build info: version: '3.5.3', revision: 'a88d25fe6b', time: '2017-08-29T12:42:44.417Z'
System info: host: 'PHX-ISHARAF', ip: '192.168.125.204', os.name: 'Windows 10', os.arch: 'amd64', os.version: '10.0', java.version: '1.8.0_221'
Driver info: org.openqa.selenium.chrome.ChromeDriver
Capabilities [{networkConnectionEnabled=false, chrome={chromedriverVersion=79.0.3945.16 (93fcc21110c10dbbd49bbff8f472335360e31d05-refs/branch-heads/3945@{#262}), userDataDir=C:\Users\ISharaf\AppData\Local\Temp\scoped_dir30884_121671626}, timeouts={implicit=0, pageLoad=300000, script=30000}, pageLoadStrategy=normal, unhandledPromptBehavior=accept, strictFileInteractability=false, platform=XP, proxy=Proxy(), goog:chromeOptions={debuggerAddress=localhost:61595}, acceptInsecureCerts=false, browserVersion=79.0.3945.130, browserName=chrome, javascriptEnabled=true, platformName=XP, setWindowRect=true}]
Session ID: 3a144e47412942bdd7ce56b665b707e1
	at sun.reflect.NativeConstructorAccessorImpl.newInstance0(Native Method)
	at sun.reflect.NativeConstructorAccessorImpl.newInstance(NativeConstructorAccessorImpl.java:62)
	at sun.reflect.DelegatingConstructorAccessorImpl.newInstance(DelegatingConstructorAccessorImpl.java:45)
	at java.lang.reflect.Constructor.newInstance(Constructor.java:423)
	at org.openqa.selenium.remote.http.W3CHttpResponseCodec.createException(W3CHttpResponseCodec.java:185)
	at org.openqa.selenium.remote.http.W3CHttpResponseCodec.decode(W3CHttpResponseCodec.java:120)
	at org.openqa.selenium.remote.http.W3CHttpResponseCodec.decode(W3CHttpResponseCodec.java:49)
	at org.openqa.selenium.remote.HttpCommandExecutor.execute(HttpCommandExecutor.java:164)
	at org.openqa.selenium.remote.service.DriverCommandExecutor.execute(DriverCommandExecutor.java:82)
	at org.openqa.selenium.remote.RemoteWebDriver.execute(RemoteWebDriver.java:646)
	at org.openqa.selenium.remote.RemoteWebDriver.executeScript(RemoteWebDriver.java:582)
	at sun.reflect.GeneratedMethodAccessor7.invoke(Unknown Source)
	at sun.reflect.DelegatingMethodAccessorImpl.invoke(DelegatingMethodAccessorImpl.java:43)
	at java.lang.reflect.Method.invoke(Method.java:498)
	at org.openqa.selenium.support.events.EventFiringWebDriver$2.invoke(EventFiringWebDriver.java:105)
	at com.sun.proxy.$Proxy8.executeScript(Unknown Source)
	at org.openqa.selenium.support.events.EventFiringWebDriver.executeScript(EventFiringWebDriver.java:218)
	at com.crm.qa.pages.LoginPage.login(LoginPage.java:50)
	at com.crm.qa.testcases.LogActivityTest_HouseHold.setUp(LogActivityTest_HouseHold.java:92)
	at sun.reflect.GeneratedMethodAccessor62.invoke(Unknown Source)
	at sun.reflect.DelegatingMethodAccessorImpl.invoke(DelegatingMethodAccessorImpl.java:43)
	at java.lang.reflect.Method.invoke(Method.java:498)
	at org.testng.internal.MethodInvocationHelper.invokeMethod(MethodInvocationHelper.java:108)
	at org.testng.internal.Invoker.invokeConfigurationMethod(Invoker.java:523)
	at org.testng.internal.Invoker.invokeConfigurations(Invoker.java:224)
	at org.testng.internal.Invoker.invokeMethod(Invoker.java:599)
	at org.testng.internal.Invoker.retryFailed(Invoker.java:1014)
	at org.testng.internal.Invoker.invokeTestMethods(Invoker.java:1215)
	at org.testng.internal.TestMethodWorker.invokeTestMethods(TestMethodWorker.java:126)
	at org.testng.internal.TestMethodWorker.run(TestMethodWorker.java:109)
	at java.util.concurrent.ThreadPoolExecutor.runWorker(ThreadPoolExecutor.java:1149)
	at java.util.concurrent.ThreadPoolExecutor$Worker.run(ThreadPoolExecutor.java:624)
	at java.lang.Thread.run(Thread.java:748)
]]>
            </full-stacktrace>
          </exception> <!-- org.openqa.selenium.TimeoutException -->
          <reporter-output>
          </reporter-output>
        </test-method> <!-- nolead_Reached_createBranchOpportunity -->
        <test-method status="SKIP" signature="setUp()[pri:0, instance:com.crm.qa.testcases.LogActivityTest_HouseHold@679b62af]" name="setUp" is-config="true" duration-ms="0" started-at="2020-03-23T08:50:34Z" finished-at="2020-03-23T08:50:34Z">
          <reporter-output>
          </reporter-output>
        </test-method> <!-- setUp -->
        <test-method status="SKIP" signature="nolead_Reached_createBranchOpportunity(java.lang.String)[pri:0, instance:com.crm.qa.testcases.LogActivityTest_HouseHold@679b62af]" name="nolead_Reached_createBranchOpportunity" duration-ms="0" started-at="2020-03-23T08:50:34Z" data-provider="multipleUsers" finished-at="2020-03-23T08:50:34Z">
          <exception class="org.openqa.selenium.TimeoutException">
            <message>
              <![CDATA[timeout
  (Session info: chrome=79.0.3945.130)
Build info: version: '3.5.3', revision: 'a88d25fe6b', time: '2017-08-29T12:42:44.417Z'
System info: host: 'PHX-ISHARAF', ip: '192.168.125.204', os.name: 'Windows 10', os.arch: 'amd64', os.version: '10.0', java.version: '1.8.0_221'
Driver info: org.openqa.selenium.chrome.ChromeDriver
Capabilities [{networkConnectionEnabled=false, chrome={chromedriverVersion=79.0.3945.16 (93fcc21110c10dbbd49bbff8f472335360e31d05-refs/branch-heads/3945@{#262}), userDataDir=C:\Users\ISharaf\AppData\Local\Temp\scoped_dir30884_121671626}, timeouts={implicit=0, pageLoad=300000, script=30000}, pageLoadStrategy=normal, unhandledPromptBehavior=accept, strictFileInteractability=false, platform=XP, proxy=Proxy(), goog:chromeOptions={debuggerAddress=localhost:61595}, acceptInsecureCerts=false, browserVersion=79.0.3945.130, browserName=chrome, javascriptEnabled=true, platformName=XP, setWindowRect=true}]
Session ID: 3a144e47412942bdd7ce56b665b707e1]]>
            </message>
            <full-stacktrace>
              <![CDATA[org.openqa.selenium.TimeoutException: timeout
  (Session info: chrome=79.0.3945.130)
Build info: version: '3.5.3', revision: 'a88d25fe6b', time: '2017-08-29T12:42:44.417Z'
System info: host: 'PHX-ISHARAF', ip: '192.168.125.204', os.name: 'Windows 10', os.arch: 'amd64', os.version: '10.0', java.version: '1.8.0_221'
Driver info: org.openqa.selenium.chrome.ChromeDriver
Capabilities [{networkConnectionEnabled=false, chrome={chromedriverVersion=79.0.3945.16 (93fcc21110c10dbbd49bbff8f472335360e31d05-refs/branch-heads/3945@{#262}), userDataDir=C:\Users\ISharaf\AppData\Local\Temp\scoped_dir30884_121671626}, timeouts={implicit=0, pageLoad=300000, script=30000}, pageLoadStrategy=normal, unhandledPromptBehavior=accept, strictFileInteractability=false, platform=XP, proxy=Proxy(), goog:chromeOptions={debuggerAddress=localhost:61595}, acceptInsecureCerts=false, browserVersion=79.0.3945.130, browserName=chrome, javascriptEnabled=true, platformName=XP, setWindowRect=true}]
Session ID: 3a144e47412942bdd7ce56b665b707e1
	at sun.reflect.NativeConstructorAccessorImpl.newInstance0(Native Method)
	at sun.reflect.NativeConstructorAccessorImpl.newInstance(NativeConstructorAccessorImpl.java:62)
	at sun.reflect.DelegatingConstructorAccessorImpl.newInstance(DelegatingConstructorAccessorImpl.java:45)
	at java.lang.reflect.Constructor.newInstance(Constructor.java:423)
	at org.openqa.selenium.remote.http.W3CHttpResponseCodec.createException(W3CHttpResponseCodec.java:185)
	at org.openqa.selenium.remote.http.W3CHttpResponseCodec.decode(W3CHttpResponseCodec.java:120)
	at org.openqa.selenium.remote.http.W3CHttpResponseCodec.decode(W3CHttpResponseCodec.java:49)
	at org.openqa.selenium.remote.HttpCommandExecutor.execute(HttpCommandExecutor.java:164)
	at org.openqa.selenium.remote.service.DriverCommandExecutor.execute(DriverCommandExecutor.java:82)
	at org.openqa.selenium.remote.RemoteWebDriver.execute(RemoteWebDriver.java:646)
	at org.openqa.selenium.remote.RemoteWebDriver.executeScript(RemoteWebDriver.java:582)
	at sun.reflect.GeneratedMethodAccessor7.invoke(Unknown Source)
	at sun.reflect.DelegatingMethodAccessorImpl.invoke(DelegatingMethodAccessorImpl.java:43)
	at java.lang.reflect.Method.invoke(Method.java:498)
	at org.openqa.selenium.support.events.EventFiringWebDriver$2.invoke(EventFiringWebDriver.java:105)
	at com.sun.proxy.$Proxy8.executeScript(Unknown Source)
	at org.openqa.selenium.support.events.EventFiringWebDriver.executeScript(EventFiringWebDriver.java:218)
	at com.crm.qa.pages.LoginPage.login(LoginPage.java:50)
	at com.crm.qa.testcases.LogActivityTest_HouseHold.setUp(LogActivityTest_HouseHold.java:92)
	at sun.reflect.GeneratedMethodAccessor62.invoke(Unknown Source)
	at sun.reflect.DelegatingMethodAccessorImpl.invoke(DelegatingMethodAccessorImpl.java:43)
	at java.lang.reflect.Method.invoke(Method.java:498)
	at org.testng.internal.MethodInvocationHelper.invokeMethod(MethodInvocationHelper.java:108)
	at org.testng.internal.Invoker.invokeConfigurationMethod(Invoker.java:523)
	at org.testng.internal.Invoker.invokeConfigurations(Invoker.java:224)
	at org.testng.internal.Invoker.invokeMethod(Invoker.java:599)
	at org.testng.internal.Invoker.retryFailed(Invoker.java:1014)
	at org.testng.internal.Invoker.invokeTestMethods(Invoker.java:1215)
	at org.testng.internal.TestMethodWorker.invokeTestMethods(TestMethodWorker.java:126)
	at org.testng.internal.TestMethodWorker.run(TestMethodWorker.java:109)
	at java.util.concurrent.ThreadPoolExecutor.runWorker(ThreadPoolExecutor.java:1149)
	at java.util.concurrent.ThreadPoolExecutor$Worker.run(ThreadPoolExecutor.java:624)
	at java.lang.Thread.run(Thread.java:748)
]]>
            </full-stacktrace>
          </exception> <!-- org.openqa.selenium.TimeoutException -->
          <reporter-output>
          </reporter-output>
        </test-method> <!-- nolead_Reached_createBranchOpportunity -->
      </class> <!-- com.crm.qa.testcases.LogActivityTest_HouseHold -->
    </test> <!-- Log a Call for Household Test Scenarios -->
  </suite> <!-- SFDC Test Automation Test Suite -->
</testng-results>
