<?xml version="1.0" encoding="UTF-8"?>
<testng-results skipped="0" failed="0" ignored="7" total="9" passed="2">
  <reporter-output>
  </reporter-output>
  <suite name="FREE CRM Application Test Automation Test Suite" duration-ms="141587" started-at="2020-01-09T22:10:04Z" finished-at="2020-01-09T22:12:26Z">
    <groups>
    </groups>
    <test name="Free CRM App Test Cases" duration-ms="141587" started-at="2020-01-09T22:10:04Z" finished-at="2020-01-09T22:12:26Z">
      <class name="com.crm.qa.testcases.BranchOpportunityTest">
        <test-method status="PASS" signature="setUp()[pri:0, instance:com.crm.qa.testcases.BranchOpportunityTest@1cab0bfb]" name="setUp" is-config="true" duration-ms="6802" started-at="2020-01-09T15:10:04Z" finished-at="2020-01-09T15:10:11Z">
          <reporter-output>
          </reporter-output>
        </test-method> <!-- setUp -->
        <test-method status="PASS" signature="logacall_notReached_Optty()[pri:0, instance:com.crm.qa.testcases.BranchOpportunityTest@1cab0bfb]" name="logacall_notReached_Optty" duration-ms="60366" started-at="2020-01-09T15:10:11Z" finished-at="2020-01-09T15:11:11Z">
          <reporter-output>
          </reporter-output>
        </test-method> <!-- logacall_notReached_Optty -->
        <test-method status="PASS" signature="tearDown()[pri:0, instance:com.crm.qa.testcases.BranchOpportunityTest@1cab0bfb]" name="tearDown" is-config="true" duration-ms="762" started-at="2020-01-09T15:11:11Z" finished-at="2020-01-09T15:11:12Z">
          <reporter-output>
          </reporter-output>
        </test-method> <!-- tearDown -->
        <test-method status="PASS" signature="setUp()[pri:0, instance:com.crm.qa.testcases.BranchOpportunityTest@1cab0bfb]" name="setUp" is-config="true" duration-ms="5540" started-at="2020-01-09T15:11:12Z" finished-at="2020-01-09T15:11:18Z">
          <reporter-output>
          </reporter-output>
        </test-method> <!-- setUp -->
        <test-method status="PASS" signature="logacall_Reached_StageClosedLost()[pri:0, instance:com.crm.qa.testcases.BranchOpportunityTest@1cab0bfb]" name="logacall_Reached_StageClosedLost" duration-ms="67350" started-at="2020-01-09T15:11:18Z" finished-at="2020-01-09T15:12:25Z">
          <reporter-output>
          </reporter-output>
        </test-method> <!-- logacall_Reached_StageClosedLost -->
        <test-method status="PASS" signature="tearDown()[pri:0, instance:com.crm.qa.testcases.BranchOpportunityTest@1cab0bfb]" name="tearDown" is-config="true" duration-ms="742" started-at="2020-01-09T15:12:25Z" finished-at="2020-01-09T15:12:26Z">
          <reporter-output>
          </reporter-output>
        </test-method> <!-- tearDown -->
      </class> <!-- com.crm.qa.testcases.BranchOpportunityTest -->
    </test> <!-- Free CRM App Test Cases -->
  </suite> <!-- FREE CRM Application Test Automation Test Suite -->
</testng-results>
