<?xml version="1.0" encoding="UTF-8"?>
<testng-results skipped="0" failed="0" ignored="11" total="13" passed="2">
  <reporter-output>
  </reporter-output>
  <suite name="FREE CRM Application Test Automation Test Suite" duration-ms="232393" started-at="2020-03-09T20:32:53Z" finished-at="2020-03-09T20:36:46Z">
    <groups>
    </groups>
    <test name="Free CRM App Test Cases" duration-ms="232393" started-at="2020-03-09T20:32:53Z" finished-at="2020-03-09T20:36:46Z">
      <class name="com.crm.qa.testcases.BranchOpportunityTest">
        <test-method status="PASS" signature="setUp()[pri:0, instance:com.crm.qa.testcases.BranchOpportunityTest@4b9e255]" name="setUp" is-config="true" duration-ms="6562" started-at="2020-03-09T13:32:53Z" finished-at="2020-03-09T13:33:00Z">
          <reporter-output>
          </reporter-output>
        </test-method> <!-- setUp -->
        <test-method status="PASS" signature="enrollment_BM(java.lang.String)[pri:0, instance:com.crm.qa.testcases.BranchOpportunityTest@4b9e255]" name="enrollment_BM" duration-ms="105896" started-at="2020-03-09T13:33:00Z" data-provider="multipleUsers" finished-at="2020-03-09T13:34:46Z">
          <params>
            <param index="0">
              <value>
                <![CDATA[0050R000000XRFmQAO]]>
              </value>
            </param>
          </params>
          <reporter-output>
          </reporter-output>
        </test-method> <!-- enrollment_BM -->
        <test-method status="PASS" signature="tearDown()[pri:0, instance:com.crm.qa.testcases.BranchOpportunityTest@4b9e255]" name="tearDown" is-config="true" duration-ms="738" started-at="2020-03-09T13:34:46Z" finished-at="2020-03-09T13:34:46Z">
          <reporter-output>
          </reporter-output>
        </test-method> <!-- tearDown -->
        <test-method status="PASS" signature="setUp()[pri:0, instance:com.crm.qa.testcases.BranchOpportunityTest@4b9e255]" name="setUp" is-config="true" duration-ms="5331" started-at="2020-03-09T13:34:46Z" finished-at="2020-03-09T13:34:52Z">
          <reporter-output>
          </reporter-output>
        </test-method> <!-- setUp -->
        <test-method status="PASS" signature="enrollment_BM(java.lang.String)[pri:0, instance:com.crm.qa.testcases.BranchOpportunityTest@4b9e255]" name="enrollment_BM" duration-ms="113029" started-at="2020-03-09T13:34:52Z" data-provider="multipleUsers" finished-at="2020-03-09T13:36:45Z">
          <params>
            <param index="0">
              <value>
                <![CDATA[0050R000000XRHYQA4]]>
              </value>
            </param>
          </params>
          <reporter-output>
          </reporter-output>
        </test-method> <!-- enrollment_BM -->
        <test-method status="PASS" signature="tearDown()[pri:0, instance:com.crm.qa.testcases.BranchOpportunityTest@4b9e255]" name="tearDown" is-config="true" duration-ms="805" started-at="2020-03-09T13:36:45Z" finished-at="2020-03-09T13:36:46Z">
          <reporter-output>
          </reporter-output>
        </test-method> <!-- tearDown -->
      </class> <!-- com.crm.qa.testcases.BranchOpportunityTest -->
    </test> <!-- Free CRM App Test Cases -->
  </suite> <!-- FREE CRM Application Test Automation Test Suite -->
</testng-results>
