<?xml version="1.0" encoding="UTF-8"?>
<testng-results skipped="0" failed="0" ignored="36" total="37" passed="1">
  <reporter-output>
  </reporter-output>
  <suite name="FREE CRM Application Test Automation Test Suite" duration-ms="2930264" started-at="2019-11-20T19:52:44Z" finished-at="2019-11-20T20:41:34Z">
    <groups>
    </groups>
    <test name="Free CRM App Test Cases" duration-ms="2930264" started-at="2019-11-20T19:52:44Z" finished-at="2019-11-20T20:41:34Z">
      <class name="com.crm.qa.testcases.LogActivityTest">
        <test-method status="PASS" signature="setUp()[pri:0, instance:com.crm.qa.testcases.LogActivityTest@5e0e82ae]" name="setUp" is-config="true" duration-ms="9850" started-at="2019-11-20T12:52:44Z" finished-at="2019-11-20T12:52:54Z">
          <reporter-output>
          </reporter-output>
        </test-method> <!-- setUp -->
        <test-method status="PASS" signature="meeting_CompleteFlow()[pri:0, instance:com.crm.qa.testcases.LogActivityTest@5e0e82ae]" name="meeting_CompleteFlow" duration-ms="2919629" started-at="2019-11-20T12:52:54Z" finished-at="2019-11-20T13:41:34Z">
          <reporter-output>
          </reporter-output>
        </test-method> <!-- meeting_CompleteFlow -->
        <test-method status="PASS" signature="tearDown()[pri:0, instance:com.crm.qa.testcases.LogActivityTest@5e0e82ae]" name="tearDown" is-config="true" duration-ms="761" started-at="2019-11-20T13:41:34Z" finished-at="2019-11-20T13:41:34Z">
          <reporter-output>
          </reporter-output>
        </test-method> <!-- tearDown -->
      </class> <!-- com.crm.qa.testcases.LogActivityTest -->
    </test> <!-- Free CRM App Test Cases -->
  </suite> <!-- FREE CRM Application Test Automation Test Suite -->
</testng-results>
