<?xml version="1.0" encoding="UTF-8"?>
<testng-results skipped="0" failed="0" ignored="36" total="37" passed="1">
  <reporter-output>
  </reporter-output>
  <suite name="FREE CRM Application Test Automation Test Suite" duration-ms="64707" started-at="2019-11-17T17:23:11Z" finished-at="2019-11-17T17:24:16Z">
    <groups>
    </groups>
    <test name="Free CRM App Test Cases" duration-ms="64707" started-at="2019-11-17T17:23:11Z" finished-at="2019-11-17T17:24:16Z">
      <class name="com.crm.qa.testcases.LogActivityTest">
        <test-method status="PASS" signature="setUp()[pri:0, instance:com.crm.qa.testcases.LogActivityTest@35d176f7]" name="setUp" is-config="true" duration-ms="15418" started-at="2019-11-17T10:23:11Z" finished-at="2019-11-17T10:23:27Z">
          <reporter-output>
          </reporter-output>
        </test-method> <!-- setUp -->
        <test-method status="PASS" signature="experiment()[pri:0, instance:com.crm.qa.testcases.LogActivityTest@35d176f7]" name="experiment" duration-ms="48527" started-at="2019-11-17T10:23:27Z" finished-at="2019-11-17T10:24:15Z">
          <reporter-output>
          </reporter-output>
        </test-method> <!-- experiment -->
        <test-method status="PASS" signature="tearDown()[pri:0, instance:com.crm.qa.testcases.LogActivityTest@35d176f7]" name="tearDown" is-config="true" duration-ms="742" started-at="2019-11-17T10:24:15Z" finished-at="2019-11-17T10:24:16Z">
          <reporter-output>
          </reporter-output>
        </test-method> <!-- tearDown -->
      </class> <!-- com.crm.qa.testcases.LogActivityTest -->
    </test> <!-- Free CRM App Test Cases -->
  </suite> <!-- FREE CRM Application Test Automation Test Suite -->
</testng-results>
