<?xml version="1.0" encoding="UTF-8"?>
<testng-results skipped="0" failed="0" ignored="38" total="39" passed="1">
  <reporter-output>
  </reporter-output>
  <suite name="FREE CRM Application Test Automation Test Suite" duration-ms="103877" started-at="2019-12-13T21:20:14Z" finished-at="2019-12-13T21:21:58Z">
    <groups>
    </groups>
    <test name="Free CRM App Test Cases" duration-ms="103877" started-at="2019-12-13T21:20:14Z" finished-at="2019-12-13T21:21:58Z">
      <class name="com.crm.qa.testcases.LogActivityTest">
        <test-method status="PASS" signature="setUp()[pri:0, instance:com.crm.qa.testcases.LogActivityTest@2473b9ce]" name="setUp" is-config="true" duration-ms="8874" started-at="2019-12-13T14:20:14Z" finished-at="2019-12-13T14:20:23Z">
          <reporter-output>
          </reporter-output>
        </test-method> <!-- setUp -->
        <test-method status="PASS" signature="meeting_CompleteFlowWithOptions()[pri:0, instance:com.crm.qa.testcases.LogActivityTest@2473b9ce]" name="meeting_CompleteFlowWithOptions" duration-ms="94223" started-at="2019-12-13T14:20:23Z" finished-at="2019-12-13T14:21:57Z">
          <reporter-output>
          </reporter-output>
        </test-method> <!-- meeting_CompleteFlowWithOptions -->
        <test-method status="PASS" signature="tearDown()[pri:0, instance:com.crm.qa.testcases.LogActivityTest@2473b9ce]" name="tearDown" is-config="true" duration-ms="759" started-at="2019-12-13T14:21:57Z" finished-at="2019-12-13T14:21:58Z">
          <reporter-output>
          </reporter-output>
        </test-method> <!-- tearDown -->
      </class> <!-- com.crm.qa.testcases.LogActivityTest -->
    </test> <!-- Free CRM App Test Cases -->
  </suite> <!-- FREE CRM Application Test Automation Test Suite -->
</testng-results>
