<?xml version="1.0" encoding="UTF-8"?>
<testng-results skipped="0" failed="0" ignored="4" total="15" passed="11">
  <reporter-output>
  </reporter-output>
  <suite name="FREE CRM Application Test Automation Test Suite" duration-ms="1771855" started-at="2020-03-29T17:10:03Z" finished-at="2020-03-29T17:39:35Z">
    <groups>
    </groups>
    <test name="Free CRM App Test Cases" duration-ms="1771855" started-at="2020-03-29T17:10:03Z" finished-at="2020-03-29T17:39:35Z">
      <class name="com.crm.qa.testcases.BranchOpportunityTest">
        <test-method status="PASS" signature="setUp()[pri:0, instance:com.crm.qa.testcases.BranchOpportunityTest@3d8314f0]" name="setUp" is-config="true" duration-ms="90787" started-at="2020-03-29T10:10:03Z" finished-at="2020-03-29T10:11:34Z">
          <reporter-output>
          </reporter-output>
        </test-method> <!-- setUp -->
        <test-method status="PASS" signature="logacall_notReached_Optty(java.lang.String)[pri:0, instance:com.crm.qa.testcases.BranchOpportunityTest@3d8314f0]" name="logacall_notReached_Optty" duration-ms="183685" started-at="2020-03-29T10:11:34Z" data-provider="multipleUsers" finished-at="2020-03-29T10:14:37Z">
          <params>
            <param index="0">
              <value>
                <![CDATA[0050R000000XRFmQAO]]>
              </value>
            </param>
          </params>
          <reporter-output>
          </reporter-output>
        </test-method> <!-- logacall_notReached_Optty -->
        <test-method status="PASS" signature="tearDown()[pri:0, instance:com.crm.qa.testcases.BranchOpportunityTest@3d8314f0]" name="tearDown" is-config="true" duration-ms="736" started-at="2020-03-29T10:14:37Z" finished-at="2020-03-29T10:14:38Z">
          <reporter-output>
          </reporter-output>
        </test-method> <!-- tearDown -->
        <test-method status="PASS" signature="setUp()[pri:0, instance:com.crm.qa.testcases.BranchOpportunityTest@3d8314f0]" name="setUp" is-config="true" duration-ms="20137" started-at="2020-03-29T10:14:38Z" finished-at="2020-03-29T10:14:58Z">
          <reporter-output>
          </reporter-output>
        </test-method> <!-- setUp -->
        <test-method status="PASS" signature="logacall_notReached_Optty(java.lang.String)[pri:0, instance:com.crm.qa.testcases.BranchOpportunityTest@3d8314f0]" name="logacall_notReached_Optty" duration-ms="169650" started-at="2020-03-29T10:14:58Z" data-provider="multipleUsers" finished-at="2020-03-29T10:17:48Z">
          <params>
            <param index="0">
              <value>
                <![CDATA[0050R000000XRHYQA4]]>
              </value>
            </param>
          </params>
          <reporter-output>
          </reporter-output>
        </test-method> <!-- logacall_notReached_Optty -->
        <test-method status="PASS" signature="tearDown()[pri:0, instance:com.crm.qa.testcases.BranchOpportunityTest@3d8314f0]" name="tearDown" is-config="true" duration-ms="779" started-at="2020-03-29T10:17:48Z" finished-at="2020-03-29T10:17:49Z">
          <reporter-output>
          </reporter-output>
        </test-method> <!-- tearDown -->
        <test-method status="PASS" signature="setUp()[pri:0, instance:com.crm.qa.testcases.BranchOpportunityTest@3d8314f0]" name="setUp" is-config="true" duration-ms="75266" started-at="2020-03-29T10:17:49Z" finished-at="2020-03-29T10:19:04Z">
          <reporter-output>
          </reporter-output>
        </test-method> <!-- setUp -->
        <test-method status="PASS" signature="logacall_Reached_Optty(java.lang.String)[pri:0, instance:com.crm.qa.testcases.BranchOpportunityTest@3d8314f0]" name="logacall_Reached_Optty" duration-ms="163003" started-at="2020-03-29T10:19:04Z" data-provider="multipleUsers" finished-at="2020-03-29T10:21:47Z">
          <params>
            <param index="0">
              <value>
                <![CDATA[0050R000000XRFmQAO]]>
              </value>
            </param>
          </params>
          <reporter-output>
          </reporter-output>
        </test-method> <!-- logacall_Reached_Optty -->
        <test-method status="PASS" signature="tearDown()[pri:0, instance:com.crm.qa.testcases.BranchOpportunityTest@3d8314f0]" name="tearDown" is-config="true" duration-ms="720" started-at="2020-03-29T10:21:47Z" finished-at="2020-03-29T10:21:48Z">
          <reporter-output>
          </reporter-output>
        </test-method> <!-- tearDown -->
        <test-method status="PASS" signature="setUp()[pri:0, instance:com.crm.qa.testcases.BranchOpportunityTest@3d8314f0]" name="setUp" is-config="true" duration-ms="6544" started-at="2020-03-29T10:21:48Z" finished-at="2020-03-29T10:21:54Z">
          <reporter-output>
          </reporter-output>
        </test-method> <!-- setUp -->
        <test-method status="PASS" signature="logacall_Reached_Optty(java.lang.String)[pri:0, instance:com.crm.qa.testcases.BranchOpportunityTest@3d8314f0]" name="logacall_Reached_Optty" duration-ms="119873" started-at="2020-03-29T10:21:54Z" data-provider="multipleUsers" finished-at="2020-03-29T10:23:54Z">
          <params>
            <param index="0">
              <value>
                <![CDATA[0050R000000XRHYQA4]]>
              </value>
            </param>
          </params>
          <reporter-output>
          </reporter-output>
        </test-method> <!-- logacall_Reached_Optty -->
        <test-method status="PASS" signature="tearDown()[pri:0, instance:com.crm.qa.testcases.BranchOpportunityTest@3d8314f0]" name="tearDown" is-config="true" duration-ms="782" started-at="2020-03-29T10:23:54Z" finished-at="2020-03-29T10:23:55Z">
          <reporter-output>
          </reporter-output>
        </test-method> <!-- tearDown -->
        <test-method status="PASS" signature="setUp()[pri:0, instance:com.crm.qa.testcases.BranchOpportunityTest@3d8314f0]" name="setUp" is-config="true" duration-ms="6280" started-at="2020-03-29T10:23:55Z" finished-at="2020-03-29T10:24:01Z">
          <reporter-output>
          </reporter-output>
        </test-method> <!-- setUp -->
        <test-method status="PASS" signature="logacall_Reached_StageClosedLost(java.lang.String)[pri:0, instance:com.crm.qa.testcases.BranchOpportunityTest@3d8314f0]" name="logacall_Reached_StageClosedLost" duration-ms="111988" started-at="2020-03-29T10:24:01Z" data-provider="multipleUsers" finished-at="2020-03-29T10:25:53Z">
          <params>
            <param index="0">
              <value>
                <![CDATA[0050R000000XRFmQAO]]>
              </value>
            </param>
          </params>
          <reporter-output>
          </reporter-output>
        </test-method> <!-- logacall_Reached_StageClosedLost -->
        <test-method status="PASS" signature="tearDown()[pri:0, instance:com.crm.qa.testcases.BranchOpportunityTest@3d8314f0]" name="tearDown" is-config="true" duration-ms="750" started-at="2020-03-29T10:25:53Z" finished-at="2020-03-29T10:25:54Z">
          <reporter-output>
          </reporter-output>
        </test-method> <!-- tearDown -->
        <test-method status="PASS" signature="setUp()[pri:0, instance:com.crm.qa.testcases.BranchOpportunityTest@3d8314f0]" name="setUp" is-config="true" duration-ms="5708" started-at="2020-03-29T10:25:54Z" finished-at="2020-03-29T10:25:59Z">
          <reporter-output>
          </reporter-output>
        </test-method> <!-- setUp -->
        <test-method status="PASS" signature="logacall_Reached_StageClosedLost(java.lang.String)[pri:0, instance:com.crm.qa.testcases.BranchOpportunityTest@3d8314f0]" name="logacall_Reached_StageClosedLost" duration-ms="127914" started-at="2020-03-29T10:25:59Z" data-provider="multipleUsers" finished-at="2020-03-29T10:28:07Z">
          <params>
            <param index="0">
              <value>
                <![CDATA[0050R000000XRHYQA4]]>
              </value>
            </param>
          </params>
          <reporter-output>
          </reporter-output>
        </test-method> <!-- logacall_Reached_StageClosedLost -->
        <test-method status="PASS" signature="tearDown()[pri:0, instance:com.crm.qa.testcases.BranchOpportunityTest@3d8314f0]" name="tearDown" is-config="true" duration-ms="768" started-at="2020-03-29T10:28:07Z" finished-at="2020-03-29T10:28:08Z">
          <reporter-output>
          </reporter-output>
        </test-method> <!-- tearDown -->
        <test-method status="PASS" signature="setUp()[pri:0, instance:com.crm.qa.testcases.BranchOpportunityTest@3d8314f0]" name="setUp" is-config="true" duration-ms="9038" started-at="2020-03-29T10:28:08Z" finished-at="2020-03-29T10:28:17Z">
          <reporter-output>
          </reporter-output>
        </test-method> <!-- setUp -->
        <test-method status="PASS" signature="scheduleMeetingandthenCloseMeeting(java.lang.String)[pri:0, instance:com.crm.qa.testcases.BranchOpportunityTest@3d8314f0]" name="scheduleMeetingandthenCloseMeeting" duration-ms="108260" started-at="2020-03-29T10:28:17Z" data-provider="multipleUsers" finished-at="2020-03-29T10:30:05Z">
          <params>
            <param index="0">
              <value>
                <![CDATA[0050R000000XRFmQAO]]>
              </value>
            </param>
          </params>
          <reporter-output>
          </reporter-output>
        </test-method> <!-- scheduleMeetingandthenCloseMeeting -->
        <test-method status="PASS" signature="tearDown()[pri:0, instance:com.crm.qa.testcases.BranchOpportunityTest@3d8314f0]" name="tearDown" is-config="true" duration-ms="782" started-at="2020-03-29T10:30:05Z" finished-at="2020-03-29T10:30:06Z">
          <reporter-output>
          </reporter-output>
        </test-method> <!-- tearDown -->
        <test-method status="PASS" signature="setUp()[pri:0, instance:com.crm.qa.testcases.BranchOpportunityTest@3d8314f0]" name="setUp" is-config="true" duration-ms="6552" started-at="2020-03-29T10:30:06Z" finished-at="2020-03-29T10:30:13Z">
          <reporter-output>
          </reporter-output>
        </test-method> <!-- setUp -->
        <test-method status="PASS" signature="scheduleMeetingandthenCloseMeeting(java.lang.String)[pri:0, instance:com.crm.qa.testcases.BranchOpportunityTest@3d8314f0]" name="scheduleMeetingandthenCloseMeeting" duration-ms="122302" started-at="2020-03-29T10:30:13Z" data-provider="multipleUsers" finished-at="2020-03-29T10:32:15Z">
          <params>
            <param index="0">
              <value>
                <![CDATA[0050R000000XRHYQA4]]>
              </value>
            </param>
          </params>
          <reporter-output>
          </reporter-output>
        </test-method> <!-- scheduleMeetingandthenCloseMeeting -->
        <test-method status="PASS" signature="tearDown()[pri:0, instance:com.crm.qa.testcases.BranchOpportunityTest@3d8314f0]" name="tearDown" is-config="true" duration-ms="777" started-at="2020-03-29T10:32:15Z" finished-at="2020-03-29T10:32:16Z">
          <reporter-output>
          </reporter-output>
        </test-method> <!-- tearDown -->
        <test-method status="PASS" signature="setUp()[pri:0, instance:com.crm.qa.testcases.BranchOpportunityTest@3d8314f0]" name="setUp" is-config="true" duration-ms="6009" started-at="2020-03-29T10:32:16Z" finished-at="2020-03-29T10:32:22Z">
          <reporter-output>
          </reporter-output>
        </test-method> <!-- setUp -->
        <test-method status="PASS" signature="scheduleMeetingviaNextAction(java.lang.String)[pri:0, instance:com.crm.qa.testcases.BranchOpportunityTest@3d8314f0]" name="scheduleMeetingviaNextAction" duration-ms="152093" started-at="2020-03-29T10:32:22Z" data-provider="Ian" finished-at="2020-03-29T10:34:54Z">
          <params>
            <param index="0">
              <value>
                <![CDATA[0050R000000XRFmQAO]]>
              </value>
            </param>
          </params>
          <reporter-output>
          </reporter-output>
        </test-method> <!-- scheduleMeetingviaNextAction -->
        <test-method status="PASS" signature="tearDown()[pri:0, instance:com.crm.qa.testcases.BranchOpportunityTest@3d8314f0]" name="tearDown" is-config="true" duration-ms="882" started-at="2020-03-29T10:34:54Z" finished-at="2020-03-29T10:34:55Z">
          <reporter-output>
          </reporter-output>
        </test-method> <!-- tearDown -->
        <test-method status="PASS" signature="setUp()[pri:0, instance:com.crm.qa.testcases.BranchOpportunityTest@3d8314f0]" name="setUp" is-config="true" duration-ms="6275" started-at="2020-03-29T10:34:55Z" finished-at="2020-03-29T10:35:01Z">
          <reporter-output>
          </reporter-output>
        </test-method> <!-- setUp -->
        <test-method status="PASS" signature="enrollment_BM(java.lang.String)[pri:0, instance:com.crm.qa.testcases.BranchOpportunityTest@3d8314f0]" name="enrollment_BM" duration-ms="127029" started-at="2020-03-29T10:35:01Z" data-provider="multipleUsers" finished-at="2020-03-29T10:37:08Z">
          <params>
            <param index="0">
              <value>
                <![CDATA[0050R000000XRFmQAO]]>
              </value>
            </param>
          </params>
          <reporter-output>
          </reporter-output>
        </test-method> <!-- enrollment_BM -->
        <test-method status="PASS" signature="tearDown()[pri:0, instance:com.crm.qa.testcases.BranchOpportunityTest@3d8314f0]" name="tearDown" is-config="true" duration-ms="744" started-at="2020-03-29T10:37:08Z" finished-at="2020-03-29T10:37:09Z">
          <reporter-output>
          </reporter-output>
        </test-method> <!-- tearDown -->
        <test-method status="PASS" signature="setUp()[pri:0, instance:com.crm.qa.testcases.BranchOpportunityTest@3d8314f0]" name="setUp" is-config="true" duration-ms="7420" started-at="2020-03-29T10:37:09Z" finished-at="2020-03-29T10:37:16Z">
          <reporter-output>
          </reporter-output>
        </test-method> <!-- setUp -->
        <test-method status="PASS" signature="enrollment_BM(java.lang.String)[pri:0, instance:com.crm.qa.testcases.BranchOpportunityTest@3d8314f0]" name="enrollment_BM" duration-ms="137431" started-at="2020-03-29T10:37:16Z" data-provider="multipleUsers" finished-at="2020-03-29T10:39:34Z">
          <params>
            <param index="0">
              <value>
                <![CDATA[0050R000000XRHYQA4]]>
              </value>
            </param>
          </params>
          <reporter-output>
          </reporter-output>
        </test-method> <!-- enrollment_BM -->
        <test-method status="PASS" signature="tearDown()[pri:0, instance:com.crm.qa.testcases.BranchOpportunityTest@3d8314f0]" name="tearDown" is-config="true" duration-ms="847" started-at="2020-03-29T10:39:34Z" finished-at="2020-03-29T10:39:35Z">
          <reporter-output>
          </reporter-output>
        </test-method> <!-- tearDown -->
      </class> <!-- com.crm.qa.testcases.BranchOpportunityTest -->
    </test> <!-- Free CRM App Test Cases -->
  </suite> <!-- FREE CRM Application Test Automation Test Suite -->
</testng-results>
