<?xml version="1.0" encoding="UTF-8"?>
<testng-results skipped="0" failed="0" ignored="26" total="32" passed="6">
  <reporter-output>
  </reporter-output>
  <suite name="FREE CRM Application Test Automation Test Suite" duration-ms="697061" started-at="2020-03-02T16:52:05Z" finished-at="2020-03-02T17:03:42Z">
    <groups>
    </groups>
    <test name="Free CRM App Test Cases" duration-ms="697061" started-at="2020-03-02T16:52:05Z" finished-at="2020-03-02T17:03:42Z">
      <class name="com.crm.qa.testcases.LogActivityTest">
        <test-method status="PASS" signature="setUp()[pri:0, instance:com.crm.qa.testcases.LogActivityTest@50de0926]" name="setUp" is-config="true" duration-ms="9921" started-at="2020-03-02T09:52:05Z" finished-at="2020-03-02T09:52:15Z">
          <reporter-output>
          </reporter-output>
        </test-method> <!-- setUp -->
        <test-method status="PASS" signature="reachedwithBusinessLead_SchedulePhoneCall(java.lang.String)[pri:0, instance:com.crm.qa.testcases.LogActivityTest@50de0926]" name="reachedwithBusinessLead_SchedulePhoneCall" duration-ms="100566" started-at="2020-03-02T09:52:15Z" data-provider="multipleUsers" finished-at="2020-03-02T09:53:56Z">
          <params>
            <param index="0">
              <value>
                <![CDATA[0050R000000XRFmQAO]]>
              </value>
            </param>
          </params>
          <reporter-output>
          </reporter-output>
        </test-method> <!-- reachedwithBusinessLead_SchedulePhoneCall -->
        <test-method status="PASS" signature="tearDown()[pri:0, instance:com.crm.qa.testcases.LogActivityTest@50de0926]" name="tearDown" is-config="true" duration-ms="736" started-at="2020-03-02T09:53:56Z" finished-at="2020-03-02T09:53:56Z">
          <reporter-output>
          </reporter-output>
        </test-method> <!-- tearDown -->
        <test-method status="PASS" signature="setUp()[pri:0, instance:com.crm.qa.testcases.LogActivityTest@50de0926]" name="setUp" is-config="true" duration-ms="9490" started-at="2020-03-02T09:53:56Z" finished-at="2020-03-02T09:54:06Z">
          <reporter-output>
          </reporter-output>
        </test-method> <!-- setUp -->
        <test-method status="PASS" signature="reachedwithBusinessLead_SchedulePhoneCall(java.lang.String)[pri:0, instance:com.crm.qa.testcases.LogActivityTest@50de0926]" name="reachedwithBusinessLead_SchedulePhoneCall" duration-ms="111063" started-at="2020-03-02T09:54:06Z" data-provider="multipleUsers" finished-at="2020-03-02T09:55:57Z">
          <params>
            <param index="0">
              <value>
                <![CDATA[0050R000000XRHYQA4]]>
              </value>
            </param>
          </params>
          <reporter-output>
          </reporter-output>
        </test-method> <!-- reachedwithBusinessLead_SchedulePhoneCall -->
        <test-method status="PASS" signature="tearDown()[pri:0, instance:com.crm.qa.testcases.LogActivityTest@50de0926]" name="tearDown" is-config="true" duration-ms="743" started-at="2020-03-02T09:55:57Z" finished-at="2020-03-02T09:55:58Z">
          <reporter-output>
          </reporter-output>
        </test-method> <!-- tearDown -->
        <test-method status="PASS" signature="setUp()[pri:0, instance:com.crm.qa.testcases.LogActivityTest@50de0926]" name="setUp" is-config="true" duration-ms="8667" started-at="2020-03-02T09:55:58Z" finished-at="2020-03-02T09:56:06Z">
          <reporter-output>
          </reporter-output>
        </test-method> <!-- setUp -->
        <test-method status="PASS" signature="reachedwithBusinessLead_ScheduleTodo(java.lang.String)[pri:0, instance:com.crm.qa.testcases.LogActivityTest@50de0926]" name="reachedwithBusinessLead_ScheduleTodo" duration-ms="102036" started-at="2020-03-02T09:56:06Z" data-provider="multipleUsers" finished-at="2020-03-02T09:57:48Z">
          <params>
            <param index="0">
              <value>
                <![CDATA[0050R000000XRFmQAO]]>
              </value>
            </param>
          </params>
          <reporter-output>
          </reporter-output>
        </test-method> <!-- reachedwithBusinessLead_ScheduleTodo -->
        <test-method status="PASS" signature="tearDown()[pri:0, instance:com.crm.qa.testcases.LogActivityTest@50de0926]" name="tearDown" is-config="true" duration-ms="754" started-at="2020-03-02T09:57:48Z" finished-at="2020-03-02T09:57:49Z">
          <reporter-output>
          </reporter-output>
        </test-method> <!-- tearDown -->
        <test-method status="PASS" signature="setUp()[pri:0, instance:com.crm.qa.testcases.LogActivityTest@50de0926]" name="setUp" is-config="true" duration-ms="8457" started-at="2020-03-02T09:57:49Z" finished-at="2020-03-02T09:57:58Z">
          <reporter-output>
          </reporter-output>
        </test-method> <!-- setUp -->
        <test-method status="PASS" signature="reachedwithBusinessLead_ScheduleTodo(java.lang.String)[pri:0, instance:com.crm.qa.testcases.LogActivityTest@50de0926]" name="reachedwithBusinessLead_ScheduleTodo" duration-ms="115126" started-at="2020-03-02T09:57:58Z" data-provider="multipleUsers" finished-at="2020-03-02T09:59:53Z">
          <params>
            <param index="0">
              <value>
                <![CDATA[0050R000000XRHYQA4]]>
              </value>
            </param>
          </params>
          <reporter-output>
          </reporter-output>
        </test-method> <!-- reachedwithBusinessLead_ScheduleTodo -->
        <test-method status="PASS" signature="tearDown()[pri:0, instance:com.crm.qa.testcases.LogActivityTest@50de0926]" name="tearDown" is-config="true" duration-ms="732" started-at="2020-03-02T09:59:53Z" finished-at="2020-03-02T09:59:53Z">
          <reporter-output>
          </reporter-output>
        </test-method> <!-- tearDown -->
        <test-method status="PASS" signature="setUp()[pri:0, instance:com.crm.qa.testcases.LogActivityTest@50de0926]" name="setUp" is-config="true" duration-ms="8354" started-at="2020-03-02T09:59:53Z" finished-at="2020-03-02T10:00:02Z">
          <reporter-output>
          </reporter-output>
        </test-method> <!-- setUp -->
        <test-method status="PASS" signature="reachedwithBusinessLead_ScheduleMeeting(java.lang.String)[pri:0, instance:com.crm.qa.testcases.LogActivityTest@50de0926]" name="reachedwithBusinessLead_ScheduleMeeting" duration-ms="97854" started-at="2020-03-02T10:00:02Z" data-provider="multipleUsers" finished-at="2020-03-02T10:01:40Z">
          <params>
            <param index="0">
              <value>
                <![CDATA[0050R000000XRFmQAO]]>
              </value>
            </param>
          </params>
          <reporter-output>
          </reporter-output>
        </test-method> <!-- reachedwithBusinessLead_ScheduleMeeting -->
        <test-method status="PASS" signature="tearDown()[pri:0, instance:com.crm.qa.testcases.LogActivityTest@50de0926]" name="tearDown" is-config="true" duration-ms="741" started-at="2020-03-02T10:01:40Z" finished-at="2020-03-02T10:01:40Z">
          <reporter-output>
          </reporter-output>
        </test-method> <!-- tearDown -->
        <test-method status="PASS" signature="setUp()[pri:0, instance:com.crm.qa.testcases.LogActivityTest@50de0926]" name="setUp" is-config="true" duration-ms="8951" started-at="2020-03-02T10:01:40Z" finished-at="2020-03-02T10:01:49Z">
          <reporter-output>
          </reporter-output>
        </test-method> <!-- setUp -->
        <test-method status="PASS" signature="reachedwithBusinessLead_ScheduleMeeting(java.lang.String)[pri:0, instance:com.crm.qa.testcases.LogActivityTest@50de0926]" name="reachedwithBusinessLead_ScheduleMeeting" duration-ms="112088" started-at="2020-03-02T10:01:49Z" data-provider="multipleUsers" finished-at="2020-03-02T10:03:41Z">
          <params>
            <param index="0">
              <value>
                <![CDATA[0050R000000XRHYQA4]]>
              </value>
            </param>
          </params>
          <reporter-output>
          </reporter-output>
        </test-method> <!-- reachedwithBusinessLead_ScheduleMeeting -->
        <test-method status="PASS" signature="tearDown()[pri:0, instance:com.crm.qa.testcases.LogActivityTest@50de0926]" name="tearDown" is-config="true" duration-ms="738" started-at="2020-03-02T10:03:41Z" finished-at="2020-03-02T10:03:42Z">
          <reporter-output>
          </reporter-output>
        </test-method> <!-- tearDown -->
      </class> <!-- com.crm.qa.testcases.LogActivityTest -->
    </test> <!-- Free CRM App Test Cases -->
  </suite> <!-- FREE CRM Application Test Automation Test Suite -->
</testng-results>
