<?xml version="1.0" encoding="UTF-8"?>
<testng-results skipped="0" failed="0" ignored="17" total="72" passed="55">
  <reporter-output>
  </reporter-output>
  <suite name="SFDC Test Automation Test Suite" duration-ms="3833327" started-at="2020-01-13T16:12:33Z" finished-at="2020-01-13T17:16:27Z">
    <groups>
    </groups>
    <test name="Log a Call Test Scenarios" duration-ms="3388527" started-at="2020-01-13T16:12:33Z" finished-at="2020-01-13T17:09:02Z">
      <class name="com.crm.qa.testcases.LogActivityTest">
        <test-method status="PASS" signature="setUp()[pri:0, instance:com.crm.qa.testcases.LogActivityTest@60438a68]" name="setUp" is-config="true" duration-ms="9199" started-at="2020-01-13T09:12:33Z" finished-at="2020-01-13T09:12:42Z">
          <reporter-output>
          </reporter-output>
        </test-method> <!-- setUp -->
        <test-method status="PASS" signature="reached_multipleUsers(java.lang.String)[pri:0, instance:com.crm.qa.testcases.LogActivityTest@60438a68]" name="reached_multipleUsers" duration-ms="50476" started-at="2020-01-13T09:12:42Z" data-provider="multipleUsers" finished-at="2020-01-13T09:13:33Z">
          <params>
            <param index="0">
              <value>
                <![CDATA[0050R000000tUilQAE]]>
              </value>
            </param>
          </params>
          <reporter-output>
          </reporter-output>
        </test-method> <!-- reached_multipleUsers -->
        <test-method status="PASS" signature="tearDown()[pri:0, instance:com.crm.qa.testcases.LogActivityTest@60438a68]" name="tearDown" is-config="true" duration-ms="743" started-at="2020-01-13T09:13:33Z" finished-at="2020-01-13T09:13:34Z">
          <reporter-output>
          </reporter-output>
        </test-method> <!-- tearDown -->
        <test-method status="PASS" signature="setUp()[pri:0, instance:com.crm.qa.testcases.LogActivityTest@60438a68]" name="setUp" is-config="true" duration-ms="7721" started-at="2020-01-13T09:13:34Z" finished-at="2020-01-13T09:13:41Z">
          <reporter-output>
          </reporter-output>
        </test-method> <!-- setUp -->
        <test-method status="PASS" signature="reached_multipleUsers(java.lang.String)[pri:0, instance:com.crm.qa.testcases.LogActivityTest@60438a68]" name="reached_multipleUsers" duration-ms="47551" started-at="2020-01-13T09:13:41Z" data-provider="multipleUsers" finished-at="2020-01-13T09:14:29Z">
          <params>
            <param index="0">
              <value>
                <![CDATA[0050R000000XRHEQA4]]>
              </value>
            </param>
          </params>
          <reporter-output>
          </reporter-output>
        </test-method> <!-- reached_multipleUsers -->
        <test-method status="PASS" signature="tearDown()[pri:0, instance:com.crm.qa.testcases.LogActivityTest@60438a68]" name="tearDown" is-config="true" duration-ms="881" started-at="2020-01-13T09:14:29Z" finished-at="2020-01-13T09:14:30Z">
          <reporter-output>
          </reporter-output>
        </test-method> <!-- tearDown -->
        <test-method status="PASS" signature="setUp()[pri:0, instance:com.crm.qa.testcases.LogActivityTest@60438a68]" name="setUp" is-config="true" duration-ms="8012" started-at="2020-01-13T09:14:30Z" finished-at="2020-01-13T09:14:38Z">
          <reporter-output>
          </reporter-output>
        </test-method> <!-- setUp -->
        <test-method status="PASS" signature="reached_multipleUsers(java.lang.String)[pri:0, instance:com.crm.qa.testcases.LogActivityTest@60438a68]" name="reached_multipleUsers" duration-ms="46661" started-at="2020-01-13T09:14:38Z" data-provider="multipleUsers" finished-at="2020-01-13T09:15:24Z">
          <params>
            <param index="0">
              <value>
                <![CDATA[0050R000000XRHYQA4]]>
              </value>
            </param>
          </params>
          <reporter-output>
          </reporter-output>
        </test-method> <!-- reached_multipleUsers -->
        <test-method status="PASS" signature="tearDown()[pri:0, instance:com.crm.qa.testcases.LogActivityTest@60438a68]" name="tearDown" is-config="true" duration-ms="731" started-at="2020-01-13T09:15:24Z" finished-at="2020-01-13T09:15:25Z">
          <reporter-output>
          </reporter-output>
        </test-method> <!-- tearDown -->
        <test-method status="PASS" signature="setUp()[pri:0, instance:com.crm.qa.testcases.LogActivityTest@60438a68]" name="setUp" is-config="true" duration-ms="8653" started-at="2020-01-13T09:15:25Z" finished-at="2020-01-13T09:15:34Z">
          <reporter-output>
          </reporter-output>
        </test-method> <!-- setUp -->
        <test-method status="PASS" signature="reached_multipleUsers(java.lang.String)[pri:0, instance:com.crm.qa.testcases.LogActivityTest@60438a68]" name="reached_multipleUsers" duration-ms="45076" started-at="2020-01-13T09:15:34Z" data-provider="multipleUsers" finished-at="2020-01-13T09:16:19Z">
          <params>
            <param index="0">
              <value>
                <![CDATA[0050R000000kTdBQAU]]>
              </value>
            </param>
          </params>
          <reporter-output>
          </reporter-output>
        </test-method> <!-- reached_multipleUsers -->
        <test-method status="PASS" signature="tearDown()[pri:0, instance:com.crm.qa.testcases.LogActivityTest@60438a68]" name="tearDown" is-config="true" duration-ms="724" started-at="2020-01-13T09:16:19Z" finished-at="2020-01-13T09:16:20Z">
          <reporter-output>
          </reporter-output>
        </test-method> <!-- tearDown -->
        <test-method status="PASS" signature="setUp()[pri:0, instance:com.crm.qa.testcases.LogActivityTest@60438a68]" name="setUp" is-config="true" duration-ms="7720" started-at="2020-01-13T09:16:20Z" finished-at="2020-01-13T09:16:27Z">
          <reporter-output>
          </reporter-output>
        </test-method> <!-- setUp -->
        <test-method status="PASS" signature="notReached_multipleUsers(java.lang.String)[pri:0, instance:com.crm.qa.testcases.LogActivityTest@60438a68]" name="notReached_multipleUsers" duration-ms="47603" started-at="2020-01-13T09:16:27Z" data-provider="multipleUsers" finished-at="2020-01-13T09:17:15Z">
          <params>
            <param index="0">
              <value>
                <![CDATA[0050R000000tUilQAE]]>
              </value>
            </param>
          </params>
          <reporter-output>
          </reporter-output>
        </test-method> <!-- notReached_multipleUsers -->
        <test-method status="PASS" signature="tearDown()[pri:0, instance:com.crm.qa.testcases.LogActivityTest@60438a68]" name="tearDown" is-config="true" duration-ms="903" started-at="2020-01-13T09:17:15Z" finished-at="2020-01-13T09:17:16Z">
          <reporter-output>
          </reporter-output>
        </test-method> <!-- tearDown -->
        <test-method status="PASS" signature="setUp()[pri:0, instance:com.crm.qa.testcases.LogActivityTest@60438a68]" name="setUp" is-config="true" duration-ms="8342" started-at="2020-01-13T09:17:16Z" finished-at="2020-01-13T09:17:24Z">
          <reporter-output>
          </reporter-output>
        </test-method> <!-- setUp -->
        <test-method status="PASS" signature="notReached_multipleUsers(java.lang.String)[pri:0, instance:com.crm.qa.testcases.LogActivityTest@60438a68]" name="notReached_multipleUsers" duration-ms="48868" started-at="2020-01-13T09:17:24Z" data-provider="multipleUsers" finished-at="2020-01-13T09:18:13Z">
          <params>
            <param index="0">
              <value>
                <![CDATA[0050R000000XRHEQA4]]>
              </value>
            </param>
          </params>
          <reporter-output>
          </reporter-output>
        </test-method> <!-- notReached_multipleUsers -->
        <test-method status="PASS" signature="tearDown()[pri:0, instance:com.crm.qa.testcases.LogActivityTest@60438a68]" name="tearDown" is-config="true" duration-ms="790" started-at="2020-01-13T09:18:13Z" finished-at="2020-01-13T09:18:14Z">
          <reporter-output>
          </reporter-output>
        </test-method> <!-- tearDown -->
        <test-method status="PASS" signature="setUp()[pri:0, instance:com.crm.qa.testcases.LogActivityTest@60438a68]" name="setUp" is-config="true" duration-ms="8119" started-at="2020-01-13T09:18:14Z" finished-at="2020-01-13T09:18:22Z">
          <reporter-output>
          </reporter-output>
        </test-method> <!-- setUp -->
        <test-method status="PASS" signature="notReached_multipleUsers(java.lang.String)[pri:0, instance:com.crm.qa.testcases.LogActivityTest@60438a68]" name="notReached_multipleUsers" duration-ms="48693" started-at="2020-01-13T09:18:22Z" data-provider="multipleUsers" finished-at="2020-01-13T09:19:11Z">
          <params>
            <param index="0">
              <value>
                <![CDATA[0050R000000XRHYQA4]]>
              </value>
            </param>
          </params>
          <reporter-output>
          </reporter-output>
        </test-method> <!-- notReached_multipleUsers -->
        <test-method status="PASS" signature="tearDown()[pri:0, instance:com.crm.qa.testcases.LogActivityTest@60438a68]" name="tearDown" is-config="true" duration-ms="748" started-at="2020-01-13T09:19:11Z" finished-at="2020-01-13T09:19:11Z">
          <reporter-output>
          </reporter-output>
        </test-method> <!-- tearDown -->
        <test-method status="PASS" signature="setUp()[pri:0, instance:com.crm.qa.testcases.LogActivityTest@60438a68]" name="setUp" is-config="true" duration-ms="7780" started-at="2020-01-13T09:19:11Z" finished-at="2020-01-13T09:19:19Z">
          <reporter-output>
          </reporter-output>
        </test-method> <!-- setUp -->
        <test-method status="PASS" signature="notReached_multipleUsers(java.lang.String)[pri:0, instance:com.crm.qa.testcases.LogActivityTest@60438a68]" name="notReached_multipleUsers" duration-ms="46448" started-at="2020-01-13T09:19:19Z" data-provider="multipleUsers" finished-at="2020-01-13T09:20:06Z">
          <params>
            <param index="0">
              <value>
                <![CDATA[0050R000000kTdBQAU]]>
              </value>
            </param>
          </params>
          <reporter-output>
          </reporter-output>
        </test-method> <!-- notReached_multipleUsers -->
        <test-method status="PASS" signature="tearDown()[pri:0, instance:com.crm.qa.testcases.LogActivityTest@60438a68]" name="tearDown" is-config="true" duration-ms="746" started-at="2020-01-13T09:20:06Z" finished-at="2020-01-13T09:20:06Z">
          <reporter-output>
          </reporter-output>
        </test-method> <!-- tearDown -->
        <test-method status="PASS" signature="setUp()[pri:0, instance:com.crm.qa.testcases.LogActivityTest@60438a68]" name="setUp" is-config="true" duration-ms="8481" started-at="2020-01-13T09:20:06Z" finished-at="2020-01-13T09:20:15Z">
          <reporter-output>
          </reporter-output>
        </test-method> <!-- setUp -->
        <test-method status="PASS" signature="UnplannedMeeting_multipleUsers(java.lang.String)[pri:0, instance:com.crm.qa.testcases.LogActivityTest@60438a68]" name="UnplannedMeeting_multipleUsers" duration-ms="54578" started-at="2020-01-13T09:20:15Z" data-provider="multipleUsers" finished-at="2020-01-13T09:21:10Z">
          <params>
            <param index="0">
              <value>
                <![CDATA[0050R000000tUilQAE]]>
              </value>
            </param>
          </params>
          <reporter-output>
          </reporter-output>
        </test-method> <!-- UnplannedMeeting_multipleUsers -->
        <test-method status="PASS" signature="tearDown()[pri:0, instance:com.crm.qa.testcases.LogActivityTest@60438a68]" name="tearDown" is-config="true" duration-ms="759" started-at="2020-01-13T09:21:10Z" finished-at="2020-01-13T09:21:10Z">
          <reporter-output>
          </reporter-output>
        </test-method> <!-- tearDown -->
        <test-method status="PASS" signature="setUp()[pri:0, instance:com.crm.qa.testcases.LogActivityTest@60438a68]" name="setUp" is-config="true" duration-ms="7869" started-at="2020-01-13T09:21:10Z" finished-at="2020-01-13T09:21:18Z">
          <reporter-output>
          </reporter-output>
        </test-method> <!-- setUp -->
        <test-method status="PASS" signature="UnplannedMeeting_multipleUsers(java.lang.String)[pri:0, instance:com.crm.qa.testcases.LogActivityTest@60438a68]" name="UnplannedMeeting_multipleUsers" duration-ms="52931" started-at="2020-01-13T09:21:18Z" data-provider="multipleUsers" finished-at="2020-01-13T09:22:11Z">
          <params>
            <param index="0">
              <value>
                <![CDATA[0050R000000XRHEQA4]]>
              </value>
            </param>
          </params>
          <reporter-output>
          </reporter-output>
        </test-method> <!-- UnplannedMeeting_multipleUsers -->
        <test-method status="PASS" signature="tearDown()[pri:0, instance:com.crm.qa.testcases.LogActivityTest@60438a68]" name="tearDown" is-config="true" duration-ms="792" started-at="2020-01-13T09:22:11Z" finished-at="2020-01-13T09:22:12Z">
          <reporter-output>
          </reporter-output>
        </test-method> <!-- tearDown -->
        <test-method status="PASS" signature="setUp()[pri:0, instance:com.crm.qa.testcases.LogActivityTest@60438a68]" name="setUp" is-config="true" duration-ms="8164" started-at="2020-01-13T09:22:12Z" finished-at="2020-01-13T09:22:20Z">
          <reporter-output>
          </reporter-output>
        </test-method> <!-- setUp -->
        <test-method status="PASS" signature="UnplannedMeeting_multipleUsers(java.lang.String)[pri:0, instance:com.crm.qa.testcases.LogActivityTest@60438a68]" name="UnplannedMeeting_multipleUsers" duration-ms="54180" started-at="2020-01-13T09:22:20Z" data-provider="multipleUsers" finished-at="2020-01-13T09:23:14Z">
          <params>
            <param index="0">
              <value>
                <![CDATA[0050R000000XRHYQA4]]>
              </value>
            </param>
          </params>
          <reporter-output>
          </reporter-output>
        </test-method> <!-- UnplannedMeeting_multipleUsers -->
        <test-method status="PASS" signature="tearDown()[pri:0, instance:com.crm.qa.testcases.LogActivityTest@60438a68]" name="tearDown" is-config="true" duration-ms="757" started-at="2020-01-13T09:23:14Z" finished-at="2020-01-13T09:23:15Z">
          <reporter-output>
          </reporter-output>
        </test-method> <!-- tearDown -->
        <test-method status="PASS" signature="setUp()[pri:0, instance:com.crm.qa.testcases.LogActivityTest@60438a68]" name="setUp" is-config="true" duration-ms="7989" started-at="2020-01-13T09:23:15Z" finished-at="2020-01-13T09:23:23Z">
          <reporter-output>
          </reporter-output>
        </test-method> <!-- setUp -->
        <test-method status="PASS" signature="UnplannedMeeting_multipleUsers(java.lang.String)[pri:0, instance:com.crm.qa.testcases.LogActivityTest@60438a68]" name="UnplannedMeeting_multipleUsers" duration-ms="50594" started-at="2020-01-13T09:23:23Z" data-provider="multipleUsers" finished-at="2020-01-13T09:24:14Z">
          <params>
            <param index="0">
              <value>
                <![CDATA[0050R000000kTdBQAU]]>
              </value>
            </param>
          </params>
          <reporter-output>
          </reporter-output>
        </test-method> <!-- UnplannedMeeting_multipleUsers -->
        <test-method status="PASS" signature="tearDown()[pri:0, instance:com.crm.qa.testcases.LogActivityTest@60438a68]" name="tearDown" is-config="true" duration-ms="765" started-at="2020-01-13T09:24:14Z" finished-at="2020-01-13T09:24:14Z">
          <reporter-output>
          </reporter-output>
        </test-method> <!-- tearDown -->
        <test-method status="PASS" signature="setUp()[pri:0, instance:com.crm.qa.testcases.LogActivityTest@60438a68]" name="setUp" is-config="true" duration-ms="7755" started-at="2020-01-13T09:24:14Z" finished-at="2020-01-13T09:24:22Z">
          <reporter-output>
          </reporter-output>
        </test-method> <!-- setUp -->
        <test-method status="PASS" signature="logaCall_Reached_Household_multipleUsers(java.lang.String)[pri:0, instance:com.crm.qa.testcases.LogActivityTest@60438a68]" name="logaCall_Reached_Household_multipleUsers" duration-ms="52013" started-at="2020-01-13T09:24:22Z" data-provider="multipleUsers" finished-at="2020-01-13T09:25:14Z">
          <params>
            <param index="0">
              <value>
                <![CDATA[0050R000000tUilQAE]]>
              </value>
            </param>
          </params>
          <reporter-output>
          </reporter-output>
        </test-method> <!-- logaCall_Reached_Household_multipleUsers -->
        <test-method status="PASS" signature="tearDown()[pri:0, instance:com.crm.qa.testcases.LogActivityTest@60438a68]" name="tearDown" is-config="true" duration-ms="745" started-at="2020-01-13T09:25:14Z" finished-at="2020-01-13T09:25:15Z">
          <reporter-output>
          </reporter-output>
        </test-method> <!-- tearDown -->
        <test-method status="PASS" signature="setUp()[pri:0, instance:com.crm.qa.testcases.LogActivityTest@60438a68]" name="setUp" is-config="true" duration-ms="8056" started-at="2020-01-13T09:25:15Z" finished-at="2020-01-13T09:25:23Z">
          <reporter-output>
          </reporter-output>
        </test-method> <!-- setUp -->
        <test-method status="PASS" signature="logaCall_Reached_Household_multipleUsers(java.lang.String)[pri:0, instance:com.crm.qa.testcases.LogActivityTest@60438a68]" name="logaCall_Reached_Household_multipleUsers" duration-ms="53365" started-at="2020-01-13T09:25:23Z" data-provider="multipleUsers" finished-at="2020-01-13T09:26:16Z">
          <params>
            <param index="0">
              <value>
                <![CDATA[0050R000000XRHEQA4]]>
              </value>
            </param>
          </params>
          <reporter-output>
          </reporter-output>
        </test-method> <!-- logaCall_Reached_Household_multipleUsers -->
        <test-method status="PASS" signature="tearDown()[pri:0, instance:com.crm.qa.testcases.LogActivityTest@60438a68]" name="tearDown" is-config="true" duration-ms="722" started-at="2020-01-13T09:26:16Z" finished-at="2020-01-13T09:26:17Z">
          <reporter-output>
          </reporter-output>
        </test-method> <!-- tearDown -->
        <test-method status="PASS" signature="setUp()[pri:0, instance:com.crm.qa.testcases.LogActivityTest@60438a68]" name="setUp" is-config="true" duration-ms="7833" started-at="2020-01-13T09:26:17Z" finished-at="2020-01-13T09:26:25Z">
          <reporter-output>
          </reporter-output>
        </test-method> <!-- setUp -->
        <test-method status="PASS" signature="logaCall_Reached_Household_multipleUsers(java.lang.String)[pri:0, instance:com.crm.qa.testcases.LogActivityTest@60438a68]" name="logaCall_Reached_Household_multipleUsers" duration-ms="49413" started-at="2020-01-13T09:26:25Z" data-provider="multipleUsers" finished-at="2020-01-13T09:27:14Z">
          <params>
            <param index="0">
              <value>
                <![CDATA[0050R000000XRHYQA4]]>
              </value>
            </param>
          </params>
          <reporter-output>
          </reporter-output>
        </test-method> <!-- logaCall_Reached_Household_multipleUsers -->
        <test-method status="PASS" signature="tearDown()[pri:0, instance:com.crm.qa.testcases.LogActivityTest@60438a68]" name="tearDown" is-config="true" duration-ms="735" started-at="2020-01-13T09:27:14Z" finished-at="2020-01-13T09:27:15Z">
          <reporter-output>
          </reporter-output>
        </test-method> <!-- tearDown -->
        <test-method status="PASS" signature="setUp()[pri:0, instance:com.crm.qa.testcases.LogActivityTest@60438a68]" name="setUp" is-config="true" duration-ms="7558" started-at="2020-01-13T09:27:15Z" finished-at="2020-01-13T09:27:23Z">
          <reporter-output>
          </reporter-output>
        </test-method> <!-- setUp -->
        <test-method status="PASS" signature="logaCall_Reached_Household_multipleUsers(java.lang.String)[pri:0, instance:com.crm.qa.testcases.LogActivityTest@60438a68]" name="logaCall_Reached_Household_multipleUsers" duration-ms="48650" started-at="2020-01-13T09:27:23Z" data-provider="multipleUsers" finished-at="2020-01-13T09:28:11Z">
          <params>
            <param index="0">
              <value>
                <![CDATA[0050R000000kTdBQAU]]>
              </value>
            </param>
          </params>
          <reporter-output>
          </reporter-output>
        </test-method> <!-- logaCall_Reached_Household_multipleUsers -->
        <test-method status="PASS" signature="tearDown()[pri:0, instance:com.crm.qa.testcases.LogActivityTest@60438a68]" name="tearDown" is-config="true" duration-ms="748" started-at="2020-01-13T09:28:11Z" finished-at="2020-01-13T09:28:12Z">
          <reporter-output>
          </reporter-output>
        </test-method> <!-- tearDown -->
        <test-method status="PASS" signature="setUp()[pri:0, instance:com.crm.qa.testcases.LogActivityTest@60438a68]" name="setUp" is-config="true" duration-ms="7841" started-at="2020-01-13T09:28:12Z" finished-at="2020-01-13T09:28:20Z">
          <reporter-output>
          </reporter-output>
        </test-method> <!-- setUp -->
        <test-method status="PASS" signature="logaCall_NotReached_Household_multipleUsers(java.lang.String)[pri:0, instance:com.crm.qa.testcases.LogActivityTest@60438a68]" name="logaCall_NotReached_Household_multipleUsers" duration-ms="53143" started-at="2020-01-13T09:28:20Z" data-provider="multipleUsers" finished-at="2020-01-13T09:29:13Z">
          <params>
            <param index="0">
              <value>
                <![CDATA[0050R000000tUilQAE]]>
              </value>
            </param>
          </params>
          <reporter-output>
          </reporter-output>
        </test-method> <!-- logaCall_NotReached_Household_multipleUsers -->
        <test-method status="PASS" signature="tearDown()[pri:0, instance:com.crm.qa.testcases.LogActivityTest@60438a68]" name="tearDown" is-config="true" duration-ms="795" started-at="2020-01-13T09:29:13Z" finished-at="2020-01-13T09:29:14Z">
          <reporter-output>
          </reporter-output>
        </test-method> <!-- tearDown -->
        <test-method status="PASS" signature="setUp()[pri:0, instance:com.crm.qa.testcases.LogActivityTest@60438a68]" name="setUp" is-config="true" duration-ms="7795" started-at="2020-01-13T09:29:14Z" finished-at="2020-01-13T09:29:21Z">
          <reporter-output>
          </reporter-output>
        </test-method> <!-- setUp -->
        <test-method status="PASS" signature="logaCall_NotReached_Household_multipleUsers(java.lang.String)[pri:0, instance:com.crm.qa.testcases.LogActivityTest@60438a68]" name="logaCall_NotReached_Household_multipleUsers" duration-ms="55135" started-at="2020-01-13T09:29:21Z" data-provider="multipleUsers" finished-at="2020-01-13T09:30:17Z">
          <params>
            <param index="0">
              <value>
                <![CDATA[0050R000000XRHEQA4]]>
              </value>
            </param>
          </params>
          <reporter-output>
          </reporter-output>
        </test-method> <!-- logaCall_NotReached_Household_multipleUsers -->
        <test-method status="PASS" signature="tearDown()[pri:0, instance:com.crm.qa.testcases.LogActivityTest@60438a68]" name="tearDown" is-config="true" duration-ms="787" started-at="2020-01-13T09:30:17Z" finished-at="2020-01-13T09:30:17Z">
          <reporter-output>
          </reporter-output>
        </test-method> <!-- tearDown -->
        <test-method status="PASS" signature="setUp()[pri:0, instance:com.crm.qa.testcases.LogActivityTest@60438a68]" name="setUp" is-config="true" duration-ms="9684" started-at="2020-01-13T09:30:17Z" finished-at="2020-01-13T09:30:27Z">
          <reporter-output>
          </reporter-output>
        </test-method> <!-- setUp -->
        <test-method status="PASS" signature="logaCall_NotReached_Household_multipleUsers(java.lang.String)[pri:0, instance:com.crm.qa.testcases.LogActivityTest@60438a68]" name="logaCall_NotReached_Household_multipleUsers" duration-ms="52480" started-at="2020-01-13T09:30:27Z" data-provider="multipleUsers" finished-at="2020-01-13T09:31:20Z">
          <params>
            <param index="0">
              <value>
                <![CDATA[0050R000000XRHYQA4]]>
              </value>
            </param>
          </params>
          <reporter-output>
          </reporter-output>
        </test-method> <!-- logaCall_NotReached_Household_multipleUsers -->
        <test-method status="PASS" signature="tearDown()[pri:0, instance:com.crm.qa.testcases.LogActivityTest@60438a68]" name="tearDown" is-config="true" duration-ms="763" started-at="2020-01-13T09:31:20Z" finished-at="2020-01-13T09:31:20Z">
          <reporter-output>
          </reporter-output>
        </test-method> <!-- tearDown -->
        <test-method status="PASS" signature="setUp()[pri:0, instance:com.crm.qa.testcases.LogActivityTest@60438a68]" name="setUp" is-config="true" duration-ms="7645" started-at="2020-01-13T09:31:20Z" finished-at="2020-01-13T09:31:28Z">
          <reporter-output>
          </reporter-output>
        </test-method> <!-- setUp -->
        <test-method status="PASS" signature="logaCall_NotReached_Household_multipleUsers(java.lang.String)[pri:0, instance:com.crm.qa.testcases.LogActivityTest@60438a68]" name="logaCall_NotReached_Household_multipleUsers" duration-ms="57620" started-at="2020-01-13T09:31:28Z" data-provider="multipleUsers" finished-at="2020-01-13T09:32:26Z">
          <params>
            <param index="0">
              <value>
                <![CDATA[0050R000000kTdBQAU]]>
              </value>
            </param>
          </params>
          <reporter-output>
          </reporter-output>
        </test-method> <!-- logaCall_NotReached_Household_multipleUsers -->
        <test-method status="PASS" signature="tearDown()[pri:0, instance:com.crm.qa.testcases.LogActivityTest@60438a68]" name="tearDown" is-config="true" duration-ms="791" started-at="2020-01-13T09:32:26Z" finished-at="2020-01-13T09:32:26Z">
          <reporter-output>
          </reporter-output>
        </test-method> <!-- tearDown -->
        <test-method status="PASS" signature="setUp()[pri:0, instance:com.crm.qa.testcases.LogActivityTest@60438a68]" name="setUp" is-config="true" duration-ms="8949" started-at="2020-01-13T09:32:26Z" finished-at="2020-01-13T09:32:35Z">
          <reporter-output>
          </reporter-output>
        </test-method> <!-- setUp -->
        <test-method status="PASS" signature="logaCall_UnplannedMeeting_multipleUsers(java.lang.String)[pri:0, instance:com.crm.qa.testcases.LogActivityTest@60438a68]" name="logaCall_UnplannedMeeting_multipleUsers" duration-ms="55594" started-at="2020-01-13T09:32:35Z" data-provider="multipleUsers" finished-at="2020-01-13T09:33:31Z">
          <params>
            <param index="0">
              <value>
                <![CDATA[0050R000000tUilQAE]]>
              </value>
            </param>
          </params>
          <reporter-output>
          </reporter-output>
        </test-method> <!-- logaCall_UnplannedMeeting_multipleUsers -->
        <test-method status="PASS" signature="tearDown()[pri:0, instance:com.crm.qa.testcases.LogActivityTest@60438a68]" name="tearDown" is-config="true" duration-ms="743" started-at="2020-01-13T09:33:31Z" finished-at="2020-01-13T09:33:32Z">
          <reporter-output>
          </reporter-output>
        </test-method> <!-- tearDown -->
        <test-method status="PASS" signature="setUp()[pri:0, instance:com.crm.qa.testcases.LogActivityTest@60438a68]" name="setUp" is-config="true" duration-ms="7661" started-at="2020-01-13T09:33:32Z" finished-at="2020-01-13T09:33:39Z">
          <reporter-output>
          </reporter-output>
        </test-method> <!-- setUp -->
        <test-method status="PASS" signature="logaCall_UnplannedMeeting_multipleUsers(java.lang.String)[pri:0, instance:com.crm.qa.testcases.LogActivityTest@60438a68]" name="logaCall_UnplannedMeeting_multipleUsers" duration-ms="58391" started-at="2020-01-13T09:33:39Z" data-provider="multipleUsers" finished-at="2020-01-13T09:34:38Z">
          <params>
            <param index="0">
              <value>
                <![CDATA[0050R000000XRHEQA4]]>
              </value>
            </param>
          </params>
          <reporter-output>
          </reporter-output>
        </test-method> <!-- logaCall_UnplannedMeeting_multipleUsers -->
        <test-method status="PASS" signature="tearDown()[pri:0, instance:com.crm.qa.testcases.LogActivityTest@60438a68]" name="tearDown" is-config="true" duration-ms="749" started-at="2020-01-13T09:34:38Z" finished-at="2020-01-13T09:34:38Z">
          <reporter-output>
          </reporter-output>
        </test-method> <!-- tearDown -->
        <test-method status="PASS" signature="setUp()[pri:0, instance:com.crm.qa.testcases.LogActivityTest@60438a68]" name="setUp" is-config="true" duration-ms="8083" started-at="2020-01-13T09:34:38Z" finished-at="2020-01-13T09:34:47Z">
          <reporter-output>
          </reporter-output>
        </test-method> <!-- setUp -->
        <test-method status="PASS" signature="logaCall_UnplannedMeeting_multipleUsers(java.lang.String)[pri:0, instance:com.crm.qa.testcases.LogActivityTest@60438a68]" name="logaCall_UnplannedMeeting_multipleUsers" duration-ms="53628" started-at="2020-01-13T09:34:47Z" data-provider="multipleUsers" finished-at="2020-01-13T09:35:40Z">
          <params>
            <param index="0">
              <value>
                <![CDATA[0050R000000XRHYQA4]]>
              </value>
            </param>
          </params>
          <reporter-output>
          </reporter-output>
        </test-method> <!-- logaCall_UnplannedMeeting_multipleUsers -->
        <test-method status="PASS" signature="tearDown()[pri:0, instance:com.crm.qa.testcases.LogActivityTest@60438a68]" name="tearDown" is-config="true" duration-ms="743" started-at="2020-01-13T09:35:40Z" finished-at="2020-01-13T09:35:41Z">
          <reporter-output>
          </reporter-output>
        </test-method> <!-- tearDown -->
        <test-method status="PASS" signature="setUp()[pri:0, instance:com.crm.qa.testcases.LogActivityTest@60438a68]" name="setUp" is-config="true" duration-ms="7586" started-at="2020-01-13T09:35:41Z" finished-at="2020-01-13T09:35:49Z">
          <reporter-output>
          </reporter-output>
        </test-method> <!-- setUp -->
        <test-method status="PASS" signature="logaCall_UnplannedMeeting_multipleUsers(java.lang.String)[pri:0, instance:com.crm.qa.testcases.LogActivityTest@60438a68]" name="logaCall_UnplannedMeeting_multipleUsers" duration-ms="54198" started-at="2020-01-13T09:35:49Z" data-provider="multipleUsers" finished-at="2020-01-13T09:36:43Z">
          <params>
            <param index="0">
              <value>
                <![CDATA[0050R000000kTdBQAU]]>
              </value>
            </param>
          </params>
          <reporter-output>
          </reporter-output>
        </test-method> <!-- logaCall_UnplannedMeeting_multipleUsers -->
        <test-method status="PASS" signature="tearDown()[pri:0, instance:com.crm.qa.testcases.LogActivityTest@60438a68]" name="tearDown" is-config="true" duration-ms="741" started-at="2020-01-13T09:36:43Z" finished-at="2020-01-13T09:36:43Z">
          <reporter-output>
          </reporter-output>
        </test-method> <!-- tearDown -->
        <test-method status="PASS" signature="setUp()[pri:0, instance:com.crm.qa.testcases.LogActivityTest@60438a68]" name="setUp" is-config="true" duration-ms="7521" started-at="2020-01-13T09:36:43Z" finished-at="2020-01-13T09:36:51Z">
          <reporter-output>
          </reporter-output>
        </test-method> <!-- setUp -->
        <test-method status="PASS" signature="notReached()[pri:0, instance:com.crm.qa.testcases.LogActivityTest@60438a68]" name="notReached" duration-ms="46091" started-at="2020-01-13T09:36:51Z" finished-at="2020-01-13T09:37:37Z">
          <reporter-output>
          </reporter-output>
        </test-method> <!-- notReached -->
        <test-method status="PASS" signature="tearDown()[pri:0, instance:com.crm.qa.testcases.LogActivityTest@60438a68]" name="tearDown" is-config="true" duration-ms="731" started-at="2020-01-13T09:37:37Z" finished-at="2020-01-13T09:37:38Z">
          <reporter-output>
          </reporter-output>
        </test-method> <!-- tearDown -->
        <test-method status="PASS" signature="setUp()[pri:0, instance:com.crm.qa.testcases.LogActivityTest@60438a68]" name="setUp" is-config="true" duration-ms="7693" started-at="2020-01-13T09:37:38Z" finished-at="2020-01-13T09:37:46Z">
          <reporter-output>
          </reporter-output>
        </test-method> <!-- setUp -->
        <test-method status="PASS" signature="reached()[pri:0, instance:com.crm.qa.testcases.LogActivityTest@60438a68]" name="reached" duration-ms="46096" started-at="2020-01-13T09:37:46Z" finished-at="2020-01-13T09:38:32Z">
          <reporter-output>
          </reporter-output>
        </test-method> <!-- reached -->
        <test-method status="PASS" signature="tearDown()[pri:0, instance:com.crm.qa.testcases.LogActivityTest@60438a68]" name="tearDown" is-config="true" duration-ms="742" started-at="2020-01-13T09:38:32Z" finished-at="2020-01-13T09:38:32Z">
          <reporter-output>
          </reporter-output>
        </test-method> <!-- tearDown -->
        <test-method status="PASS" signature="setUp()[pri:0, instance:com.crm.qa.testcases.LogActivityTest@60438a68]" name="setUp" is-config="true" duration-ms="7859" started-at="2020-01-13T09:38:32Z" finished-at="2020-01-13T09:38:40Z">
          <reporter-output>
          </reporter-output>
        </test-method> <!-- setUp -->
        <test-method status="PASS" signature="UnplannedMeeting()[pri:0, instance:com.crm.qa.testcases.LogActivityTest@60438a68]" name="UnplannedMeeting" duration-ms="49392" started-at="2020-01-13T09:38:40Z" finished-at="2020-01-13T09:39:30Z">
          <reporter-output>
          </reporter-output>
        </test-method> <!-- UnplannedMeeting -->
        <test-method status="PASS" signature="tearDown()[pri:0, instance:com.crm.qa.testcases.LogActivityTest@60438a68]" name="tearDown" is-config="true" duration-ms="747" started-at="2020-01-13T09:39:30Z" finished-at="2020-01-13T09:39:30Z">
          <reporter-output>
          </reporter-output>
        </test-method> <!-- tearDown -->
        <test-method status="PASS" signature="setUp()[pri:0, instance:com.crm.qa.testcases.LogActivityTest@60438a68]" name="setUp" is-config="true" duration-ms="7758" started-at="2020-01-13T09:39:30Z" finished-at="2020-01-13T09:39:38Z">
          <reporter-output>
          </reporter-output>
        </test-method> <!-- setUp -->
        <test-method status="PASS" signature="reached_Schedule_ToDo()[pri:0, instance:com.crm.qa.testcases.LogActivityTest@60438a68]" name="reached_Schedule_ToDo" duration-ms="62439" started-at="2020-01-13T09:39:38Z" finished-at="2020-01-13T09:40:41Z">
          <reporter-output>
          </reporter-output>
        </test-method> <!-- reached_Schedule_ToDo -->
        <test-method status="PASS" signature="tearDown()[pri:0, instance:com.crm.qa.testcases.LogActivityTest@60438a68]" name="tearDown" is-config="true" duration-ms="738" started-at="2020-01-13T09:40:41Z" finished-at="2020-01-13T09:40:41Z">
          <reporter-output>
          </reporter-output>
        </test-method> <!-- tearDown -->
        <test-method status="PASS" signature="setUp()[pri:0, instance:com.crm.qa.testcases.LogActivityTest@60438a68]" name="setUp" is-config="true" duration-ms="7819" started-at="2020-01-13T09:40:41Z" finished-at="2020-01-13T09:40:49Z">
          <reporter-output>
          </reporter-output>
        </test-method> <!-- setUp -->
        <test-method status="PASS" signature="reached_Schedule_Phonecall()[pri:0, instance:com.crm.qa.testcases.LogActivityTest@60438a68]" name="reached_Schedule_Phonecall" duration-ms="61010" started-at="2020-01-13T09:40:49Z" finished-at="2020-01-13T09:41:50Z">
          <reporter-output>
          </reporter-output>
        </test-method> <!-- reached_Schedule_Phonecall -->
        <test-method status="PASS" signature="tearDown()[pri:0, instance:com.crm.qa.testcases.LogActivityTest@60438a68]" name="tearDown" is-config="true" duration-ms="722" started-at="2020-01-13T09:41:50Z" finished-at="2020-01-13T09:41:51Z">
          <reporter-output>
          </reporter-output>
        </test-method> <!-- tearDown -->
        <test-method status="PASS" signature="setUp()[pri:0, instance:com.crm.qa.testcases.LogActivityTest@60438a68]" name="setUp" is-config="true" duration-ms="7556" started-at="2020-01-13T09:41:51Z" finished-at="2020-01-13T09:41:58Z">
          <reporter-output>
          </reporter-output>
        </test-method> <!-- setUp -->
        <test-method status="PASS" signature="reached_Schedule_Appointment()[pri:0, instance:com.crm.qa.testcases.LogActivityTest@60438a68]" name="reached_Schedule_Appointment" duration-ms="57148" started-at="2020-01-13T09:41:58Z" finished-at="2020-01-13T09:42:56Z">
          <reporter-output>
          </reporter-output>
        </test-method> <!-- reached_Schedule_Appointment -->
        <test-method status="PASS" signature="tearDown()[pri:0, instance:com.crm.qa.testcases.LogActivityTest@60438a68]" name="tearDown" is-config="true" duration-ms="757" started-at="2020-01-13T09:42:56Z" finished-at="2020-01-13T09:42:56Z">
          <reporter-output>
          </reporter-output>
        </test-method> <!-- tearDown -->
        <test-method status="PASS" signature="setUp()[pri:0, instance:com.crm.qa.testcases.LogActivityTest@60438a68]" name="setUp" is-config="true" duration-ms="7891" started-at="2020-01-13T09:42:56Z" finished-at="2020-01-13T09:43:04Z">
          <reporter-output>
          </reporter-output>
        </test-method> <!-- setUp -->
        <test-method status="PASS" signature="LogACallSpouse()[pri:0, instance:com.crm.qa.testcases.LogActivityTest@60438a68]" name="LogACallSpouse" duration-ms="91422" started-at="2020-01-13T09:43:04Z" finished-at="2020-01-13T09:44:36Z">
          <reporter-output>
          </reporter-output>
        </test-method> <!-- LogACallSpouse -->
        <test-method status="PASS" signature="tearDown()[pri:0, instance:com.crm.qa.testcases.LogActivityTest@60438a68]" name="tearDown" is-config="true" duration-ms="750" started-at="2020-01-13T09:44:36Z" finished-at="2020-01-13T09:44:36Z">
          <reporter-output>
          </reporter-output>
        </test-method> <!-- tearDown -->
        <test-method status="PASS" signature="setUp()[pri:0, instance:com.crm.qa.testcases.LogActivityTest@60438a68]" name="setUp" is-config="true" duration-ms="7633" started-at="2020-01-13T09:44:36Z" finished-at="2020-01-13T09:44:44Z">
          <reporter-output>
          </reporter-output>
        </test-method> <!-- setUp -->
        <test-method status="PASS" signature="LogaCallwithSpouse_ValidateAtPrimary()[pri:0, instance:com.crm.qa.testcases.LogActivityTest@60438a68]" name="LogaCallwithSpouse_ValidateAtPrimary" duration-ms="94835" started-at="2020-01-13T09:44:44Z" finished-at="2020-01-13T09:46:19Z">
          <reporter-output>
          </reporter-output>
        </test-method> <!-- LogaCallwithSpouse_ValidateAtPrimary -->
        <test-method status="PASS" signature="tearDown()[pri:0, instance:com.crm.qa.testcases.LogActivityTest@60438a68]" name="tearDown" is-config="true" duration-ms="814" started-at="2020-01-13T09:46:19Z" finished-at="2020-01-13T09:46:20Z">
          <reporter-output>
          </reporter-output>
        </test-method> <!-- tearDown -->
        <test-method status="PASS" signature="setUp()[pri:0, instance:com.crm.qa.testcases.LogActivityTest@60438a68]" name="setUp" is-config="true" duration-ms="7746" started-at="2020-01-13T09:46:20Z" finished-at="2020-01-13T09:46:27Z">
          <reporter-output>
          </reporter-output>
        </test-method> <!-- setUp -->
        <test-method status="PASS" signature="OnlyCreateRetail_1_Account()[pri:0, instance:com.crm.qa.testcases.LogActivityTest@60438a68]" name="OnlyCreateRetail_1_Account" duration-ms="48816" started-at="2020-01-13T09:46:27Z" finished-at="2020-01-13T09:47:16Z">
          <reporter-output>
          </reporter-output>
        </test-method> <!-- OnlyCreateRetail_1_Account -->
        <test-method status="PASS" signature="tearDown()[pri:0, instance:com.crm.qa.testcases.LogActivityTest@60438a68]" name="tearDown" is-config="true" duration-ms="732" started-at="2020-01-13T09:47:16Z" finished-at="2020-01-13T09:47:17Z">
          <reporter-output>
          </reporter-output>
        </test-method> <!-- tearDown -->
        <test-method status="PASS" signature="setUp()[pri:0, instance:com.crm.qa.testcases.LogActivityTest@60438a68]" name="setUp" is-config="true" duration-ms="7702" started-at="2020-01-13T09:47:17Z" finished-at="2020-01-13T09:47:25Z">
          <reporter-output>
          </reporter-output>
        </test-method> <!-- setUp -->
        <test-method status="PASS" signature="OnlyCreateRetail_2_Account()[pri:0, instance:com.crm.qa.testcases.LogActivityTest@60438a68]" name="OnlyCreateRetail_2_Account" duration-ms="60966" started-at="2020-01-13T09:47:25Z" finished-at="2020-01-13T09:48:26Z">
          <reporter-output>
          </reporter-output>
        </test-method> <!-- OnlyCreateRetail_2_Account -->
        <test-method status="PASS" signature="tearDown()[pri:0, instance:com.crm.qa.testcases.LogActivityTest@60438a68]" name="tearDown" is-config="true" duration-ms="721" started-at="2020-01-13T09:48:26Z" finished-at="2020-01-13T09:48:26Z">
          <reporter-output>
          </reporter-output>
        </test-method> <!-- tearDown -->
        <test-method status="PASS" signature="setUp()[pri:0, instance:com.crm.qa.testcases.LogActivityTest@60438a68]" name="setUp" is-config="true" duration-ms="7705" started-at="2020-01-13T09:48:26Z" finished-at="2020-01-13T09:48:34Z">
          <reporter-output>
          </reporter-output>
        </test-method> <!-- setUp -->
        <test-method status="PASS" signature="CreateRetail1Account_Spouse()[pri:0, instance:com.crm.qa.testcases.LogActivityTest@60438a68]" name="CreateRetail1Account_Spouse" duration-ms="107766" started-at="2020-01-13T09:48:34Z" finished-at="2020-01-13T09:50:22Z">
          <reporter-output>
          </reporter-output>
        </test-method> <!-- CreateRetail1Account_Spouse -->
        <test-method status="PASS" signature="tearDown()[pri:0, instance:com.crm.qa.testcases.LogActivityTest@60438a68]" name="tearDown" is-config="true" duration-ms="823" started-at="2020-01-13T09:50:22Z" finished-at="2020-01-13T09:50:23Z">
          <reporter-output>
          </reporter-output>
        </test-method> <!-- tearDown -->
        <test-method status="PASS" signature="setUp()[pri:0, instance:com.crm.qa.testcases.LogActivityTest@60438a68]" name="setUp" is-config="true" duration-ms="8483" started-at="2020-01-13T09:50:23Z" finished-at="2020-01-13T09:50:31Z">
          <reporter-output>
          </reporter-output>
        </test-method> <!-- setUp -->
        <test-method status="PASS" signature="notReachedwithBusinessLead()[pri:0, instance:com.crm.qa.testcases.LogActivityTest@60438a68]" name="notReachedwithBusinessLead" duration-ms="55333" started-at="2020-01-13T09:50:31Z" finished-at="2020-01-13T09:51:26Z">
          <reporter-output>
          </reporter-output>
        </test-method> <!-- notReachedwithBusinessLead -->
        <test-method status="PASS" signature="tearDown()[pri:0, instance:com.crm.qa.testcases.LogActivityTest@60438a68]" name="tearDown" is-config="true" duration-ms="738" started-at="2020-01-13T09:51:26Z" finished-at="2020-01-13T09:51:27Z">
          <reporter-output>
          </reporter-output>
        </test-method> <!-- tearDown -->
        <test-method status="PASS" signature="setUp()[pri:0, instance:com.crm.qa.testcases.LogActivityTest@60438a68]" name="setUp" is-config="true" duration-ms="7866" started-at="2020-01-13T09:51:27Z" finished-at="2020-01-13T09:51:35Z">
          <reporter-output>
          </reporter-output>
        </test-method> <!-- setUp -->
        <test-method status="PASS" signature="reachedwithBusinessLead()[pri:0, instance:com.crm.qa.testcases.LogActivityTest@60438a68]" name="reachedwithBusinessLead" duration-ms="58258" started-at="2020-01-13T09:51:35Z" finished-at="2020-01-13T09:52:33Z">
          <reporter-output>
          </reporter-output>
        </test-method> <!-- reachedwithBusinessLead -->
        <test-method status="PASS" signature="tearDown()[pri:0, instance:com.crm.qa.testcases.LogActivityTest@60438a68]" name="tearDown" is-config="true" duration-ms="727" started-at="2020-01-13T09:52:33Z" finished-at="2020-01-13T09:52:34Z">
          <reporter-output>
          </reporter-output>
        </test-method> <!-- tearDown -->
        <test-method status="PASS" signature="setUp()[pri:0, instance:com.crm.qa.testcases.LogActivityTest@60438a68]" name="setUp" is-config="true" duration-ms="7816" started-at="2020-01-13T09:52:34Z" finished-at="2020-01-13T09:52:42Z">
          <reporter-output>
          </reporter-output>
        </test-method> <!-- setUp -->
        <test-method status="PASS" signature="reachedwithBusinessLead_SchedulePhoneCall()[pri:0, instance:com.crm.qa.testcases.LogActivityTest@60438a68]" name="reachedwithBusinessLead_SchedulePhoneCall" duration-ms="76453" started-at="2020-01-13T09:52:42Z" finished-at="2020-01-13T09:53:58Z">
          <reporter-output>
          </reporter-output>
        </test-method> <!-- reachedwithBusinessLead_SchedulePhoneCall -->
        <test-method status="PASS" signature="tearDown()[pri:0, instance:com.crm.qa.testcases.LogActivityTest@60438a68]" name="tearDown" is-config="true" duration-ms="737" started-at="2020-01-13T09:53:58Z" finished-at="2020-01-13T09:53:59Z">
          <reporter-output>
          </reporter-output>
        </test-method> <!-- tearDown -->
        <test-method status="PASS" signature="setUp()[pri:0, instance:com.crm.qa.testcases.LogActivityTest@60438a68]" name="setUp" is-config="true" duration-ms="8142" started-at="2020-01-13T09:53:59Z" finished-at="2020-01-13T09:54:07Z">
          <reporter-output>
          </reporter-output>
        </test-method> <!-- setUp -->
        <test-method status="PASS" signature="reachedwithBusinessLead_ScheduleTodo()[pri:0, instance:com.crm.qa.testcases.LogActivityTest@60438a68]" name="reachedwithBusinessLead_ScheduleTodo" duration-ms="78027" started-at="2020-01-13T09:54:07Z" finished-at="2020-01-13T09:55:25Z">
          <reporter-output>
          </reporter-output>
        </test-method> <!-- reachedwithBusinessLead_ScheduleTodo -->
        <test-method status="PASS" signature="tearDown()[pri:0, instance:com.crm.qa.testcases.LogActivityTest@60438a68]" name="tearDown" is-config="true" duration-ms="744" started-at="2020-01-13T09:55:25Z" finished-at="2020-01-13T09:55:26Z">
          <reporter-output>
          </reporter-output>
        </test-method> <!-- tearDown -->
        <test-method status="PASS" signature="setUp()[pri:0, instance:com.crm.qa.testcases.LogActivityTest@60438a68]" name="setUp" is-config="true" duration-ms="7878" started-at="2020-01-13T09:55:26Z" finished-at="2020-01-13T09:55:34Z">
          <reporter-output>
          </reporter-output>
        </test-method> <!-- setUp -->
        <test-method status="PASS" signature="reachedwithBusinessLead_UnplannedMeeting()[pri:0, instance:com.crm.qa.testcases.LogActivityTest@60438a68]" name="reachedwithBusinessLead_UnplannedMeeting" duration-ms="53410" started-at="2020-01-13T09:55:34Z" finished-at="2020-01-13T09:56:27Z">
          <reporter-output>
          </reporter-output>
        </test-method> <!-- reachedwithBusinessLead_UnplannedMeeting -->
        <test-method status="PASS" signature="tearDown()[pri:0, instance:com.crm.qa.testcases.LogActivityTest@60438a68]" name="tearDown" is-config="true" duration-ms="804" started-at="2020-01-13T09:56:27Z" finished-at="2020-01-13T09:56:28Z">
          <reporter-output>
          </reporter-output>
        </test-method> <!-- tearDown -->
        <test-method status="PASS" signature="setUp()[pri:0, instance:com.crm.qa.testcases.LogActivityTest@60438a68]" name="setUp" is-config="true" duration-ms="7844" started-at="2020-01-13T09:56:28Z" finished-at="2020-01-13T09:56:36Z">
          <reporter-output>
          </reporter-output>
        </test-method> <!-- setUp -->
        <test-method status="PASS" signature="reachedwithBusinessLead_ScheduleMeeting()[pri:0, instance:com.crm.qa.testcases.LogActivityTest@60438a68]" name="reachedwithBusinessLead_ScheduleMeeting" duration-ms="73297" started-at="2020-01-13T09:56:36Z" finished-at="2020-01-13T09:57:49Z">
          <reporter-output>
          </reporter-output>
        </test-method> <!-- reachedwithBusinessLead_ScheduleMeeting -->
        <test-method status="PASS" signature="tearDown()[pri:0, instance:com.crm.qa.testcases.LogActivityTest@60438a68]" name="tearDown" is-config="true" duration-ms="731" started-at="2020-01-13T09:57:49Z" finished-at="2020-01-13T09:57:50Z">
          <reporter-output>
          </reporter-output>
        </test-method> <!-- tearDown -->
        <test-method status="PASS" signature="setUp()[pri:0, instance:com.crm.qa.testcases.LogActivityTest@60438a68]" name="setUp" is-config="true" duration-ms="7876" started-at="2020-01-13T09:57:50Z" finished-at="2020-01-13T09:57:58Z">
          <reporter-output>
          </reporter-output>
        </test-method> <!-- setUp -->
        <test-method status="PASS" signature="meeting_CompleteFlow()[pri:0, instance:com.crm.qa.testcases.LogActivityTest@60438a68]" name="meeting_CompleteFlow" duration-ms="76444" started-at="2020-01-13T09:57:58Z" finished-at="2020-01-13T09:59:14Z">
          <reporter-output>
          </reporter-output>
        </test-method> <!-- meeting_CompleteFlow -->
        <test-method status="PASS" signature="tearDown()[pri:0, instance:com.crm.qa.testcases.LogActivityTest@60438a68]" name="tearDown" is-config="true" duration-ms="816" started-at="2020-01-13T09:59:14Z" finished-at="2020-01-13T09:59:15Z">
          <reporter-output>
          </reporter-output>
        </test-method> <!-- tearDown -->
        <test-method status="PASS" signature="setUp()[pri:0, instance:com.crm.qa.testcases.LogActivityTest@60438a68]" name="setUp" is-config="true" duration-ms="7725" started-at="2020-01-13T09:59:15Z" finished-at="2020-01-13T09:59:23Z">
          <reporter-output>
          </reporter-output>
        </test-method> <!-- setUp -->
        <test-method status="PASS" signature="meeting_CompleteFlowWithOptions()[pri:0, instance:com.crm.qa.testcases.LogActivityTest@60438a68]" name="meeting_CompleteFlowWithOptions" duration-ms="72239" started-at="2020-01-13T09:59:23Z" finished-at="2020-01-13T10:00:35Z">
          <reporter-output>
          </reporter-output>
        </test-method> <!-- meeting_CompleteFlowWithOptions -->
        <test-method status="PASS" signature="tearDown()[pri:0, instance:com.crm.qa.testcases.LogActivityTest@60438a68]" name="tearDown" is-config="true" duration-ms="793" started-at="2020-01-13T10:00:35Z" finished-at="2020-01-13T10:00:36Z">
          <reporter-output>
          </reporter-output>
        </test-method> <!-- tearDown -->
        <test-method status="PASS" signature="setUp()[pri:0, instance:com.crm.qa.testcases.LogActivityTest@60438a68]" name="setUp" is-config="true" duration-ms="7840" started-at="2020-01-13T10:00:36Z" finished-at="2020-01-13T10:00:44Z">
          <reporter-output>
          </reporter-output>
        </test-method> <!-- setUp -->
        <test-method status="PASS" signature="nolead_Reached_createBranchOpportunity()[pri:0, instance:com.crm.qa.testcases.LogActivityTest@60438a68]" name="nolead_Reached_createBranchOpportunity" duration-ms="62758" started-at="2020-01-13T10:00:44Z" finished-at="2020-01-13T10:01:46Z">
          <reporter-output>
          </reporter-output>
        </test-method> <!-- nolead_Reached_createBranchOpportunity -->
        <test-method status="PASS" signature="tearDown()[pri:0, instance:com.crm.qa.testcases.LogActivityTest@60438a68]" name="tearDown" is-config="true" duration-ms="728" started-at="2020-01-13T10:01:46Z" finished-at="2020-01-13T10:01:47Z">
          <reporter-output>
          </reporter-output>
        </test-method> <!-- tearDown -->
        <test-method status="PASS" signature="setUp()[pri:0, instance:com.crm.qa.testcases.LogActivityTest@60438a68]" name="setUp" is-config="true" duration-ms="8112" started-at="2020-01-13T10:01:47Z" finished-at="2020-01-13T10:01:55Z">
          <reporter-output>
          </reporter-output>
        </test-method> <!-- setUp -->
        <test-method status="PASS" signature="nolead_Reached_createWorkplaceOpportunity()[pri:0, instance:com.crm.qa.testcases.LogActivityTest@60438a68]" name="nolead_Reached_createWorkplaceOpportunity" duration-ms="66368" started-at="2020-01-13T10:01:55Z" finished-at="2020-01-13T10:03:02Z">
          <reporter-output>
          </reporter-output>
        </test-method> <!-- nolead_Reached_createWorkplaceOpportunity -->
        <test-method status="PASS" signature="tearDown()[pri:0, instance:com.crm.qa.testcases.LogActivityTest@60438a68]" name="tearDown" is-config="true" duration-ms="740" started-at="2020-01-13T10:03:02Z" finished-at="2020-01-13T10:03:02Z">
          <reporter-output>
          </reporter-output>
        </test-method> <!-- tearDown -->
        <test-method status="PASS" signature="setUp()[pri:0, instance:com.crm.qa.testcases.LogActivityTest@60438a68]" name="setUp" is-config="true" duration-ms="7662" started-at="2020-01-13T10:03:02Z" finished-at="2020-01-13T10:03:10Z">
          <reporter-output>
          </reporter-output>
        </test-method> <!-- setUp -->
        <test-method status="PASS" signature="nolead_Reached_MultipleOpportunity()[pri:0, instance:com.crm.qa.testcases.LogActivityTest@60438a68]" name="nolead_Reached_MultipleOpportunity" duration-ms="86515" started-at="2020-01-13T10:03:10Z" finished-at="2020-01-13T10:04:37Z">
          <reporter-output>
          </reporter-output>
        </test-method> <!-- nolead_Reached_MultipleOpportunity -->
        <test-method status="PASS" signature="tearDown()[pri:0, instance:com.crm.qa.testcases.LogActivityTest@60438a68]" name="tearDown" is-config="true" duration-ms="760" started-at="2020-01-13T10:04:37Z" finished-at="2020-01-13T10:04:37Z">
          <reporter-output>
          </reporter-output>
        </test-method> <!-- tearDown -->
        <test-method status="PASS" signature="setUp()[pri:0, instance:com.crm.qa.testcases.LogActivityTest@60438a68]" name="setUp" is-config="true" duration-ms="7836" started-at="2020-01-13T10:04:37Z" finished-at="2020-01-13T10:04:45Z">
          <reporter-output>
          </reporter-output>
        </test-method> <!-- setUp -->
        <test-method status="PASS" signature="UpdatePrimaryAccountdetails()[pri:0, instance:com.crm.qa.testcases.LogActivityTest@60438a68]" name="UpdatePrimaryAccountdetails" duration-ms="103931" started-at="2020-01-13T10:04:45Z" finished-at="2020-01-13T10:06:29Z">
          <reporter-output>
          </reporter-output>
        </test-method> <!-- UpdatePrimaryAccountdetails -->
        <test-method status="PASS" signature="tearDown()[pri:0, instance:com.crm.qa.testcases.LogActivityTest@60438a68]" name="tearDown" is-config="true" duration-ms="735" started-at="2020-01-13T10:06:29Z" finished-at="2020-01-13T10:06:30Z">
          <reporter-output>
          </reporter-output>
        </test-method> <!-- tearDown -->
        <test-method status="PASS" signature="setUp()[pri:0, instance:com.crm.qa.testcases.LogActivityTest@60438a68]" name="setUp" is-config="true" duration-ms="8009" started-at="2020-01-13T10:06:30Z" finished-at="2020-01-13T10:06:38Z">
          <reporter-output>
          </reporter-output>
        </test-method> <!-- setUp -->
        <test-method status="PASS" signature="UpdateSpouseAccountdetails()[pri:0, instance:com.crm.qa.testcases.LogActivityTest@60438a68]" name="UpdateSpouseAccountdetails" duration-ms="143141" started-at="2020-01-13T10:06:38Z" finished-at="2020-01-13T10:09:01Z">
          <reporter-output>
          </reporter-output>
        </test-method> <!-- UpdateSpouseAccountdetails -->
        <test-method status="PASS" signature="tearDown()[pri:0, instance:com.crm.qa.testcases.LogActivityTest@60438a68]" name="tearDown" is-config="true" duration-ms="742" started-at="2020-01-13T10:09:01Z" finished-at="2020-01-13T10:09:02Z">
          <reporter-output>
          </reporter-output>
        </test-method> <!-- tearDown -->
      </class> <!-- com.crm.qa.testcases.LogActivityTest -->
    </test> <!-- Log a Call Test Scenarios -->
    <test name="Branch Opportunity Test Scenarios" duration-ms="444465" started-at="2020-01-13T17:09:02Z" finished-at="2020-01-13T17:16:27Z">
      <class name="com.crm.qa.testcases.BranchOpportunityTest">
        <test-method status="PASS" signature="setUp()[pri:0, instance:com.crm.qa.testcases.BranchOpportunityTest@1efee8e7]" name="setUp" is-config="true" duration-ms="5651" started-at="2020-01-13T10:09:02Z" finished-at="2020-01-13T10:09:08Z">
          <reporter-output>
          </reporter-output>
        </test-method> <!-- setUp -->
        <test-method status="PASS" signature="createBranchOptty_viaAPI()[pri:0, instance:com.crm.qa.testcases.BranchOpportunityTest@1efee8e7]" name="createBranchOptty_viaAPI" duration-ms="31487" started-at="2020-01-13T10:09:08Z" finished-at="2020-01-13T10:09:39Z">
          <reporter-output>
          </reporter-output>
        </test-method> <!-- createBranchOptty_viaAPI -->
        <test-method status="PASS" signature="tearDown()[pri:0, instance:com.crm.qa.testcases.BranchOpportunityTest@1efee8e7]" name="tearDown" is-config="true" duration-ms="797" started-at="2020-01-13T10:09:39Z" finished-at="2020-01-13T10:09:40Z">
          <reporter-output>
          </reporter-output>
        </test-method> <!-- tearDown -->
        <test-method status="PASS" signature="setUp()[pri:0, instance:com.crm.qa.testcases.BranchOpportunityTest@1efee8e7]" name="setUp" is-config="true" duration-ms="6147" started-at="2020-01-13T10:09:40Z" finished-at="2020-01-13T10:09:46Z">
          <reporter-output>
          </reporter-output>
        </test-method> <!-- setUp -->
        <test-method status="PASS" signature="moveStageStatusManually()[pri:0, instance:com.crm.qa.testcases.BranchOpportunityTest@1efee8e7]" name="moveStageStatusManually" duration-ms="40152" started-at="2020-01-13T10:09:46Z" finished-at="2020-01-13T10:10:26Z">
          <reporter-output>
          </reporter-output>
        </test-method> <!-- moveStageStatusManually -->
        <test-method status="PASS" signature="tearDown()[pri:0, instance:com.crm.qa.testcases.BranchOpportunityTest@1efee8e7]" name="tearDown" is-config="true" duration-ms="974" started-at="2020-01-13T10:10:26Z" finished-at="2020-01-13T10:10:27Z">
          <reporter-output>
          </reporter-output>
        </test-method> <!-- tearDown -->
        <test-method status="PASS" signature="setUp()[pri:0, instance:com.crm.qa.testcases.BranchOpportunityTest@1efee8e7]" name="setUp" is-config="true" duration-ms="6402" started-at="2020-01-13T10:10:27Z" finished-at="2020-01-13T10:10:34Z">
          <reporter-output>
          </reporter-output>
        </test-method> <!-- setUp -->
        <test-method status="PASS" signature="opttyClosedLost_viaAPI()[pri:0, instance:com.crm.qa.testcases.BranchOpportunityTest@1efee8e7]" name="opttyClosedLost_viaAPI" duration-ms="53312" started-at="2020-01-13T10:10:34Z" finished-at="2020-01-13T10:11:27Z">
          <reporter-output>
          </reporter-output>
        </test-method> <!-- opttyClosedLost_viaAPI -->
        <test-method status="PASS" signature="tearDown()[pri:0, instance:com.crm.qa.testcases.BranchOpportunityTest@1efee8e7]" name="tearDown" is-config="true" duration-ms="725" started-at="2020-01-13T10:11:27Z" finished-at="2020-01-13T10:11:28Z">
          <reporter-output>
          </reporter-output>
        </test-method> <!-- tearDown -->
        <test-method status="PASS" signature="setUp()[pri:0, instance:com.crm.qa.testcases.BranchOpportunityTest@1efee8e7]" name="setUp" is-config="true" duration-ms="5858" started-at="2020-01-13T10:11:28Z" finished-at="2020-01-13T10:11:34Z">
          <reporter-output>
          </reporter-output>
        </test-method> <!-- setUp -->
        <test-method status="PASS" signature="logacall_notReached_Optty()[pri:0, instance:com.crm.qa.testcases.BranchOpportunityTest@1efee8e7]" name="logacall_notReached_Optty" duration-ms="61325" started-at="2020-01-13T10:11:34Z" finished-at="2020-01-13T10:12:35Z">
          <reporter-output>
          </reporter-output>
        </test-method> <!-- logacall_notReached_Optty -->
        <test-method status="PASS" signature="tearDown()[pri:0, instance:com.crm.qa.testcases.BranchOpportunityTest@1efee8e7]" name="tearDown" is-config="true" duration-ms="755" started-at="2020-01-13T10:12:35Z" finished-at="2020-01-13T10:12:36Z">
          <reporter-output>
          </reporter-output>
        </test-method> <!-- tearDown -->
        <test-method status="PASS" signature="setUp()[pri:0, instance:com.crm.qa.testcases.BranchOpportunityTest@1efee8e7]" name="setUp" is-config="true" duration-ms="5958" started-at="2020-01-13T10:12:36Z" finished-at="2020-01-13T10:12:42Z">
          <reporter-output>
          </reporter-output>
        </test-method> <!-- setUp -->
        <test-method status="PASS" signature="logacall_Reached_StageClosedLost()[pri:0, instance:com.crm.qa.testcases.BranchOpportunityTest@1efee8e7]" name="logacall_Reached_StageClosedLost" duration-ms="70219" started-at="2020-01-13T10:12:42Z" finished-at="2020-01-13T10:13:52Z">
          <reporter-output>
          </reporter-output>
        </test-method> <!-- logacall_Reached_StageClosedLost -->
        <test-method status="PASS" signature="tearDown()[pri:0, instance:com.crm.qa.testcases.BranchOpportunityTest@1efee8e7]" name="tearDown" is-config="true" duration-ms="734" started-at="2020-01-13T10:13:52Z" finished-at="2020-01-13T10:13:53Z">
          <reporter-output>
          </reporter-output>
        </test-method> <!-- tearDown -->
        <test-method status="PASS" signature="setUp()[pri:0, instance:com.crm.qa.testcases.BranchOpportunityTest@1efee8e7]" name="setUp" is-config="true" duration-ms="5698" started-at="2020-01-13T10:13:53Z" finished-at="2020-01-13T10:13:58Z">
          <reporter-output>
          </reporter-output>
        </test-method> <!-- setUp -->
        <test-method status="PASS" signature="scheduleMeetingandthenCloseMeeting()[pri:0, instance:com.crm.qa.testcases.BranchOpportunityTest@1efee8e7]" name="scheduleMeetingandthenCloseMeeting" duration-ms="55446" started-at="2020-01-13T10:13:58Z" finished-at="2020-01-13T10:14:54Z">
          <reporter-output>
          </reporter-output>
        </test-method> <!-- scheduleMeetingandthenCloseMeeting -->
        <test-method status="PASS" signature="tearDown()[pri:0, instance:com.crm.qa.testcases.BranchOpportunityTest@1efee8e7]" name="tearDown" is-config="true" duration-ms="710" started-at="2020-01-13T10:14:54Z" finished-at="2020-01-13T10:14:54Z">
          <reporter-output>
          </reporter-output>
        </test-method> <!-- tearDown -->
        <test-method status="PASS" signature="setUp()[pri:0, instance:com.crm.qa.testcases.BranchOpportunityTest@1efee8e7]" name="setUp" is-config="true" duration-ms="5781" started-at="2020-01-13T10:14:54Z" finished-at="2020-01-13T10:15:00Z">
          <reporter-output>
          </reporter-output>
        </test-method> <!-- setUp -->
        <test-method status="PASS" signature="scheduleMeetingviaNextAction()[pri:0, instance:com.crm.qa.testcases.BranchOpportunityTest@1efee8e7]" name="scheduleMeetingviaNextAction" duration-ms="85417" started-at="2020-01-13T10:15:00Z" finished-at="2020-01-13T10:16:26Z">
          <reporter-output>
          </reporter-output>
        </test-method> <!-- scheduleMeetingviaNextAction -->
        <test-method status="PASS" signature="tearDown()[pri:0, instance:com.crm.qa.testcases.BranchOpportunityTest@1efee8e7]" name="tearDown" is-config="true" duration-ms="901" started-at="2020-01-13T10:16:26Z" finished-at="2020-01-13T10:16:27Z">
          <reporter-output>
          </reporter-output>
        </test-method> <!-- tearDown -->
      </class> <!-- com.crm.qa.testcases.BranchOpportunityTest -->
    </test> <!-- Branch Opportunity Test Scenarios -->
  </suite> <!-- SFDC Test Automation Test Suite -->
</testng-results>
