<?xml version="1.0" encoding="UTF-8"?>
<testng-results skipped="0" failed="0" ignored="8" total="10" passed="2">
  <reporter-output>
  </reporter-output>
  <suite name="FREE CRM Application Test Automation Test Suite" duration-ms="143120" started-at="2020-01-14T21:06:03Z" finished-at="2020-01-14T21:08:26Z">
    <groups>
    </groups>
    <test name="Free CRM App Test Cases" duration-ms="143120" started-at="2020-01-14T21:06:03Z" finished-at="2020-01-14T21:08:26Z">
      <class name="com.crm.qa.testcases.BranchOpportunityTest">
        <test-method status="PASS" signature="setUp()[pri:0, instance:com.crm.qa.testcases.BranchOpportunityTest@4f51b3e0]" name="setUp" is-config="true" duration-ms="6700" started-at="2020-01-14T14:06:03Z" finished-at="2020-01-14T14:06:10Z">
          <reporter-output>
          </reporter-output>
        </test-method> <!-- setUp -->
        <test-method status="PASS" signature="logacall_notReached_Optty()[pri:0, instance:com.crm.qa.testcases.BranchOpportunityTest@4f51b3e0]" name="logacall_notReached_Optty" duration-ms="60890" started-at="2020-01-14T14:06:10Z" finished-at="2020-01-14T14:07:11Z">
          <reporter-output>
          </reporter-output>
        </test-method> <!-- logacall_notReached_Optty -->
        <test-method status="PASS" signature="tearDown()[pri:0, instance:com.crm.qa.testcases.BranchOpportunityTest@4f51b3e0]" name="tearDown" is-config="true" duration-ms="736" started-at="2020-01-14T14:07:11Z" finished-at="2020-01-14T14:07:12Z">
          <reporter-output>
          </reporter-output>
        </test-method> <!-- tearDown -->
        <test-method status="PASS" signature="setUp()[pri:0, instance:com.crm.qa.testcases.BranchOpportunityTest@4f51b3e0]" name="setUp" is-config="true" duration-ms="5589" started-at="2020-01-14T14:07:12Z" finished-at="2020-01-14T14:07:17Z">
          <reporter-output>
          </reporter-output>
        </test-method> <!-- setUp -->
        <test-method status="PASS" signature="logacall_Reached_StageClosedLost()[pri:0, instance:com.crm.qa.testcases.BranchOpportunityTest@4f51b3e0]" name="logacall_Reached_StageClosedLost" duration-ms="68444" started-at="2020-01-14T14:07:17Z" finished-at="2020-01-14T14:08:26Z">
          <reporter-output>
          </reporter-output>
        </test-method> <!-- logacall_Reached_StageClosedLost -->
        <test-method status="PASS" signature="tearDown()[pri:0, instance:com.crm.qa.testcases.BranchOpportunityTest@4f51b3e0]" name="tearDown" is-config="true" duration-ms="737" started-at="2020-01-14T14:08:26Z" finished-at="2020-01-14T14:08:26Z">
          <reporter-output>
          </reporter-output>
        </test-method> <!-- tearDown -->
      </class> <!-- com.crm.qa.testcases.BranchOpportunityTest -->
    </test> <!-- Free CRM App Test Cases -->
  </suite> <!-- FREE CRM Application Test Automation Test Suite -->
</testng-results>
