<?xml version="1.0" encoding="UTF-8"?>
<testng-results skipped="0" failed="0" ignored="2" total="19" passed="17">
  <reporter-output>
  </reporter-output>
  <suite name="FREE CRM Application Test Automation Test Suite" duration-ms="1920578" started-at="2020-03-17T03:36:33Z" finished-at="2020-03-17T04:08:34Z">
    <groups>
    </groups>
    <test name="Free CRM App Test Cases" duration-ms="1920578" started-at="2020-03-17T03:36:33Z" finished-at="2020-03-17T04:08:34Z">
      <class name="com.crm.qa.testcases.BranchOpportunityTest">
        <test-method status="PASS" signature="setUp()[pri:0, instance:com.crm.qa.testcases.BranchOpportunityTest@4b9e255]" name="setUp" is-config="true" duration-ms="7697" started-at="2020-03-16T20:36:34Z" finished-at="2020-03-16T20:36:41Z">
          <reporter-output>
          </reporter-output>
        </test-method> <!-- setUp -->
        <test-method status="PASS" signature="opttyClosedLost_viaAPI(java.lang.String)[pri:0, instance:com.crm.qa.testcases.BranchOpportunityTest@4b9e255]" name="opttyClosedLost_viaAPI" duration-ms="98925" started-at="2020-03-16T20:36:41Z" data-provider="multipleUsers" finished-at="2020-03-16T20:38:20Z">
          <params>
            <param index="0">
              <value>
                <![CDATA[0050R000000XRFmQAO]]>
              </value>
            </param>
          </params>
          <reporter-output>
          </reporter-output>
        </test-method> <!-- opttyClosedLost_viaAPI -->
        <test-method status="PASS" signature="tearDown()[pri:0, instance:com.crm.qa.testcases.BranchOpportunityTest@4b9e255]" name="tearDown" is-config="true" duration-ms="757" started-at="2020-03-16T20:38:20Z" finished-at="2020-03-16T20:38:21Z">
          <reporter-output>
          </reporter-output>
        </test-method> <!-- tearDown -->
        <test-method status="PASS" signature="setUp()[pri:0, instance:com.crm.qa.testcases.BranchOpportunityTest@4b9e255]" name="setUp" is-config="true" duration-ms="6334" started-at="2020-03-16T20:38:21Z" finished-at="2020-03-16T20:38:27Z">
          <reporter-output>
          </reporter-output>
        </test-method> <!-- setUp -->
        <test-method status="PASS" signature="opttyClosedLost_viaAPI(java.lang.String)[pri:0, instance:com.crm.qa.testcases.BranchOpportunityTest@4b9e255]" name="opttyClosedLost_viaAPI" duration-ms="100493" started-at="2020-03-16T20:38:27Z" data-provider="multipleUsers" finished-at="2020-03-16T20:40:08Z">
          <params>
            <param index="0">
              <value>
                <![CDATA[0050R000000XRHYQA4]]>
              </value>
            </param>
          </params>
          <reporter-output>
          </reporter-output>
        </test-method> <!-- opttyClosedLost_viaAPI -->
        <test-method status="PASS" signature="tearDown()[pri:0, instance:com.crm.qa.testcases.BranchOpportunityTest@4b9e255]" name="tearDown" is-config="true" duration-ms="748" started-at="2020-03-16T20:40:08Z" finished-at="2020-03-16T20:40:08Z">
          <reporter-output>
          </reporter-output>
        </test-method> <!-- tearDown -->
        <test-method status="PASS" signature="setUp()[pri:0, instance:com.crm.qa.testcases.BranchOpportunityTest@4b9e255]" name="setUp" is-config="true" duration-ms="6626" started-at="2020-03-16T20:40:08Z" finished-at="2020-03-16T20:40:15Z">
          <reporter-output>
          </reporter-output>
        </test-method> <!-- setUp -->
        <test-method status="PASS" signature="moveStageStatusManually(java.lang.String)[pri:0, instance:com.crm.qa.testcases.BranchOpportunityTest@4b9e255]" name="moveStageStatusManually" duration-ms="84641" started-at="2020-03-16T20:40:15Z" data-provider="multipleUsers" finished-at="2020-03-16T20:41:40Z">
          <params>
            <param index="0">
              <value>
                <![CDATA[0050R000000XRFmQAO]]>
              </value>
            </param>
          </params>
          <reporter-output>
          </reporter-output>
        </test-method> <!-- moveStageStatusManually -->
        <test-method status="PASS" signature="tearDown()[pri:0, instance:com.crm.qa.testcases.BranchOpportunityTest@4b9e255]" name="tearDown" is-config="true" duration-ms="756" started-at="2020-03-16T20:41:40Z" finished-at="2020-03-16T20:41:40Z">
          <reporter-output>
          </reporter-output>
        </test-method> <!-- tearDown -->
        <test-method status="PASS" signature="setUp()[pri:0, instance:com.crm.qa.testcases.BranchOpportunityTest@4b9e255]" name="setUp" is-config="true" duration-ms="6060" started-at="2020-03-16T20:41:40Z" finished-at="2020-03-16T20:41:47Z">
          <reporter-output>
          </reporter-output>
        </test-method> <!-- setUp -->
        <test-method status="PASS" signature="moveStageStatusManually(java.lang.String)[pri:0, instance:com.crm.qa.testcases.BranchOpportunityTest@4b9e255]" name="moveStageStatusManually" duration-ms="89182" started-at="2020-03-16T20:41:47Z" data-provider="multipleUsers" finished-at="2020-03-16T20:43:16Z">
          <params>
            <param index="0">
              <value>
                <![CDATA[0050R000000XRHYQA4]]>
              </value>
            </param>
          </params>
          <reporter-output>
          </reporter-output>
        </test-method> <!-- moveStageStatusManually -->
        <test-method status="PASS" signature="tearDown()[pri:0, instance:com.crm.qa.testcases.BranchOpportunityTest@4b9e255]" name="tearDown" is-config="true" duration-ms="800" started-at="2020-03-16T20:43:16Z" finished-at="2020-03-16T20:43:17Z">
          <reporter-output>
          </reporter-output>
        </test-method> <!-- tearDown -->
        <test-method status="PASS" signature="setUp()[pri:0, instance:com.crm.qa.testcases.BranchOpportunityTest@4b9e255]" name="setUp" is-config="true" duration-ms="5826" started-at="2020-03-16T20:43:17Z" finished-at="2020-03-16T20:43:22Z">
          <reporter-output>
          </reporter-output>
        </test-method> <!-- setUp -->
        <test-method status="PASS" signature="logacall_notReached_Optty(java.lang.String)[pri:0, instance:com.crm.qa.testcases.BranchOpportunityTest@4b9e255]" name="logacall_notReached_Optty" duration-ms="94495" started-at="2020-03-16T20:43:22Z" data-provider="multipleUsers" finished-at="2020-03-16T20:44:57Z">
          <params>
            <param index="0">
              <value>
                <![CDATA[0050R000000XRFmQAO]]>
              </value>
            </param>
          </params>
          <reporter-output>
          </reporter-output>
        </test-method> <!-- logacall_notReached_Optty -->
        <test-method status="PASS" signature="tearDown()[pri:0, instance:com.crm.qa.testcases.BranchOpportunityTest@4b9e255]" name="tearDown" is-config="true" duration-ms="796" started-at="2020-03-16T20:44:57Z" finished-at="2020-03-16T20:44:58Z">
          <reporter-output>
          </reporter-output>
        </test-method> <!-- tearDown -->
        <test-method status="PASS" signature="setUp()[pri:0, instance:com.crm.qa.testcases.BranchOpportunityTest@4b9e255]" name="setUp" is-config="true" duration-ms="5922" started-at="2020-03-16T20:44:58Z" finished-at="2020-03-16T20:45:04Z">
          <reporter-output>
          </reporter-output>
        </test-method> <!-- setUp -->
        <test-method status="PASS" signature="logacall_notReached_Optty(java.lang.String)[pri:0, instance:com.crm.qa.testcases.BranchOpportunityTest@4b9e255]" name="logacall_notReached_Optty" duration-ms="109765" started-at="2020-03-16T20:45:04Z" data-provider="multipleUsers" finished-at="2020-03-16T20:46:53Z">
          <params>
            <param index="0">
              <value>
                <![CDATA[0050R000000XRHYQA4]]>
              </value>
            </param>
          </params>
          <reporter-output>
          </reporter-output>
        </test-method> <!-- logacall_notReached_Optty -->
        <test-method status="PASS" signature="tearDown()[pri:0, instance:com.crm.qa.testcases.BranchOpportunityTest@4b9e255]" name="tearDown" is-config="true" duration-ms="780" started-at="2020-03-16T20:46:53Z" finished-at="2020-03-16T20:46:54Z">
          <reporter-output>
          </reporter-output>
        </test-method> <!-- tearDown -->
        <test-method status="PASS" signature="setUp()[pri:0, instance:com.crm.qa.testcases.BranchOpportunityTest@4b9e255]" name="setUp" is-config="true" duration-ms="11982" started-at="2020-03-16T20:46:54Z" finished-at="2020-03-16T20:47:06Z">
          <reporter-output>
          </reporter-output>
        </test-method> <!-- setUp -->
        <test-method status="PASS" signature="logacall_Reached_Optty(java.lang.String)[pri:0, instance:com.crm.qa.testcases.BranchOpportunityTest@4b9e255]" name="logacall_Reached_Optty" duration-ms="93819" started-at="2020-03-16T20:47:06Z" data-provider="multipleUsers" finished-at="2020-03-16T20:48:40Z">
          <params>
            <param index="0">
              <value>
                <![CDATA[0050R000000XRFmQAO]]>
              </value>
            </param>
          </params>
          <reporter-output>
          </reporter-output>
        </test-method> <!-- logacall_Reached_Optty -->
        <test-method status="PASS" signature="tearDown()[pri:0, instance:com.crm.qa.testcases.BranchOpportunityTest@4b9e255]" name="tearDown" is-config="true" duration-ms="760" started-at="2020-03-16T20:48:40Z" finished-at="2020-03-16T20:48:41Z">
          <reporter-output>
          </reporter-output>
        </test-method> <!-- tearDown -->
        <test-method status="PASS" signature="setUp()[pri:0, instance:com.crm.qa.testcases.BranchOpportunityTest@4b9e255]" name="setUp" is-config="true" duration-ms="6465" started-at="2020-03-16T20:48:41Z" finished-at="2020-03-16T20:48:47Z">
          <reporter-output>
          </reporter-output>
        </test-method> <!-- setUp -->
        <test-method status="PASS" signature="logacall_Reached_Optty(java.lang.String)[pri:0, instance:com.crm.qa.testcases.BranchOpportunityTest@4b9e255]" name="logacall_Reached_Optty" duration-ms="104589" started-at="2020-03-16T20:48:47Z" data-provider="multipleUsers" finished-at="2020-03-16T20:50:32Z">
          <params>
            <param index="0">
              <value>
                <![CDATA[0050R000000XRHYQA4]]>
              </value>
            </param>
          </params>
          <reporter-output>
          </reporter-output>
        </test-method> <!-- logacall_Reached_Optty -->
        <test-method status="PASS" signature="tearDown()[pri:0, instance:com.crm.qa.testcases.BranchOpportunityTest@4b9e255]" name="tearDown" is-config="true" duration-ms="775" started-at="2020-03-16T20:50:32Z" finished-at="2020-03-16T20:50:33Z">
          <reporter-output>
          </reporter-output>
        </test-method> <!-- tearDown -->
        <test-method status="PASS" signature="setUp()[pri:0, instance:com.crm.qa.testcases.BranchOpportunityTest@4b9e255]" name="setUp" is-config="true" duration-ms="7743" started-at="2020-03-16T20:50:33Z" finished-at="2020-03-16T20:50:40Z">
          <reporter-output>
          </reporter-output>
        </test-method> <!-- setUp -->
        <test-method status="PASS" signature="logacall_Reached_StageClosedLost(java.lang.String)[pri:0, instance:com.crm.qa.testcases.BranchOpportunityTest@4b9e255]" name="logacall_Reached_StageClosedLost" duration-ms="102525" started-at="2020-03-16T20:50:40Z" data-provider="multipleUsers" finished-at="2020-03-16T20:52:23Z">
          <params>
            <param index="0">
              <value>
                <![CDATA[0050R000000XRFmQAO]]>
              </value>
            </param>
          </params>
          <reporter-output>
          </reporter-output>
        </test-method> <!-- logacall_Reached_StageClosedLost -->
        <test-method status="PASS" signature="tearDown()[pri:0, instance:com.crm.qa.testcases.BranchOpportunityTest@4b9e255]" name="tearDown" is-config="true" duration-ms="845" started-at="2020-03-16T20:52:23Z" finished-at="2020-03-16T20:52:24Z">
          <reporter-output>
          </reporter-output>
        </test-method> <!-- tearDown -->
        <test-method status="PASS" signature="setUp()[pri:0, instance:com.crm.qa.testcases.BranchOpportunityTest@4b9e255]" name="setUp" is-config="true" duration-ms="6368" started-at="2020-03-16T20:52:24Z" finished-at="2020-03-16T20:52:30Z">
          <reporter-output>
          </reporter-output>
        </test-method> <!-- setUp -->
        <test-method status="PASS" signature="logacall_Reached_StageClosedLost(java.lang.String)[pri:0, instance:com.crm.qa.testcases.BranchOpportunityTest@4b9e255]" name="logacall_Reached_StageClosedLost" duration-ms="119981" started-at="2020-03-16T20:52:30Z" data-provider="multipleUsers" finished-at="2020-03-16T20:54:30Z">
          <params>
            <param index="0">
              <value>
                <![CDATA[0050R000000XRHYQA4]]>
              </value>
            </param>
          </params>
          <reporter-output>
          </reporter-output>
        </test-method> <!-- logacall_Reached_StageClosedLost -->
        <test-method status="PASS" signature="tearDown()[pri:0, instance:com.crm.qa.testcases.BranchOpportunityTest@4b9e255]" name="tearDown" is-config="true" duration-ms="757" started-at="2020-03-16T20:54:30Z" finished-at="2020-03-16T20:54:31Z">
          <reporter-output>
          </reporter-output>
        </test-method> <!-- tearDown -->
        <test-method status="PASS" signature="setUp()[pri:0, instance:com.crm.qa.testcases.BranchOpportunityTest@4b9e255]" name="setUp" is-config="true" duration-ms="5970" started-at="2020-03-16T20:54:31Z" finished-at="2020-03-16T20:54:37Z">
          <reporter-output>
          </reporter-output>
        </test-method> <!-- setUp -->
        <test-method status="PASS" signature="scheduleMeetingandthenCloseMeeting(java.lang.String)[pri:0, instance:com.crm.qa.testcases.BranchOpportunityTest@4b9e255]" name="scheduleMeetingandthenCloseMeeting" duration-ms="99967" started-at="2020-03-16T20:54:37Z" data-provider="multipleUsers" finished-at="2020-03-16T20:56:17Z">
          <params>
            <param index="0">
              <value>
                <![CDATA[0050R000000XRFmQAO]]>
              </value>
            </param>
          </params>
          <reporter-output>
          </reporter-output>
        </test-method> <!-- scheduleMeetingandthenCloseMeeting -->
        <test-method status="PASS" signature="tearDown()[pri:0, instance:com.crm.qa.testcases.BranchOpportunityTest@4b9e255]" name="tearDown" is-config="true" duration-ms="748" started-at="2020-03-16T20:56:17Z" finished-at="2020-03-16T20:56:17Z">
          <reporter-output>
          </reporter-output>
        </test-method> <!-- tearDown -->
        <test-method status="PASS" signature="setUp()[pri:0, instance:com.crm.qa.testcases.BranchOpportunityTest@4b9e255]" name="setUp" is-config="true" duration-ms="6297" started-at="2020-03-16T20:56:17Z" finished-at="2020-03-16T20:56:24Z">
          <reporter-output>
          </reporter-output>
        </test-method> <!-- setUp -->
        <test-method status="PASS" signature="scheduleMeetingandthenCloseMeeting(java.lang.String)[pri:0, instance:com.crm.qa.testcases.BranchOpportunityTest@4b9e255]" name="scheduleMeetingandthenCloseMeeting" duration-ms="116624" started-at="2020-03-16T20:56:24Z" data-provider="multipleUsers" finished-at="2020-03-16T20:58:20Z">
          <params>
            <param index="0">
              <value>
                <![CDATA[0050R000000XRHYQA4]]>
              </value>
            </param>
          </params>
          <reporter-output>
          </reporter-output>
        </test-method> <!-- scheduleMeetingandthenCloseMeeting -->
        <test-method status="PASS" signature="tearDown()[pri:0, instance:com.crm.qa.testcases.BranchOpportunityTest@4b9e255]" name="tearDown" is-config="true" duration-ms="760" started-at="2020-03-16T20:58:20Z" finished-at="2020-03-16T20:58:21Z">
          <reporter-output>
          </reporter-output>
        </test-method> <!-- tearDown -->
        <test-method status="PASS" signature="setUp()[pri:0, instance:com.crm.qa.testcases.BranchOpportunityTest@4b9e255]" name="setUp" is-config="true" duration-ms="5724" started-at="2020-03-16T20:58:21Z" finished-at="2020-03-16T20:58:27Z">
          <reporter-output>
          </reporter-output>
        </test-method> <!-- setUp -->
        <test-method status="PASS" signature="scheduleMeetingviaNextAction(java.lang.String)[pri:0, instance:com.crm.qa.testcases.BranchOpportunityTest@4b9e255]" name="scheduleMeetingviaNextAction" duration-ms="142432" started-at="2020-03-16T20:58:27Z" data-provider="Ian" finished-at="2020-03-16T21:00:49Z">
          <params>
            <param index="0">
              <value>
                <![CDATA[0050R000000XRFmQAO]]>
              </value>
            </param>
          </params>
          <reporter-output>
          </reporter-output>
        </test-method> <!-- scheduleMeetingviaNextAction -->
        <test-method status="PASS" signature="tearDown()[pri:0, instance:com.crm.qa.testcases.BranchOpportunityTest@4b9e255]" name="tearDown" is-config="true" duration-ms="968" started-at="2020-03-16T21:00:49Z" finished-at="2020-03-16T21:00:50Z">
          <reporter-output>
          </reporter-output>
        </test-method> <!-- tearDown -->
        <test-method status="PASS" signature="setUp()[pri:0, instance:com.crm.qa.testcases.BranchOpportunityTest@4b9e255]" name="setUp" is-config="true" duration-ms="6421" started-at="2020-03-16T21:00:50Z" finished-at="2020-03-16T21:00:57Z">
          <reporter-output>
          </reporter-output>
        </test-method> <!-- setUp -->
        <test-method status="PASS" signature="enrollment_BM(java.lang.String)[pri:0, instance:com.crm.qa.testcases.BranchOpportunityTest@4b9e255]" name="enrollment_BM" duration-ms="115138" started-at="2020-03-16T21:00:57Z" data-provider="multipleUsers" finished-at="2020-03-16T21:02:52Z">
          <params>
            <param index="0">
              <value>
                <![CDATA[0050R000000XRFmQAO]]>
              </value>
            </param>
          </params>
          <reporter-output>
          </reporter-output>
        </test-method> <!-- enrollment_BM -->
        <test-method status="PASS" signature="tearDown()[pri:0, instance:com.crm.qa.testcases.BranchOpportunityTest@4b9e255]" name="tearDown" is-config="true" duration-ms="762" started-at="2020-03-16T21:02:52Z" finished-at="2020-03-16T21:02:53Z">
          <reporter-output>
          </reporter-output>
        </test-method> <!-- tearDown -->
        <test-method status="PASS" signature="setUp()[pri:0, instance:com.crm.qa.testcases.BranchOpportunityTest@4b9e255]" name="setUp" is-config="true" duration-ms="6357" started-at="2020-03-16T21:02:53Z" finished-at="2020-03-16T21:02:59Z">
          <reporter-output>
          </reporter-output>
        </test-method> <!-- setUp -->
        <test-method status="PASS" signature="enrollment_BM(java.lang.String)[pri:0, instance:com.crm.qa.testcases.BranchOpportunityTest@4b9e255]" name="enrollment_BM" duration-ms="127998" started-at="2020-03-16T21:02:59Z" data-provider="multipleUsers" finished-at="2020-03-16T21:05:07Z">
          <params>
            <param index="0">
              <value>
                <![CDATA[0050R000000XRHYQA4]]>
              </value>
            </param>
          </params>
          <reporter-output>
          </reporter-output>
        </test-method> <!-- enrollment_BM -->
        <test-method status="PASS" signature="tearDown()[pri:0, instance:com.crm.qa.testcases.BranchOpportunityTest@4b9e255]" name="tearDown" is-config="true" duration-ms="762" started-at="2020-03-16T21:05:07Z" finished-at="2020-03-16T21:05:08Z">
          <reporter-output>
          </reporter-output>
        </test-method> <!-- tearDown -->
        <test-method status="PASS" signature="setUp()[pri:0, instance:com.crm.qa.testcases.BranchOpportunityTest@4b9e255]" name="setUp" is-config="true" duration-ms="6298" started-at="2020-03-16T21:05:08Z" finished-at="2020-03-16T21:05:14Z">
          <reporter-output>
          </reporter-output>
        </test-method> <!-- setUp -->
        <test-method status="PASS" signature="createNewFinancialAccount_BMOptty(java.lang.String)[pri:0, instance:com.crm.qa.testcases.BranchOpportunityTest@4b9e255]" name="createNewFinancialAccount_BMOptty" duration-ms="95239" started-at="2020-03-16T21:05:14Z" data-provider="multipleUsers" finished-at="2020-03-16T21:06:49Z">
          <params>
            <param index="0">
              <value>
                <![CDATA[0050R000000XRFmQAO]]>
              </value>
            </param>
          </params>
          <reporter-output>
          </reporter-output>
        </test-method> <!-- createNewFinancialAccount_BMOptty -->
        <test-method status="PASS" signature="tearDown()[pri:0, instance:com.crm.qa.testcases.BranchOpportunityTest@4b9e255]" name="tearDown" is-config="true" duration-ms="853" started-at="2020-03-16T21:06:49Z" finished-at="2020-03-16T21:06:50Z">
          <reporter-output>
          </reporter-output>
        </test-method> <!-- tearDown -->
        <test-method status="PASS" signature="setUp()[pri:0, instance:com.crm.qa.testcases.BranchOpportunityTest@4b9e255]" name="setUp" is-config="true" duration-ms="6032" started-at="2020-03-16T21:06:50Z" finished-at="2020-03-16T21:06:56Z">
          <reporter-output>
          </reporter-output>
        </test-method> <!-- setUp -->
        <test-method status="PASS" signature="createNewFinancialAccount_BMOptty(java.lang.String)[pri:0, instance:com.crm.qa.testcases.BranchOpportunityTest@4b9e255]" name="createNewFinancialAccount_BMOptty" duration-ms="97173" started-at="2020-03-16T21:06:56Z" data-provider="multipleUsers" finished-at="2020-03-16T21:08:33Z">
          <params>
            <param index="0">
              <value>
                <![CDATA[0050R000000XRHYQA4]]>
              </value>
            </param>
          </params>
          <reporter-output>
          </reporter-output>
        </test-method> <!-- createNewFinancialAccount_BMOptty -->
        <test-method status="PASS" signature="tearDown()[pri:0, instance:com.crm.qa.testcases.BranchOpportunityTest@4b9e255]" name="tearDown" is-config="true" duration-ms="783" started-at="2020-03-16T21:08:33Z" finished-at="2020-03-16T21:08:34Z">
          <reporter-output>
          </reporter-output>
        </test-method> <!-- tearDown -->
      </class> <!-- com.crm.qa.testcases.BranchOpportunityTest -->
    </test> <!-- Free CRM App Test Cases -->
  </suite> <!-- FREE CRM Application Test Automation Test Suite -->
</testng-results>
