<?xml version="1.0" encoding="UTF-8"?>
<testng-results skipped="0" failed="0" ignored="35" total="37" passed="2">
  <reporter-output>
  </reporter-output>
  <suite name="FREE CRM Application Test Automation Test Suite" duration-ms="228089" started-at="2019-11-20T18:20:34Z" finished-at="2019-11-20T18:24:22Z">
    <groups>
    </groups>
    <test name="Free CRM App Test Cases" duration-ms="228089" started-at="2019-11-20T18:20:34Z" finished-at="2019-11-20T18:24:22Z">
      <class name="com.crm.qa.testcases.LogActivityTest">
        <test-method status="PASS" signature="setUp()[pri:0, instance:com.crm.qa.testcases.LogActivityTest@35d176f7]" name="setUp" is-config="true" duration-ms="9459" started-at="2019-11-20T11:20:34Z" finished-at="2019-11-20T11:20:43Z">
          <reporter-output>
          </reporter-output>
        </test-method> <!-- setUp -->
        <test-method status="PASS" signature="UpdatePrimaryAccountdetails()[pri:0, instance:com.crm.qa.testcases.LogActivityTest@35d176f7]" name="UpdatePrimaryAccountdetails" duration-ms="90399" started-at="2019-11-20T11:20:43Z" finished-at="2019-11-20T11:22:14Z">
          <reporter-output>
          </reporter-output>
        </test-method> <!-- UpdatePrimaryAccountdetails -->
        <test-method status="PASS" signature="tearDown()[pri:0, instance:com.crm.qa.testcases.LogActivityTest@35d176f7]" name="tearDown" is-config="true" duration-ms="731" started-at="2019-11-20T11:22:14Z" finished-at="2019-11-20T11:22:14Z">
          <reporter-output>
          </reporter-output>
        </test-method> <!-- tearDown -->
        <test-method status="PASS" signature="setUp()[pri:0, instance:com.crm.qa.testcases.LogActivityTest@35d176f7]" name="setUp" is-config="true" duration-ms="8199" started-at="2019-11-20T11:22:14Z" finished-at="2019-11-20T11:22:23Z">
          <reporter-output>
          </reporter-output>
        </test-method> <!-- setUp -->
        <test-method status="PASS" signature="UpdateSpouseAccountdetails()[pri:0, instance:com.crm.qa.testcases.LogActivityTest@35d176f7]" name="UpdateSpouseAccountdetails" duration-ms="118546" started-at="2019-11-20T11:22:23Z" finished-at="2019-11-20T11:24:21Z">
          <reporter-output>
          </reporter-output>
        </test-method> <!-- UpdateSpouseAccountdetails -->
        <test-method status="PASS" signature="tearDown()[pri:0, instance:com.crm.qa.testcases.LogActivityTest@35d176f7]" name="tearDown" is-config="true" duration-ms="730" started-at="2019-11-20T11:24:21Z" finished-at="2019-11-20T11:24:22Z">
          <reporter-output>
          </reporter-output>
        </test-method> <!-- tearDown -->
      </class> <!-- com.crm.qa.testcases.LogActivityTest -->
    </test> <!-- Free CRM App Test Cases -->
  </suite> <!-- FREE CRM Application Test Automation Test Suite -->
</testng-results>
