<?xml version="1.0" encoding="UTF-8"?>
<testng-results skipped="0" failed="0" ignored="28" total="29" passed="1">
  <reporter-output>
  </reporter-output>
  <suite name="FREE CRM Application Test Automation Test Suite" duration-ms="100724" started-at="2020-04-08T21:18:57Z" finished-at="2020-04-08T21:20:38Z">
    <groups>
    </groups>
    <test name="Free CRM App Test Cases" duration-ms="100724" started-at="2020-04-08T21:18:57Z" finished-at="2020-04-08T21:20:38Z">
      <class name="com.crm.qa.testcases.LogActivityTest">
        <test-method status="PASS" signature="setUp()[pri:0, instance:com.crm.qa.testcases.LogActivityTest@27c6e487]" name="setUp" is-config="true" duration-ms="11220" started-at="2020-04-08T14:18:57Z" finished-at="2020-04-08T14:19:09Z">
          <reporter-output>
          </reporter-output>
        </test-method> <!-- setUp -->
        <test-method status="PASS" signature="notReached_multipleUsers(java.lang.String)[pri:0, instance:com.crm.qa.testcases.LogActivityTest@27c6e487]" name="notReached_multipleUsers" duration-ms="88695" started-at="2020-04-08T14:19:09Z" description="Log a Call with Not Reached Scenario. Test Case will be run for multiple profiles." data-provider="multipleUsers" finished-at="2020-04-08T14:20:37Z">
          <params>
            <param index="0">
              <value>
                <![CDATA[0050R000000XRFmQAO]]>
              </value>
            </param>
          </params>
          <reporter-output>
          </reporter-output>
        </test-method> <!-- notReached_multipleUsers -->
        <test-method status="PASS" signature="tearDown()[pri:0, instance:com.crm.qa.testcases.LogActivityTest@27c6e487]" name="tearDown" is-config="true" duration-ms="768" started-at="2020-04-08T14:20:37Z" finished-at="2020-04-08T14:20:38Z">
          <reporter-output>
          </reporter-output>
        </test-method> <!-- tearDown -->
      </class> <!-- com.crm.qa.testcases.LogActivityTest -->
    </test> <!-- Free CRM App Test Cases -->
  </suite> <!-- FREE CRM Application Test Automation Test Suite -->
</testng-results>
