<?xml version="1.0" encoding="UTF-8"?>
<testng-results skipped="0" failed="0" ignored="36" total="37" passed="1">
  <reporter-output>
  </reporter-output>
  <suite name="FREE CRM Application Test Automation Test Suite" duration-ms="61179" started-at="2019-11-17T09:13:29Z" finished-at="2019-11-17T09:14:30Z">
    <groups>
    </groups>
    <test name="Free CRM App Test Cases" duration-ms="61179" started-at="2019-11-17T09:13:29Z" finished-at="2019-11-17T09:14:30Z">
      <class name="com.crm.qa.testcases.LogActivityTest">
        <test-method status="PASS" signature="setUp()[pri:0, instance:com.crm.qa.testcases.LogActivityTest@35d176f7]" name="setUp" is-config="true" duration-ms="9308" started-at="2019-11-17T02:13:29Z" finished-at="2019-11-17T02:13:38Z">
          <reporter-output>
          </reporter-output>
        </test-method> <!-- setUp -->
        <test-method status="PASS" signature="experiment()[pri:0, instance:com.crm.qa.testcases.LogActivityTest@35d176f7]" name="experiment" duration-ms="51144" started-at="2019-11-17T02:13:38Z" finished-at="2019-11-17T02:14:29Z">
          <reporter-output>
          </reporter-output>
        </test-method> <!-- experiment -->
        <test-method status="PASS" signature="tearDown()[pri:0, instance:com.crm.qa.testcases.LogActivityTest@35d176f7]" name="tearDown" is-config="true" duration-ms="708" started-at="2019-11-17T02:14:29Z" finished-at="2019-11-17T02:14:30Z">
          <reporter-output>
          </reporter-output>
        </test-method> <!-- tearDown -->
      </class> <!-- com.crm.qa.testcases.LogActivityTest -->
    </test> <!-- Free CRM App Test Cases -->
  </suite> <!-- FREE CRM Application Test Automation Test Suite -->
</testng-results>
