<?xml version="1.0" encoding="UTF-8"?>
<!-- Generated by org.testng.reporters.JUnitXMLReporter -->
<testsuite hostname="PHX-ISHARAF" ignored="10" name="Branch Optty Test Scenarios" tests="7" failures="0" timestamp="05 Dec 2019 17:16:47 GMT" time="451.714" errors="0">
  <testcase name="moveStageStatusManually" time="47.25" classname="com.crm.qa.testcases.BranchOpportunityTest"/>
  <testcase name="opttyClosedLost_viaAPI" time="39.38" classname="com.crm.qa.testcases.BranchOpportunityTest">
    <skipped/>
  </testcase> <!-- opttyClosedLost_viaAPI -->
  <testcase name="opttyClosedLost_viaAPI" time="51.245" classname="com.crm.qa.testcases.BranchOpportunityTest"/>
  <testcase name="logacall_notReached_Optty" time="56.139" classname="com.crm.qa.testcases.BranchOpportunityTest"/>
  <testcase name="logacall_Reached_StageClosedLost" time="65.077" classname="com.crm.qa.testcases.BranchOpportunityTest"/>
  <testcase name="scheduleMeetingandthenCloseMeeting" time="61.398" classname="com.crm.qa.testcases.BranchOpportunityTest"/>
  <testcase name="scheduleMeetingviaNextAction" time="85.366" classname="com.crm.qa.testcases.BranchOpportunityTest"/>
  <testcase name="createBranchOpportunity" time="0.0" classname="com.crm.qa.testcases.BranchOpportunityTest">
    <ignored/>
  </testcase> <!-- createBranchOpportunity -->
  <testcase name="createWorkplaceOpportunity" time="0.0" classname="com.crm.qa.testcases.BranchOpportunityTest">
    <ignored/>
  </testcase> <!-- createWorkplaceOpportunity -->
  <testcase name="logacall_Reached_Optty" time="0.0" classname="com.crm.qa.testcases.BranchOpportunityTest">
    <ignored/>
  </testcase> <!-- logacall_Reached_Optty -->
  <testcase name="createBranchOptty_viaAPI" time="0.0" classname="com.crm.qa.testcases.BranchOpportunityTest">
    <ignored/>
  </testcase> <!-- createBranchOptty_viaAPI -->
  <testcase name="businessLead_CreateWorkplaceOpportunity" time="0.0" classname="com.crm.qa.testcases.BranchOpportunityTest">
    <ignored/>
  </testcase> <!-- businessLead_CreateWorkplaceOpportunity -->
  <testcase name="nolead_Reached_createBranchOpportunity" time="0.0" classname="com.crm.qa.testcases.BranchOpportunityTest">
    <ignored/>
  </testcase> <!-- nolead_Reached_createBranchOpportunity -->
  <testcase name="createBranchOpportunity_Schedulerefapp" time="0.0" classname="com.crm.qa.testcases.BranchOpportunityTest">
    <ignored/>
  </testcase> <!-- createBranchOpportunity_Schedulerefapp -->
  <testcase name="branchLead_CreateBranchOpportunity" time="0.0" classname="com.crm.qa.testcases.BranchOpportunityTest">
    <ignored/>
  </testcase> <!-- branchLead_CreateBranchOpportunity -->
  <testcase name="exp" time="0.0" classname="com.crm.qa.testcases.BranchOpportunityTest">
    <ignored/>
  </testcase> <!-- exp -->
  <testcase name="businessLead_CreateBranchOpportunity" time="0.0" classname="com.crm.qa.testcases.BranchOpportunityTest">
    <ignored/>
  </testcase> <!-- businessLead_CreateBranchOpportunity -->
</testsuite> <!-- Branch Optty Test Scenarios -->
