<?xml version="1.0" encoding="UTF-8"?>
<!-- Generated by org.testng.reporters.JUnitXMLReporter -->
<testsuite hostname="PHX-ISHARAF" ignored="3" name="Branch Opportunity Test Scenarios" tests="7" failures="0" timestamp="14 Jan 2020 19:18:52 GMT" time="443.694" errors="0">
  <testcase name="createBranchOptty_viaAPI" time="41.577" classname="com.crm.qa.testcases.BranchOpportunityTest"/>
  <testcase name="moveStageStatusManually" time="36.727" classname="com.crm.qa.testcases.BranchOpportunityTest"/>
  <testcase name="opttyClosedLost_viaAPI" time="50.949" classname="com.crm.qa.testcases.BranchOpportunityTest"/>
  <testcase name="logacall_notReached_Optty" time="63.45" classname="com.crm.qa.testcases.BranchOpportunityTest"/>
  <testcase name="logacall_Reached_StageClosedLost" time="67.807" classname="com.crm.qa.testcases.BranchOpportunityTest"/>
  <testcase name="scheduleMeetingandthenCloseMeeting" time="57.783" classname="com.crm.qa.testcases.BranchOpportunityTest"/>
  <testcase name="scheduleMeetingviaNextAction" time="80.67" classname="com.crm.qa.testcases.BranchOpportunityTest"/>
  <testcase name="logacall_Reached_Optty" time="0.0" classname="com.crm.qa.testcases.BranchOpportunityTest">
    <ignored/>
  </testcase> <!-- logacall_Reached_Optty -->
  <testcase name="createFinancialAccount_BMOptty" time="0.0" classname="com.crm.qa.testcases.BranchOpportunityTest">
    <ignored/>
  </testcase> <!-- createFinancialAccount_BMOptty -->
  <testcase name="exp" time="0.0" classname="com.crm.qa.testcases.BranchOpportunityTest">
    <ignored/>
  </testcase> <!-- exp -->
</testsuite> <!-- Branch Opportunity Test Scenarios -->
