<?xml version="1.0" encoding="UTF-8"?>
<!-- Generated by org.testng.reporters.JUnitXMLReporter -->
<testsuite hostname="PHX-ISHARAF" ignored="4" name="Log a Call Test Scenarios" tests="30" failures="3" timestamp="09 Apr 2020 17:33:11 GMT" time="5494.275" errors="0">
  <testcase name="reached_multipleUsers" time="113.273" classname="com.crm.qa.testcases.LogActivityTest"/>
  <testcase name="notReached_multipleUsers" time="124.233" classname="com.crm.qa.testcases.LogActivityTest"/>
  <testcase name="UnplannedMeeting_withOutcome_NoShow_multipleUsers" time="113.16" classname="com.crm.qa.testcases.LogActivityTest"/>
  <testcase name="UnplannedMeeting_withOutcome_Cancelled_multipleUsers" time="116.171" classname="com.crm.qa.testcases.LogActivityTest"/>
  <testcase name="UnplannedMeeting_withOutcome_Completed_multipleUsers" time="118.91" classname="com.crm.qa.testcases.LogActivityTest"/>
  <testcase name="UnplannedMeeting_withMeeting_OnPhone_multipleUsers" time="105.664" classname="com.crm.qa.testcases.LogActivityTest"/>
  <testcase name="UnplannedMeeting_withMeeting_OnSiteEvent_multipleUsers" time="113.638" classname="com.crm.qa.testcases.LogActivityTest"/>
  <testcase name="UnplannedMeeting_withMeeting_VirtualMeeting_multipleUsers" time="111.904" classname="com.crm.qa.testcases.LogActivityTest"/>
  <testcase name="reached_Schedule_ToDo" time="110.834" classname="com.crm.qa.testcases.LogActivityTest"/>
  <testcase name="reached_Schedule_Phonecall" time="119.729" classname="com.crm.qa.testcases.LogActivityTest"/>
  <testcase name="reached_Schedule_Appointment" time="122.238" classname="com.crm.qa.testcases.LogActivityTest"/>
  <testcase name="notReachedwithBusinessLead" time="110.553" classname="com.crm.qa.testcases.LogActivityTest"/>
  <testcase name="reachedwithBusinessLead" time="111.105" classname="com.crm.qa.testcases.LogActivityTest"/>
  <testcase name="reachedwithBusinessLead_SchedulePhoneCall" time="125.388" classname="com.crm.qa.testcases.LogActivityTest"/>
  <testcase name="reachedwithBusinessLead_ScheduleTodo" time="128.254" classname="com.crm.qa.testcases.LogActivityTest"/>
  <testcase name="reachedwithBusinessLead_ScheduleMeeting" time="126.226" classname="com.crm.qa.testcases.LogActivityTest"/>
  <testcase name="UnplannedMeetingWithExistingMeeting" time="148.136" classname="com.crm.qa.testcases.LogActivityTest"/>
  <testcase name="meeting_CompleteFlow" time="92.81" classname="com.crm.qa.testcases.LogActivityTest"/>
  <testcase name="AddSpouseandLogaCallPrimary" time="386.195" classname="com.crm.qa.testcases.LogActivityTest">
    <skipped/>
  </testcase> <!-- AddSpouseandLogaCallPrimary -->
  <testcase name="AddSpouseandLogaCallPrimary" time="385.092" classname="com.crm.qa.testcases.LogActivityTest">
    <failure type="org.openqa.selenium.TimeoutException" message="Expected condition failed: waiting for visibility of Proxy element for: DefaultElementLocator &amp;apos;By.xpath: //div[contains(@class, &amp;apos;modal-body&amp;apos;)]//input[contains(@name,&amp;apos;Partner_Spouse_First_Name&amp;apos;)]&amp;apos; (tried for 60 second(s) with 500 MILLISECONDS interval)">
      <![CDATA[org.openqa.selenium.TimeoutException: Expected condition failed: waiting for visibility of Proxy element for: DefaultElementLocator 'By.xpath: //div[contains(@class, 'modal-body')]//input[contains(@name,'Partner_Spouse_First_Name')]' (tried for 60 second(s) with 500 MILLISECONDS interval)
	at org.openqa.selenium.support.ui.WebDriverWait.timeoutException(WebDriverWait.java:80)
	at org.openqa.selenium.support.ui.FluentWait.until(FluentWait.java:232)
	at com.crm.qa.util.TestUtil.waitUntilElementVisible(TestUtil.java:159)
	at com.crm.qa.pages.HouseholdPage.addSpouse(HouseholdPage.java:264)
	at com.crm.qa.testcases.LogActivityTest.AddSpouseandLogaCallPrimary(LogActivityTest.java:371)
	at java.util.concurrent.ThreadPoolExecutor.runWorker(Unknown Source)
	at java.util.concurrent.ThreadPoolExecutor$Worker.run(Unknown Source)
	at java.lang.Thread.run(Unknown Source)
Caused by: org.openqa.selenium.NoSuchElementException: no such element: Unable to locate element: {"method":"xpath","selector":"//div[contains(@class, 'modal-body')]//input[contains(@name,'Partner_Spouse_First_Name')]"}
  (Session info: chrome=79.0.3945.130)
For documentation on this error, please visit: http://seleniumhq.org/exceptions/no_such_element.html
Build info: version: '3.5.3', revision: 'a88d25fe6b', time: '2017-08-29T12:42:44.417Z'
System info: host: 'PHX-ISHARAF', ip: '192.168.125.204', os.name: 'Windows 10', os.arch: 'amd64', os.version: '10.0', java.version: '1.8.0_221'
Driver info: org.openqa.selenium.chrome.ChromeDriver
Capabilities [{networkConnectionEnabled=false, chrome={chromedriverVersion=79.0.3945.16 (93fcc21110c10dbbd49bbff8f472335360e31d05-refs/branch-heads/3945@{#262}), userDataDir=C:\Users\ISharaf\AppData\Local\Temp\scoped_dir50780_99587058}, timeouts={implicit=0, pageLoad=300000, script=30000}, pageLoadStrategy=normal, unhandledPromptBehavior=accept, strictFileInteractability=false, platform=XP, proxy=Proxy(), goog:chromeOptions={debuggerAddress=localhost:60991}, acceptInsecureCerts=false, browserVersion=79.0.3945.130, browserName=chrome, javascriptEnabled=true, platformName=XP, setWindowRect=true}]
Session ID: 258e8574fb283cf63ea99e8c0fc84aca
*** Element info: {Using=xpath, value=//div[contains(@class, 'modal-body')]//input[contains(@name,'Partner_Spouse_First_Name')]}
	at org.openqa.selenium.remote.http.W3CHttpResponseCodec.createException(W3CHttpResponseCodec.java:185)
	at org.openqa.selenium.remote.http.W3CHttpResponseCodec.decode(W3CHttpResponseCodec.java:120)
	at org.openqa.selenium.remote.http.W3CHttpResponseCodec.decode(W3CHttpResponseCodec.java:49)
	at org.openqa.selenium.remote.HttpCommandExecutor.execute(HttpCommandExecutor.java:164)
	at org.openqa.selenium.remote.service.DriverCommandExecutor.execute(DriverCommandExecutor.java:82)
	at org.openqa.selenium.remote.RemoteWebDriver.execute(RemoteWebDriver.java:646)
	at org.openqa.selenium.remote.RemoteWebDriver.findElement(RemoteWebDriver.java:416)
	at org.openqa.selenium.remote.RemoteWebDriver.findElementByXPath(RemoteWebDriver.java:518)
	at org.openqa.selenium.By$ByXPath.findElement(By.java:361)
	at org.openqa.selenium.remote.RemoteWebDriver.findElement(RemoteWebDriver.java:408)
	at org.openqa.selenium.support.events.EventFiringWebDriver$2.invoke(EventFiringWebDriver.java:105)
	at com.sun.proxy.$Proxy8.findElement(Unknown Source)
	at org.openqa.selenium.support.events.EventFiringWebDriver.findElement(EventFiringWebDriver.java:189)
	at org.openqa.selenium.support.pagefactory.DefaultElementLocator.findElement(DefaultElementLocator.java:69)
	at org.openqa.selenium.support.pagefactory.internal.LocatingElementHandler.invoke(LocatingElementHandler.java:38)
	at com.sun.proxy.$Proxy12.isDisplayed(Unknown Source)
	at org.openqa.selenium.support.ui.ExpectedConditions.elementIfVisible(ExpectedConditions.java:302)
	at org.openqa.selenium.support.ui.ExpectedConditions.access$100(ExpectedConditions.java:44)
	at org.openqa.selenium.support.ui.ExpectedConditions$10.apply(ExpectedConditions.java:288)
	at org.openqa.selenium.support.ui.ExpectedConditions$10.apply(ExpectedConditions.java:285)
	at org.openqa.selenium.support.ui.FluentWait.until(FluentWait.java:209)
	... 16 more
... Removed 17 stack frames]]>
    </failure>
  </testcase> <!-- AddSpouseandLogaCallPrimary -->
  <testcase name="LogaCallwithSpouse_ValidateAtPrimary" time="375.53" classname="com.crm.qa.testcases.LogActivityTest">
    <skipped/>
  </testcase> <!-- LogaCallwithSpouse_ValidateAtPrimary -->
  <testcase name="LogaCallwithSpouse_ValidateAtPrimary" time="148.915" classname="com.crm.qa.testcases.LogActivityTest"/>
  <testcase name="UpdatePrimaryAccountdetails" time="106.237" classname="com.crm.qa.testcases.LogActivityTest">
    <skipped/>
  </testcase> <!-- UpdatePrimaryAccountdetails -->
  <testcase name="UpdatePrimaryAccountdetails" time="98.283" classname="com.crm.qa.testcases.LogActivityTest"/>
  <testcase name="UpdateSpouseAccountdetails" time="373.874" classname="com.crm.qa.testcases.LogActivityTest">
    <skipped/>
  </testcase> <!-- UpdateSpouseAccountdetails -->
  <testcase name="UpdateSpouseAccountdetails" time="370.41" classname="com.crm.qa.testcases.LogActivityTest">
    <failure type="org.openqa.selenium.TimeoutException" message="Expected condition failed: waiting for visibility of Proxy element for: DefaultElementLocator &amp;apos;By.xpath: //div[contains(@class, &amp;apos;modal-body&amp;apos;)]//input[contains(@name,&amp;apos;Partner_Spouse_First_Name&amp;apos;)]&amp;apos; (tried for 60 second(s) with 500 MILLISECONDS interval)">
      <![CDATA[org.openqa.selenium.TimeoutException: Expected condition failed: waiting for visibility of Proxy element for: DefaultElementLocator 'By.xpath: //div[contains(@class, 'modal-body')]//input[contains(@name,'Partner_Spouse_First_Name')]' (tried for 60 second(s) with 500 MILLISECONDS interval)
	at org.openqa.selenium.support.ui.WebDriverWait.timeoutException(WebDriverWait.java:80)
	at org.openqa.selenium.support.ui.FluentWait.until(FluentWait.java:232)
	at com.crm.qa.util.TestUtil.waitUntilElementVisible(TestUtil.java:159)
	at com.crm.qa.pages.HouseholdPage.addSpouse(HouseholdPage.java:264)
	at com.crm.qa.testcases.LogActivityTest.UpdateSpouseAccountdetails(LogActivityTest.java:439)
	at java.util.concurrent.ThreadPoolExecutor.runWorker(Unknown Source)
	at java.util.concurrent.ThreadPoolExecutor$Worker.run(Unknown Source)
	at java.lang.Thread.run(Unknown Source)
Caused by: org.openqa.selenium.NoSuchElementException: no such element: Unable to locate element: {"method":"xpath","selector":"//div[contains(@class, 'modal-body')]//input[contains(@name,'Partner_Spouse_First_Name')]"}
  (Session info: chrome=79.0.3945.130)
For documentation on this error, please visit: http://seleniumhq.org/exceptions/no_such_element.html
Build info: version: '3.5.3', revision: 'a88d25fe6b', time: '2017-08-29T12:42:44.417Z'
System info: host: 'PHX-ISHARAF', ip: '192.168.125.204', os.name: 'Windows 10', os.arch: 'amd64', os.version: '10.0', java.version: '1.8.0_221'
Driver info: org.openqa.selenium.chrome.ChromeDriver
Capabilities [{networkConnectionEnabled=false, chrome={chromedriverVersion=79.0.3945.16 (93fcc21110c10dbbd49bbff8f472335360e31d05-refs/branch-heads/3945@{#262}), userDataDir=C:\Users\ISharaf\AppData\Local\Temp\scoped_dir26060_876567212}, timeouts={implicit=0, pageLoad=300000, script=30000}, pageLoadStrategy=normal, unhandledPromptBehavior=accept, strictFileInteractability=false, platform=XP, proxy=Proxy(), goog:chromeOptions={debuggerAddress=localhost:53496}, acceptInsecureCerts=false, browserVersion=79.0.3945.130, browserName=chrome, javascriptEnabled=true, platformName=XP, setWindowRect=true}]
Session ID: 0df8b6564e77ef3683c2a16cff0f9472
*** Element info: {Using=xpath, value=//div[contains(@class, 'modal-body')]//input[contains(@name,'Partner_Spouse_First_Name')]}
	at org.openqa.selenium.remote.http.W3CHttpResponseCodec.createException(W3CHttpResponseCodec.java:185)
	at org.openqa.selenium.remote.http.W3CHttpResponseCodec.decode(W3CHttpResponseCodec.java:120)
	at org.openqa.selenium.remote.http.W3CHttpResponseCodec.decode(W3CHttpResponseCodec.java:49)
	at org.openqa.selenium.remote.HttpCommandExecutor.execute(HttpCommandExecutor.java:164)
	at org.openqa.selenium.remote.service.DriverCommandExecutor.execute(DriverCommandExecutor.java:82)
	at org.openqa.selenium.remote.RemoteWebDriver.execute(RemoteWebDriver.java:646)
	at org.openqa.selenium.remote.RemoteWebDriver.findElement(RemoteWebDriver.java:416)
	at org.openqa.selenium.remote.RemoteWebDriver.findElementByXPath(RemoteWebDriver.java:518)
	at org.openqa.selenium.By$ByXPath.findElement(By.java:361)
	at org.openqa.selenium.remote.RemoteWebDriver.findElement(RemoteWebDriver.java:408)
	at org.openqa.selenium.support.events.EventFiringWebDriver$2.invoke(EventFiringWebDriver.java:105)
	at com.sun.proxy.$Proxy8.findElement(Unknown Source)
	at org.openqa.selenium.support.events.EventFiringWebDriver.findElement(EventFiringWebDriver.java:189)
	at org.openqa.selenium.support.pagefactory.DefaultElementLocator.findElement(DefaultElementLocator.java:69)
	at org.openqa.selenium.support.pagefactory.internal.LocatingElementHandler.invoke(LocatingElementHandler.java:38)
	at com.sun.proxy.$Proxy12.isDisplayed(Unknown Source)
	at org.openqa.selenium.support.ui.ExpectedConditions.elementIfVisible(ExpectedConditions.java:302)
	at org.openqa.selenium.support.ui.ExpectedConditions.access$100(ExpectedConditions.java:44)
	at org.openqa.selenium.support.ui.ExpectedConditions$10.apply(ExpectedConditions.java:288)
	at org.openqa.selenium.support.ui.ExpectedConditions$10.apply(ExpectedConditions.java:285)
	at org.openqa.selenium.support.ui.FluentWait.until(FluentWait.java:209)
	... 16 more
... Removed 17 stack frames]]>
    </failure>
  </testcase> <!-- UpdateSpouseAccountdetails -->
  <testcase name="nolead_Reached_createBranchOpportunity" time="115.179" classname="com.crm.qa.testcases.LogActivityTest"/>
  <testcase name="validateFinancialDataForSponsoredClient" time="196.993" classname="com.crm.qa.testcases.LogActivityTest"/>
  <testcase name="validateEmail" time="365.112" classname="com.crm.qa.testcases.LogActivityTest">
    <skipped/>
  </testcase> <!-- validateEmail -->
  <testcase name="validateEmail" time="72.179" classname="com.crm.qa.testcases.LogActivityTest">
    <failure type="org.openqa.selenium.StaleElementReferenceException" message="stale element reference: element is not attached to the page document
  (Session info: chrome=79.0.3945.130)
For documentation on this error, please visit: http://seleniumhq.org/exceptions/stale_element_reference.html
Build info: version: &amp;apos;3.5.3&amp;apos;, revision: &amp;apos;a88d25fe6b&amp;apos;, time: &amp;apos;2017-08-29T12:42:44.417Z&amp;apos;
System info: host: &amp;apos;PHX-ISHARAF&amp;apos;, ip: &amp;apos;192.168.125.204&amp;apos;, os.name: &amp;apos;Windows 10&amp;apos;, os.arch: &amp;apos;amd64&amp;apos;, os.version: &amp;apos;10.0&amp;apos;, java.version: &amp;apos;1.8.0_221&amp;apos;
Driver info: org.openqa.selenium.chrome.ChromeDriver
Capabilities [{networkConnectionEnabled=false, chrome={chromedriverVersion=79.0.3945.16 (93fcc21110c10dbbd49bbff8f472335360e31d05-refs/branch-heads/3945@{#262}), userDataDir=C:\Users\ISharaf\AppData\Local\Temp\scoped_dir64444_1904288346}, timeouts={implicit=0, pageLoad=300000, script=30000}, pageLoadStrategy=normal, unhandledPromptBehavior=accept, strictFileInteractability=false, platform=XP, proxy=Proxy(), goog:chromeOptions={debuggerAddress=localhost:54693}, acceptInsecureCerts=false, browserVersion=79.0.3945.130, browserName=chrome, javascriptEnabled=true, platformName=XP, setWindowRect=true}]
Session ID: 226743be0235e6fd5ddea4e5e117ad8f">
      <![CDATA[org.openqa.selenium.StaleElementReferenceException: stale element reference: element is not attached to the page document
  (Session info: chrome=79.0.3945.130)
For documentation on this error, please visit: http://seleniumhq.org/exceptions/stale_element_reference.html
Build info: version: '3.5.3', revision: 'a88d25fe6b', time: '2017-08-29T12:42:44.417Z'
System info: host: 'PHX-ISHARAF', ip: '192.168.125.204', os.name: 'Windows 10', os.arch: 'amd64', os.version: '10.0', java.version: '1.8.0_221'
Driver info: org.openqa.selenium.chrome.ChromeDriver
Capabilities [{networkConnectionEnabled=false, chrome={chromedriverVersion=79.0.3945.16 (93fcc21110c10dbbd49bbff8f472335360e31d05-refs/branch-heads/3945@{#262}), userDataDir=C:\Users\ISharaf\AppData\Local\Temp\scoped_dir64444_1904288346}, timeouts={implicit=0, pageLoad=300000, script=30000}, pageLoadStrategy=normal, unhandledPromptBehavior=accept, strictFileInteractability=false, platform=XP, proxy=Proxy(), goog:chromeOptions={debuggerAddress=localhost:54693}, acceptInsecureCerts=false, browserVersion=79.0.3945.130, browserName=chrome, javascriptEnabled=true, platformName=XP, setWindowRect=true}]
Session ID: 226743be0235e6fd5ddea4e5e117ad8f
	at org.openqa.selenium.remote.http.W3CHttpResponseCodec.createException(W3CHttpResponseCodec.java:185)
	at org.openqa.selenium.remote.http.W3CHttpResponseCodec.decode(W3CHttpResponseCodec.java:120)
	at org.openqa.selenium.remote.http.W3CHttpResponseCodec.decode(W3CHttpResponseCodec.java:49)
	at org.openqa.selenium.remote.HttpCommandExecutor.execute(HttpCommandExecutor.java:164)
	at org.openqa.selenium.remote.service.DriverCommandExecutor.execute(DriverCommandExecutor.java:82)
	at org.openqa.selenium.remote.RemoteWebDriver.execute(RemoteWebDriver.java:646)
	at org.openqa.selenium.remote.RemoteWebElement.execute(RemoteWebElement.java:275)
	at org.openqa.selenium.remote.RemoteWebElement.isDisplayed(RemoteWebElement.java:316)
	at org.openqa.selenium.support.events.EventFiringWebDriver$EventFiringWebElement$1.invoke(EventFiringWebDriver.java:350)
	at com.sun.proxy.$Proxy13.isDisplayed(Unknown Source)
	at org.openqa.selenium.support.events.EventFiringWebDriver$EventFiringWebElement.isDisplayed(EventFiringWebDriver.java:404)
	at org.openqa.selenium.support.pagefactory.internal.LocatingElementHandler.invoke(LocatingElementHandler.java:51)
	at com.sun.proxy.$Proxy12.isDisplayed(Unknown Source)
	at org.openqa.selenium.support.ui.ExpectedConditions.elementIfVisible(ExpectedConditions.java:302)
	at org.openqa.selenium.support.ui.ExpectedConditions.access$100(ExpectedConditions.java:44)
	at org.openqa.selenium.support.ui.ExpectedConditions$10.apply(ExpectedConditions.java:288)
	at org.openqa.selenium.support.ui.ExpectedConditions$10.apply(ExpectedConditions.java:285)
	at org.openqa.selenium.support.ui.FluentWait.until(FluentWait.java:209)
	at com.crm.qa.util.TestUtil.waitUntilElementVisible(TestUtil.java:159)
	at com.crm.qa.util.TestUtil.clickElement(TestUtil.java:145)
	at com.crm.qa.pages.DetailsPage.validateEmail(DetailsPage.java:818)
	at com.crm.qa.testcases.LogActivityTest.validateEmail(LogActivityTest.java:523)
	at java.util.concurrent.ThreadPoolExecutor.runWorker(Unknown Source)
	at java.util.concurrent.ThreadPoolExecutor$Worker.run(Unknown Source)
	at java.lang.Thread.run(Unknown Source)
... Removed 20 stack frames]]>
    </failure>
  </testcase> <!-- validateEmail -->
  <testcase name="CreateAccount_Spouse" time="0.0" classname="com.crm.qa.testcases.LogActivityTest">
    <ignored/>
  </testcase> <!-- CreateAccount_Spouse -->
  <testcase name="nolead_Reached_MultipleOpportunity" time="0.0" classname="com.crm.qa.testcases.LogActivityTest">
    <ignored/>
  </testcase> <!-- nolead_Reached_MultipleOpportunity -->
  <testcase name="nolead_Reached_createWorkplaceOpportunity" time="0.0" classname="com.crm.qa.testcases.LogActivityTest">
    <ignored/>
  </testcase> <!-- nolead_Reached_createWorkplaceOpportunity -->
  <testcase name="navigateToRetailUser" time="0.0" classname="com.crm.qa.testcases.LogActivityTest">
    <ignored/>
  </testcase> <!-- navigateToRetailUser -->
</testsuite> <!-- Log a Call Test Scenarios -->
