<?xml version="1.0" encoding="UTF-8"?>
<!-- Generated by org.testng.reporters.JUnitXMLReporter -->
<testsuite hostname="PHX-ISHARAF" ignored="15" name="Log a Call Test Scenarios" tests="50" failures="0" timestamp="14 Jan 2020 19:11:28 GMT" time="3347.113" errors="0">
  <testcase name="reached_multipleUsers" time="46.488" classname="com.crm.qa.testcases.LogActivityTest"/>
  <testcase name="reached_multipleUsers" time="45.134" classname="com.crm.qa.testcases.LogActivityTest"/>
  <testcase name="reached_multipleUsers" time="44.824" classname="com.crm.qa.testcases.LogActivityTest"/>
  <testcase name="reached_multipleUsers" time="44.852" classname="com.crm.qa.testcases.LogActivityTest"/>
  <testcase name="notReached_multipleUsers" time="46.319" classname="com.crm.qa.testcases.LogActivityTest"/>
  <testcase name="notReached_multipleUsers" time="46.374" classname="com.crm.qa.testcases.LogActivityTest"/>
  <testcase name="notReached_multipleUsers" time="46.528" classname="com.crm.qa.testcases.LogActivityTest"/>
  <testcase name="notReached_multipleUsers" time="45.614" classname="com.crm.qa.testcases.LogActivityTest"/>
  <testcase name="UnplannedMeeting_multipleUsers" time="49.604" classname="com.crm.qa.testcases.LogActivityTest"/>
  <testcase name="UnplannedMeeting_multipleUsers" time="49.731" classname="com.crm.qa.testcases.LogActivityTest"/>
  <testcase name="UnplannedMeeting_multipleUsers" time="49.827" classname="com.crm.qa.testcases.LogActivityTest"/>
  <testcase name="UnplannedMeeting_multipleUsers" time="49.844" classname="com.crm.qa.testcases.LogActivityTest"/>
  <testcase name="logaCall_Reached_Household_multipleUsers" time="47.115" classname="com.crm.qa.testcases.LogActivityTest"/>
  <testcase name="logaCall_Reached_Household_multipleUsers" time="47.767" classname="com.crm.qa.testcases.LogActivityTest"/>
  <testcase name="logaCall_Reached_Household_multipleUsers" time="47.636" classname="com.crm.qa.testcases.LogActivityTest"/>
  <testcase name="logaCall_Reached_Household_multipleUsers" time="32.221" classname="com.crm.qa.testcases.LogActivityTest">
    <skipped/>
  </testcase> <!-- logaCall_Reached_Household_multipleUsers -->
  <testcase name="logaCall_Reached_Household_multipleUsers" time="48.367" classname="com.crm.qa.testcases.LogActivityTest"/>
  <testcase name="logaCall_NotReached_Household_multipleUsers" time="51.352" classname="com.crm.qa.testcases.LogActivityTest"/>
  <testcase name="logaCall_NotReached_Household_multipleUsers" time="49.495" classname="com.crm.qa.testcases.LogActivityTest"/>
  <testcase name="logaCall_NotReached_Household_multipleUsers" time="47.709" classname="com.crm.qa.testcases.LogActivityTest"/>
  <testcase name="logaCall_NotReached_Household_multipleUsers" time="46.611" classname="com.crm.qa.testcases.LogActivityTest"/>
  <testcase name="logaCall_UnplannedMeeting_multipleUsers" time="51.065" classname="com.crm.qa.testcases.LogActivityTest"/>
  <testcase name="logaCall_UnplannedMeeting_multipleUsers" time="51.413" classname="com.crm.qa.testcases.LogActivityTest"/>
  <testcase name="logaCall_UnplannedMeeting_multipleUsers" time="55.124" classname="com.crm.qa.testcases.LogActivityTest"/>
  <testcase name="logaCall_UnplannedMeeting_multipleUsers" time="52.876" classname="com.crm.qa.testcases.LogActivityTest"/>
  <testcase name="notReached" time="45.45" classname="com.crm.qa.testcases.LogActivityTest"/>
  <testcase name="reached" time="44.741" classname="com.crm.qa.testcases.LogActivityTest"/>
  <testcase name="UnplannedMeeting" time="47.386" classname="com.crm.qa.testcases.LogActivityTest"/>
  <testcase name="reached_Schedule_ToDo" time="60.461" classname="com.crm.qa.testcases.LogActivityTest"/>
  <testcase name="reached_Schedule_Phonecall" time="62.244" classname="com.crm.qa.testcases.LogActivityTest"/>
  <testcase name="reached_Schedule_Appointment" time="58.371" classname="com.crm.qa.testcases.LogActivityTest"/>
  <testcase name="LogACallSpouse" time="90.411" classname="com.crm.qa.testcases.LogActivityTest"/>
  <testcase name="LogaCallwithSpouse_ValidateAtPrimary" time="95.289" classname="com.crm.qa.testcases.LogActivityTest"/>
  <testcase name="OnlyCreateRetail_1_Account" time="49.99" classname="com.crm.qa.testcases.LogActivityTest"/>
  <testcase name="OnlyCreateRetail_2_Account" time="59.851" classname="com.crm.qa.testcases.LogActivityTest"/>
  <testcase name="CreateRetail1Account_Spouse" time="104.327" classname="com.crm.qa.testcases.LogActivityTest"/>
  <testcase name="notReachedwithBusinessLead" time="52.959" classname="com.crm.qa.testcases.LogActivityTest"/>
  <testcase name="reachedwithBusinessLead" time="55.244" classname="com.crm.qa.testcases.LogActivityTest"/>
  <testcase name="reachedwithBusinessLead_SchedulePhoneCall" time="71.691" classname="com.crm.qa.testcases.LogActivityTest"/>
  <testcase name="reachedwithBusinessLead_ScheduleTodo" time="73.245" classname="com.crm.qa.testcases.LogActivityTest"/>
  <testcase name="reachedwithBusinessLead_UnplannedMeeting" time="49.026" classname="com.crm.qa.testcases.LogActivityTest"/>
  <testcase name="reachedwithBusinessLead_ScheduleMeeting" time="69.92" classname="com.crm.qa.testcases.LogActivityTest"/>
  <testcase name="meeting_CompleteFlow" time="67.615" classname="com.crm.qa.testcases.LogActivityTest"/>
  <testcase name="meeting_CompleteFlowWithOptions" time="55.406" classname="com.crm.qa.testcases.LogActivityTest">
    <skipped/>
  </testcase> <!-- meeting_CompleteFlowWithOptions -->
  <testcase name="meeting_CompleteFlowWithOptions" time="66.195" classname="com.crm.qa.testcases.LogActivityTest"/>
  <testcase name="nolead_Reached_createBranchOpportunity" time="60.979" classname="com.crm.qa.testcases.LogActivityTest"/>
  <testcase name="nolead_Reached_createWorkplaceOpportunity" time="63.662" classname="com.crm.qa.testcases.LogActivityTest"/>
  <testcase name="nolead_Reached_MultipleOpportunity" time="84.351" classname="com.crm.qa.testcases.LogActivityTest"/>
  <testcase name="UpdatePrimaryAccountdetails" time="103.326" classname="com.crm.qa.testcases.LogActivityTest"/>
  <testcase name="UpdateSpouseAccountdetails" time="141.413" classname="com.crm.qa.testcases.LogActivityTest"/>
  <testcase name="CreateRetail1Account" time="0.0" classname="com.crm.qa.testcases.LogActivityTest">
    <ignored/>
  </testcase> <!-- CreateRetail1Account -->
  <testcase name="createRegularAccount" time="0.0" classname="com.crm.qa.testcases.LogActivityTest">
    <ignored/>
  </testcase> <!-- createRegularAccount -->
  <testcase name="CreateRetail2Account" time="0.0" classname="com.crm.qa.testcases.LogActivityTest">
    <ignored/>
  </testcase> <!-- CreateRetail2Account -->
  <testcase name="createFalconAccount" time="0.0" classname="com.crm.qa.testcases.LogActivityTest">
    <ignored/>
  </testcase> <!-- createFalconAccount -->
  <testcase name="debug" time="0.0" classname="com.crm.qa.testcases.LogActivityTest">
    <ignored/>
  </testcase> <!-- debug -->
  <testcase name="Unenrollment_delinkAccount" time="0.0" classname="com.crm.qa.testcases.LogActivityTest">
    <ignored/>
  </testcase> <!-- Unenrollment_delinkAccount -->
  <testcase name="createDemoUsers" time="0.0" classname="com.crm.qa.testcases.LogActivityTest">
    <ignored/>
  </testcase> <!-- createDemoUsers -->
  <testcase name="CreateAccount_Spouse" time="0.0" classname="com.crm.qa.testcases.LogActivityTest">
    <ignored/>
  </testcase> <!-- CreateAccount_Spouse -->
  <testcase name="demoTest" time="0.0" classname="com.crm.qa.testcases.LogActivityTest">
    <ignored/>
  </testcase> <!-- demoTest -->
  <testcase name="createRPAccount" time="0.0" classname="com.crm.qa.testcases.LogActivityTest">
    <ignored/>
  </testcase> <!-- createRPAccount -->
  <testcase name="createCTAccount" time="0.0" classname="com.crm.qa.testcases.LogActivityTest">
    <ignored/>
  </testcase> <!-- createCTAccount -->
  <testcase name="createCTAccount1" time="0.0" classname="com.crm.qa.testcases.LogActivityTest">
    <ignored/>
  </testcase> <!-- createCTAccount1 -->
  <testcase name="navigateToRetailUser" time="0.0" classname="com.crm.qa.testcases.LogActivityTest">
    <ignored/>
  </testcase> <!-- navigateToRetailUser -->
  <testcase name="Unenrollment_TerminateAll" time="0.0" classname="com.crm.qa.testcases.LogActivityTest">
    <ignored/>
  </testcase> <!-- Unenrollment_TerminateAll -->
  <testcase name="experiment" time="0.0" classname="com.crm.qa.testcases.LogActivityTest">
    <ignored/>
  </testcase> <!-- experiment -->
</testsuite> <!-- Log a Call Test Scenarios -->
