<?xml version="1.0" encoding="UTF-8"?>
<!-- Generated by org.testng.reporters.JUnitXMLReporter -->
<testsuite hostname="PHX-ISHARAF" ignored="11" name="Log a Call Test Scenarios" tests="44" failures="6" timestamp="16 Mar 2020 13:43:09 GMT" time="5460.514" errors="0">
  <testcase name="reached_multipleUsers" time="78.362" classname="com.crm.qa.testcases.LogActivityTest"/>
  <testcase name="reached_multipleUsers" time="77.006" classname="com.crm.qa.testcases.LogActivityTest"/>
  <testcase name="notReached_multipleUsers" time="62.705" classname="com.crm.qa.testcases.LogActivityTest"/>
  <testcase name="notReached_multipleUsers" time="82.213" classname="com.crm.qa.testcases.LogActivityTest"/>
  <testcase name="reached_Schedule_ToDo" time="86.285" classname="com.crm.qa.testcases.LogActivityTest"/>
  <testcase name="reached_Schedule_ToDo" time="92.85" classname="com.crm.qa.testcases.LogActivityTest"/>
  <testcase name="reached_Schedule_Phonecall" time="86.129" classname="com.crm.qa.testcases.LogActivityTest"/>
  <testcase name="reached_Schedule_Phonecall" time="96.922" classname="com.crm.qa.testcases.LogActivityTest"/>
  <testcase name="reached_Schedule_Appointment" time="75.761" classname="com.crm.qa.testcases.LogActivityTest"/>
  <testcase name="reached_Schedule_Appointment" time="82.15" classname="com.crm.qa.testcases.LogActivityTest"/>
  <testcase name="AddSpouseandLogaCallPrimary" time="106.021" classname="com.crm.qa.testcases.LogActivityTest"/>
  <testcase name="AddSpouseandLogaCallPrimary" time="52.687" classname="com.crm.qa.testcases.LogActivityTest">
    <skipped/>
  </testcase> <!-- AddSpouseandLogaCallPrimary -->
  <testcase name="AddSpouseandLogaCallPrimary" time="127.414" classname="com.crm.qa.testcases.LogActivityTest"/>
  <testcase name="LogaCallwithSpouse_ValidateAtPrimary" time="114.097" classname="com.crm.qa.testcases.LogActivityTest"/>
  <testcase name="LogaCallwithSpouse_ValidateAtPrimary" time="173.202" classname="com.crm.qa.testcases.LogActivityTest"/>
  <testcase name="notReachedwithBusinessLead" time="67.581" classname="com.crm.qa.testcases.LogActivityTest"/>
  <testcase name="notReachedwithBusinessLead" time="85.176" classname="com.crm.qa.testcases.LogActivityTest"/>
  <testcase name="reachedwithBusinessLead" time="69.437" classname="com.crm.qa.testcases.LogActivityTest"/>
  <testcase name="reachedwithBusinessLead" time="96.904" classname="com.crm.qa.testcases.LogActivityTest"/>
  <testcase name="reachedwithBusinessLead_SchedulePhoneCall" time="93.741" classname="com.crm.qa.testcases.LogActivityTest"/>
  <testcase name="reachedwithBusinessLead_SchedulePhoneCall" time="111.302" classname="com.crm.qa.testcases.LogActivityTest"/>
  <testcase name="reachedwithBusinessLead_ScheduleTodo" time="96.566" classname="com.crm.qa.testcases.LogActivityTest"/>
  <testcase name="reachedwithBusinessLead_ScheduleTodo" time="106.572" classname="com.crm.qa.testcases.LogActivityTest"/>
  <testcase name="reachedwithBusinessLead_ScheduleMeeting" time="86.508" classname="com.crm.qa.testcases.LogActivityTest"/>
  <testcase name="reachedwithBusinessLead_ScheduleMeeting" time="94.878" classname="com.crm.qa.testcases.LogActivityTest"/>
  <testcase name="meeting_CompleteFlow" time="72.153" classname="com.crm.qa.testcases.LogActivityTest"/>
  <testcase name="nolead_Reached_createBranchOpportunity" time="79.077" classname="com.crm.qa.testcases.LogActivityTest"/>
  <testcase name="nolead_Reached_createBranchOpportunity" time="90.796" classname="com.crm.qa.testcases.LogActivityTest"/>
  <testcase name="nolead_Reached_createWorkplaceOpportunity" time="210.708" classname="com.crm.qa.testcases.LogActivityTest">
    <skipped/>
  </testcase> <!-- nolead_Reached_createWorkplaceOpportunity -->
  <testcase name="nolead_Reached_createWorkplaceOpportunity" time="204.617" classname="com.crm.qa.testcases.LogActivityTest">
    <failure type="org.openqa.selenium.TimeoutException" message="Expected condition failed: waiting for visibility of Proxy element for: DefaultElementLocator &amp;apos;By.xpath: (//span[(text()=&amp;apos;Log an Interaction&amp;apos;)]/ancestor::div[contains (@class, (&amp;apos;content&amp;apos;))])[last()]//label[contains (@for,&amp;apos;Workplace&amp;apos;)]&amp;apos; (tried for 60 second(s) with 500 MILLISECONDS interval)">
      <![CDATA[org.openqa.selenium.TimeoutException: Expected condition failed: waiting for visibility of Proxy element for: DefaultElementLocator 'By.xpath: (//span[(text()='Log an Interaction')]/ancestor::div[contains (@class, ('content'))])[last()]//label[contains (@for,'Workplace')]' (tried for 60 second(s) with 500 MILLISECONDS interval)
	at org.openqa.selenium.support.ui.WebDriverWait.timeoutException(WebDriverWait.java:80)
	at org.openqa.selenium.support.ui.FluentWait.until(FluentWait.java:232)
	at com.crm.qa.util.TestUtil.waitUntilElementVisible(TestUtil.java:147)
	at com.crm.qa.util.TestUtil.clickElement(TestUtil.java:133)
	at com.crm.qa.pages.Opportunities.createWorkplaceOpportunity(Opportunities.java:445)
	at com.crm.qa.testcases.LogActivityTest.nolead_Reached_createWorkplaceOpportunity(LogActivityTest.java:583)
	at java.util.concurrent.ThreadPoolExecutor.runWorker(ThreadPoolExecutor.java:1149)
	at java.util.concurrent.ThreadPoolExecutor$Worker.run(ThreadPoolExecutor.java:624)
	at java.lang.Thread.run(Thread.java:748)
Caused by: org.openqa.selenium.NoSuchElementException: no such element: Unable to locate element: {"method":"xpath","selector":"(//span[(text()='Log an Interaction')]/ancestor::div[contains (@class, ('content'))])[last()]//label[contains (@for,'Workplace')]"}
  (Session info: chrome=79.0.3945.130)
For documentation on this error, please visit: http://seleniumhq.org/exceptions/no_such_element.html
Build info: version: '3.5.3', revision: 'a88d25fe6b', time: '2017-08-29T12:42:44.417Z'
System info: host: 'PHX-ISHARAF', ip: '192.168.125.187', os.name: 'Windows 10', os.arch: 'amd64', os.version: '10.0', java.version: '1.8.0_221'
Driver info: org.openqa.selenium.chrome.ChromeDriver
Capabilities [{networkConnectionEnabled=false, chrome={chromedriverVersion=79.0.3945.16 (93fcc21110c10dbbd49bbff8f472335360e31d05-refs/branch-heads/3945@{#262}), userDataDir=C:\Users\ISharaf\AppData\Local\Temp\scoped_dir27872_1752705257}, timeouts={implicit=0, pageLoad=300000, script=30000}, pageLoadStrategy=normal, unhandledPromptBehavior=accept, strictFileInteractability=false, platform=XP, proxy=Proxy(), goog:chromeOptions={debuggerAddress=localhost:54029}, acceptInsecureCerts=false, browserVersion=79.0.3945.130, browserName=chrome, javascriptEnabled=true, platformName=XP, setWindowRect=true}]
Session ID: 33964f6f28e70e92a8e5ee1723b65215
*** Element info: {Using=xpath, value=(//span[(text()='Log an Interaction')]/ancestor::div[contains (@class, ('content'))])[last()]//label[contains (@for,'Workplace')]}
	at org.openqa.selenium.remote.http.W3CHttpResponseCodec.createException(W3CHttpResponseCodec.java:185)
	at org.openqa.selenium.remote.http.W3CHttpResponseCodec.decode(W3CHttpResponseCodec.java:120)
	at org.openqa.selenium.remote.http.W3CHttpResponseCodec.decode(W3CHttpResponseCodec.java:49)
	at org.openqa.selenium.remote.HttpCommandExecutor.execute(HttpCommandExecutor.java:164)
	at org.openqa.selenium.remote.service.DriverCommandExecutor.execute(DriverCommandExecutor.java:82)
	at org.openqa.selenium.remote.RemoteWebDriver.execute(RemoteWebDriver.java:646)
	at org.openqa.selenium.remote.RemoteWebDriver.findElement(RemoteWebDriver.java:416)
	at org.openqa.selenium.remote.RemoteWebDriver.findElementByXPath(RemoteWebDriver.java:518)
	at org.openqa.selenium.By$ByXPath.findElement(By.java:361)
	at org.openqa.selenium.remote.RemoteWebDriver.findElement(RemoteWebDriver.java:408)
	at org.openqa.selenium.support.events.EventFiringWebDriver$2.invoke(EventFiringWebDriver.java:105)
	at com.sun.proxy.$Proxy8.findElement(Unknown Source)
	at org.openqa.selenium.support.events.EventFiringWebDriver.findElement(EventFiringWebDriver.java:189)
	at org.openqa.selenium.support.pagefactory.DefaultElementLocator.findElement(DefaultElementLocator.java:69)
	at org.openqa.selenium.support.pagefactory.internal.LocatingElementHandler.invoke(LocatingElementHandler.java:38)
	at com.sun.proxy.$Proxy12.isDisplayed(Unknown Source)
	at org.openqa.selenium.support.ui.ExpectedConditions.elementIfVisible(ExpectedConditions.java:302)
	at org.openqa.selenium.support.ui.ExpectedConditions.access$100(ExpectedConditions.java:44)
	at org.openqa.selenium.support.ui.ExpectedConditions$10.apply(ExpectedConditions.java:288)
	at org.openqa.selenium.support.ui.ExpectedConditions$10.apply(ExpectedConditions.java:285)
	at org.openqa.selenium.support.ui.FluentWait.until(FluentWait.java:209)
	... 17 more
... Removed 17 stack frames]]>
    </failure>
  </testcase> <!-- nolead_Reached_createWorkplaceOpportunity -->
  <testcase name="nolead_Reached_createWorkplaceOpportunity" time="213.454" classname="com.crm.qa.testcases.LogActivityTest">
    <failure type="org.openqa.selenium.TimeoutException" message="Expected condition failed: waiting for visibility of Proxy element for: DefaultElementLocator &amp;apos;By.xpath: (//span[(text()=&amp;apos;Log an Interaction&amp;apos;)]/ancestor::div[contains (@class, (&amp;apos;content&amp;apos;))])[last()]//label[contains (@for,&amp;apos;Workplace&amp;apos;)]&amp;apos; (tried for 60 second(s) with 500 MILLISECONDS interval)">
      <![CDATA[org.openqa.selenium.TimeoutException: Expected condition failed: waiting for visibility of Proxy element for: DefaultElementLocator 'By.xpath: (//span[(text()='Log an Interaction')]/ancestor::div[contains (@class, ('content'))])[last()]//label[contains (@for,'Workplace')]' (tried for 60 second(s) with 500 MILLISECONDS interval)
	at org.openqa.selenium.support.ui.WebDriverWait.timeoutException(WebDriverWait.java:80)
	at org.openqa.selenium.support.ui.FluentWait.until(FluentWait.java:232)
	at com.crm.qa.util.TestUtil.waitUntilElementVisible(TestUtil.java:147)
	at com.crm.qa.util.TestUtil.clickElement(TestUtil.java:133)
	at com.crm.qa.pages.Opportunities.createWorkplaceOpportunity(Opportunities.java:445)
	at com.crm.qa.testcases.LogActivityTest.nolead_Reached_createWorkplaceOpportunity(LogActivityTest.java:583)
	at java.util.concurrent.ThreadPoolExecutor.runWorker(ThreadPoolExecutor.java:1149)
	at java.util.concurrent.ThreadPoolExecutor$Worker.run(ThreadPoolExecutor.java:624)
	at java.lang.Thread.run(Thread.java:748)
Caused by: org.openqa.selenium.NoSuchElementException: no such element: Unable to locate element: {"method":"xpath","selector":"(//span[(text()='Log an Interaction')]/ancestor::div[contains (@class, ('content'))])[last()]//label[contains (@for,'Workplace')]"}
  (Session info: chrome=79.0.3945.130)
For documentation on this error, please visit: http://seleniumhq.org/exceptions/no_such_element.html
Build info: version: '3.5.3', revision: 'a88d25fe6b', time: '2017-08-29T12:42:44.417Z'
System info: host: 'PHX-ISHARAF', ip: '192.168.125.187', os.name: 'Windows 10', os.arch: 'amd64', os.version: '10.0', java.version: '1.8.0_221'
Driver info: org.openqa.selenium.chrome.ChromeDriver
Capabilities [{networkConnectionEnabled=false, chrome={chromedriverVersion=79.0.3945.16 (93fcc21110c10dbbd49bbff8f472335360e31d05-refs/branch-heads/3945@{#262}), userDataDir=C:\Users\ISharaf\AppData\Local\Temp\scoped_dir25608_1017162407}, timeouts={implicit=0, pageLoad=300000, script=30000}, pageLoadStrategy=normal, unhandledPromptBehavior=accept, strictFileInteractability=false, platform=XP, proxy=Proxy(), goog:chromeOptions={debuggerAddress=localhost:54439}, acceptInsecureCerts=false, browserVersion=79.0.3945.130, browserName=chrome, javascriptEnabled=true, platformName=XP, setWindowRect=true}]
Session ID: 4837fae07f5375f04241c45d9e257fc4
*** Element info: {Using=xpath, value=(//span[(text()='Log an Interaction')]/ancestor::div[contains (@class, ('content'))])[last()]//label[contains (@for,'Workplace')]}
	at org.openqa.selenium.remote.http.W3CHttpResponseCodec.createException(W3CHttpResponseCodec.java:185)
	at org.openqa.selenium.remote.http.W3CHttpResponseCodec.decode(W3CHttpResponseCodec.java:120)
	at org.openqa.selenium.remote.http.W3CHttpResponseCodec.decode(W3CHttpResponseCodec.java:49)
	at org.openqa.selenium.remote.HttpCommandExecutor.execute(HttpCommandExecutor.java:164)
	at org.openqa.selenium.remote.service.DriverCommandExecutor.execute(DriverCommandExecutor.java:82)
	at org.openqa.selenium.remote.RemoteWebDriver.execute(RemoteWebDriver.java:646)
	at org.openqa.selenium.remote.RemoteWebDriver.findElement(RemoteWebDriver.java:416)
	at org.openqa.selenium.remote.RemoteWebDriver.findElementByXPath(RemoteWebDriver.java:518)
	at org.openqa.selenium.By$ByXPath.findElement(By.java:361)
	at org.openqa.selenium.remote.RemoteWebDriver.findElement(RemoteWebDriver.java:408)
	at org.openqa.selenium.support.events.EventFiringWebDriver$2.invoke(EventFiringWebDriver.java:105)
	at com.sun.proxy.$Proxy8.findElement(Unknown Source)
	at org.openqa.selenium.support.events.EventFiringWebDriver.findElement(EventFiringWebDriver.java:189)
	at org.openqa.selenium.support.pagefactory.DefaultElementLocator.findElement(DefaultElementLocator.java:69)
	at org.openqa.selenium.support.pagefactory.internal.LocatingElementHandler.invoke(LocatingElementHandler.java:38)
	at com.sun.proxy.$Proxy12.isDisplayed(Unknown Source)
	at org.openqa.selenium.support.ui.ExpectedConditions.elementIfVisible(ExpectedConditions.java:302)
	at org.openqa.selenium.support.ui.ExpectedConditions.access$100(ExpectedConditions.java:44)
	at org.openqa.selenium.support.ui.ExpectedConditions$10.apply(ExpectedConditions.java:288)
	at org.openqa.selenium.support.ui.ExpectedConditions$10.apply(ExpectedConditions.java:285)
	at org.openqa.selenium.support.ui.FluentWait.until(FluentWait.java:209)
	... 17 more
... Removed 17 stack frames]]>
    </failure>
  </testcase> <!-- nolead_Reached_createWorkplaceOpportunity -->
  <testcase name="nolead_Reached_createWorkplaceOpportunity" time="218.501" classname="com.crm.qa.testcases.LogActivityTest">
    <failure type="org.openqa.selenium.TimeoutException" message="Expected condition failed: waiting for visibility of Proxy element for: DefaultElementLocator &amp;apos;By.xpath: (//span[(text()=&amp;apos;Log an Interaction&amp;apos;)]/ancestor::div[contains (@class, (&amp;apos;content&amp;apos;))])[last()]//label[contains (@for,&amp;apos;Workplace&amp;apos;)]&amp;apos; (tried for 60 second(s) with 500 MILLISECONDS interval)">
      <![CDATA[org.openqa.selenium.TimeoutException: Expected condition failed: waiting for visibility of Proxy element for: DefaultElementLocator 'By.xpath: (//span[(text()='Log an Interaction')]/ancestor::div[contains (@class, ('content'))])[last()]//label[contains (@for,'Workplace')]' (tried for 60 second(s) with 500 MILLISECONDS interval)
	at org.openqa.selenium.support.ui.WebDriverWait.timeoutException(WebDriverWait.java:80)
	at org.openqa.selenium.support.ui.FluentWait.until(FluentWait.java:232)
	at com.crm.qa.util.TestUtil.waitUntilElementVisible(TestUtil.java:147)
	at com.crm.qa.util.TestUtil.clickElement(TestUtil.java:133)
	at com.crm.qa.pages.Opportunities.createWorkplaceOpportunity(Opportunities.java:445)
	at com.crm.qa.testcases.LogActivityTest.nolead_Reached_createWorkplaceOpportunity(LogActivityTest.java:583)
	at java.util.concurrent.ThreadPoolExecutor.runWorker(ThreadPoolExecutor.java:1149)
	at java.util.concurrent.ThreadPoolExecutor$Worker.run(ThreadPoolExecutor.java:624)
	at java.lang.Thread.run(Thread.java:748)
Caused by: org.openqa.selenium.NoSuchElementException: no such element: Unable to locate element: {"method":"xpath","selector":"(//span[(text()='Log an Interaction')]/ancestor::div[contains (@class, ('content'))])[last()]//label[contains (@for,'Workplace')]"}
  (Session info: chrome=79.0.3945.130)
For documentation on this error, please visit: http://seleniumhq.org/exceptions/no_such_element.html
Build info: version: '3.5.3', revision: 'a88d25fe6b', time: '2017-08-29T12:42:44.417Z'
System info: host: 'PHX-ISHARAF', ip: '192.168.125.187', os.name: 'Windows 10', os.arch: 'amd64', os.version: '10.0', java.version: '1.8.0_221'
Driver info: org.openqa.selenium.chrome.ChromeDriver
Capabilities [{networkConnectionEnabled=false, chrome={chromedriverVersion=79.0.3945.16 (93fcc21110c10dbbd49bbff8f472335360e31d05-refs/branch-heads/3945@{#262}), userDataDir=C:\Users\ISharaf\AppData\Local\Temp\scoped_dir40944_927865507}, timeouts={implicit=0, pageLoad=300000, script=30000}, pageLoadStrategy=normal, unhandledPromptBehavior=accept, strictFileInteractability=false, platform=XP, proxy=Proxy(), goog:chromeOptions={debuggerAddress=localhost:54892}, acceptInsecureCerts=false, browserVersion=79.0.3945.130, browserName=chrome, javascriptEnabled=true, platformName=XP, setWindowRect=true}]
Session ID: fd428d57e5b025f5f2314e2066c6b4c1
*** Element info: {Using=xpath, value=(//span[(text()='Log an Interaction')]/ancestor::div[contains (@class, ('content'))])[last()]//label[contains (@for,'Workplace')]}
	at org.openqa.selenium.remote.http.W3CHttpResponseCodec.createException(W3CHttpResponseCodec.java:185)
	at org.openqa.selenium.remote.http.W3CHttpResponseCodec.decode(W3CHttpResponseCodec.java:120)
	at org.openqa.selenium.remote.http.W3CHttpResponseCodec.decode(W3CHttpResponseCodec.java:49)
	at org.openqa.selenium.remote.HttpCommandExecutor.execute(HttpCommandExecutor.java:164)
	at org.openqa.selenium.remote.service.DriverCommandExecutor.execute(DriverCommandExecutor.java:82)
	at org.openqa.selenium.remote.RemoteWebDriver.execute(RemoteWebDriver.java:646)
	at org.openqa.selenium.remote.RemoteWebDriver.findElement(RemoteWebDriver.java:416)
	at org.openqa.selenium.remote.RemoteWebDriver.findElementByXPath(RemoteWebDriver.java:518)
	at org.openqa.selenium.By$ByXPath.findElement(By.java:361)
	at org.openqa.selenium.remote.RemoteWebDriver.findElement(RemoteWebDriver.java:408)
	at org.openqa.selenium.support.events.EventFiringWebDriver$2.invoke(EventFiringWebDriver.java:105)
	at com.sun.proxy.$Proxy8.findElement(Unknown Source)
	at org.openqa.selenium.support.events.EventFiringWebDriver.findElement(EventFiringWebDriver.java:189)
	at org.openqa.selenium.support.pagefactory.DefaultElementLocator.findElement(DefaultElementLocator.java:69)
	at org.openqa.selenium.support.pagefactory.internal.LocatingElementHandler.invoke(LocatingElementHandler.java:38)
	at com.sun.proxy.$Proxy12.isDisplayed(Unknown Source)
	at org.openqa.selenium.support.ui.ExpectedConditions.elementIfVisible(ExpectedConditions.java:302)
	at org.openqa.selenium.support.ui.ExpectedConditions.access$100(ExpectedConditions.java:44)
	at org.openqa.selenium.support.ui.ExpectedConditions$10.apply(ExpectedConditions.java:288)
	at org.openqa.selenium.support.ui.ExpectedConditions$10.apply(ExpectedConditions.java:285)
	at org.openqa.selenium.support.ui.FluentWait.until(FluentWait.java:209)
	... 17 more
... Removed 17 stack frames]]>
    </failure>
  </testcase> <!-- nolead_Reached_createWorkplaceOpportunity -->
  <testcase name="nolead_Reached_MultipleOpportunity" time="204.402" classname="com.crm.qa.testcases.LogActivityTest">
    <skipped/>
  </testcase> <!-- nolead_Reached_MultipleOpportunity -->
  <testcase name="nolead_Reached_MultipleOpportunity" time="208.978" classname="com.crm.qa.testcases.LogActivityTest">
    <failure type="org.openqa.selenium.TimeoutException" message="Expected condition failed: waiting for visibility of Proxy element for: DefaultElementLocator &amp;apos;By.xpath: (//span[(text()=&amp;apos;Log an Interaction&amp;apos;)]/ancestor::div[contains (@class, (&amp;apos;content&amp;apos;))])[last()]//label[contains (@for,&amp;apos;Workplace&amp;apos;)]&amp;apos; (tried for 60 second(s) with 500 MILLISECONDS interval)">
      <![CDATA[org.openqa.selenium.TimeoutException: Expected condition failed: waiting for visibility of Proxy element for: DefaultElementLocator 'By.xpath: (//span[(text()='Log an Interaction')]/ancestor::div[contains (@class, ('content'))])[last()]//label[contains (@for,'Workplace')]' (tried for 60 second(s) with 500 MILLISECONDS interval)
	at org.openqa.selenium.support.ui.WebDriverWait.timeoutException(WebDriverWait.java:80)
	at org.openqa.selenium.support.ui.FluentWait.until(FluentWait.java:232)
	at com.crm.qa.util.TestUtil.waitUntilElementVisible(TestUtil.java:147)
	at com.crm.qa.util.TestUtil.clickElement(TestUtil.java:133)
	at com.crm.qa.pages.Opportunities.createWorkplaceOpportunity(Opportunities.java:445)
	at com.crm.qa.testcases.LogActivityTest.nolead_Reached_MultipleOpportunity(LogActivityTest.java:599)
	at java.util.concurrent.ThreadPoolExecutor.runWorker(ThreadPoolExecutor.java:1149)
	at java.util.concurrent.ThreadPoolExecutor$Worker.run(ThreadPoolExecutor.java:624)
	at java.lang.Thread.run(Thread.java:748)
Caused by: org.openqa.selenium.NoSuchElementException: no such element: Unable to locate element: {"method":"xpath","selector":"(//span[(text()='Log an Interaction')]/ancestor::div[contains (@class, ('content'))])[last()]//label[contains (@for,'Workplace')]"}
  (Session info: chrome=79.0.3945.130)
For documentation on this error, please visit: http://seleniumhq.org/exceptions/no_such_element.html
Build info: version: '3.5.3', revision: 'a88d25fe6b', time: '2017-08-29T12:42:44.417Z'
System info: host: 'PHX-ISHARAF', ip: '192.168.125.187', os.name: 'Windows 10', os.arch: 'amd64', os.version: '10.0', java.version: '1.8.0_221'
Driver info: org.openqa.selenium.chrome.ChromeDriver
Capabilities [{networkConnectionEnabled=false, chrome={chromedriverVersion=79.0.3945.16 (93fcc21110c10dbbd49bbff8f472335360e31d05-refs/branch-heads/3945@{#262}), userDataDir=C:\Users\ISharaf\AppData\Local\Temp\scoped_dir48676_1972711969}, timeouts={implicit=0, pageLoad=300000, script=30000}, pageLoadStrategy=normal, unhandledPromptBehavior=accept, strictFileInteractability=false, platform=XP, proxy=Proxy(), goog:chromeOptions={debuggerAddress=localhost:55777}, acceptInsecureCerts=false, browserVersion=79.0.3945.130, browserName=chrome, javascriptEnabled=true, platformName=XP, setWindowRect=true}]
Session ID: 9ec8aab3f4814b6ed3902bd9361335eb
*** Element info: {Using=xpath, value=(//span[(text()='Log an Interaction')]/ancestor::div[contains (@class, ('content'))])[last()]//label[contains (@for,'Workplace')]}
	at org.openqa.selenium.remote.http.W3CHttpResponseCodec.createException(W3CHttpResponseCodec.java:185)
	at org.openqa.selenium.remote.http.W3CHttpResponseCodec.decode(W3CHttpResponseCodec.java:120)
	at org.openqa.selenium.remote.http.W3CHttpResponseCodec.decode(W3CHttpResponseCodec.java:49)
	at org.openqa.selenium.remote.HttpCommandExecutor.execute(HttpCommandExecutor.java:164)
	at org.openqa.selenium.remote.service.DriverCommandExecutor.execute(DriverCommandExecutor.java:82)
	at org.openqa.selenium.remote.RemoteWebDriver.execute(RemoteWebDriver.java:646)
	at org.openqa.selenium.remote.RemoteWebDriver.findElement(RemoteWebDriver.java:416)
	at org.openqa.selenium.remote.RemoteWebDriver.findElementByXPath(RemoteWebDriver.java:518)
	at org.openqa.selenium.By$ByXPath.findElement(By.java:361)
	at org.openqa.selenium.remote.RemoteWebDriver.findElement(RemoteWebDriver.java:408)
	at org.openqa.selenium.support.events.EventFiringWebDriver$2.invoke(EventFiringWebDriver.java:105)
	at com.sun.proxy.$Proxy8.findElement(Unknown Source)
	at org.openqa.selenium.support.events.EventFiringWebDriver.findElement(EventFiringWebDriver.java:189)
	at org.openqa.selenium.support.pagefactory.DefaultElementLocator.findElement(DefaultElementLocator.java:69)
	at org.openqa.selenium.support.pagefactory.internal.LocatingElementHandler.invoke(LocatingElementHandler.java:38)
	at com.sun.proxy.$Proxy12.isDisplayed(Unknown Source)
	at org.openqa.selenium.support.ui.ExpectedConditions.elementIfVisible(ExpectedConditions.java:302)
	at org.openqa.selenium.support.ui.ExpectedConditions.access$100(ExpectedConditions.java:44)
	at org.openqa.selenium.support.ui.ExpectedConditions$10.apply(ExpectedConditions.java:288)
	at org.openqa.selenium.support.ui.ExpectedConditions$10.apply(ExpectedConditions.java:285)
	at org.openqa.selenium.support.ui.FluentWait.until(FluentWait.java:209)
	... 17 more
... Removed 16 stack frames]]>
    </failure>
  </testcase> <!-- nolead_Reached_MultipleOpportunity -->
  <testcase name="nolead_Reached_MultipleOpportunity" time="224.595" classname="com.crm.qa.testcases.LogActivityTest">
    <failure type="org.openqa.selenium.TimeoutException" message="Expected condition failed: waiting for visibility of Proxy element for: DefaultElementLocator &amp;apos;By.xpath: (//span[(text()=&amp;apos;Log an Interaction&amp;apos;)]/ancestor::div[contains (@class, (&amp;apos;content&amp;apos;))])[last()]//label[contains (@for,&amp;apos;Workplace&amp;apos;)]&amp;apos; (tried for 60 second(s) with 500 MILLISECONDS interval)">
      <![CDATA[org.openqa.selenium.TimeoutException: Expected condition failed: waiting for visibility of Proxy element for: DefaultElementLocator 'By.xpath: (//span[(text()='Log an Interaction')]/ancestor::div[contains (@class, ('content'))])[last()]//label[contains (@for,'Workplace')]' (tried for 60 second(s) with 500 MILLISECONDS interval)
	at org.openqa.selenium.support.ui.WebDriverWait.timeoutException(WebDriverWait.java:80)
	at org.openqa.selenium.support.ui.FluentWait.until(FluentWait.java:232)
	at com.crm.qa.util.TestUtil.waitUntilElementVisible(TestUtil.java:147)
	at com.crm.qa.util.TestUtil.clickElement(TestUtil.java:133)
	at com.crm.qa.pages.Opportunities.createWorkplaceOpportunity(Opportunities.java:445)
	at com.crm.qa.testcases.LogActivityTest.nolead_Reached_MultipleOpportunity(LogActivityTest.java:599)
	at java.util.concurrent.ThreadPoolExecutor.runWorker(ThreadPoolExecutor.java:1149)
	at java.util.concurrent.ThreadPoolExecutor$Worker.run(ThreadPoolExecutor.java:624)
	at java.lang.Thread.run(Thread.java:748)
Caused by: org.openqa.selenium.NoSuchElementException: no such element: Unable to locate element: {"method":"xpath","selector":"(//span[(text()='Log an Interaction')]/ancestor::div[contains (@class, ('content'))])[last()]//label[contains (@for,'Workplace')]"}
  (Session info: chrome=79.0.3945.130)
For documentation on this error, please visit: http://seleniumhq.org/exceptions/no_such_element.html
Build info: version: '3.5.3', revision: 'a88d25fe6b', time: '2017-08-29T12:42:44.417Z'
System info: host: 'PHX-ISHARAF', ip: '192.168.125.187', os.name: 'Windows 10', os.arch: 'amd64', os.version: '10.0', java.version: '1.8.0_221'
Driver info: org.openqa.selenium.chrome.ChromeDriver
Capabilities [{networkConnectionEnabled=false, chrome={chromedriverVersion=79.0.3945.16 (93fcc21110c10dbbd49bbff8f472335360e31d05-refs/branch-heads/3945@{#262}), userDataDir=C:\Users\ISharaf\AppData\Local\Temp\scoped_dir46384_1566028013}, timeouts={implicit=0, pageLoad=300000, script=30000}, pageLoadStrategy=normal, unhandledPromptBehavior=accept, strictFileInteractability=false, platform=XP, proxy=Proxy(), goog:chromeOptions={debuggerAddress=localhost:56224}, acceptInsecureCerts=false, browserVersion=79.0.3945.130, browserName=chrome, javascriptEnabled=true, platformName=XP, setWindowRect=true}]
Session ID: b3b4f663a820114c0416e6ac5303efed
*** Element info: {Using=xpath, value=(//span[(text()='Log an Interaction')]/ancestor::div[contains (@class, ('content'))])[last()]//label[contains (@for,'Workplace')]}
	at org.openqa.selenium.remote.http.W3CHttpResponseCodec.createException(W3CHttpResponseCodec.java:185)
	at org.openqa.selenium.remote.http.W3CHttpResponseCodec.decode(W3CHttpResponseCodec.java:120)
	at org.openqa.selenium.remote.http.W3CHttpResponseCodec.decode(W3CHttpResponseCodec.java:49)
	at org.openqa.selenium.remote.HttpCommandExecutor.execute(HttpCommandExecutor.java:164)
	at org.openqa.selenium.remote.service.DriverCommandExecutor.execute(DriverCommandExecutor.java:82)
	at org.openqa.selenium.remote.RemoteWebDriver.execute(RemoteWebDriver.java:646)
	at org.openqa.selenium.remote.RemoteWebDriver.findElement(RemoteWebDriver.java:416)
	at org.openqa.selenium.remote.RemoteWebDriver.findElementByXPath(RemoteWebDriver.java:518)
	at org.openqa.selenium.By$ByXPath.findElement(By.java:361)
	at org.openqa.selenium.remote.RemoteWebDriver.findElement(RemoteWebDriver.java:408)
	at org.openqa.selenium.support.events.EventFiringWebDriver$2.invoke(EventFiringWebDriver.java:105)
	at com.sun.proxy.$Proxy8.findElement(Unknown Source)
	at org.openqa.selenium.support.events.EventFiringWebDriver.findElement(EventFiringWebDriver.java:189)
	at org.openqa.selenium.support.pagefactory.DefaultElementLocator.findElement(DefaultElementLocator.java:69)
	at org.openqa.selenium.support.pagefactory.internal.LocatingElementHandler.invoke(LocatingElementHandler.java:38)
	at com.sun.proxy.$Proxy12.isDisplayed(Unknown Source)
	at org.openqa.selenium.support.ui.ExpectedConditions.elementIfVisible(ExpectedConditions.java:302)
	at org.openqa.selenium.support.ui.ExpectedConditions.access$100(ExpectedConditions.java:44)
	at org.openqa.selenium.support.ui.ExpectedConditions$10.apply(ExpectedConditions.java:288)
	at org.openqa.selenium.support.ui.ExpectedConditions$10.apply(ExpectedConditions.java:285)
	at org.openqa.selenium.support.ui.FluentWait.until(FluentWait.java:209)
	... 17 more
... Removed 16 stack frames]]>
    </failure>
  </testcase> <!-- nolead_Reached_MultipleOpportunity -->
  <testcase name="nolead_Reached_MultipleOpportunity" time="228.692" classname="com.crm.qa.testcases.LogActivityTest">
    <failure type="org.openqa.selenium.TimeoutException" message="Expected condition failed: waiting for visibility of Proxy element for: DefaultElementLocator &amp;apos;By.xpath: (//span[(text()=&amp;apos;Log an Interaction&amp;apos;)]/ancestor::div[contains (@class, (&amp;apos;content&amp;apos;))])[last()]//label[contains (@for,&amp;apos;Workplace&amp;apos;)]&amp;apos; (tried for 60 second(s) with 500 MILLISECONDS interval)">
      <![CDATA[org.openqa.selenium.TimeoutException: Expected condition failed: waiting for visibility of Proxy element for: DefaultElementLocator 'By.xpath: (//span[(text()='Log an Interaction')]/ancestor::div[contains (@class, ('content'))])[last()]//label[contains (@for,'Workplace')]' (tried for 60 second(s) with 500 MILLISECONDS interval)
	at org.openqa.selenium.support.ui.WebDriverWait.timeoutException(WebDriverWait.java:80)
	at org.openqa.selenium.support.ui.FluentWait.until(FluentWait.java:232)
	at com.crm.qa.util.TestUtil.waitUntilElementVisible(TestUtil.java:147)
	at com.crm.qa.util.TestUtil.clickElement(TestUtil.java:133)
	at com.crm.qa.pages.Opportunities.createWorkplaceOpportunity(Opportunities.java:445)
	at com.crm.qa.testcases.LogActivityTest.nolead_Reached_MultipleOpportunity(LogActivityTest.java:599)
	at java.util.concurrent.ThreadPoolExecutor.runWorker(ThreadPoolExecutor.java:1149)
	at java.util.concurrent.ThreadPoolExecutor$Worker.run(ThreadPoolExecutor.java:624)
	at java.lang.Thread.run(Thread.java:748)
Caused by: org.openqa.selenium.NoSuchElementException: no such element: Unable to locate element: {"method":"xpath","selector":"(//span[(text()='Log an Interaction')]/ancestor::div[contains (@class, ('content'))])[last()]//label[contains (@for,'Workplace')]"}
  (Session info: chrome=79.0.3945.130)
For documentation on this error, please visit: http://seleniumhq.org/exceptions/no_such_element.html
Build info: version: '3.5.3', revision: 'a88d25fe6b', time: '2017-08-29T12:42:44.417Z'
System info: host: 'PHX-ISHARAF', ip: '192.168.125.187', os.name: 'Windows 10', os.arch: 'amd64', os.version: '10.0', java.version: '1.8.0_221'
Driver info: org.openqa.selenium.chrome.ChromeDriver
Capabilities [{networkConnectionEnabled=false, chrome={chromedriverVersion=79.0.3945.16 (93fcc21110c10dbbd49bbff8f472335360e31d05-refs/branch-heads/3945@{#262}), userDataDir=C:\Users\ISharaf\AppData\Local\Temp\scoped_dir32512_454615123}, timeouts={implicit=0, pageLoad=300000, script=30000}, pageLoadStrategy=normal, unhandledPromptBehavior=accept, strictFileInteractability=false, platform=XP, proxy=Proxy(), goog:chromeOptions={debuggerAddress=localhost:56695}, acceptInsecureCerts=false, browserVersion=79.0.3945.130, browserName=chrome, javascriptEnabled=true, platformName=XP, setWindowRect=true}]
Session ID: 2c3e8de4848e49103c495514e0e646b0
*** Element info: {Using=xpath, value=(//span[(text()='Log an Interaction')]/ancestor::div[contains (@class, ('content'))])[last()]//label[contains (@for,'Workplace')]}
	at org.openqa.selenium.remote.http.W3CHttpResponseCodec.createException(W3CHttpResponseCodec.java:185)
	at org.openqa.selenium.remote.http.W3CHttpResponseCodec.decode(W3CHttpResponseCodec.java:120)
	at org.openqa.selenium.remote.http.W3CHttpResponseCodec.decode(W3CHttpResponseCodec.java:49)
	at org.openqa.selenium.remote.HttpCommandExecutor.execute(HttpCommandExecutor.java:164)
	at org.openqa.selenium.remote.service.DriverCommandExecutor.execute(DriverCommandExecutor.java:82)
	at org.openqa.selenium.remote.RemoteWebDriver.execute(RemoteWebDriver.java:646)
	at org.openqa.selenium.remote.RemoteWebDriver.findElement(RemoteWebDriver.java:416)
	at org.openqa.selenium.remote.RemoteWebDriver.findElementByXPath(RemoteWebDriver.java:518)
	at org.openqa.selenium.By$ByXPath.findElement(By.java:361)
	at org.openqa.selenium.remote.RemoteWebDriver.findElement(RemoteWebDriver.java:408)
	at org.openqa.selenium.support.events.EventFiringWebDriver$2.invoke(EventFiringWebDriver.java:105)
	at com.sun.proxy.$Proxy8.findElement(Unknown Source)
	at org.openqa.selenium.support.events.EventFiringWebDriver.findElement(EventFiringWebDriver.java:189)
	at org.openqa.selenium.support.pagefactory.DefaultElementLocator.findElement(DefaultElementLocator.java:69)
	at org.openqa.selenium.support.pagefactory.internal.LocatingElementHandler.invoke(LocatingElementHandler.java:38)
	at com.sun.proxy.$Proxy12.isDisplayed(Unknown Source)
	at org.openqa.selenium.support.ui.ExpectedConditions.elementIfVisible(ExpectedConditions.java:302)
	at org.openqa.selenium.support.ui.ExpectedConditions.access$100(ExpectedConditions.java:44)
	at org.openqa.selenium.support.ui.ExpectedConditions$10.apply(ExpectedConditions.java:288)
	at org.openqa.selenium.support.ui.ExpectedConditions$10.apply(ExpectedConditions.java:285)
	at org.openqa.selenium.support.ui.FluentWait.until(FluentWait.java:209)
	... 17 more
... Removed 16 stack frames]]>
    </failure>
  </testcase> <!-- nolead_Reached_MultipleOpportunity -->
  <testcase name="UpdatePrimaryAccountdetails" time="84.446" classname="com.crm.qa.testcases.LogActivityTest"/>
  <testcase name="UpdatePrimaryAccountdetails" time="84.005" classname="com.crm.qa.testcases.LogActivityTest"/>
  <testcase name="UpdateSpouseAccountdetails" time="114.809" classname="com.crm.qa.testcases.LogActivityTest"/>
  <testcase name="UpdateSpouseAccountdetails" time="239.513" classname="com.crm.qa.testcases.LogActivityTest">
    <skipped/>
  </testcase> <!-- UpdateSpouseAccountdetails -->
  <testcase name="UpdateSpouseAccountdetails" time="114.131" classname="com.crm.qa.testcases.LogActivityTest"/>
  <testcase name="validateFinancialDataForSponsoredClient" time="38.457" classname="com.crm.qa.testcases.LogActivityTest"/>
  <testcase name="validateEmail" time="51.268" classname="com.crm.qa.testcases.LogActivityTest"/>
  <testcase name="validateEmail" time="50.641" classname="com.crm.qa.testcases.LogActivityTest"/>
  <testcase name="UnplannedMeeting_withOutcome_Completed_multipleUsers" time="0.0" classname="com.crm.qa.testcases.LogActivityTest">
    <ignored/>
  </testcase> <!-- UnplannedMeeting_withOutcome_Completed_multipleUsers -->
  <testcase name="CreateAccount_Spouse" time="0.0" classname="com.crm.qa.testcases.LogActivityTest">
    <ignored/>
  </testcase> <!-- CreateAccount_Spouse -->
  <testcase name="UnplannedMeeting_withMeeting_OnSiteEvent_multipleUsers" time="0.0" classname="com.crm.qa.testcases.LogActivityTest">
    <ignored/>
  </testcase> <!-- UnplannedMeeting_withMeeting_OnSiteEvent_multipleUsers -->
  <testcase name="UnplannedMeeting_withOutcome_NoShow_multipleUsers" time="0.0" classname="com.crm.qa.testcases.LogActivityTest">
    <ignored/>
  </testcase> <!-- UnplannedMeeting_withOutcome_NoShow_multipleUsers -->
  <testcase name="UnplannedMeetingWithExistingMeeting" time="0.0" classname="com.crm.qa.testcases.LogActivityTest">
    <ignored/>
  </testcase> <!-- UnplannedMeetingWithExistingMeeting -->
  <testcase name="UnplannedMeeting_withMeeting_VirtualMeeting_multipleUsers" time="0.0" classname="com.crm.qa.testcases.LogActivityTest">
    <ignored/>
  </testcase> <!-- UnplannedMeeting_withMeeting_VirtualMeeting_multipleUsers -->
  <testcase name="debug" time="0.0" classname="com.crm.qa.testcases.LogActivityTest">
    <ignored/>
  </testcase> <!-- debug -->
  <testcase name="meeting_CompleteFlowWithOptions" time="0.0" classname="com.crm.qa.testcases.LogActivityTest">
    <ignored/>
  </testcase> <!-- meeting_CompleteFlowWithOptions -->
  <testcase name="navigateToRetailUser" time="0.0" classname="com.crm.qa.testcases.LogActivityTest">
    <ignored/>
  </testcase> <!-- navigateToRetailUser -->
  <testcase name="UnplannedMeeting_withMeeting_OnPhone_multipleUsers" time="0.0" classname="com.crm.qa.testcases.LogActivityTest">
    <ignored/>
  </testcase> <!-- UnplannedMeeting_withMeeting_OnPhone_multipleUsers -->
  <testcase name="UnplannedMeeting_withOutcome_Cancelled_multipleUsers" time="0.0" classname="com.crm.qa.testcases.LogActivityTest">
    <ignored/>
  </testcase> <!-- UnplannedMeeting_withOutcome_Cancelled_multipleUsers -->
</testsuite> <!-- Log a Call Test Scenarios -->
