<?xml version="1.0" encoding="UTF-8"?>
<!-- Generated by org.testng.reporters.JUnitXMLReporter -->
<testsuite hostname="PHX-ISHARAF" ignored="15" name="Log a Call Test Scenarios" tests="46" failures="14" timestamp="06 Feb 2020 17:36:01 GMT" time="3815.598" errors="0">
  <testcase name="reached_multipleUsers" time="78.267" classname="com.crm.qa.testcases.LogActivityTest"/>
  <testcase name="notReached_multipleUsers" time="60.369" classname="com.crm.qa.testcases.LogActivityTest"/>
  <testcase name="UnplannedMeeting_multipleUsers" time="65.651" classname="com.crm.qa.testcases.LogActivityTest"/>
  <testcase name="logaCall_Reached_Household_multipleUsers" time="62.97" classname="com.crm.qa.testcases.LogActivityTest"/>
  <testcase name="logaCall_NotReached_Household_multipleUsers" time="58.584" classname="com.crm.qa.testcases.LogActivityTest"/>
  <testcase name="logaCall_UnplannedMeeting_multipleUsers" time="63.26" classname="com.crm.qa.testcases.LogActivityTest"/>
  <testcase name="notReached" time="62.63" classname="com.crm.qa.testcases.LogActivityTest"/>
  <testcase name="reached" time="61.968" classname="com.crm.qa.testcases.LogActivityTest"/>
  <testcase name="UnplannedMeeting" time="64.218" classname="com.crm.qa.testcases.LogActivityTest"/>
  <testcase name="reached_Schedule_ToDo" time="48.749" classname="com.crm.qa.testcases.LogActivityTest">
    <skipped/>
  </testcase> <!-- reached_Schedule_ToDo -->
  <testcase name="reached_Schedule_ToDo" time="49.094" classname="com.crm.qa.testcases.LogActivityTest">
    <failure type="org.openqa.selenium.WebDriverException" message="element click intercepted: Element &amp;lt;div dir=&amp;quot;ltr&amp;quot; data-aura-rendered-by=&amp;quot;178:6552;a&amp;quot; class=&amp;quot;uiOutputRichText&amp;quot; data-aura-class=&amp;quot;uiOutputRichText&amp;quot;&amp;gt;...&amp;lt;/div&amp;gt; is not clickable at point (1105, 702). Other element would receive the click: &amp;lt;ul class=&amp;quot;utilitybar slds-utility-bar&amp;quot; data-aura-rendered-by=&amp;quot;306:0&amp;quot;&amp;gt;...&amp;lt;/ul&amp;gt;
  (Session info: chrome=79.0.3945.130)
Build info: version: &amp;apos;3.5.3&amp;apos;, revision: &amp;apos;a88d25fe6b&amp;apos;, time: &amp;apos;2017-08-29T12:42:44.417Z&amp;apos;
System info: host: &amp;apos;PHX-ISHARAF&amp;apos;, ip: &amp;apos;10.8.100.176&amp;apos;, os.name: &amp;apos;Windows 10&amp;apos;, os.arch: &amp;apos;amd64&amp;apos;, os.version: &amp;apos;10.0&amp;apos;, java.version: &amp;apos;1.8.0_221&amp;apos;
Driver info: org.openqa.selenium.chrome.ChromeDriver
Capabilities [{networkConnectionEnabled=false, chrome={chromedriverVersion=79.0.3945.16 (93fcc21110c10dbbd49bbff8f472335360e31d05-refs/branch-heads/3945@{#262}), userDataDir=C:\Users\ISharaf\AppData\Local\Temp\scoped_dir18060_1135626978}, timeouts={implicit=0, pageLoad=300000, script=30000}, pageLoadStrategy=normal, unhandledPromptBehavior=dismiss and notify, strictFileInteractability=false, platform=XP, proxy=Proxy(), goog:chromeOptions={debuggerAddress=localhost:54489}, acceptInsecureCerts=false, browserVersion=79.0.3945.130, browserName=chrome, javascriptEnabled=true, platformName=XP, setWindowRect=true}]
Session ID: aecf2b89168b8910b9931ec0b0b05491">
      <![CDATA[org.openqa.selenium.WebDriverException: element click intercepted: Element <div dir="ltr" data-aura-rendered-by="178:6552;a" class="uiOutputRichText" data-aura-class="uiOutputRichText">...</div> is not clickable at point (1105, 702). Other element would receive the click: <ul class="utilitybar slds-utility-bar" data-aura-rendered-by="306:0">...</ul>
  (Session info: chrome=79.0.3945.130)
Build info: version: '3.5.3', revision: 'a88d25fe6b', time: '2017-08-29T12:42:44.417Z'
System info: host: 'PHX-ISHARAF', ip: '10.8.100.176', os.name: 'Windows 10', os.arch: 'amd64', os.version: '10.0', java.version: '1.8.0_221'
Driver info: org.openqa.selenium.chrome.ChromeDriver
Capabilities [{networkConnectionEnabled=false, chrome={chromedriverVersion=79.0.3945.16 (93fcc21110c10dbbd49bbff8f472335360e31d05-refs/branch-heads/3945@{#262}), userDataDir=C:\Users\ISharaf\AppData\Local\Temp\scoped_dir18060_1135626978}, timeouts={implicit=0, pageLoad=300000, script=30000}, pageLoadStrategy=normal, unhandledPromptBehavior=dismiss and notify, strictFileInteractability=false, platform=XP, proxy=Proxy(), goog:chromeOptions={debuggerAddress=localhost:54489}, acceptInsecureCerts=false, browserVersion=79.0.3945.130, browserName=chrome, javascriptEnabled=true, platformName=XP, setWindowRect=true}]
Session ID: aecf2b89168b8910b9931ec0b0b05491
	at org.openqa.selenium.remote.http.W3CHttpResponseCodec.createException(W3CHttpResponseCodec.java:185)
	at org.openqa.selenium.remote.http.W3CHttpResponseCodec.decode(W3CHttpResponseCodec.java:120)
	at org.openqa.selenium.remote.http.W3CHttpResponseCodec.decode(W3CHttpResponseCodec.java:49)
	at org.openqa.selenium.remote.HttpCommandExecutor.execute(HttpCommandExecutor.java:164)
	at org.openqa.selenium.remote.service.DriverCommandExecutor.execute(DriverCommandExecutor.java:82)
	at org.openqa.selenium.remote.RemoteWebDriver.execute(RemoteWebDriver.java:646)
	at org.openqa.selenium.remote.RemoteWebElement.execute(RemoteWebElement.java:275)
	at org.openqa.selenium.remote.RemoteWebElement.click(RemoteWebElement.java:82)
	at org.openqa.selenium.support.events.EventFiringWebDriver$EventFiringWebElement$1.invoke(EventFiringWebDriver.java:350)
	at com.sun.proxy.$Proxy13.click(Unknown Source)
	at org.openqa.selenium.support.events.EventFiringWebDriver$EventFiringWebElement.click(EventFiringWebDriver.java:363)
	at org.openqa.selenium.support.pagefactory.internal.LocatingElementHandler.invoke(LocatingElementHandler.java:51)
	at com.sun.proxy.$Proxy12.click(Unknown Source)
	at com.crm.qa.pages.DetailsPage.reached_schedule(DetailsPage.java:553)
	at com.crm.qa.testcases.LogActivityTest.reached_Schedule_ToDo(LogActivityTest.java:250)
	at java.util.concurrent.ThreadPoolExecutor.runWorker(Unknown Source)
	at java.util.concurrent.ThreadPoolExecutor$Worker.run(Unknown Source)
	at java.lang.Thread.run(Unknown Source)
... Removed 20 stack frames]]>
    </failure>
  </testcase> <!-- reached_Schedule_ToDo -->
  <testcase name="reached_Schedule_Phonecall" time="48.959" classname="com.crm.qa.testcases.LogActivityTest">
    <skipped/>
  </testcase> <!-- reached_Schedule_Phonecall -->
  <testcase name="reached_Schedule_Phonecall" time="46.059" classname="com.crm.qa.testcases.LogActivityTest">
    <failure type="org.openqa.selenium.WebDriverException" message="element click intercepted: Element &amp;lt;div dir=&amp;quot;ltr&amp;quot; data-aura-rendered-by=&amp;quot;178:6552;a&amp;quot; class=&amp;quot;uiOutputRichText&amp;quot; data-aura-class=&amp;quot;uiOutputRichText&amp;quot;&amp;gt;...&amp;lt;/div&amp;gt; is not clickable at point (1105, 702). Other element would receive the click: &amp;lt;ul class=&amp;quot;utilitybar slds-utility-bar&amp;quot; data-aura-rendered-by=&amp;quot;306:0&amp;quot;&amp;gt;...&amp;lt;/ul&amp;gt;
  (Session info: chrome=79.0.3945.130)
Build info: version: &amp;apos;3.5.3&amp;apos;, revision: &amp;apos;a88d25fe6b&amp;apos;, time: &amp;apos;2017-08-29T12:42:44.417Z&amp;apos;
System info: host: &amp;apos;PHX-ISHARAF&amp;apos;, ip: &amp;apos;10.8.100.176&amp;apos;, os.name: &amp;apos;Windows 10&amp;apos;, os.arch: &amp;apos;amd64&amp;apos;, os.version: &amp;apos;10.0&amp;apos;, java.version: &amp;apos;1.8.0_221&amp;apos;
Driver info: org.openqa.selenium.chrome.ChromeDriver
Capabilities [{networkConnectionEnabled=false, chrome={chromedriverVersion=79.0.3945.16 (93fcc21110c10dbbd49bbff8f472335360e31d05-refs/branch-heads/3945@{#262}), userDataDir=C:\Users\ISharaf\AppData\Local\Temp\scoped_dir19872_2047392452}, timeouts={implicit=0, pageLoad=300000, script=30000}, pageLoadStrategy=normal, unhandledPromptBehavior=dismiss and notify, strictFileInteractability=false, platform=XP, proxy=Proxy(), goog:chromeOptions={debuggerAddress=localhost:55039}, acceptInsecureCerts=false, browserVersion=79.0.3945.130, browserName=chrome, javascriptEnabled=true, platformName=XP, setWindowRect=true}]
Session ID: fefebf338529c7a19cf90cb42e0fc030">
      <![CDATA[org.openqa.selenium.WebDriverException: element click intercepted: Element <div dir="ltr" data-aura-rendered-by="178:6552;a" class="uiOutputRichText" data-aura-class="uiOutputRichText">...</div> is not clickable at point (1105, 702). Other element would receive the click: <ul class="utilitybar slds-utility-bar" data-aura-rendered-by="306:0">...</ul>
  (Session info: chrome=79.0.3945.130)
Build info: version: '3.5.3', revision: 'a88d25fe6b', time: '2017-08-29T12:42:44.417Z'
System info: host: 'PHX-ISHARAF', ip: '10.8.100.176', os.name: 'Windows 10', os.arch: 'amd64', os.version: '10.0', java.version: '1.8.0_221'
Driver info: org.openqa.selenium.chrome.ChromeDriver
Capabilities [{networkConnectionEnabled=false, chrome={chromedriverVersion=79.0.3945.16 (93fcc21110c10dbbd49bbff8f472335360e31d05-refs/branch-heads/3945@{#262}), userDataDir=C:\Users\ISharaf\AppData\Local\Temp\scoped_dir19872_2047392452}, timeouts={implicit=0, pageLoad=300000, script=30000}, pageLoadStrategy=normal, unhandledPromptBehavior=dismiss and notify, strictFileInteractability=false, platform=XP, proxy=Proxy(), goog:chromeOptions={debuggerAddress=localhost:55039}, acceptInsecureCerts=false, browserVersion=79.0.3945.130, browserName=chrome, javascriptEnabled=true, platformName=XP, setWindowRect=true}]
Session ID: fefebf338529c7a19cf90cb42e0fc030
	at org.openqa.selenium.remote.http.W3CHttpResponseCodec.createException(W3CHttpResponseCodec.java:185)
	at org.openqa.selenium.remote.http.W3CHttpResponseCodec.decode(W3CHttpResponseCodec.java:120)
	at org.openqa.selenium.remote.http.W3CHttpResponseCodec.decode(W3CHttpResponseCodec.java:49)
	at org.openqa.selenium.remote.HttpCommandExecutor.execute(HttpCommandExecutor.java:164)
	at org.openqa.selenium.remote.service.DriverCommandExecutor.execute(DriverCommandExecutor.java:82)
	at org.openqa.selenium.remote.RemoteWebDriver.execute(RemoteWebDriver.java:646)
	at org.openqa.selenium.remote.RemoteWebElement.execute(RemoteWebElement.java:275)
	at org.openqa.selenium.remote.RemoteWebElement.click(RemoteWebElement.java:82)
	at org.openqa.selenium.support.events.EventFiringWebDriver$EventFiringWebElement$1.invoke(EventFiringWebDriver.java:350)
	at com.sun.proxy.$Proxy13.click(Unknown Source)
	at org.openqa.selenium.support.events.EventFiringWebDriver$EventFiringWebElement.click(EventFiringWebDriver.java:363)
	at org.openqa.selenium.support.pagefactory.internal.LocatingElementHandler.invoke(LocatingElementHandler.java:51)
	at com.sun.proxy.$Proxy12.click(Unknown Source)
	at com.crm.qa.pages.DetailsPage.reached_schedule(DetailsPage.java:553)
	at com.crm.qa.testcases.LogActivityTest.reached_Schedule_Phonecall(LogActivityTest.java:235)
	at java.util.concurrent.ThreadPoolExecutor.runWorker(Unknown Source)
	at java.util.concurrent.ThreadPoolExecutor$Worker.run(Unknown Source)
	at java.lang.Thread.run(Unknown Source)
... Removed 20 stack frames]]>
    </failure>
  </testcase> <!-- reached_Schedule_Phonecall -->
  <testcase name="reached_Schedule_Appointment" time="53.959" classname="com.crm.qa.testcases.LogActivityTest">
    <skipped/>
  </testcase> <!-- reached_Schedule_Appointment -->
  <testcase name="reached_Schedule_Appointment" time="55.286" classname="com.crm.qa.testcases.LogActivityTest">
    <failure type="org.openqa.selenium.WebDriverException" message="element click intercepted: Element &amp;lt;div dir=&amp;quot;ltr&amp;quot; data-aura-rendered-by=&amp;quot;75:6591;a&amp;quot; class=&amp;quot;uiOutputRichText&amp;quot; data-aura-class=&amp;quot;uiOutputRichText&amp;quot;&amp;gt;...&amp;lt;/div&amp;gt; is not clickable at point (1119, 8). Other element would receive the click: &amp;lt;div class=&amp;quot;slds-notify slds-notify_alert system-message level-info slds-theme_info&amp;quot; data-message-id=&amp;quot;loginAsSystemMessage&amp;quot; aria-live=&amp;quot;polite&amp;quot; data-index=&amp;quot;0&amp;quot; aria-atomic=&amp;quot;true&amp;quot; data-aura-rendered-by=&amp;quot;1:188;a&amp;quot;&amp;gt;...&amp;lt;/div&amp;gt;
  (Session info: chrome=79.0.3945.130)
Build info: version: &amp;apos;3.5.3&amp;apos;, revision: &amp;apos;a88d25fe6b&amp;apos;, time: &amp;apos;2017-08-29T12:42:44.417Z&amp;apos;
System info: host: &amp;apos;PHX-ISHARAF&amp;apos;, ip: &amp;apos;10.8.100.176&amp;apos;, os.name: &amp;apos;Windows 10&amp;apos;, os.arch: &amp;apos;amd64&amp;apos;, os.version: &amp;apos;10.0&amp;apos;, java.version: &amp;apos;1.8.0_221&amp;apos;
Driver info: org.openqa.selenium.chrome.ChromeDriver
Capabilities [{networkConnectionEnabled=false, chrome={chromedriverVersion=79.0.3945.16 (93fcc21110c10dbbd49bbff8f472335360e31d05-refs/branch-heads/3945@{#262}), userDataDir=C:\Users\ISharaf\AppData\Local\Temp\scoped_dir15908_2078753643}, timeouts={implicit=0, pageLoad=300000, script=30000}, pageLoadStrategy=normal, unhandledPromptBehavior=dismiss and notify, strictFileInteractability=false, platform=XP, proxy=Proxy(), goog:chromeOptions={debuggerAddress=localhost:55598}, acceptInsecureCerts=false, browserVersion=79.0.3945.130, browserName=chrome, javascriptEnabled=true, platformName=XP, setWindowRect=true}]
Session ID: 86a5847abb8121ece6fe4805b627fdb5">
      <![CDATA[org.openqa.selenium.WebDriverException: element click intercepted: Element <div dir="ltr" data-aura-rendered-by="75:6591;a" class="uiOutputRichText" data-aura-class="uiOutputRichText">...</div> is not clickable at point (1119, 8). Other element would receive the click: <div class="slds-notify slds-notify_alert system-message level-info slds-theme_info" data-message-id="loginAsSystemMessage" aria-live="polite" data-index="0" aria-atomic="true" data-aura-rendered-by="1:188;a">...</div>
  (Session info: chrome=79.0.3945.130)
Build info: version: '3.5.3', revision: 'a88d25fe6b', time: '2017-08-29T12:42:44.417Z'
System info: host: 'PHX-ISHARAF', ip: '10.8.100.176', os.name: 'Windows 10', os.arch: 'amd64', os.version: '10.0', java.version: '1.8.0_221'
Driver info: org.openqa.selenium.chrome.ChromeDriver
Capabilities [{networkConnectionEnabled=false, chrome={chromedriverVersion=79.0.3945.16 (93fcc21110c10dbbd49bbff8f472335360e31d05-refs/branch-heads/3945@{#262}), userDataDir=C:\Users\ISharaf\AppData\Local\Temp\scoped_dir15908_2078753643}, timeouts={implicit=0, pageLoad=300000, script=30000}, pageLoadStrategy=normal, unhandledPromptBehavior=dismiss and notify, strictFileInteractability=false, platform=XP, proxy=Proxy(), goog:chromeOptions={debuggerAddress=localhost:55598}, acceptInsecureCerts=false, browserVersion=79.0.3945.130, browserName=chrome, javascriptEnabled=true, platformName=XP, setWindowRect=true}]
Session ID: 86a5847abb8121ece6fe4805b627fdb5
	at org.openqa.selenium.remote.http.W3CHttpResponseCodec.createException(W3CHttpResponseCodec.java:185)
	at org.openqa.selenium.remote.http.W3CHttpResponseCodec.decode(W3CHttpResponseCodec.java:120)
	at org.openqa.selenium.remote.http.W3CHttpResponseCodec.decode(W3CHttpResponseCodec.java:49)
	at org.openqa.selenium.remote.HttpCommandExecutor.execute(HttpCommandExecutor.java:164)
	at org.openqa.selenium.remote.service.DriverCommandExecutor.execute(DriverCommandExecutor.java:82)
	at org.openqa.selenium.remote.RemoteWebDriver.execute(RemoteWebDriver.java:646)
	at org.openqa.selenium.remote.RemoteWebElement.execute(RemoteWebElement.java:275)
	at org.openqa.selenium.remote.RemoteWebElement.click(RemoteWebElement.java:82)
	at org.openqa.selenium.support.events.EventFiringWebDriver$EventFiringWebElement$1.invoke(EventFiringWebDriver.java:350)
	at com.sun.proxy.$Proxy13.click(Unknown Source)
	at org.openqa.selenium.support.events.EventFiringWebDriver$EventFiringWebElement.click(EventFiringWebDriver.java:363)
	at org.openqa.selenium.support.pagefactory.internal.LocatingElementHandler.invoke(LocatingElementHandler.java:51)
	at com.sun.proxy.$Proxy12.click(Unknown Source)
	at com.crm.qa.pages.DetailsPage.reached_scheduleAppointment1(DetailsPage.java:633)
	at com.crm.qa.testcases.LogActivityTest.reached_Schedule_Appointment(LogActivityTest.java:265)
	at java.util.concurrent.ThreadPoolExecutor.runWorker(Unknown Source)
	at java.util.concurrent.ThreadPoolExecutor$Worker.run(Unknown Source)
	at java.lang.Thread.run(Unknown Source)
... Removed 20 stack frames]]>
    </failure>
  </testcase> <!-- reached_Schedule_Appointment -->
  <testcase name="LogACallSpouse" time="127.148" classname="com.crm.qa.testcases.LogActivityTest">
    <skipped/>
  </testcase> <!-- LogACallSpouse -->
  <testcase name="LogACallSpouse" time="101.962" classname="com.crm.qa.testcases.LogActivityTest"/>
  <testcase name="LogaCallwithSpouse_ValidateAtPrimary" time="151.864" classname="com.crm.qa.testcases.LogActivityTest">
    <skipped/>
  </testcase> <!-- LogaCallwithSpouse_ValidateAtPrimary -->
  <testcase name="LogaCallwithSpouse_ValidateAtPrimary" time="104.772" classname="com.crm.qa.testcases.LogActivityTest"/>
  <testcase name="OnlyCreateRetail_1_Account" time="94.205" classname="com.crm.qa.testcases.LogActivityTest">
    <skipped/>
  </testcase> <!-- OnlyCreateRetail_1_Account -->
  <testcase name="OnlyCreateRetail_1_Account" time="94.797" classname="com.crm.qa.testcases.LogActivityTest">
    <failure type="org.openqa.selenium.NoSuchElementException" message="no such element: Unable to locate element: {&amp;quot;method&amp;quot;:&amp;quot;xpath&amp;quot;,&amp;quot;selector&amp;quot;:&amp;quot;(//span[contains(text(),&amp;apos;User Number&amp;apos;)]/..//div[contains (@class,(&amp;apos;slds-truncate&amp;apos;))]/span)[last()]&amp;quot;}
  (Session info: chrome=79.0.3945.130)
For documentation on this error, please visit: http://seleniumhq.org/exceptions/no_such_element.html
Build info: version: &amp;apos;3.5.3&amp;apos;, revision: &amp;apos;a88d25fe6b&amp;apos;, time: &amp;apos;2017-08-29T12:42:44.417Z&amp;apos;
System info: host: &amp;apos;PHX-ISHARAF&amp;apos;, ip: &amp;apos;10.8.100.176&amp;apos;, os.name: &amp;apos;Windows 10&amp;apos;, os.arch: &amp;apos;amd64&amp;apos;, os.version: &amp;apos;10.0&amp;apos;, java.version: &amp;apos;1.8.0_221&amp;apos;
Driver info: org.openqa.selenium.chrome.ChromeDriver
Capabilities [{networkConnectionEnabled=false, chrome={chromedriverVersion=79.0.3945.16 (93fcc21110c10dbbd49bbff8f472335360e31d05-refs/branch-heads/3945@{#262}), userDataDir=C:\Users\ISharaf\AppData\Local\Temp\scoped_dir11156_1059715670}, timeouts={implicit=0, pageLoad=300000, script=30000}, pageLoadStrategy=normal, unhandledPromptBehavior=dismiss and notify, strictFileInteractability=false, platform=XP, proxy=Proxy(), goog:chromeOptions={debuggerAddress=localhost:57454}, acceptInsecureCerts=false, browserVersion=79.0.3945.130, browserName=chrome, javascriptEnabled=true, platformName=XP, setWindowRect=true}]
Session ID: 85462bcc1d766c54f00c2393935ae12d
*** Element info: {Using=xpath, value=(//span[contains(text(),&amp;apos;User Number&amp;apos;)]/..//div[contains (@class,(&amp;apos;slds-truncate&amp;apos;))]/span)[last()]}">
      <![CDATA[org.openqa.selenium.NoSuchElementException: no such element: Unable to locate element: {"method":"xpath","selector":"(//span[contains(text(),'User Number')]/..//div[contains (@class,('slds-truncate'))]/span)[last()]"}
  (Session info: chrome=79.0.3945.130)
For documentation on this error, please visit: http://seleniumhq.org/exceptions/no_such_element.html
Build info: version: '3.5.3', revision: 'a88d25fe6b', time: '2017-08-29T12:42:44.417Z'
System info: host: 'PHX-ISHARAF', ip: '10.8.100.176', os.name: 'Windows 10', os.arch: 'amd64', os.version: '10.0', java.version: '1.8.0_221'
Driver info: org.openqa.selenium.chrome.ChromeDriver
Capabilities [{networkConnectionEnabled=false, chrome={chromedriverVersion=79.0.3945.16 (93fcc21110c10dbbd49bbff8f472335360e31d05-refs/branch-heads/3945@{#262}), userDataDir=C:\Users\ISharaf\AppData\Local\Temp\scoped_dir11156_1059715670}, timeouts={implicit=0, pageLoad=300000, script=30000}, pageLoadStrategy=normal, unhandledPromptBehavior=dismiss and notify, strictFileInteractability=false, platform=XP, proxy=Proxy(), goog:chromeOptions={debuggerAddress=localhost:57454}, acceptInsecureCerts=false, browserVersion=79.0.3945.130, browserName=chrome, javascriptEnabled=true, platformName=XP, setWindowRect=true}]
Session ID: 85462bcc1d766c54f00c2393935ae12d
*** Element info: {Using=xpath, value=(//span[contains(text(),'User Number')]/..//div[contains (@class,('slds-truncate'))]/span)[last()]}
	at org.openqa.selenium.remote.http.W3CHttpResponseCodec.createException(W3CHttpResponseCodec.java:185)
	at org.openqa.selenium.remote.http.W3CHttpResponseCodec.decode(W3CHttpResponseCodec.java:120)
	at org.openqa.selenium.remote.http.W3CHttpResponseCodec.decode(W3CHttpResponseCodec.java:49)
	at org.openqa.selenium.remote.HttpCommandExecutor.execute(HttpCommandExecutor.java:164)
	at org.openqa.selenium.remote.service.DriverCommandExecutor.execute(DriverCommandExecutor.java:82)
	at org.openqa.selenium.remote.RemoteWebDriver.execute(RemoteWebDriver.java:646)
	at org.openqa.selenium.remote.RemoteWebDriver.findElement(RemoteWebDriver.java:416)
	at org.openqa.selenium.remote.RemoteWebDriver.findElementByXPath(RemoteWebDriver.java:518)
	at org.openqa.selenium.By$ByXPath.findElement(By.java:361)
	at org.openqa.selenium.remote.RemoteWebDriver.findElement(RemoteWebDriver.java:408)
	at org.openqa.selenium.support.events.EventFiringWebDriver$2.invoke(EventFiringWebDriver.java:105)
	at com.sun.proxy.$Proxy8.findElement(Unknown Source)
	at org.openqa.selenium.support.events.EventFiringWebDriver.findElement(EventFiringWebDriver.java:189)
	at org.openqa.selenium.support.pagefactory.DefaultElementLocator.findElement(DefaultElementLocator.java:69)
	at org.openqa.selenium.support.pagefactory.internal.LocatingElementHandler.invoke(LocatingElementHandler.java:38)
	at com.sun.proxy.$Proxy12.getText(Unknown Source)
	at com.crm.qa.pages.RetailAccount.searchAccount(RetailAccount.java:416)
	at com.crm.qa.testcases.LogActivityTest.OnlyCreateRetail_1_Account(LogActivityTest.java:547)
	at java.util.concurrent.ThreadPoolExecutor.runWorker(Unknown Source)
	at java.util.concurrent.ThreadPoolExecutor$Worker.run(Unknown Source)
	at java.lang.Thread.run(Unknown Source)
... Removed 17 stack frames]]>
    </failure>
  </testcase> <!-- OnlyCreateRetail_1_Account -->
  <testcase name="OnlyCreateRetail_2_Account" time="76.898" classname="com.crm.qa.testcases.LogActivityTest"/>
  <testcase name="CreateRetail1Account_Spouse" time="101.91" classname="com.crm.qa.testcases.LogActivityTest"/>
  <testcase name="notReachedwithBusinessLead" time="66.901" classname="com.crm.qa.testcases.LogActivityTest"/>
  <testcase name="reachedwithBusinessLead" time="102.39" classname="com.crm.qa.testcases.LogActivityTest">
    <skipped/>
  </testcase> <!-- reachedwithBusinessLead -->
  <testcase name="reachedwithBusinessLead" time="100.401" classname="com.crm.qa.testcases.LogActivityTest">
    <failure type="org.openqa.selenium.NoSuchElementException" message="no such element: Unable to locate element: {&amp;quot;method&amp;quot;:&amp;quot;xpath&amp;quot;,&amp;quot;selector&amp;quot;:&amp;quot;//label[contains (@for, (&amp;apos;No_Selected&amp;apos;))]&amp;quot;}
  (Session info: chrome=79.0.3945.130)
For documentation on this error, please visit: http://seleniumhq.org/exceptions/no_such_element.html
Build info: version: &amp;apos;3.5.3&amp;apos;, revision: &amp;apos;a88d25fe6b&amp;apos;, time: &amp;apos;2017-08-29T12:42:44.417Z&amp;apos;
System info: host: &amp;apos;PHX-ISHARAF&amp;apos;, ip: &amp;apos;10.8.100.176&amp;apos;, os.name: &amp;apos;Windows 10&amp;apos;, os.arch: &amp;apos;amd64&amp;apos;, os.version: &amp;apos;10.0&amp;apos;, java.version: &amp;apos;1.8.0_221&amp;apos;
Driver info: org.openqa.selenium.chrome.ChromeDriver
Capabilities [{networkConnectionEnabled=false, chrome={chromedriverVersion=79.0.3945.16 (93fcc21110c10dbbd49bbff8f472335360e31d05-refs/branch-heads/3945@{#262}), userDataDir=C:\Users\ISharaf\AppData\Local\Temp\scoped_dir30828_1002230721}, timeouts={implicit=0, pageLoad=300000, script=30000}, pageLoadStrategy=normal, unhandledPromptBehavior=dismiss and notify, strictFileInteractability=false, platform=XP, proxy=Proxy(), goog:chromeOptions={debuggerAddress=localhost:58851}, acceptInsecureCerts=false, browserVersion=79.0.3945.130, browserName=chrome, javascriptEnabled=true, platformName=XP, setWindowRect=true}]
Session ID: f0547a24be2fce08fdb9564e9fa5abdb
*** Element info: {Using=xpath, value=//label[contains (@for, (&amp;apos;No_Selected&amp;apos;))]}">
      <![CDATA[org.openqa.selenium.NoSuchElementException: no such element: Unable to locate element: {"method":"xpath","selector":"//label[contains (@for, ('No_Selected'))]"}
  (Session info: chrome=79.0.3945.130)
For documentation on this error, please visit: http://seleniumhq.org/exceptions/no_such_element.html
Build info: version: '3.5.3', revision: 'a88d25fe6b', time: '2017-08-29T12:42:44.417Z'
System info: host: 'PHX-ISHARAF', ip: '10.8.100.176', os.name: 'Windows 10', os.arch: 'amd64', os.version: '10.0', java.version: '1.8.0_221'
Driver info: org.openqa.selenium.chrome.ChromeDriver
Capabilities [{networkConnectionEnabled=false, chrome={chromedriverVersion=79.0.3945.16 (93fcc21110c10dbbd49bbff8f472335360e31d05-refs/branch-heads/3945@{#262}), userDataDir=C:\Users\ISharaf\AppData\Local\Temp\scoped_dir30828_1002230721}, timeouts={implicit=0, pageLoad=300000, script=30000}, pageLoadStrategy=normal, unhandledPromptBehavior=dismiss and notify, strictFileInteractability=false, platform=XP, proxy=Proxy(), goog:chromeOptions={debuggerAddress=localhost:58851}, acceptInsecureCerts=false, browserVersion=79.0.3945.130, browserName=chrome, javascriptEnabled=true, platformName=XP, setWindowRect=true}]
Session ID: f0547a24be2fce08fdb9564e9fa5abdb
*** Element info: {Using=xpath, value=//label[contains (@for, ('No_Selected'))]}
	at org.openqa.selenium.remote.http.W3CHttpResponseCodec.createException(W3CHttpResponseCodec.java:185)
	at org.openqa.selenium.remote.http.W3CHttpResponseCodec.decode(W3CHttpResponseCodec.java:120)
	at org.openqa.selenium.remote.http.W3CHttpResponseCodec.decode(W3CHttpResponseCodec.java:49)
	at org.openqa.selenium.remote.HttpCommandExecutor.execute(HttpCommandExecutor.java:164)
	at org.openqa.selenium.remote.service.DriverCommandExecutor.execute(DriverCommandExecutor.java:82)
	at org.openqa.selenium.remote.RemoteWebDriver.execute(RemoteWebDriver.java:646)
	at org.openqa.selenium.remote.RemoteWebDriver.findElement(RemoteWebDriver.java:416)
	at org.openqa.selenium.remote.RemoteWebDriver.findElementByXPath(RemoteWebDriver.java:518)
	at org.openqa.selenium.By$ByXPath.findElement(By.java:361)
	at org.openqa.selenium.remote.RemoteWebDriver.findElement(RemoteWebDriver.java:408)
	at org.openqa.selenium.support.events.EventFiringWebDriver$2.invoke(EventFiringWebDriver.java:105)
	at com.sun.proxy.$Proxy8.findElement(Unknown Source)
	at org.openqa.selenium.support.events.EventFiringWebDriver.findElement(EventFiringWebDriver.java:189)
	at org.openqa.selenium.support.pagefactory.DefaultElementLocator.findElement(DefaultElementLocator.java:69)
	at org.openqa.selenium.support.pagefactory.internal.LocatingElementHandler.invoke(LocatingElementHandler.java:38)
	at com.sun.proxy.$Proxy12.click(Unknown Source)
	at com.crm.qa.pages.DetailsPage.enterComments(DetailsPage.java:458)
	at com.crm.qa.testcases.LogActivityTest.reachedwithBusinessLead(LogActivityTest.java:305)
	at java.util.concurrent.ThreadPoolExecutor.runWorker(Unknown Source)
	at java.util.concurrent.ThreadPoolExecutor$Worker.run(Unknown Source)
	at java.lang.Thread.run(Unknown Source)
... Removed 17 stack frames]]>
    </failure>
  </testcase> <!-- reachedwithBusinessLead -->
  <testcase name="reachedwithBusinessLead_SchedulePhoneCall" time="47.289" classname="com.crm.qa.testcases.LogActivityTest">
    <skipped/>
  </testcase> <!-- reachedwithBusinessLead_SchedulePhoneCall -->
  <testcase name="reachedwithBusinessLead_SchedulePhoneCall" time="52.796" classname="com.crm.qa.testcases.LogActivityTest">
    <failure type="org.openqa.selenium.WebDriverException" message="element click intercepted: Element &amp;lt;div dir=&amp;quot;ltr&amp;quot; data-aura-rendered-by=&amp;quot;178:7212;a&amp;quot; class=&amp;quot;uiOutputRichText&amp;quot; data-aura-class=&amp;quot;uiOutputRichText&amp;quot;&amp;gt;...&amp;lt;/div&amp;gt; is not clickable at point (1105, 702). Other element would receive the click: &amp;lt;ul class=&amp;quot;utilitybar slds-utility-bar&amp;quot; data-aura-rendered-by=&amp;quot;292:0&amp;quot;&amp;gt;...&amp;lt;/ul&amp;gt;
  (Session info: chrome=79.0.3945.130)
Build info: version: &amp;apos;3.5.3&amp;apos;, revision: &amp;apos;a88d25fe6b&amp;apos;, time: &amp;apos;2017-08-29T12:42:44.417Z&amp;apos;
System info: host: &amp;apos;PHX-ISHARAF&amp;apos;, ip: &amp;apos;10.8.100.176&amp;apos;, os.name: &amp;apos;Windows 10&amp;apos;, os.arch: &amp;apos;amd64&amp;apos;, os.version: &amp;apos;10.0&amp;apos;, java.version: &amp;apos;1.8.0_221&amp;apos;
Driver info: org.openqa.selenium.chrome.ChromeDriver
Capabilities [{networkConnectionEnabled=false, chrome={chromedriverVersion=79.0.3945.16 (93fcc21110c10dbbd49bbff8f472335360e31d05-refs/branch-heads/3945@{#262}), userDataDir=C:\Users\ISharaf\AppData\Local\Temp\scoped_dir11944_1363218271}, timeouts={implicit=0, pageLoad=300000, script=30000}, pageLoadStrategy=normal, unhandledPromptBehavior=dismiss and notify, strictFileInteractability=false, platform=XP, proxy=Proxy(), goog:chromeOptions={debuggerAddress=localhost:59476}, acceptInsecureCerts=false, browserVersion=79.0.3945.130, browserName=chrome, javascriptEnabled=true, platformName=XP, setWindowRect=true}]
Session ID: 36ae41e91f8fca036e83873cdc88ab1b">
      <![CDATA[org.openqa.selenium.WebDriverException: element click intercepted: Element <div dir="ltr" data-aura-rendered-by="178:7212;a" class="uiOutputRichText" data-aura-class="uiOutputRichText">...</div> is not clickable at point (1105, 702). Other element would receive the click: <ul class="utilitybar slds-utility-bar" data-aura-rendered-by="292:0">...</ul>
  (Session info: chrome=79.0.3945.130)
Build info: version: '3.5.3', revision: 'a88d25fe6b', time: '2017-08-29T12:42:44.417Z'
System info: host: 'PHX-ISHARAF', ip: '10.8.100.176', os.name: 'Windows 10', os.arch: 'amd64', os.version: '10.0', java.version: '1.8.0_221'
Driver info: org.openqa.selenium.chrome.ChromeDriver
Capabilities [{networkConnectionEnabled=false, chrome={chromedriverVersion=79.0.3945.16 (93fcc21110c10dbbd49bbff8f472335360e31d05-refs/branch-heads/3945@{#262}), userDataDir=C:\Users\ISharaf\AppData\Local\Temp\scoped_dir11944_1363218271}, timeouts={implicit=0, pageLoad=300000, script=30000}, pageLoadStrategy=normal, unhandledPromptBehavior=dismiss and notify, strictFileInteractability=false, platform=XP, proxy=Proxy(), goog:chromeOptions={debuggerAddress=localhost:59476}, acceptInsecureCerts=false, browserVersion=79.0.3945.130, browserName=chrome, javascriptEnabled=true, platformName=XP, setWindowRect=true}]
Session ID: 36ae41e91f8fca036e83873cdc88ab1b
	at org.openqa.selenium.remote.http.W3CHttpResponseCodec.createException(W3CHttpResponseCodec.java:185)
	at org.openqa.selenium.remote.http.W3CHttpResponseCodec.decode(W3CHttpResponseCodec.java:120)
	at org.openqa.selenium.remote.http.W3CHttpResponseCodec.decode(W3CHttpResponseCodec.java:49)
	at org.openqa.selenium.remote.HttpCommandExecutor.execute(HttpCommandExecutor.java:164)
	at org.openqa.selenium.remote.service.DriverCommandExecutor.execute(DriverCommandExecutor.java:82)
	at org.openqa.selenium.remote.RemoteWebDriver.execute(RemoteWebDriver.java:646)
	at org.openqa.selenium.remote.RemoteWebElement.execute(RemoteWebElement.java:275)
	at org.openqa.selenium.remote.RemoteWebElement.click(RemoteWebElement.java:82)
	at org.openqa.selenium.support.events.EventFiringWebDriver$EventFiringWebElement$1.invoke(EventFiringWebDriver.java:350)
	at com.sun.proxy.$Proxy13.click(Unknown Source)
	at org.openqa.selenium.support.events.EventFiringWebDriver$EventFiringWebElement.click(EventFiringWebDriver.java:363)
	at org.openqa.selenium.support.pagefactory.internal.LocatingElementHandler.invoke(LocatingElementHandler.java:51)
	at com.sun.proxy.$Proxy12.click(Unknown Source)
	at com.crm.qa.pages.DetailsPage.reached_schedule(DetailsPage.java:553)
	at com.crm.qa.testcases.LogActivityTest.reachedwithBusinessLead_SchedulePhoneCall(LogActivityTest.java:320)
	at java.util.concurrent.ThreadPoolExecutor.runWorker(Unknown Source)
	at java.util.concurrent.ThreadPoolExecutor$Worker.run(Unknown Source)
	at java.lang.Thread.run(Unknown Source)
... Removed 20 stack frames]]>
    </failure>
  </testcase> <!-- reachedwithBusinessLead_SchedulePhoneCall -->
  <testcase name="reachedwithBusinessLead_ScheduleTodo" time="47.588" classname="com.crm.qa.testcases.LogActivityTest">
    <skipped/>
  </testcase> <!-- reachedwithBusinessLead_ScheduleTodo -->
  <testcase name="reachedwithBusinessLead_ScheduleTodo" time="47.838" classname="com.crm.qa.testcases.LogActivityTest">
    <failure type="org.openqa.selenium.WebDriverException" message="element click intercepted: Element &amp;lt;div dir=&amp;quot;ltr&amp;quot; data-aura-rendered-by=&amp;quot;178:7001;a&amp;quot; class=&amp;quot;uiOutputRichText&amp;quot; data-aura-class=&amp;quot;uiOutputRichText&amp;quot;&amp;gt;...&amp;lt;/div&amp;gt; is not clickable at point (1105, 702). Other element would receive the click: &amp;lt;ul class=&amp;quot;utilitybar slds-utility-bar&amp;quot; data-aura-rendered-by=&amp;quot;305:0&amp;quot;&amp;gt;...&amp;lt;/ul&amp;gt;
  (Session info: chrome=79.0.3945.130)
Build info: version: &amp;apos;3.5.3&amp;apos;, revision: &amp;apos;a88d25fe6b&amp;apos;, time: &amp;apos;2017-08-29T12:42:44.417Z&amp;apos;
System info: host: &amp;apos;PHX-ISHARAF&amp;apos;, ip: &amp;apos;10.8.100.176&amp;apos;, os.name: &amp;apos;Windows 10&amp;apos;, os.arch: &amp;apos;amd64&amp;apos;, os.version: &amp;apos;10.0&amp;apos;, java.version: &amp;apos;1.8.0_221&amp;apos;
Driver info: org.openqa.selenium.chrome.ChromeDriver
Capabilities [{networkConnectionEnabled=false, chrome={chromedriverVersion=79.0.3945.16 (93fcc21110c10dbbd49bbff8f472335360e31d05-refs/branch-heads/3945@{#262}), userDataDir=C:\Users\ISharaf\AppData\Local\Temp\scoped_dir13860_120305242}, timeouts={implicit=0, pageLoad=300000, script=30000}, pageLoadStrategy=normal, unhandledPromptBehavior=dismiss and notify, strictFileInteractability=false, platform=XP, proxy=Proxy(), goog:chromeOptions={debuggerAddress=localhost:60010}, acceptInsecureCerts=false, browserVersion=79.0.3945.130, browserName=chrome, javascriptEnabled=true, platformName=XP, setWindowRect=true}]
Session ID: 09151ac1d7d8626b4f6765c20baac071">
      <![CDATA[org.openqa.selenium.WebDriverException: element click intercepted: Element <div dir="ltr" data-aura-rendered-by="178:7001;a" class="uiOutputRichText" data-aura-class="uiOutputRichText">...</div> is not clickable at point (1105, 702). Other element would receive the click: <ul class="utilitybar slds-utility-bar" data-aura-rendered-by="305:0">...</ul>
  (Session info: chrome=79.0.3945.130)
Build info: version: '3.5.3', revision: 'a88d25fe6b', time: '2017-08-29T12:42:44.417Z'
System info: host: 'PHX-ISHARAF', ip: '10.8.100.176', os.name: 'Windows 10', os.arch: 'amd64', os.version: '10.0', java.version: '1.8.0_221'
Driver info: org.openqa.selenium.chrome.ChromeDriver
Capabilities [{networkConnectionEnabled=false, chrome={chromedriverVersion=79.0.3945.16 (93fcc21110c10dbbd49bbff8f472335360e31d05-refs/branch-heads/3945@{#262}), userDataDir=C:\Users\ISharaf\AppData\Local\Temp\scoped_dir13860_120305242}, timeouts={implicit=0, pageLoad=300000, script=30000}, pageLoadStrategy=normal, unhandledPromptBehavior=dismiss and notify, strictFileInteractability=false, platform=XP, proxy=Proxy(), goog:chromeOptions={debuggerAddress=localhost:60010}, acceptInsecureCerts=false, browserVersion=79.0.3945.130, browserName=chrome, javascriptEnabled=true, platformName=XP, setWindowRect=true}]
Session ID: 09151ac1d7d8626b4f6765c20baac071
	at org.openqa.selenium.remote.http.W3CHttpResponseCodec.createException(W3CHttpResponseCodec.java:185)
	at org.openqa.selenium.remote.http.W3CHttpResponseCodec.decode(W3CHttpResponseCodec.java:120)
	at org.openqa.selenium.remote.http.W3CHttpResponseCodec.decode(W3CHttpResponseCodec.java:49)
	at org.openqa.selenium.remote.HttpCommandExecutor.execute(HttpCommandExecutor.java:164)
	at org.openqa.selenium.remote.service.DriverCommandExecutor.execute(DriverCommandExecutor.java:82)
	at org.openqa.selenium.remote.RemoteWebDriver.execute(RemoteWebDriver.java:646)
	at org.openqa.selenium.remote.RemoteWebElement.execute(RemoteWebElement.java:275)
	at org.openqa.selenium.remote.RemoteWebElement.click(RemoteWebElement.java:82)
	at org.openqa.selenium.support.events.EventFiringWebDriver$EventFiringWebElement$1.invoke(EventFiringWebDriver.java:350)
	at com.sun.proxy.$Proxy13.click(Unknown Source)
	at org.openqa.selenium.support.events.EventFiringWebDriver$EventFiringWebElement.click(EventFiringWebDriver.java:363)
	at org.openqa.selenium.support.pagefactory.internal.LocatingElementHandler.invoke(LocatingElementHandler.java:51)
	at com.sun.proxy.$Proxy12.click(Unknown Source)
	at com.crm.qa.pages.DetailsPage.reached_schedule(DetailsPage.java:553)
	at com.crm.qa.testcases.LogActivityTest.reachedwithBusinessLead_ScheduleTodo(LogActivityTest.java:336)
	at java.util.concurrent.ThreadPoolExecutor.runWorker(Unknown Source)
	at java.util.concurrent.ThreadPoolExecutor$Worker.run(Unknown Source)
	at java.lang.Thread.run(Unknown Source)
... Removed 20 stack frames]]>
    </failure>
  </testcase> <!-- reachedwithBusinessLead_ScheduleTodo -->
  <testcase name="reachedwithBusinessLead_UnplannedMeeting" time="62.103" classname="com.crm.qa.testcases.LogActivityTest"/>
  <testcase name="reachedwithBusinessLead_ScheduleMeeting" time="101.018" classname="com.crm.qa.testcases.LogActivityTest">
    <skipped/>
  </testcase> <!-- reachedwithBusinessLead_ScheduleMeeting -->
  <testcase name="reachedwithBusinessLead_ScheduleMeeting" time="96.985" classname="com.crm.qa.testcases.LogActivityTest">
    <failure type="org.openqa.selenium.NoSuchElementException" message="no such element: Unable to locate element: {&amp;quot;method&amp;quot;:&amp;quot;xpath&amp;quot;,&amp;quot;selector&amp;quot;:&amp;quot;//label[contains (@for, (&amp;apos;No_Selected&amp;apos;))]&amp;quot;}
  (Session info: chrome=79.0.3945.130)
For documentation on this error, please visit: http://seleniumhq.org/exceptions/no_such_element.html
Build info: version: &amp;apos;3.5.3&amp;apos;, revision: &amp;apos;a88d25fe6b&amp;apos;, time: &amp;apos;2017-08-29T12:42:44.417Z&amp;apos;
System info: host: &amp;apos;PHX-ISHARAF&amp;apos;, ip: &amp;apos;10.8.100.176&amp;apos;, os.name: &amp;apos;Windows 10&amp;apos;, os.arch: &amp;apos;amd64&amp;apos;, os.version: &amp;apos;10.0&amp;apos;, java.version: &amp;apos;1.8.0_221&amp;apos;
Driver info: org.openqa.selenium.chrome.ChromeDriver
Capabilities [{networkConnectionEnabled=false, chrome={chromedriverVersion=79.0.3945.16 (93fcc21110c10dbbd49bbff8f472335360e31d05-refs/branch-heads/3945@{#262}), userDataDir=C:\Users\ISharaf\AppData\Local\Temp\scoped_dir16552_779048011}, timeouts={implicit=0, pageLoad=300000, script=30000}, pageLoadStrategy=normal, unhandledPromptBehavior=dismiss and notify, strictFileInteractability=false, platform=XP, proxy=Proxy(), goog:chromeOptions={debuggerAddress=localhost:51821}, acceptInsecureCerts=false, browserVersion=79.0.3945.130, browserName=chrome, javascriptEnabled=true, platformName=XP, setWindowRect=true}]
Session ID: 2639d47f76df107b24cc466025efda31
*** Element info: {Using=xpath, value=//label[contains (@for, (&amp;apos;No_Selected&amp;apos;))]}">
      <![CDATA[org.openqa.selenium.NoSuchElementException: no such element: Unable to locate element: {"method":"xpath","selector":"//label[contains (@for, ('No_Selected'))]"}
  (Session info: chrome=79.0.3945.130)
For documentation on this error, please visit: http://seleniumhq.org/exceptions/no_such_element.html
Build info: version: '3.5.3', revision: 'a88d25fe6b', time: '2017-08-29T12:42:44.417Z'
System info: host: 'PHX-ISHARAF', ip: '10.8.100.176', os.name: 'Windows 10', os.arch: 'amd64', os.version: '10.0', java.version: '1.8.0_221'
Driver info: org.openqa.selenium.chrome.ChromeDriver
Capabilities [{networkConnectionEnabled=false, chrome={chromedriverVersion=79.0.3945.16 (93fcc21110c10dbbd49bbff8f472335360e31d05-refs/branch-heads/3945@{#262}), userDataDir=C:\Users\ISharaf\AppData\Local\Temp\scoped_dir16552_779048011}, timeouts={implicit=0, pageLoad=300000, script=30000}, pageLoadStrategy=normal, unhandledPromptBehavior=dismiss and notify, strictFileInteractability=false, platform=XP, proxy=Proxy(), goog:chromeOptions={debuggerAddress=localhost:51821}, acceptInsecureCerts=false, browserVersion=79.0.3945.130, browserName=chrome, javascriptEnabled=true, platformName=XP, setWindowRect=true}]
Session ID: 2639d47f76df107b24cc466025efda31
*** Element info: {Using=xpath, value=//label[contains (@for, ('No_Selected'))]}
	at org.openqa.selenium.remote.http.W3CHttpResponseCodec.createException(W3CHttpResponseCodec.java:185)
	at org.openqa.selenium.remote.http.W3CHttpResponseCodec.decode(W3CHttpResponseCodec.java:120)
	at org.openqa.selenium.remote.http.W3CHttpResponseCodec.decode(W3CHttpResponseCodec.java:49)
	at org.openqa.selenium.remote.HttpCommandExecutor.execute(HttpCommandExecutor.java:164)
	at org.openqa.selenium.remote.service.DriverCommandExecutor.execute(DriverCommandExecutor.java:82)
	at org.openqa.selenium.remote.RemoteWebDriver.execute(RemoteWebDriver.java:646)
	at org.openqa.selenium.remote.RemoteWebDriver.findElement(RemoteWebDriver.java:416)
	at org.openqa.selenium.remote.RemoteWebDriver.findElementByXPath(RemoteWebDriver.java:518)
	at org.openqa.selenium.By$ByXPath.findElement(By.java:361)
	at org.openqa.selenium.remote.RemoteWebDriver.findElement(RemoteWebDriver.java:408)
	at org.openqa.selenium.support.events.EventFiringWebDriver$2.invoke(EventFiringWebDriver.java:105)
	at com.sun.proxy.$Proxy8.findElement(Unknown Source)
	at org.openqa.selenium.support.events.EventFiringWebDriver.findElement(EventFiringWebDriver.java:189)
	at org.openqa.selenium.support.pagefactory.DefaultElementLocator.findElement(DefaultElementLocator.java:69)
	at org.openqa.selenium.support.pagefactory.internal.LocatingElementHandler.invoke(LocatingElementHandler.java:38)
	at com.sun.proxy.$Proxy12.click(Unknown Source)
	at com.crm.qa.pages.DetailsPage.reached_scheduleAppointment1(DetailsPage.java:627)
	at com.crm.qa.testcases.LogActivityTest.reachedwithBusinessLead_ScheduleMeeting(LogActivityTest.java:352)
	at java.util.concurrent.ThreadPoolExecutor.runWorker(Unknown Source)
	at java.util.concurrent.ThreadPoolExecutor$Worker.run(Unknown Source)
	at java.lang.Thread.run(Unknown Source)
... Removed 17 stack frames]]>
    </failure>
  </testcase> <!-- reachedwithBusinessLead_ScheduleMeeting -->
  <testcase name="meeting_CompleteFlow" time="123.569" classname="com.crm.qa.testcases.LogActivityTest"/>
  <testcase name="meeting_CompleteFlowWithOptions" time="52.797" classname="com.crm.qa.testcases.LogActivityTest">
    <skipped/>
  </testcase> <!-- meeting_CompleteFlowWithOptions -->
  <testcase name="meeting_CompleteFlowWithOptions" time="50.924" classname="com.crm.qa.testcases.LogActivityTest">
    <failure type="org.openqa.selenium.WebDriverException" message="element click intercepted: Element &amp;lt;div dir=&amp;quot;ltr&amp;quot; data-aura-rendered-by=&amp;quot;75:7272;a&amp;quot; class=&amp;quot;uiOutputRichText&amp;quot; data-aura-class=&amp;quot;uiOutputRichText&amp;quot;&amp;gt;...&amp;lt;/div&amp;gt; is not clickable at point (1119, 8). Other element would receive the click: &amp;lt;div class=&amp;quot;slds-notify slds-notify_alert system-message level-info slds-theme_info&amp;quot; data-message-id=&amp;quot;loginAsSystemMessage&amp;quot; aria-live=&amp;quot;polite&amp;quot; data-index=&amp;quot;0&amp;quot; aria-atomic=&amp;quot;true&amp;quot; data-aura-rendered-by=&amp;quot;1:188;a&amp;quot;&amp;gt;...&amp;lt;/div&amp;gt;
  (Session info: chrome=79.0.3945.130)
Build info: version: &amp;apos;3.5.3&amp;apos;, revision: &amp;apos;a88d25fe6b&amp;apos;, time: &amp;apos;2017-08-29T12:42:44.417Z&amp;apos;
System info: host: &amp;apos;PHX-ISHARAF&amp;apos;, ip: &amp;apos;10.8.100.176&amp;apos;, os.name: &amp;apos;Windows 10&amp;apos;, os.arch: &amp;apos;amd64&amp;apos;, os.version: &amp;apos;10.0&amp;apos;, java.version: &amp;apos;1.8.0_221&amp;apos;
Driver info: org.openqa.selenium.chrome.ChromeDriver
Capabilities [{networkConnectionEnabled=false, chrome={chromedriverVersion=79.0.3945.16 (93fcc21110c10dbbd49bbff8f472335360e31d05-refs/branch-heads/3945@{#262}), userDataDir=C:\Users\ISharaf\AppData\Local\Temp\scoped_dir12160_1392984813}, timeouts={implicit=0, pageLoad=300000, script=30000}, pageLoadStrategy=normal, unhandledPromptBehavior=dismiss and notify, strictFileInteractability=false, platform=XP, proxy=Proxy(), goog:chromeOptions={debuggerAddress=localhost:52752}, acceptInsecureCerts=false, browserVersion=79.0.3945.130, browserName=chrome, javascriptEnabled=true, platformName=XP, setWindowRect=true}]
Session ID: 1dc20df0562ce5107821ab9e926233d6">
      <![CDATA[org.openqa.selenium.WebDriverException: element click intercepted: Element <div dir="ltr" data-aura-rendered-by="75:7272;a" class="uiOutputRichText" data-aura-class="uiOutputRichText">...</div> is not clickable at point (1119, 8). Other element would receive the click: <div class="slds-notify slds-notify_alert system-message level-info slds-theme_info" data-message-id="loginAsSystemMessage" aria-live="polite" data-index="0" aria-atomic="true" data-aura-rendered-by="1:188;a">...</div>
  (Session info: chrome=79.0.3945.130)
Build info: version: '3.5.3', revision: 'a88d25fe6b', time: '2017-08-29T12:42:44.417Z'
System info: host: 'PHX-ISHARAF', ip: '10.8.100.176', os.name: 'Windows 10', os.arch: 'amd64', os.version: '10.0', java.version: '1.8.0_221'
Driver info: org.openqa.selenium.chrome.ChromeDriver
Capabilities [{networkConnectionEnabled=false, chrome={chromedriverVersion=79.0.3945.16 (93fcc21110c10dbbd49bbff8f472335360e31d05-refs/branch-heads/3945@{#262}), userDataDir=C:\Users\ISharaf\AppData\Local\Temp\scoped_dir12160_1392984813}, timeouts={implicit=0, pageLoad=300000, script=30000}, pageLoadStrategy=normal, unhandledPromptBehavior=dismiss and notify, strictFileInteractability=false, platform=XP, proxy=Proxy(), goog:chromeOptions={debuggerAddress=localhost:52752}, acceptInsecureCerts=false, browserVersion=79.0.3945.130, browserName=chrome, javascriptEnabled=true, platformName=XP, setWindowRect=true}]
Session ID: 1dc20df0562ce5107821ab9e926233d6
	at org.openqa.selenium.remote.http.W3CHttpResponseCodec.createException(W3CHttpResponseCodec.java:185)
	at org.openqa.selenium.remote.http.W3CHttpResponseCodec.decode(W3CHttpResponseCodec.java:120)
	at org.openqa.selenium.remote.http.W3CHttpResponseCodec.decode(W3CHttpResponseCodec.java:49)
	at org.openqa.selenium.remote.HttpCommandExecutor.execute(HttpCommandExecutor.java:164)
	at org.openqa.selenium.remote.service.DriverCommandExecutor.execute(DriverCommandExecutor.java:82)
	at org.openqa.selenium.remote.RemoteWebDriver.execute(RemoteWebDriver.java:646)
	at org.openqa.selenium.remote.RemoteWebElement.execute(RemoteWebElement.java:275)
	at org.openqa.selenium.remote.RemoteWebElement.click(RemoteWebElement.java:82)
	at org.openqa.selenium.support.events.EventFiringWebDriver$EventFiringWebElement$1.invoke(EventFiringWebDriver.java:350)
	at com.sun.proxy.$Proxy13.click(Unknown Source)
	at org.openqa.selenium.support.events.EventFiringWebDriver$EventFiringWebElement.click(EventFiringWebDriver.java:363)
	at org.openqa.selenium.support.pagefactory.internal.LocatingElementHandler.invoke(LocatingElementHandler.java:51)
	at com.sun.proxy.$Proxy12.click(Unknown Source)
	at com.crm.qa.pages.DetailsPage.reached_scheduleAppointment1(DetailsPage.java:633)
	at com.crm.qa.testcases.LogActivityTest.meeting_CompleteFlowWithOptions(LogActivityTest.java:416)
	at java.util.concurrent.ThreadPoolExecutor.runWorker(Unknown Source)
	at java.util.concurrent.ThreadPoolExecutor$Worker.run(Unknown Source)
	at java.lang.Thread.run(Unknown Source)
... Removed 20 stack frames]]>
    </failure>
  </testcase> <!-- meeting_CompleteFlowWithOptions -->
  <testcase name="nolead_Reached_createBranchOpportunity" time="44.464" classname="com.crm.qa.testcases.LogActivityTest">
    <skipped/>
  </testcase> <!-- nolead_Reached_createBranchOpportunity -->
  <testcase name="nolead_Reached_createBranchOpportunity" time="43.715" classname="com.crm.qa.testcases.LogActivityTest">
    <failure type="org.openqa.selenium.WebDriverException" message="element click intercepted: Element &amp;lt;div dir=&amp;quot;ltr&amp;quot; data-aura-rendered-by=&amp;quot;178:7230;a&amp;quot; class=&amp;quot;uiOutputRichText&amp;quot; data-aura-class=&amp;quot;uiOutputRichText&amp;quot;&amp;gt;...&amp;lt;/div&amp;gt; is not clickable at point (1105, 702). Other element would receive the click: &amp;lt;ul class=&amp;quot;utilitybar slds-utility-bar&amp;quot; data-aura-rendered-by=&amp;quot;308:0&amp;quot;&amp;gt;...&amp;lt;/ul&amp;gt;
  (Session info: chrome=79.0.3945.130)
Build info: version: &amp;apos;3.5.3&amp;apos;, revision: &amp;apos;a88d25fe6b&amp;apos;, time: &amp;apos;2017-08-29T12:42:44.417Z&amp;apos;
System info: host: &amp;apos;PHX-ISHARAF&amp;apos;, ip: &amp;apos;10.8.100.176&amp;apos;, os.name: &amp;apos;Windows 10&amp;apos;, os.arch: &amp;apos;amd64&amp;apos;, os.version: &amp;apos;10.0&amp;apos;, java.version: &amp;apos;1.8.0_221&amp;apos;
Driver info: org.openqa.selenium.chrome.ChromeDriver
Capabilities [{networkConnectionEnabled=false, chrome={chromedriverVersion=79.0.3945.16 (93fcc21110c10dbbd49bbff8f472335360e31d05-refs/branch-heads/3945@{#262}), userDataDir=C:\Users\ISharaf\AppData\Local\Temp\scoped_dir9648_897770927}, timeouts={implicit=0, pageLoad=300000, script=30000}, pageLoadStrategy=normal, unhandledPromptBehavior=dismiss and notify, strictFileInteractability=false, platform=XP, proxy=Proxy(), goog:chromeOptions={debuggerAddress=localhost:53281}, acceptInsecureCerts=false, browserVersion=79.0.3945.130, browserName=chrome, javascriptEnabled=true, platformName=XP, setWindowRect=true}]
Session ID: 2e1478f7f0910ffaf27daba6c4b38aa4">
      <![CDATA[org.openqa.selenium.WebDriverException: element click intercepted: Element <div dir="ltr" data-aura-rendered-by="178:7230;a" class="uiOutputRichText" data-aura-class="uiOutputRichText">...</div> is not clickable at point (1105, 702). Other element would receive the click: <ul class="utilitybar slds-utility-bar" data-aura-rendered-by="308:0">...</ul>
  (Session info: chrome=79.0.3945.130)
Build info: version: '3.5.3', revision: 'a88d25fe6b', time: '2017-08-29T12:42:44.417Z'
System info: host: 'PHX-ISHARAF', ip: '10.8.100.176', os.name: 'Windows 10', os.arch: 'amd64', os.version: '10.0', java.version: '1.8.0_221'
Driver info: org.openqa.selenium.chrome.ChromeDriver
Capabilities [{networkConnectionEnabled=false, chrome={chromedriverVersion=79.0.3945.16 (93fcc21110c10dbbd49bbff8f472335360e31d05-refs/branch-heads/3945@{#262}), userDataDir=C:\Users\ISharaf\AppData\Local\Temp\scoped_dir9648_897770927}, timeouts={implicit=0, pageLoad=300000, script=30000}, pageLoadStrategy=normal, unhandledPromptBehavior=dismiss and notify, strictFileInteractability=false, platform=XP, proxy=Proxy(), goog:chromeOptions={debuggerAddress=localhost:53281}, acceptInsecureCerts=false, browserVersion=79.0.3945.130, browserName=chrome, javascriptEnabled=true, platformName=XP, setWindowRect=true}]
Session ID: 2e1478f7f0910ffaf27daba6c4b38aa4
	at org.openqa.selenium.remote.http.W3CHttpResponseCodec.createException(W3CHttpResponseCodec.java:185)
	at org.openqa.selenium.remote.http.W3CHttpResponseCodec.decode(W3CHttpResponseCodec.java:120)
	at org.openqa.selenium.remote.http.W3CHttpResponseCodec.decode(W3CHttpResponseCodec.java:49)
	at org.openqa.selenium.remote.HttpCommandExecutor.execute(HttpCommandExecutor.java:164)
	at org.openqa.selenium.remote.service.DriverCommandExecutor.execute(DriverCommandExecutor.java:82)
	at org.openqa.selenium.remote.RemoteWebDriver.execute(RemoteWebDriver.java:646)
	at org.openqa.selenium.remote.RemoteWebElement.execute(RemoteWebElement.java:275)
	at org.openqa.selenium.remote.RemoteWebElement.click(RemoteWebElement.java:82)
	at org.openqa.selenium.support.events.EventFiringWebDriver$EventFiringWebElement$1.invoke(EventFiringWebDriver.java:350)
	at com.sun.proxy.$Proxy13.click(Unknown Source)
	at org.openqa.selenium.support.events.EventFiringWebDriver$EventFiringWebElement.click(EventFiringWebDriver.java:363)
	at org.openqa.selenium.support.pagefactory.internal.LocatingElementHandler.invoke(LocatingElementHandler.java:51)
	at com.sun.proxy.$Proxy12.click(Unknown Source)
	at com.crm.qa.pages.Opportunities.enterCommentsfor(Opportunities.java:708)
	at com.crm.qa.pages.Opportunities.createBranchOpportunity(Opportunities.java:428)
	at com.crm.qa.testcases.LogActivityTest.nolead_Reached_createBranchOpportunity(LogActivityTest.java:438)
	at java.util.concurrent.ThreadPoolExecutor.runWorker(Unknown Source)
	at java.util.concurrent.ThreadPoolExecutor$Worker.run(Unknown Source)
	at java.lang.Thread.run(Unknown Source)
... Removed 20 stack frames]]>
    </failure>
  </testcase> <!-- nolead_Reached_createBranchOpportunity -->
  <testcase name="nolead_Reached_createWorkplaceOpportunity" time="45.576" classname="com.crm.qa.testcases.LogActivityTest">
    <skipped/>
  </testcase> <!-- nolead_Reached_createWorkplaceOpportunity -->
  <testcase name="nolead_Reached_createWorkplaceOpportunity" time="49.17" classname="com.crm.qa.testcases.LogActivityTest">
    <failure type="org.openqa.selenium.WebDriverException" message="element click intercepted: Element &amp;lt;div dir=&amp;quot;ltr&amp;quot; data-aura-rendered-by=&amp;quot;178:7227;a&amp;quot; class=&amp;quot;uiOutputRichText&amp;quot; data-aura-class=&amp;quot;uiOutputRichText&amp;quot;&amp;gt;...&amp;lt;/div&amp;gt; is not clickable at point (1105, 702). Other element would receive the click: &amp;lt;ul class=&amp;quot;utilitybar slds-utility-bar&amp;quot; data-aura-rendered-by=&amp;quot;305:0&amp;quot;&amp;gt;...&amp;lt;/ul&amp;gt;
  (Session info: chrome=79.0.3945.130)
Build info: version: &amp;apos;3.5.3&amp;apos;, revision: &amp;apos;a88d25fe6b&amp;apos;, time: &amp;apos;2017-08-29T12:42:44.417Z&amp;apos;
System info: host: &amp;apos;PHX-ISHARAF&amp;apos;, ip: &amp;apos;10.8.100.176&amp;apos;, os.name: &amp;apos;Windows 10&amp;apos;, os.arch: &amp;apos;amd64&amp;apos;, os.version: &amp;apos;10.0&amp;apos;, java.version: &amp;apos;1.8.0_221&amp;apos;
Driver info: org.openqa.selenium.chrome.ChromeDriver
Capabilities [{networkConnectionEnabled=false, chrome={chromedriverVersion=79.0.3945.16 (93fcc21110c10dbbd49bbff8f472335360e31d05-refs/branch-heads/3945@{#262}), userDataDir=C:\Users\ISharaf\AppData\Local\Temp\scoped_dir30820_1996750224}, timeouts={implicit=0, pageLoad=300000, script=30000}, pageLoadStrategy=normal, unhandledPromptBehavior=dismiss and notify, strictFileInteractability=false, platform=XP, proxy=Proxy(), goog:chromeOptions={debuggerAddress=localhost:53775}, acceptInsecureCerts=false, browserVersion=79.0.3945.130, browserName=chrome, javascriptEnabled=true, platformName=XP, setWindowRect=true}]
Session ID: f999ba5d04d7a46e0c80dd8ec4b12f39">
      <![CDATA[org.openqa.selenium.WebDriverException: element click intercepted: Element <div dir="ltr" data-aura-rendered-by="178:7227;a" class="uiOutputRichText" data-aura-class="uiOutputRichText">...</div> is not clickable at point (1105, 702). Other element would receive the click: <ul class="utilitybar slds-utility-bar" data-aura-rendered-by="305:0">...</ul>
  (Session info: chrome=79.0.3945.130)
Build info: version: '3.5.3', revision: 'a88d25fe6b', time: '2017-08-29T12:42:44.417Z'
System info: host: 'PHX-ISHARAF', ip: '10.8.100.176', os.name: 'Windows 10', os.arch: 'amd64', os.version: '10.0', java.version: '1.8.0_221'
Driver info: org.openqa.selenium.chrome.ChromeDriver
Capabilities [{networkConnectionEnabled=false, chrome={chromedriverVersion=79.0.3945.16 (93fcc21110c10dbbd49bbff8f472335360e31d05-refs/branch-heads/3945@{#262}), userDataDir=C:\Users\ISharaf\AppData\Local\Temp\scoped_dir30820_1996750224}, timeouts={implicit=0, pageLoad=300000, script=30000}, pageLoadStrategy=normal, unhandledPromptBehavior=dismiss and notify, strictFileInteractability=false, platform=XP, proxy=Proxy(), goog:chromeOptions={debuggerAddress=localhost:53775}, acceptInsecureCerts=false, browserVersion=79.0.3945.130, browserName=chrome, javascriptEnabled=true, platformName=XP, setWindowRect=true}]
Session ID: f999ba5d04d7a46e0c80dd8ec4b12f39
	at org.openqa.selenium.remote.http.W3CHttpResponseCodec.createException(W3CHttpResponseCodec.java:185)
	at org.openqa.selenium.remote.http.W3CHttpResponseCodec.decode(W3CHttpResponseCodec.java:120)
	at org.openqa.selenium.remote.http.W3CHttpResponseCodec.decode(W3CHttpResponseCodec.java:49)
	at org.openqa.selenium.remote.HttpCommandExecutor.execute(HttpCommandExecutor.java:164)
	at org.openqa.selenium.remote.service.DriverCommandExecutor.execute(DriverCommandExecutor.java:82)
	at org.openqa.selenium.remote.RemoteWebDriver.execute(RemoteWebDriver.java:646)
	at org.openqa.selenium.remote.RemoteWebElement.execute(RemoteWebElement.java:275)
	at org.openqa.selenium.remote.RemoteWebElement.click(RemoteWebElement.java:82)
	at org.openqa.selenium.support.events.EventFiringWebDriver$EventFiringWebElement$1.invoke(EventFiringWebDriver.java:350)
	at com.sun.proxy.$Proxy13.click(Unknown Source)
	at org.openqa.selenium.support.events.EventFiringWebDriver$EventFiringWebElement.click(EventFiringWebDriver.java:363)
	at org.openqa.selenium.support.pagefactory.internal.LocatingElementHandler.invoke(LocatingElementHandler.java:51)
	at com.sun.proxy.$Proxy12.click(Unknown Source)
	at com.crm.qa.pages.Opportunities.enterCommentsfor(Opportunities.java:708)
	at com.crm.qa.pages.Opportunities.createWorkplaceOpportunity(Opportunities.java:414)
	at com.crm.qa.testcases.LogActivityTest.nolead_Reached_createWorkplaceOpportunity(LogActivityTest.java:457)
	at java.util.concurrent.ThreadPoolExecutor.runWorker(Unknown Source)
	at java.util.concurrent.ThreadPoolExecutor$Worker.run(Unknown Source)
	at java.lang.Thread.run(Unknown Source)
... Removed 19 stack frames]]>
    </failure>
  </testcase> <!-- nolead_Reached_createWorkplaceOpportunity -->
  <testcase name="nolead_Reached_MultipleOpportunity" time="41.733" classname="com.crm.qa.testcases.LogActivityTest">
    <skipped/>
  </testcase> <!-- nolead_Reached_MultipleOpportunity -->
  <testcase name="nolead_Reached_MultipleOpportunity" time="45.962" classname="com.crm.qa.testcases.LogActivityTest">
    <failure type="org.openqa.selenium.WebDriverException" message="element click intercepted: Element &amp;lt;div dir=&amp;quot;ltr&amp;quot; data-aura-rendered-by=&amp;quot;178:7452;a&amp;quot; class=&amp;quot;uiOutputRichText&amp;quot; data-aura-class=&amp;quot;uiOutputRichText&amp;quot;&amp;gt;...&amp;lt;/div&amp;gt; is not clickable at point (1105, 702). Other element would receive the click: &amp;lt;ul class=&amp;quot;utilitybar slds-utility-bar&amp;quot; data-aura-rendered-by=&amp;quot;305:0&amp;quot;&amp;gt;...&amp;lt;/ul&amp;gt;
  (Session info: chrome=79.0.3945.130)
Build info: version: &amp;apos;3.5.3&amp;apos;, revision: &amp;apos;a88d25fe6b&amp;apos;, time: &amp;apos;2017-08-29T12:42:44.417Z&amp;apos;
System info: host: &amp;apos;PHX-ISHARAF&amp;apos;, ip: &amp;apos;10.8.100.176&amp;apos;, os.name: &amp;apos;Windows 10&amp;apos;, os.arch: &amp;apos;amd64&amp;apos;, os.version: &amp;apos;10.0&amp;apos;, java.version: &amp;apos;1.8.0_221&amp;apos;
Driver info: org.openqa.selenium.chrome.ChromeDriver
Capabilities [{networkConnectionEnabled=false, chrome={chromedriverVersion=79.0.3945.16 (93fcc21110c10dbbd49bbff8f472335360e31d05-refs/branch-heads/3945@{#262}), userDataDir=C:\Users\ISharaf\AppData\Local\Temp\scoped_dir13172_848903038}, timeouts={implicit=0, pageLoad=300000, script=30000}, pageLoadStrategy=normal, unhandledPromptBehavior=dismiss and notify, strictFileInteractability=false, platform=XP, proxy=Proxy(), goog:chromeOptions={debuggerAddress=localhost:54260}, acceptInsecureCerts=false, browserVersion=79.0.3945.130, browserName=chrome, javascriptEnabled=true, platformName=XP, setWindowRect=true}]
Session ID: 0b9beb32ad7009a2c60373dbca193763">
      <![CDATA[org.openqa.selenium.WebDriverException: element click intercepted: Element <div dir="ltr" data-aura-rendered-by="178:7452;a" class="uiOutputRichText" data-aura-class="uiOutputRichText">...</div> is not clickable at point (1105, 702). Other element would receive the click: <ul class="utilitybar slds-utility-bar" data-aura-rendered-by="305:0">...</ul>
  (Session info: chrome=79.0.3945.130)
Build info: version: '3.5.3', revision: 'a88d25fe6b', time: '2017-08-29T12:42:44.417Z'
System info: host: 'PHX-ISHARAF', ip: '10.8.100.176', os.name: 'Windows 10', os.arch: 'amd64', os.version: '10.0', java.version: '1.8.0_221'
Driver info: org.openqa.selenium.chrome.ChromeDriver
Capabilities [{networkConnectionEnabled=false, chrome={chromedriverVersion=79.0.3945.16 (93fcc21110c10dbbd49bbff8f472335360e31d05-refs/branch-heads/3945@{#262}), userDataDir=C:\Users\ISharaf\AppData\Local\Temp\scoped_dir13172_848903038}, timeouts={implicit=0, pageLoad=300000, script=30000}, pageLoadStrategy=normal, unhandledPromptBehavior=dismiss and notify, strictFileInteractability=false, platform=XP, proxy=Proxy(), goog:chromeOptions={debuggerAddress=localhost:54260}, acceptInsecureCerts=false, browserVersion=79.0.3945.130, browserName=chrome, javascriptEnabled=true, platformName=XP, setWindowRect=true}]
Session ID: 0b9beb32ad7009a2c60373dbca193763
	at org.openqa.selenium.remote.http.W3CHttpResponseCodec.createException(W3CHttpResponseCodec.java:185)
	at org.openqa.selenium.remote.http.W3CHttpResponseCodec.decode(W3CHttpResponseCodec.java:120)
	at org.openqa.selenium.remote.http.W3CHttpResponseCodec.decode(W3CHttpResponseCodec.java:49)
	at org.openqa.selenium.remote.HttpCommandExecutor.execute(HttpCommandExecutor.java:164)
	at org.openqa.selenium.remote.service.DriverCommandExecutor.execute(DriverCommandExecutor.java:82)
	at org.openqa.selenium.remote.RemoteWebDriver.execute(RemoteWebDriver.java:646)
	at org.openqa.selenium.remote.RemoteWebElement.execute(RemoteWebElement.java:275)
	at org.openqa.selenium.remote.RemoteWebElement.click(RemoteWebElement.java:82)
	at org.openqa.selenium.support.events.EventFiringWebDriver$EventFiringWebElement$1.invoke(EventFiringWebDriver.java:350)
	at com.sun.proxy.$Proxy13.click(Unknown Source)
	at org.openqa.selenium.support.events.EventFiringWebDriver$EventFiringWebElement.click(EventFiringWebDriver.java:363)
	at org.openqa.selenium.support.pagefactory.internal.LocatingElementHandler.invoke(LocatingElementHandler.java:51)
	at com.sun.proxy.$Proxy12.click(Unknown Source)
	at com.crm.qa.pages.Opportunities.enterCommentsfor(Opportunities.java:708)
	at com.crm.qa.pages.Opportunities.createBranchOpportunity(Opportunities.java:428)
	at com.crm.qa.testcases.LogActivityTest.nolead_Reached_MultipleOpportunity(LogActivityTest.java:640)
	at java.util.concurrent.ThreadPoolExecutor.runWorker(Unknown Source)
	at java.util.concurrent.ThreadPoolExecutor$Worker.run(Unknown Source)
	at java.lang.Thread.run(Unknown Source)
... Removed 19 stack frames]]>
    </failure>
  </testcase> <!-- nolead_Reached_MultipleOpportunity -->
  <testcase name="UpdatePrimaryAccountdetails" time="94.323" classname="com.crm.qa.testcases.LogActivityTest">
    <skipped/>
  </testcase> <!-- UpdatePrimaryAccountdetails -->
  <testcase name="UpdatePrimaryAccountdetails" time="111.829" classname="com.crm.qa.testcases.LogActivityTest">
    <failure type="org.openqa.selenium.ElementNotInteractableException" message="element not interactable
  (Session info: chrome=79.0.3945.130)
Build info: version: &amp;apos;3.5.3&amp;apos;, revision: &amp;apos;a88d25fe6b&amp;apos;, time: &amp;apos;2017-08-29T12:42:44.417Z&amp;apos;
System info: host: &amp;apos;PHX-ISHARAF&amp;apos;, ip: &amp;apos;10.8.100.176&amp;apos;, os.name: &amp;apos;Windows 10&amp;apos;, os.arch: &amp;apos;amd64&amp;apos;, os.version: &amp;apos;10.0&amp;apos;, java.version: &amp;apos;1.8.0_221&amp;apos;
Driver info: org.openqa.selenium.chrome.ChromeDriver
Capabilities [{networkConnectionEnabled=false, chrome={chromedriverVersion=79.0.3945.16 (93fcc21110c10dbbd49bbff8f472335360e31d05-refs/branch-heads/3945@{#262}), userDataDir=C:\Users\ISharaf\AppData\Local\Temp\scoped_dir1296_372736283}, timeouts={implicit=0, pageLoad=300000, script=30000}, pageLoadStrategy=normal, unhandledPromptBehavior=dismiss and notify, strictFileInteractability=false, platform=XP, proxy=Proxy(), goog:chromeOptions={debuggerAddress=localhost:54791}, acceptInsecureCerts=false, browserVersion=79.0.3945.130, browserName=chrome, javascriptEnabled=true, platformName=XP, setWindowRect=true}]
Session ID: b40a962db9a16b663ab510b40ca77ed3">
      <![CDATA[org.openqa.selenium.ElementNotInteractableException: element not interactable
  (Session info: chrome=79.0.3945.130)
Build info: version: '3.5.3', revision: 'a88d25fe6b', time: '2017-08-29T12:42:44.417Z'
System info: host: 'PHX-ISHARAF', ip: '10.8.100.176', os.name: 'Windows 10', os.arch: 'amd64', os.version: '10.0', java.version: '1.8.0_221'
Driver info: org.openqa.selenium.chrome.ChromeDriver
Capabilities [{networkConnectionEnabled=false, chrome={chromedriverVersion=79.0.3945.16 (93fcc21110c10dbbd49bbff8f472335360e31d05-refs/branch-heads/3945@{#262}), userDataDir=C:\Users\ISharaf\AppData\Local\Temp\scoped_dir1296_372736283}, timeouts={implicit=0, pageLoad=300000, script=30000}, pageLoadStrategy=normal, unhandledPromptBehavior=dismiss and notify, strictFileInteractability=false, platform=XP, proxy=Proxy(), goog:chromeOptions={debuggerAddress=localhost:54791}, acceptInsecureCerts=false, browserVersion=79.0.3945.130, browserName=chrome, javascriptEnabled=true, platformName=XP, setWindowRect=true}]
Session ID: b40a962db9a16b663ab510b40ca77ed3
	at org.openqa.selenium.remote.http.W3CHttpResponseCodec.createException(W3CHttpResponseCodec.java:185)
	at org.openqa.selenium.remote.http.W3CHttpResponseCodec.decode(W3CHttpResponseCodec.java:120)
	at org.openqa.selenium.remote.http.W3CHttpResponseCodec.decode(W3CHttpResponseCodec.java:49)
	at org.openqa.selenium.remote.HttpCommandExecutor.execute(HttpCommandExecutor.java:164)
	at org.openqa.selenium.remote.service.DriverCommandExecutor.execute(DriverCommandExecutor.java:82)
	at org.openqa.selenium.remote.RemoteWebDriver.execute(RemoteWebDriver.java:646)
	at org.openqa.selenium.remote.RemoteWebElement.execute(RemoteWebElement.java:275)
	at org.openqa.selenium.remote.RemoteWebElement.click(RemoteWebElement.java:82)
	at org.openqa.selenium.support.events.EventFiringWebDriver$EventFiringWebElement$1.invoke(EventFiringWebDriver.java:350)
	at com.sun.proxy.$Proxy13.click(Unknown Source)
	at org.openqa.selenium.support.events.EventFiringWebDriver$EventFiringWebElement.click(EventFiringWebDriver.java:363)
	at com.crm.qa.pages.RetailAccount.clickAccountviaAccountScreen(RetailAccount.java:460)
	at com.crm.qa.testcases.LogActivityTest.UpdatePrimaryAccountdetails(LogActivityTest.java:601)
	at java.util.concurrent.ThreadPoolExecutor.runWorker(Unknown Source)
	at java.util.concurrent.ThreadPoolExecutor$Worker.run(Unknown Source)
	at java.lang.Thread.run(Unknown Source)
... Removed 17 stack frames]]>
    </failure>
  </testcase> <!-- UpdatePrimaryAccountdetails -->
  <testcase name="UpdateSpouseAccountdetails" time="104.598" classname="com.crm.qa.testcases.LogActivityTest">
    <skipped/>
  </testcase> <!-- UpdateSpouseAccountdetails -->
  <testcase name="UpdateSpouseAccountdetails" time="103.965" classname="com.crm.qa.testcases.LogActivityTest">
    <failure type="org.openqa.selenium.WebDriverException" message="element click intercepted: Element &amp;lt;button class=&amp;quot;slds-button slds-button_icon test-id__inline-edit-trigger slds-button_icon slds-button_icon-small slds-shrink-none inline-edit-trigger slds-button_icon-container&amp;quot; type=&amp;quot;button&amp;quot; title=&amp;quot;Edit Client Provided Email&amp;quot; data-aura-rendered-by=&amp;quot;2022:0&amp;quot;&amp;gt;...&amp;lt;/button&amp;gt; is not clickable at point (935, 702). Other element would receive the click: &amp;lt;ul class=&amp;quot;utilitybar slds-utility-bar&amp;quot; data-aura-rendered-by=&amp;quot;303:0&amp;quot;&amp;gt;...&amp;lt;/ul&amp;gt;
  (Session info: chrome=79.0.3945.130)
Build info: version: &amp;apos;3.5.3&amp;apos;, revision: &amp;apos;a88d25fe6b&amp;apos;, time: &amp;apos;2017-08-29T12:42:44.417Z&amp;apos;
System info: host: &amp;apos;PHX-ISHARAF&amp;apos;, ip: &amp;apos;10.8.100.176&amp;apos;, os.name: &amp;apos;Windows 10&amp;apos;, os.arch: &amp;apos;amd64&amp;apos;, os.version: &amp;apos;10.0&amp;apos;, java.version: &amp;apos;1.8.0_221&amp;apos;
Driver info: org.openqa.selenium.chrome.ChromeDriver
Capabilities [{networkConnectionEnabled=false, chrome={chromedriverVersion=79.0.3945.16 (93fcc21110c10dbbd49bbff8f472335360e31d05-refs/branch-heads/3945@{#262}), userDataDir=C:\Users\ISharaf\AppData\Local\Temp\scoped_dir4212_1359609395}, timeouts={implicit=0, pageLoad=300000, script=30000}, pageLoadStrategy=normal, unhandledPromptBehavior=dismiss and notify, strictFileInteractability=false, platform=XP, proxy=Proxy(), goog:chromeOptions={debuggerAddress=localhost:55496}, acceptInsecureCerts=false, browserVersion=79.0.3945.130, browserName=chrome, javascriptEnabled=true, platformName=XP, setWindowRect=true}]
Session ID: 0ec2b7016781c71691b4122372fd4df2">
      <![CDATA[org.openqa.selenium.WebDriverException: element click intercepted: Element <button class="slds-button slds-button_icon test-id__inline-edit-trigger slds-button_icon slds-button_icon-small slds-shrink-none inline-edit-trigger slds-button_icon-container" type="button" title="Edit Client Provided Email" data-aura-rendered-by="2022:0">...</button> is not clickable at point (935, 702). Other element would receive the click: <ul class="utilitybar slds-utility-bar" data-aura-rendered-by="303:0">...</ul>
  (Session info: chrome=79.0.3945.130)
Build info: version: '3.5.3', revision: 'a88d25fe6b', time: '2017-08-29T12:42:44.417Z'
System info: host: 'PHX-ISHARAF', ip: '10.8.100.176', os.name: 'Windows 10', os.arch: 'amd64', os.version: '10.0', java.version: '1.8.0_221'
Driver info: org.openqa.selenium.chrome.ChromeDriver
Capabilities [{networkConnectionEnabled=false, chrome={chromedriverVersion=79.0.3945.16 (93fcc21110c10dbbd49bbff8f472335360e31d05-refs/branch-heads/3945@{#262}), userDataDir=C:\Users\ISharaf\AppData\Local\Temp\scoped_dir4212_1359609395}, timeouts={implicit=0, pageLoad=300000, script=30000}, pageLoadStrategy=normal, unhandledPromptBehavior=dismiss and notify, strictFileInteractability=false, platform=XP, proxy=Proxy(), goog:chromeOptions={debuggerAddress=localhost:55496}, acceptInsecureCerts=false, browserVersion=79.0.3945.130, browserName=chrome, javascriptEnabled=true, platformName=XP, setWindowRect=true}]
Session ID: 0ec2b7016781c71691b4122372fd4df2
	at org.openqa.selenium.remote.http.W3CHttpResponseCodec.createException(W3CHttpResponseCodec.java:185)
	at org.openqa.selenium.remote.http.W3CHttpResponseCodec.decode(W3CHttpResponseCodec.java:120)
	at org.openqa.selenium.remote.http.W3CHttpResponseCodec.decode(W3CHttpResponseCodec.java:49)
	at org.openqa.selenium.remote.HttpCommandExecutor.execute(HttpCommandExecutor.java:164)
	at org.openqa.selenium.remote.service.DriverCommandExecutor.execute(DriverCommandExecutor.java:82)
	at org.openqa.selenium.remote.RemoteWebDriver.execute(RemoteWebDriver.java:646)
	at org.openqa.selenium.remote.RemoteWebElement.execute(RemoteWebElement.java:275)
	at org.openqa.selenium.remote.RemoteWebElement.click(RemoteWebElement.java:82)
	at org.openqa.selenium.support.events.EventFiringWebDriver$EventFiringWebElement$1.invoke(EventFiringWebDriver.java:350)
	at com.sun.proxy.$Proxy13.click(Unknown Source)
	at org.openqa.selenium.support.events.EventFiringWebDriver$EventFiringWebElement.click(EventFiringWebDriver.java:363)
	at org.openqa.selenium.support.pagefactory.internal.LocatingElementHandler.invoke(LocatingElementHandler.java:51)
	at com.sun.proxy.$Proxy12.click(Unknown Source)
	at com.crm.qa.pages.DetailsPage.updateAccountDetails(DetailsPage.java:722)
	at com.crm.qa.testcases.LogActivityTest.UpdateSpouseAccountdetails(LogActivityTest.java:624)
	at java.util.concurrent.ThreadPoolExecutor.runWorker(Unknown Source)
	at java.util.concurrent.ThreadPoolExecutor$Worker.run(Unknown Source)
	at java.lang.Thread.run(Unknown Source)
... Removed 19 stack frames]]>
    </failure>
  </testcase> <!-- UpdateSpouseAccountdetails -->
  <testcase name="CreateRetail1Account" time="0.0" classname="com.crm.qa.testcases.LogActivityTest">
    <ignored/>
  </testcase> <!-- CreateRetail1Account -->
  <testcase name="createRegularAccount" time="0.0" classname="com.crm.qa.testcases.LogActivityTest">
    <ignored/>
  </testcase> <!-- createRegularAccount -->
  <testcase name="CreateRetail2Account" time="0.0" classname="com.crm.qa.testcases.LogActivityTest">
    <ignored/>
  </testcase> <!-- CreateRetail2Account -->
  <testcase name="createFalconAccount" time="0.0" classname="com.crm.qa.testcases.LogActivityTest">
    <ignored/>
  </testcase> <!-- createFalconAccount -->
  <testcase name="debug" time="0.0" classname="com.crm.qa.testcases.LogActivityTest">
    <ignored/>
  </testcase> <!-- debug -->
  <testcase name="Unenrollment_delinkAccount" time="0.0" classname="com.crm.qa.testcases.LogActivityTest">
    <ignored/>
  </testcase> <!-- Unenrollment_delinkAccount -->
  <testcase name="createDemoUsers" time="0.0" classname="com.crm.qa.testcases.LogActivityTest">
    <ignored/>
  </testcase> <!-- createDemoUsers -->
  <testcase name="CreateAccount_Spouse" time="0.0" classname="com.crm.qa.testcases.LogActivityTest">
    <ignored/>
  </testcase> <!-- CreateAccount_Spouse -->
  <testcase name="demoTest" time="0.0" classname="com.crm.qa.testcases.LogActivityTest">
    <ignored/>
  </testcase> <!-- demoTest -->
  <testcase name="createRPAccount" time="0.0" classname="com.crm.qa.testcases.LogActivityTest">
    <ignored/>
  </testcase> <!-- createRPAccount -->
  <testcase name="createCTAccount" time="0.0" classname="com.crm.qa.testcases.LogActivityTest">
    <ignored/>
  </testcase> <!-- createCTAccount -->
  <testcase name="createCTAccount1" time="0.0" classname="com.crm.qa.testcases.LogActivityTest">
    <ignored/>
  </testcase> <!-- createCTAccount1 -->
  <testcase name="navigateToRetailUser" time="0.0" classname="com.crm.qa.testcases.LogActivityTest">
    <ignored/>
  </testcase> <!-- navigateToRetailUser -->
  <testcase name="Unenrollment_TerminateAll" time="0.0" classname="com.crm.qa.testcases.LogActivityTest">
    <ignored/>
  </testcase> <!-- Unenrollment_TerminateAll -->
  <testcase name="experiment" time="0.0" classname="com.crm.qa.testcases.LogActivityTest">
    <ignored/>
  </testcase> <!-- experiment -->
</testsuite> <!-- Log a Call Test Scenarios -->
