<?xml version="1.0" encoding="UTF-8"?>
<!-- Generated by org.testng.reporters.JUnitXMLReporter -->
<testsuite hostname="PHX-ISHARAF" ignored="10" name="Log a Call for Household Test Scenarios" tests="30" failures="0" timestamp="23 Mar 2020 15:50:34 GMT" time="1992.411" errors="0">
  <testcase name="@BeforeMethod setUp" time="64.293" classname="com.crm.qa.testcases.LogActivityTest_HouseHold">
    <failure type="org.openqa.selenium.TimeoutException" message="timeout
  (Session info: chrome=79.0.3945.130)
Build info: version: &amp;apos;3.5.3&amp;apos;, revision: &amp;apos;a88d25fe6b&amp;apos;, time: &amp;apos;2017-08-29T12:42:44.417Z&amp;apos;
System info: host: &amp;apos;PHX-ISHARAF&amp;apos;, ip: &amp;apos;192.168.125.204&amp;apos;, os.name: &amp;apos;Windows 10&amp;apos;, os.arch: &amp;apos;amd64&amp;apos;, os.version: &amp;apos;10.0&amp;apos;, java.version: &amp;apos;1.8.0_221&amp;apos;
Driver info: org.openqa.selenium.chrome.ChromeDriver
Capabilities [{networkConnectionEnabled=false, chrome={chromedriverVersion=79.0.3945.16 (93fcc21110c10dbbd49bbff8f472335360e31d05-refs/branch-heads/3945@{#262}), userDataDir=C:\Users\ISharaf\AppData\Local\Temp\scoped_dir30884_121671626}, timeouts={implicit=0, pageLoad=300000, script=30000}, pageLoadStrategy=normal, unhandledPromptBehavior=accept, strictFileInteractability=false, platform=XP, proxy=Proxy(), goog:chromeOptions={debuggerAddress=localhost:61595}, acceptInsecureCerts=false, browserVersion=79.0.3945.130, browserName=chrome, javascriptEnabled=true, platformName=XP, setWindowRect=true}]
Session ID: 3a144e47412942bdd7ce56b665b707e1">
      <![CDATA[org.openqa.selenium.TimeoutException: timeout
  (Session info: chrome=79.0.3945.130)
Build info: version: '3.5.3', revision: 'a88d25fe6b', time: '2017-08-29T12:42:44.417Z'
System info: host: 'PHX-ISHARAF', ip: '192.168.125.204', os.name: 'Windows 10', os.arch: 'amd64', os.version: '10.0', java.version: '1.8.0_221'
Driver info: org.openqa.selenium.chrome.ChromeDriver
Capabilities [{networkConnectionEnabled=false, chrome={chromedriverVersion=79.0.3945.16 (93fcc21110c10dbbd49bbff8f472335360e31d05-refs/branch-heads/3945@{#262}), userDataDir=C:\Users\ISharaf\AppData\Local\Temp\scoped_dir30884_121671626}, timeouts={implicit=0, pageLoad=300000, script=30000}, pageLoadStrategy=normal, unhandledPromptBehavior=accept, strictFileInteractability=false, platform=XP, proxy=Proxy(), goog:chromeOptions={debuggerAddress=localhost:61595}, acceptInsecureCerts=false, browserVersion=79.0.3945.130, browserName=chrome, javascriptEnabled=true, platformName=XP, setWindowRect=true}]
Session ID: 3a144e47412942bdd7ce56b665b707e1
	at org.openqa.selenium.remote.http.W3CHttpResponseCodec.createException(W3CHttpResponseCodec.java:185)
	at org.openqa.selenium.remote.http.W3CHttpResponseCodec.decode(W3CHttpResponseCodec.java:120)
	at org.openqa.selenium.remote.http.W3CHttpResponseCodec.decode(W3CHttpResponseCodec.java:49)
	at org.openqa.selenium.remote.HttpCommandExecutor.execute(HttpCommandExecutor.java:164)
	at org.openqa.selenium.remote.service.DriverCommandExecutor.execute(DriverCommandExecutor.java:82)
	at org.openqa.selenium.remote.RemoteWebDriver.execute(RemoteWebDriver.java:646)
	at org.openqa.selenium.remote.RemoteWebDriver.executeScript(RemoteWebDriver.java:582)
	at org.openqa.selenium.support.events.EventFiringWebDriver$2.invoke(EventFiringWebDriver.java:105)
	at com.sun.proxy.$Proxy8.executeScript(Unknown Source)
	at org.openqa.selenium.support.events.EventFiringWebDriver.executeScript(EventFiringWebDriver.java:218)
	at com.crm.qa.pages.LoginPage.login(LoginPage.java:50)
	at com.crm.qa.testcases.LogActivityTest_HouseHold.setUp(LogActivityTest_HouseHold.java:92)
	at java.util.concurrent.ThreadPoolExecutor.runWorker(ThreadPoolExecutor.java:1149)
	at java.util.concurrent.ThreadPoolExecutor$Worker.run(ThreadPoolExecutor.java:624)
	at java.lang.Thread.run(Thread.java:748)
... Removed 18 stack frames]]>
    </failure>
  </testcase> <!-- @BeforeMethod setUp -->
  <testcase name="@BeforeMethod setUp" time="0.0" classname="com.crm.qa.testcases.LogActivityTest_HouseHold">
    <skipped/>
  </testcase> <!-- @BeforeMethod setUp -->
  <testcase name="@BeforeMethod setUp" time="0.0" classname="com.crm.qa.testcases.LogActivityTest_HouseHold">
    <skipped/>
  </testcase> <!-- @BeforeMethod setUp -->
  <testcase name="@BeforeMethod setUp" time="0.0" classname="com.crm.qa.testcases.LogActivityTest_HouseHold">
    <skipped/>
  </testcase> <!-- @BeforeMethod setUp -->
  <testcase name="@BeforeMethod setUp" time="0.0" classname="com.crm.qa.testcases.LogActivityTest_HouseHold">
    <skipped/>
  </testcase> <!-- @BeforeMethod setUp -->
  <testcase name="@BeforeMethod setUp" time="0.0" classname="com.crm.qa.testcases.LogActivityTest_HouseHold">
    <skipped/>
  </testcase> <!-- @BeforeMethod setUp -->
  <testcase name="@BeforeMethod setUp" time="0.0" classname="com.crm.qa.testcases.LogActivityTest_HouseHold">
    <skipped/>
  </testcase> <!-- @BeforeMethod setUp -->
  <testcase name="@BeforeMethod setUp" time="0.0" classname="com.crm.qa.testcases.LogActivityTest_HouseHold">
    <skipped/>
  </testcase> <!-- @BeforeMethod setUp -->
  <testcase name="@BeforeMethod setUp" time="0.0" classname="com.crm.qa.testcases.LogActivityTest_HouseHold">
    <skipped/>
  </testcase> <!-- @BeforeMethod setUp -->
  <testcase name="@BeforeMethod setUp" time="0.0" classname="com.crm.qa.testcases.LogActivityTest_HouseHold">
    <skipped/>
  </testcase> <!-- @BeforeMethod setUp -->
  <testcase name="reached_multipleUsers" time="65.132" classname="com.crm.qa.testcases.LogActivityTest_HouseHold"/>
  <testcase name="reached_multipleUsers" time="81.078" classname="com.crm.qa.testcases.LogActivityTest_HouseHold"/>
  <testcase name="notReached_multipleUsers" time="67.86" classname="com.crm.qa.testcases.LogActivityTest_HouseHold"/>
  <testcase name="notReached_multipleUsers" time="83.19" classname="com.crm.qa.testcases.LogActivityTest_HouseHold"/>
  <testcase name="UnplannedMeeting_multipleUsers" time="66.762" classname="com.crm.qa.testcases.LogActivityTest_HouseHold">
    <skipped/>
  </testcase> <!-- UnplannedMeeting_multipleUsers -->
  <testcase name="UnplannedMeeting_multipleUsers" time="80.753" classname="com.crm.qa.testcases.LogActivityTest_HouseHold"/>
  <testcase name="UnplannedMeeting_multipleUsers" time="93.849" classname="com.crm.qa.testcases.LogActivityTest_HouseHold"/>
  <testcase name="reached_Schedule_ToDo" time="88.714" classname="com.crm.qa.testcases.LogActivityTest_HouseHold"/>
  <testcase name="reached_Schedule_ToDo" time="93.239" classname="com.crm.qa.testcases.LogActivityTest_HouseHold"/>
  <testcase name="reached_Schedule_Phonecall" time="82.885" classname="com.crm.qa.testcases.LogActivityTest_HouseHold"/>
  <testcase name="reached_Schedule_Phonecall" time="97.345" classname="com.crm.qa.testcases.LogActivityTest_HouseHold"/>
  <testcase name="reached_Schedule_Appointment" time="87.629" classname="com.crm.qa.testcases.LogActivityTest_HouseHold"/>
  <testcase name="reached_Schedule_Appointment" time="91.067" classname="com.crm.qa.testcases.LogActivityTest_HouseHold"/>
  <testcase name="notReachedwithBusinessLead" time="83.315" classname="com.crm.qa.testcases.LogActivityTest_HouseHold"/>
  <testcase name="notReachedwithBusinessLead" time="96.822" classname="com.crm.qa.testcases.LogActivityTest_HouseHold"/>
  <testcase name="reachedwithBusinessLead" time="75.803" classname="com.crm.qa.testcases.LogActivityTest_HouseHold"/>
  <testcase name="reachedwithBusinessLead" time="97.614" classname="com.crm.qa.testcases.LogActivityTest_HouseHold"/>
  <testcase name="reachedwithBusinessLead_SchedulePhoneCall" time="96.632" classname="com.crm.qa.testcases.LogActivityTest_HouseHold"/>
  <testcase name="reachedwithBusinessLead_SchedulePhoneCall" time="155.483" classname="com.crm.qa.testcases.LogActivityTest_HouseHold"/>
  <testcase name="reachedwithBusinessLead_ScheduleTodo" time="50.007" classname="com.crm.qa.testcases.LogActivityTest_HouseHold">
    <skipped/>
  </testcase> <!-- reachedwithBusinessLead_ScheduleTodo -->
  <testcase name="reachedwithBusinessLead_ScheduleTodo" time="0.001" classname="com.crm.qa.testcases.LogActivityTest_HouseHold">
    <skipped/>
  </testcase> <!-- reachedwithBusinessLead_ScheduleTodo -->
  <testcase name="reachedwithBusinessLead_ScheduleTodo" time="0.0" classname="com.crm.qa.testcases.LogActivityTest_HouseHold">
    <skipped/>
  </testcase> <!-- reachedwithBusinessLead_ScheduleTodo -->
  <testcase name="reachedwithBusinessLead_ScheduleTodo" time="0.0" classname="com.crm.qa.testcases.LogActivityTest_HouseHold">
    <skipped/>
  </testcase> <!-- reachedwithBusinessLead_ScheduleTodo -->
  <testcase name="reachedwithBusinessLead_ScheduleMeeting" time="0.0" classname="com.crm.qa.testcases.LogActivityTest_HouseHold">
    <skipped/>
  </testcase> <!-- reachedwithBusinessLead_ScheduleMeeting -->
  <testcase name="reachedwithBusinessLead_ScheduleMeeting" time="0.0" classname="com.crm.qa.testcases.LogActivityTest_HouseHold">
    <skipped/>
  </testcase> <!-- reachedwithBusinessLead_ScheduleMeeting -->
  <testcase name="meeting_CompleteFlow" time="0.0" classname="com.crm.qa.testcases.LogActivityTest_HouseHold">
    <skipped/>
  </testcase> <!-- meeting_CompleteFlow -->
  <testcase name="UpdateHouseholdAccountdetails" time="0.0" classname="com.crm.qa.testcases.LogActivityTest_HouseHold">
    <skipped/>
  </testcase> <!-- UpdateHouseholdAccountdetails -->
  <testcase name="UpdateHouseholdAccountdetails" time="0.0" classname="com.crm.qa.testcases.LogActivityTest_HouseHold">
    <skipped/>
  </testcase> <!-- UpdateHouseholdAccountdetails -->
  <testcase name="nolead_Reached_createBranchOpportunity" time="0.0" classname="com.crm.qa.testcases.LogActivityTest_HouseHold">
    <skipped/>
  </testcase> <!-- nolead_Reached_createBranchOpportunity -->
  <testcase name="nolead_Reached_createBranchOpportunity" time="0.0" classname="com.crm.qa.testcases.LogActivityTest_HouseHold">
    <skipped/>
  </testcase> <!-- nolead_Reached_createBranchOpportunity -->
  <testcase name="nolead_Reached_MultipleOpportunity" time="0.0" classname="com.crm.qa.testcases.LogActivityTest_HouseHold">
    <ignored/>
  </testcase> <!-- nolead_Reached_MultipleOpportunity -->
  <testcase name="nolead_Reached_createWorkplaceOpportunity" time="0.0" classname="com.crm.qa.testcases.LogActivityTest_HouseHold">
    <ignored/>
  </testcase> <!-- nolead_Reached_createWorkplaceOpportunity -->
  <testcase name="debug" time="0.0" classname="com.crm.qa.testcases.LogActivityTest_HouseHold">
    <ignored/>
  </testcase> <!-- debug -->
  <testcase name="UnplannedMeeting_withMeeting_OnPhone_multipleUsers" time="0.0" classname="com.crm.qa.testcases.LogActivityTest_HouseHold">
    <ignored/>
  </testcase> <!-- UnplannedMeeting_withMeeting_OnPhone_multipleUsers -->
  <testcase name="UnplannedMeeting_withOutcome_Cancelled_multipleUsers" time="0.0" classname="com.crm.qa.testcases.LogActivityTest_HouseHold">
    <ignored/>
  </testcase> <!-- UnplannedMeeting_withOutcome_Cancelled_multipleUsers -->
  <testcase name="UnplannedMeeting_withOutcome_Completed_multipleUsers" time="0.0" classname="com.crm.qa.testcases.LogActivityTest_HouseHold">
    <ignored/>
  </testcase> <!-- UnplannedMeeting_withOutcome_Completed_multipleUsers -->
  <testcase name="UnplannedMeeting_withMeeting_OnSiteEvent_multipleUsers" time="0.0" classname="com.crm.qa.testcases.LogActivityTest_HouseHold">
    <ignored/>
  </testcase> <!-- UnplannedMeeting_withMeeting_OnSiteEvent_multipleUsers -->
  <testcase name="UnplannedMeeting_withOutcome_NoShow_multipleUsers" time="0.0" classname="com.crm.qa.testcases.LogActivityTest_HouseHold">
    <ignored/>
  </testcase> <!-- UnplannedMeeting_withOutcome_NoShow_multipleUsers -->
  <testcase name="UnplannedMeeting_withMeeting_VirtualMeeting_multipleUsers" time="0.0" classname="com.crm.qa.testcases.LogActivityTest_HouseHold">
    <ignored/>
  </testcase> <!-- UnplannedMeeting_withMeeting_VirtualMeeting_multipleUsers -->
  <testcase name="UnplannedMeetingWithExistingMeeting" time="0.0" classname="com.crm.qa.testcases.LogActivityTest_HouseHold">
    <ignored/>
  </testcase> <!-- UnplannedMeetingWithExistingMeeting -->
</testsuite> <!-- Log a Call for Household Test Scenarios -->
