<?xml version="1.0" encoding="UTF-8"?>
<!-- Generated by org.testng.reporters.JUnitXMLReporter -->
<testsuite hostname="PHX-ISHARAF" ignored="5" name="Log a Call Test Scenarios" tests="49" failures="0" timestamp="28 Mar 2020 15:29:07 GMT" time="5194.299" errors="0">
  <testcase name="reached_multipleUsers" time="97.322" classname="com.crm.qa.testcases.LogActivityTest"/>
  <testcase name="reached_multipleUsers" time="87.732" classname="com.crm.qa.testcases.LogActivityTest"/>
  <testcase name="notReached_multipleUsers" time="76.367" classname="com.crm.qa.testcases.LogActivityTest"/>
  <testcase name="notReached_multipleUsers" time="91.184" classname="com.crm.qa.testcases.LogActivityTest"/>
  <testcase name="UnplannedMeeting_withOutcome_NoShow_multipleUsers" time="77.867" classname="com.crm.qa.testcases.LogActivityTest"/>
  <testcase name="UnplannedMeeting_withOutcome_NoShow_multipleUsers" time="89.385" classname="com.crm.qa.testcases.LogActivityTest"/>
  <testcase name="UnplannedMeeting_withOutcome_Cancelled_multipleUsers" time="78.689" classname="com.crm.qa.testcases.LogActivityTest"/>
  <testcase name="UnplannedMeeting_withOutcome_Cancelled_multipleUsers" time="83.895" classname="com.crm.qa.testcases.LogActivityTest"/>
  <testcase name="UnplannedMeeting_withOutcome_Completed_multipleUsers" time="86.531" classname="com.crm.qa.testcases.LogActivityTest"/>
  <testcase name="UnplannedMeeting_withOutcome_Completed_multipleUsers" time="90.63" classname="com.crm.qa.testcases.LogActivityTest"/>
  <testcase name="UnplannedMeeting_withMeeting_OnPhone_multipleUsers" time="82.127" classname="com.crm.qa.testcases.LogActivityTest"/>
  <testcase name="UnplannedMeeting_withMeeting_OnPhone_multipleUsers" time="96.619" classname="com.crm.qa.testcases.LogActivityTest"/>
  <testcase name="UnplannedMeeting_withMeeting_OnSiteEvent_multipleUsers" time="81.165" classname="com.crm.qa.testcases.LogActivityTest"/>
  <testcase name="UnplannedMeeting_withMeeting_OnSiteEvent_multipleUsers" time="94.559" classname="com.crm.qa.testcases.LogActivityTest"/>
  <testcase name="UnplannedMeeting_withMeeting_VirtualMeeting_multipleUsers" time="78.978" classname="com.crm.qa.testcases.LogActivityTest"/>
  <testcase name="UnplannedMeeting_withMeeting_VirtualMeeting_multipleUsers" time="88.065" classname="com.crm.qa.testcases.LogActivityTest"/>
  <testcase name="reached_Schedule_ToDo" time="84.547" classname="com.crm.qa.testcases.LogActivityTest"/>
  <testcase name="reached_Schedule_ToDo" time="97.026" classname="com.crm.qa.testcases.LogActivityTest"/>
  <testcase name="reached_Schedule_Phonecall" time="76.151" classname="com.crm.qa.testcases.LogActivityTest"/>
  <testcase name="reached_Schedule_Phonecall" time="92.13" classname="com.crm.qa.testcases.LogActivityTest"/>
  <testcase name="reached_Schedule_Appointment" time="77.559" classname="com.crm.qa.testcases.LogActivityTest"/>
  <testcase name="reached_Schedule_Appointment" time="84.684" classname="com.crm.qa.testcases.LogActivityTest"/>
  <testcase name="notReachedwithBusinessLead" time="79.786" classname="com.crm.qa.testcases.LogActivityTest"/>
  <testcase name="notReachedwithBusinessLead" time="93.456" classname="com.crm.qa.testcases.LogActivityTest"/>
  <testcase name="reachedwithBusinessLead" time="84.435" classname="com.crm.qa.testcases.LogActivityTest"/>
  <testcase name="reachedwithBusinessLead" time="100.665" classname="com.crm.qa.testcases.LogActivityTest"/>
  <testcase name="reachedwithBusinessLead_SchedulePhoneCall" time="96.557" classname="com.crm.qa.testcases.LogActivityTest"/>
  <testcase name="reachedwithBusinessLead_SchedulePhoneCall" time="103.272" classname="com.crm.qa.testcases.LogActivityTest"/>
  <testcase name="reachedwithBusinessLead_ScheduleTodo" time="95.733" classname="com.crm.qa.testcases.LogActivityTest"/>
  <testcase name="reachedwithBusinessLead_ScheduleTodo" time="107.259" classname="com.crm.qa.testcases.LogActivityTest"/>
  <testcase name="reachedwithBusinessLead_ScheduleMeeting" time="95.774" classname="com.crm.qa.testcases.LogActivityTest"/>
  <testcase name="reachedwithBusinessLead_ScheduleMeeting" time="105.387" classname="com.crm.qa.testcases.LogActivityTest"/>
  <testcase name="UnplannedMeetingWithExistingMeeting" time="105.356" classname="com.crm.qa.testcases.LogActivityTest"/>
  <testcase name="UnplannedMeetingWithExistingMeeting" time="126.098" classname="com.crm.qa.testcases.LogActivityTest"/>
  <testcase name="meeting_CompleteFlow" time="70.187" classname="com.crm.qa.testcases.LogActivityTest"/>
  <testcase name="AddSpouseandLogaCallPrimary" time="109.99" classname="com.crm.qa.testcases.LogActivityTest"/>
  <testcase name="AddSpouseandLogaCallPrimary" time="123.402" classname="com.crm.qa.testcases.LogActivityTest"/>
  <testcase name="LogaCallwithSpouse_ValidateAtPrimary" time="168.204" classname="com.crm.qa.testcases.LogActivityTest"/>
  <testcase name="LogaCallwithSpouse_ValidateAtPrimary" time="176.288" classname="com.crm.qa.testcases.LogActivityTest"/>
  <testcase name="UpdatePrimaryAccountdetails" time="213.227" classname="com.crm.qa.testcases.LogActivityTest">
    <skipped/>
  </testcase> <!-- UpdatePrimaryAccountdetails -->
  <testcase name="UpdatePrimaryAccountdetails" time="82.496" classname="com.crm.qa.testcases.LogActivityTest"/>
  <testcase name="UpdatePrimaryAccountdetails" time="83.927" classname="com.crm.qa.testcases.LogActivityTest"/>
  <testcase name="UpdateSpouseAccountdetails" time="113.318" classname="com.crm.qa.testcases.LogActivityTest"/>
  <testcase name="UpdateSpouseAccountdetails" time="119.841" classname="com.crm.qa.testcases.LogActivityTest"/>
  <testcase name="nolead_Reached_createBranchOpportunity" time="94.82" classname="com.crm.qa.testcases.LogActivityTest"/>
  <testcase name="nolead_Reached_createBranchOpportunity" time="100.729" classname="com.crm.qa.testcases.LogActivityTest"/>
  <testcase name="validateFinancialDataForSponsoredClient" time="86.113" classname="com.crm.qa.testcases.LogActivityTest"/>
  <testcase name="validateEmail" time="54.522" classname="com.crm.qa.testcases.LogActivityTest"/>
  <testcase name="validateEmail" time="51.884" classname="com.crm.qa.testcases.LogActivityTest"/>
  <testcase name="CreateAccount_Spouse" time="0.0" classname="com.crm.qa.testcases.LogActivityTest">
    <ignored/>
  </testcase> <!-- CreateAccount_Spouse -->
  <testcase name="debug" time="0.0" classname="com.crm.qa.testcases.LogActivityTest">
    <ignored/>
  </testcase> <!-- debug -->
  <testcase name="nolead_Reached_MultipleOpportunity" time="0.0" classname="com.crm.qa.testcases.LogActivityTest">
    <ignored/>
  </testcase> <!-- nolead_Reached_MultipleOpportunity -->
  <testcase name="nolead_Reached_createWorkplaceOpportunity" time="0.0" classname="com.crm.qa.testcases.LogActivityTest">
    <ignored/>
  </testcase> <!-- nolead_Reached_createWorkplaceOpportunity -->
  <testcase name="navigateToRetailUser" time="0.0" classname="com.crm.qa.testcases.LogActivityTest">
    <ignored/>
  </testcase> <!-- navigateToRetailUser -->
</testsuite> <!-- Log a Call Test Scenarios -->
